[0.028s] Invoking command in '/home/jinyicheng/auto_navigation/build/chapt4_interfaces': CMAKE_PREFIX_PATH=/opt/ros/humble /usr/bin/cmake --build /home/jinyicheng/auto_navigation/build/chapt4_interfaces -- -j20 -l20
[0.582s] [  3%] Built target chapt4_interfaces__cpp
[0.582s] [  6%] Built target chapt4_interfaces__rs
[0.582s] [  6%] Built target ament_cmake_python_copy_chapt4_interfaces
[0.583s] [ 15%] Built target chapt4_interfaces__rosidl_generator_c
[0.583s] [ 25%] Built target chapt4_interfaces__rosidl_typesupport_introspection_cpp
[0.583s] [ 34%] Built target chapt4_interfaces__rosidl_typesupport_fastrtps_cpp
[0.583s] [ 43%] Built target chapt4_interfaces__rosidl_typesupport_cpp
[0.583s] [ 53%] Built target chapt4_interfaces__rosidl_typesupport_c
[0.583s] [ 62%] Built target chapt4_interfaces__rosidl_typesupport_fastrtps_c
[0.583s] [ 71%] Built target chapt4_interfaces__rosidl_typesupport_introspection_c
[0.583s] [ 71%] Built target chapt4_interfaces
[0.583s] [ 75%] Built target chapt4_interfaces__py
[0.583s] [ 81%] Built target chapt4_interfaces__rosidl_generator_py
[0.583s] [ 87%] Built target chapt4_interfaces__rosidl_typesupport_fastrtps_c__pyext
[0.583s] [ 93%] Built target chapt4_interfaces__rosidl_typesupport_introspection_c__pyext
[0.583s] [100%] Built target chapt4_interfaces__rosidl_typesupport_c__pyext
[0.583s] running egg_info
[0.583s] writing chapt4_interfaces.egg-info/PKG-INFO
[0.583s] writing dependency_links to chapt4_interfaces.egg-info/dependency_links.txt
[0.583s] writing top-level names to chapt4_interfaces.egg-info/top_level.txt
[0.583s] reading manifest file 'chapt4_interfaces.egg-info/SOURCES.txt'
[0.583s] writing manifest file 'chapt4_interfaces.egg-info/SOURCES.txt'
[0.583s] [100%] Built target ament_cmake_python_build_chapt4_interfaces_egg
[0.583s] Invoked command in '/home/jinyicheng/auto_navigation/build/chapt4_interfaces' returned '0': CMAKE_PREFIX_PATH=/opt/ros/humble /usr/bin/cmake --build /home/jinyicheng/auto_navigation/build/chapt4_interfaces -- -j20 -l20
[0.591s] Invoking command in '/home/jinyicheng/auto_navigation/build/chapt4_interfaces': CMAKE_PREFIX_PATH=/opt/ros/humble /usr/bin/cmake --install /home/jinyicheng/auto_navigation/build/chapt4_interfaces
[0.595s] -- Install configuration: ""
[0.596s] -- Up-to-date: /home/jinyicheng/auto_navigation/install/chapt4_interfaces/share/ament_index/resource_index/rosidl_interfaces/chapt4_interfaces
[0.596s] -- Up-to-date: /home/jinyicheng/auto_navigation/install/chapt4_interfaces/include/chapt4_interfaces/chapt4_interfaces
[0.596s] -- Up-to-date: /home/jinyicheng/auto_navigation/install/chapt4_interfaces/include/chapt4_interfaces/chapt4_interfaces/srv
[0.596s] -- Up-to-date: /home/jinyicheng/auto_navigation/install/chapt4_interfaces/include/chapt4_interfaces/chapt4_interfaces/srv/face_detector.h
[0.597s] -- Up-to-date: /home/jinyicheng/auto_navigation/install/chapt4_interfaces/include/chapt4_interfaces/chapt4_interfaces/srv/detail
[0.597s] -- Up-to-date: /home/jinyicheng/auto_navigation/install/chapt4_interfaces/include/chapt4_interfaces/chapt4_interfaces/srv/detail/face_detector__functions.c
[0.597s] -- Up-to-date: /home/jinyicheng/auto_navigation/install/chapt4_interfaces/include/chapt4_interfaces/chapt4_interfaces/srv/detail/face_detector__struct.h
[0.597s] -- Up-to-date: /home/jinyicheng/auto_navigation/install/chapt4_interfaces/include/chapt4_interfaces/chapt4_interfaces/srv/detail/face_detector__type_support.h
[0.597s] -- Up-to-date: /home/jinyicheng/auto_navigation/install/chapt4_interfaces/include/chapt4_interfaces/chapt4_interfaces/srv/detail/face_detector__functions.h
[0.597s] -- Up-to-date: /home/jinyicheng/auto_navigation/install/chapt4_interfaces/include/chapt4_interfaces/chapt4_interfaces/msg
[0.598s] -- Up-to-date: /home/jinyicheng/auto_navigation/install/chapt4_interfaces/include/chapt4_interfaces/chapt4_interfaces/msg/rosidl_generator_c__visibility_control.h
[0.598s] -- Up-to-date: /home/jinyicheng/auto_navigation/install/chapt4_interfaces/share/chapt4_interfaces/environment/library_path.sh
[0.598s] -- Up-to-date: /home/jinyicheng/auto_navigation/install/chapt4_interfaces/share/chapt4_interfaces/environment/library_path.dsv
[0.598s] -- Up-to-date: /home/jinyicheng/auto_navigation/install/chapt4_interfaces/lib/libchapt4_interfaces__rosidl_generator_c.so
[0.599s] -- Up-to-date: /home/jinyicheng/auto_navigation/install/chapt4_interfaces/include/chapt4_interfaces/chapt4_interfaces
[0.599s] -- Up-to-date: /home/jinyicheng/auto_navigation/install/chapt4_interfaces/include/chapt4_interfaces/chapt4_interfaces/srv
[0.600s] -- Up-to-date: /home/jinyicheng/auto_navigation/install/chapt4_interfaces/include/chapt4_interfaces/chapt4_interfaces/srv/detail
[0.600s] -- Up-to-date: /home/jinyicheng/auto_navigation/install/chapt4_interfaces/include/chapt4_interfaces/chapt4_interfaces/srv/detail/face_detector__rosidl_typesupport_fastrtps_c.h
[0.600s] -- Up-to-date: /home/jinyicheng/auto_navigation/install/chapt4_interfaces/include/chapt4_interfaces/chapt4_interfaces/msg
[0.600s] -- Up-to-date: /home/jinyicheng/auto_navigation/install/chapt4_interfaces/include/chapt4_interfaces/chapt4_interfaces/msg/rosidl_typesupport_fastrtps_c__visibility_control.h
[0.600s] -- Up-to-date: /home/jinyicheng/auto_navigation/install/chapt4_interfaces/lib/libchapt4_interfaces__rosidl_typesupport_fastrtps_c.so
[0.600s] -- Up-to-date: /home/jinyicheng/auto_navigation/install/chapt4_interfaces/include/chapt4_interfaces/chapt4_interfaces
[0.601s] -- Up-to-date: /home/jinyicheng/auto_navigation/install/chapt4_interfaces/include/chapt4_interfaces/chapt4_interfaces/srv
[0.601s] -- Up-to-date: /home/jinyicheng/auto_navigation/install/chapt4_interfaces/include/chapt4_interfaces/chapt4_interfaces/srv/detail
[0.601s] -- Up-to-date: /home/jinyicheng/auto_navigation/install/chapt4_interfaces/include/chapt4_interfaces/chapt4_interfaces/srv/detail/face_detector__type_support.hpp
[0.601s] -- Up-to-date: /home/jinyicheng/auto_navigation/install/chapt4_interfaces/include/chapt4_interfaces/chapt4_interfaces/srv/detail/face_detector__struct.hpp
[0.601s] -- Up-to-date: /home/jinyicheng/auto_navigation/install/chapt4_interfaces/include/chapt4_interfaces/chapt4_interfaces/srv/detail/face_detector__traits.hpp
[0.602s] -- Up-to-date: /home/jinyicheng/auto_navigation/install/chapt4_interfaces/include/chapt4_interfaces/chapt4_interfaces/srv/detail/face_detector__builder.hpp
[0.602s] -- Up-to-date: /home/jinyicheng/auto_navigation/install/chapt4_interfaces/include/chapt4_interfaces/chapt4_interfaces/srv/face_detector.hpp
[0.602s] -- Up-to-date: /home/jinyicheng/auto_navigation/install/chapt4_interfaces/include/chapt4_interfaces/chapt4_interfaces/msg
[0.602s] -- Up-to-date: /home/jinyicheng/auto_navigation/install/chapt4_interfaces/include/chapt4_interfaces/chapt4_interfaces/msg/rosidl_generator_cpp__visibility_control.hpp
[0.602s] -- Up-to-date: /home/jinyicheng/auto_navigation/install/chapt4_interfaces/include/chapt4_interfaces/chapt4_interfaces
[0.602s] -- Up-to-date: /home/jinyicheng/auto_navigation/install/chapt4_interfaces/include/chapt4_interfaces/chapt4_interfaces/srv
[0.602s] -- Up-to-date: /home/jinyicheng/auto_navigation/install/chapt4_interfaces/include/chapt4_interfaces/chapt4_interfaces/srv/detail
[0.602s] -- Up-to-date: /home/jinyicheng/auto_navigation/install/chapt4_interfaces/include/chapt4_interfaces/chapt4_interfaces/srv/detail/face_detector__rosidl_typesupport_fastrtps_cpp.hpp
[0.602s] -- Up-to-date: /home/jinyicheng/auto_navigation/install/chapt4_interfaces/include/chapt4_interfaces/chapt4_interfaces/srv/detail/dds_fastrtps
[0.602s] -- Up-to-date: /home/jinyicheng/auto_navigation/install/chapt4_interfaces/include/chapt4_interfaces/chapt4_interfaces/msg
[0.603s] -- Up-to-date: /home/jinyicheng/auto_navigation/install/chapt4_interfaces/include/chapt4_interfaces/chapt4_interfaces/msg/rosidl_typesupport_fastrtps_cpp__visibility_control.h
[0.603s] -- Up-to-date: /home/jinyicheng/auto_navigation/install/chapt4_interfaces/lib/libchapt4_interfaces__rosidl_typesupport_fastrtps_cpp.so
[0.603s] -- Up-to-date: /home/jinyicheng/auto_navigation/install/chapt4_interfaces/include/chapt4_interfaces/chapt4_interfaces
[0.603s] -- Up-to-date: /home/jinyicheng/auto_navigation/install/chapt4_interfaces/include/chapt4_interfaces/chapt4_interfaces/srv
[0.603s] -- Up-to-date: /home/jinyicheng/auto_navigation/install/chapt4_interfaces/include/chapt4_interfaces/chapt4_interfaces/srv/detail
[0.603s] -- Up-to-date: /home/jinyicheng/auto_navigation/install/chapt4_interfaces/include/chapt4_interfaces/chapt4_interfaces/srv/detail/face_detector__type_support.c
[0.603s] -- Up-to-date: /home/jinyicheng/auto_navigation/install/chapt4_interfaces/include/chapt4_interfaces/chapt4_interfaces/srv/detail/face_detector__rosidl_typesupport_introspection_c.h
[0.603s] -- Up-to-date: /home/jinyicheng/auto_navigation/install/chapt4_interfaces/include/chapt4_interfaces/chapt4_interfaces/msg
[0.604s] -- Up-to-date: /home/jinyicheng/auto_navigation/install/chapt4_interfaces/include/chapt4_interfaces/chapt4_interfaces/msg/rosidl_typesupport_introspection_c__visibility_control.h
[0.604s] -- Up-to-date: /home/jinyicheng/auto_navigation/install/chapt4_interfaces/lib/libchapt4_interfaces__rosidl_typesupport_introspection_c.so
[0.604s] -- Up-to-date: /home/jinyicheng/auto_navigation/install/chapt4_interfaces/lib/libchapt4_interfaces__rosidl_typesupport_c.so
[0.604s] -- Up-to-date: /home/jinyicheng/auto_navigation/install/chapt4_interfaces/include/chapt4_interfaces/chapt4_interfaces
[0.604s] -- Up-to-date: /home/jinyicheng/auto_navigation/install/chapt4_interfaces/include/chapt4_interfaces/chapt4_interfaces/srv
[0.605s] -- Up-to-date: /home/jinyicheng/auto_navigation/install/chapt4_interfaces/include/chapt4_interfaces/chapt4_interfaces/srv/detail
[0.605s] -- Up-to-date: /home/jinyicheng/auto_navigation/install/chapt4_interfaces/include/chapt4_interfaces/chapt4_interfaces/srv/detail/face_detector__type_support.cpp
[0.605s] -- Up-to-date: /home/jinyicheng/auto_navigation/install/chapt4_interfaces/include/chapt4_interfaces/chapt4_interfaces/srv/detail/face_detector__rosidl_typesupport_introspection_cpp.hpp
[0.605s] -- Up-to-date: /home/jinyicheng/auto_navigation/install/chapt4_interfaces/lib/libchapt4_interfaces__rosidl_typesupport_introspection_cpp.so
[0.605s] -- Up-to-date: /home/jinyicheng/auto_navigation/install/chapt4_interfaces/lib/libchapt4_interfaces__rosidl_typesupport_cpp.so
[0.605s] -- Up-to-date: /home/jinyicheng/auto_navigation/install/chapt4_interfaces/share/chapt4_interfaces/environment/pythonpath.sh
[0.605s] -- Up-to-date: /home/jinyicheng/auto_navigation/install/chapt4_interfaces/share/chapt4_interfaces/environment/pythonpath.dsv
[0.605s] -- Up-to-date: /home/jinyicheng/auto_navigation/install/chapt4_interfaces/local/lib/python3.10/dist-packages/chapt4_interfaces-0.0.0-py3.10.egg-info
[0.605s] -- Installing: /home/jinyicheng/auto_navigation/install/chapt4_interfaces/local/lib/python3.10/dist-packages/chapt4_interfaces-0.0.0-py3.10.egg-info/top_level.txt
[0.606s] -- Installing: /home/jinyicheng/auto_navigation/install/chapt4_interfaces/local/lib/python3.10/dist-packages/chapt4_interfaces-0.0.0-py3.10.egg-info/dependency_links.txt
[0.606s] -- Installing: /home/jinyicheng/auto_navigation/install/chapt4_interfaces/local/lib/python3.10/dist-packages/chapt4_interfaces-0.0.0-py3.10.egg-info/SOURCES.txt
[0.606s] -- Installing: /home/jinyicheng/auto_navigation/install/chapt4_interfaces/local/lib/python3.10/dist-packages/chapt4_interfaces-0.0.0-py3.10.egg-info/PKG-INFO
[0.606s] -- Up-to-date: /home/jinyicheng/auto_navigation/install/chapt4_interfaces/local/lib/python3.10/dist-packages/chapt4_interfaces
[0.606s] -- Up-to-date: /home/jinyicheng/auto_navigation/install/chapt4_interfaces/local/lib/python3.10/dist-packages/chapt4_interfaces/srv
[0.606s] -- Up-to-date: /home/jinyicheng/auto_navigation/install/chapt4_interfaces/local/lib/python3.10/dist-packages/chapt4_interfaces/srv/_face_detector_s.c
[0.606s] -- Up-to-date: /home/jinyicheng/auto_navigation/install/chapt4_interfaces/local/lib/python3.10/dist-packages/chapt4_interfaces/srv/_face_detector.py
[0.606s] -- Up-to-date: /home/jinyicheng/auto_navigation/install/chapt4_interfaces/local/lib/python3.10/dist-packages/chapt4_interfaces/srv/__init__.py
[0.606s] -- Up-to-date: /home/jinyicheng/auto_navigation/install/chapt4_interfaces/local/lib/python3.10/dist-packages/chapt4_interfaces/_chapt4_interfaces_s.ep.rosidl_typesupport_introspection_c.c
[0.607s] -- Up-to-date: /home/jinyicheng/auto_navigation/install/chapt4_interfaces/local/lib/python3.10/dist-packages/chapt4_interfaces/chapt4_interfaces_s__rosidl_typesupport_fastrtps_c.cpython-310-x86_64-linux-gnu.so
[0.607s] -- Up-to-date: /home/jinyicheng/auto_navigation/install/chapt4_interfaces/local/lib/python3.10/dist-packages/chapt4_interfaces/chapt4_interfaces_s__rosidl_typesupport_introspection_c.cpython-310-x86_64-linux-gnu.so
[0.607s] -- Up-to-date: /home/jinyicheng/auto_navigation/install/chapt4_interfaces/local/lib/python3.10/dist-packages/chapt4_interfaces/_chapt4_interfaces_s.ep.rosidl_typesupport_fastrtps_c.c
[0.607s] -- Up-to-date: /home/jinyicheng/auto_navigation/install/chapt4_interfaces/local/lib/python3.10/dist-packages/chapt4_interfaces/_chapt4_interfaces_s.ep.rosidl_typesupport_c.c
[0.607s] -- Up-to-date: /home/jinyicheng/auto_navigation/install/chapt4_interfaces/local/lib/python3.10/dist-packages/chapt4_interfaces/libchapt4_interfaces__rosidl_generator_py.so
[0.607s] -- Up-to-date: /home/jinyicheng/auto_navigation/install/chapt4_interfaces/local/lib/python3.10/dist-packages/chapt4_interfaces/__init__.py
[0.607s] -- Up-to-date: /home/jinyicheng/auto_navigation/install/chapt4_interfaces/local/lib/python3.10/dist-packages/chapt4_interfaces/chapt4_interfaces_s__rosidl_typesupport_c.cpython-310-x86_64-linux-gnu.so
[0.622s] Listing '/home/jinyicheng/auto_navigation/install/chapt4_interfaces/local/lib/python3.10/dist-packages/chapt4_interfaces'...
[0.622s] Listing '/home/jinyicheng/auto_navigation/install/chapt4_interfaces/local/lib/python3.10/dist-packages/chapt4_interfaces/srv'...
[0.625s] -- Up-to-date: /home/jinyicheng/auto_navigation/install/chapt4_interfaces/local/lib/python3.10/dist-packages/chapt4_interfaces/chapt4_interfaces_s__rosidl_typesupport_fastrtps_c.cpython-310-x86_64-linux-gnu.so
[0.625s] -- Up-to-date: /home/jinyicheng/auto_navigation/install/chapt4_interfaces/local/lib/python3.10/dist-packages/chapt4_interfaces/chapt4_interfaces_s__rosidl_typesupport_introspection_c.cpython-310-x86_64-linux-gnu.so
[0.626s] -- Up-to-date: /home/jinyicheng/auto_navigation/install/chapt4_interfaces/local/lib/python3.10/dist-packages/chapt4_interfaces/chapt4_interfaces_s__rosidl_typesupport_c.cpython-310-x86_64-linux-gnu.so
[0.626s] -- Up-to-date: /home/jinyicheng/auto_navigation/install/chapt4_interfaces/lib/libchapt4_interfaces__rosidl_generator_py.so
[0.626s] -- Up-to-date: /home/jinyicheng/auto_navigation/install/chapt4_interfaces/share/ament_index/resource_index/rust_packages/chapt4_interfaces
[0.627s] -- Up-to-date: /home/jinyicheng/auto_navigation/install/chapt4_interfaces/share/chapt4_interfaces/rust
[0.627s] -- Up-to-date: /home/jinyicheng/auto_navigation/install/chapt4_interfaces/share/chapt4_interfaces/rust/src
[0.628s] -- Up-to-date: /home/jinyicheng/auto_navigation/install/chapt4_interfaces/share/chapt4_interfaces/rust/src/srv
[0.628s] -- Up-to-date: /home/jinyicheng/auto_navigation/install/chapt4_interfaces/share/chapt4_interfaces/rust/src/srv/rmw.rs
[0.628s] -- Up-to-date: /home/jinyicheng/auto_navigation/install/chapt4_interfaces/share/chapt4_interfaces/rust/src/srv.rs
[0.628s] -- Up-to-date: /home/jinyicheng/auto_navigation/install/chapt4_interfaces/share/chapt4_interfaces/rust/src/lib.rs
[0.628s] -- Up-to-date: /home/jinyicheng/auto_navigation/install/chapt4_interfaces/share/chapt4_interfaces/rust/Cargo.toml
[0.629s] -- Up-to-date: /home/jinyicheng/auto_navigation/install/chapt4_interfaces/share/chapt4_interfaces/rust/build.rs
[0.629s] -- Up-to-date: /home/jinyicheng/auto_navigation/install/chapt4_interfaces/share/chapt4_interfaces/srv/FaceDetector.idl
[0.629s] -- Up-to-date: /home/jinyicheng/auto_navigation/install/chapt4_interfaces/share/chapt4_interfaces/srv/FaceDetector.srv
[0.629s] -- Up-to-date: /home/jinyicheng/auto_navigation/install/chapt4_interfaces/share/chapt4_interfaces/srv/FaceDetector_Request.msg
[0.630s] -- Up-to-date: /home/jinyicheng/auto_navigation/install/chapt4_interfaces/share/chapt4_interfaces/srv/FaceDetector_Response.msg
[0.630s] -- Up-to-date: /home/jinyicheng/auto_navigation/install/chapt4_interfaces/share/ament_index/resource_index/package_run_dependencies/chapt4_interfaces
[0.630s] -- Up-to-date: /home/jinyicheng/auto_navigation/install/chapt4_interfaces/share/ament_index/resource_index/parent_prefix_path/chapt4_interfaces
[0.630s] -- Up-to-date: /home/jinyicheng/auto_navigation/install/chapt4_interfaces/share/chapt4_interfaces/environment/ament_prefix_path.sh
[0.630s] -- Up-to-date: /home/jinyicheng/auto_navigation/install/chapt4_interfaces/share/chapt4_interfaces/environment/ament_prefix_path.dsv
[0.631s] -- Up-to-date: /home/jinyicheng/auto_navigation/install/chapt4_interfaces/share/chapt4_interfaces/environment/path.sh
[0.631s] -- Up-to-date: /home/jinyicheng/auto_navigation/install/chapt4_interfaces/share/chapt4_interfaces/environment/path.dsv
[0.631s] -- Up-to-date: /home/jinyicheng/auto_navigation/install/chapt4_interfaces/share/chapt4_interfaces/local_setup.bash
[0.631s] -- Up-to-date: /home/jinyicheng/auto_navigation/install/chapt4_interfaces/share/chapt4_interfaces/local_setup.sh
[0.631s] -- Up-to-date: /home/jinyicheng/auto_navigation/install/chapt4_interfaces/share/chapt4_interfaces/local_setup.zsh
[0.631s] -- Up-to-date: /home/jinyicheng/auto_navigation/install/chapt4_interfaces/share/chapt4_interfaces/local_setup.dsv
[0.631s] -- Installing: /home/jinyicheng/auto_navigation/install/chapt4_interfaces/share/chapt4_interfaces/package.dsv
[0.632s] -- Up-to-date: /home/jinyicheng/auto_navigation/install/chapt4_interfaces/share/ament_index/resource_index/packages/chapt4_interfaces
[0.632s] -- Up-to-date: /home/jinyicheng/auto_navigation/install/chapt4_interfaces/share/chapt4_interfaces/cmake/export_chapt4_interfaces__rosidl_generator_cExport.cmake
[0.635s] -- Up-to-date: /home/jinyicheng/auto_navigation/install/chapt4_interfaces/share/chapt4_interfaces/cmake/export_chapt4_interfaces__rosidl_generator_cExport-noconfig.cmake
[0.637s] -- Up-to-date: /home/jinyicheng/auto_navigation/install/chapt4_interfaces/share/chapt4_interfaces/cmake/export_chapt4_interfaces__rosidl_typesupport_fastrtps_cExport.cmake
[0.637s] -- Up-to-date: /home/jinyicheng/auto_navigation/install/chapt4_interfaces/share/chapt4_interfaces/cmake/export_chapt4_interfaces__rosidl_typesupport_fastrtps_cExport-noconfig.cmake
[0.637s] -- Up-to-date: /home/jinyicheng/auto_navigation/install/chapt4_interfaces/share/chapt4_interfaces/cmake/export_chapt4_interfaces__rosidl_generator_cppExport.cmake
[0.637s] -- Up-to-date: /home/jinyicheng/auto_navigation/install/chapt4_interfaces/share/chapt4_interfaces/cmake/export_chapt4_interfaces__rosidl_typesupport_fastrtps_cppExport.cmake
[0.637s] -- Up-to-date: /home/jinyicheng/auto_navigation/install/chapt4_interfaces/share/chapt4_interfaces/cmake/export_chapt4_interfaces__rosidl_typesupport_fastrtps_cppExport-noconfig.cmake
[0.638s] -- Up-to-date: /home/jinyicheng/auto_navigation/install/chapt4_interfaces/share/chapt4_interfaces/cmake/chapt4_interfaces__rosidl_typesupport_introspection_cExport.cmake
[0.638s] -- Up-to-date: /home/jinyicheng/auto_navigation/install/chapt4_interfaces/share/chapt4_interfaces/cmake/chapt4_interfaces__rosidl_typesupport_introspection_cExport-noconfig.cmake
[0.640s] -- Up-to-date: /home/jinyicheng/auto_navigation/install/chapt4_interfaces/share/chapt4_interfaces/cmake/chapt4_interfaces__rosidl_typesupport_cExport.cmake
[0.640s] -- Up-to-date: /home/jinyicheng/auto_navigation/install/chapt4_interfaces/share/chapt4_interfaces/cmake/chapt4_interfaces__rosidl_typesupport_cExport-noconfig.cmake
[0.640s] -- Up-to-date: /home/jinyicheng/auto_navigation/install/chapt4_interfaces/share/chapt4_interfaces/cmake/chapt4_interfaces__rosidl_typesupport_introspection_cppExport.cmake
[0.640s] -- Up-to-date: /home/jinyicheng/auto_navigation/install/chapt4_interfaces/share/chapt4_interfaces/cmake/chapt4_interfaces__rosidl_typesupport_introspection_cppExport-noconfig.cmake
[0.640s] -- Up-to-date: /home/jinyicheng/auto_navigation/install/chapt4_interfaces/share/chapt4_interfaces/cmake/chapt4_interfaces__rosidl_typesupport_cppExport.cmake
[0.640s] -- Up-to-date: /home/jinyicheng/auto_navigation/install/chapt4_interfaces/share/chapt4_interfaces/cmake/chapt4_interfaces__rosidl_typesupport_cppExport-noconfig.cmake
[0.641s] -- Up-to-date: /home/jinyicheng/auto_navigation/install/chapt4_interfaces/share/chapt4_interfaces/cmake/export_chapt4_interfaces__rosidl_generator_pyExport.cmake
[0.641s] -- Up-to-date: /home/jinyicheng/auto_navigation/install/chapt4_interfaces/share/chapt4_interfaces/cmake/export_chapt4_interfaces__rosidl_generator_pyExport-noconfig.cmake
[0.641s] -- Up-to-date: /home/jinyicheng/auto_navigation/install/chapt4_interfaces/share/chapt4_interfaces/cmake/rosidl_cmake-extras.cmake
[0.641s] -- Up-to-date: /home/jinyicheng/auto_navigation/install/chapt4_interfaces/share/chapt4_interfaces/cmake/ament_cmake_export_dependencies-extras.cmake
[0.641s] -- Up-to-date: /home/jinyicheng/auto_navigation/install/chapt4_interfaces/share/chapt4_interfaces/cmake/ament_cmake_export_include_directories-extras.cmake
[0.641s] -- Up-to-date: /home/jinyicheng/auto_navigation/install/chapt4_interfaces/share/chapt4_interfaces/cmake/ament_cmake_export_libraries-extras.cmake
[0.641s] -- Up-to-date: /home/jinyicheng/auto_navigation/install/chapt4_interfaces/share/chapt4_interfaces/cmake/ament_cmake_export_targets-extras.cmake
[0.641s] -- Up-to-date: /home/jinyicheng/auto_navigation/install/chapt4_interfaces/share/chapt4_interfaces/cmake/rosidl_cmake_export_typesupport_targets-extras.cmake
[0.641s] -- Up-to-date: /home/jinyicheng/auto_navigation/install/chapt4_interfaces/share/chapt4_interfaces/cmake/rosidl_cmake_export_typesupport_libraries-extras.cmake
[0.641s] -- Up-to-date: /home/jinyicheng/auto_navigation/install/chapt4_interfaces/share/chapt4_interfaces/cmake/chapt4_interfacesConfig.cmake
[0.641s] -- Up-to-date: /home/jinyicheng/auto_navigation/install/chapt4_interfaces/share/chapt4_interfaces/cmake/chapt4_interfacesConfig-version.cmake
[0.641s] -- Up-to-date: /home/jinyicheng/auto_navigation/install/chapt4_interfaces/share/chapt4_interfaces/package.xml
[0.642s] Invoked command in '/home/jinyicheng/auto_navigation/build/chapt4_interfaces' returned '0': CMAKE_PREFIX_PATH=/opt/ros/humble /usr/bin/cmake --install /home/jinyicheng/auto_navigation/build/chapt4_interfaces
