[0.614s] Invoking command in '/home/jinyicheng/auto_navigation/core/node2': PYTHONPATH=/home/jinyicheng/auto_navigation/build/node2/prefix_override:/usr/lib/python3/dist-packages/colcon_core/task/python/colcon_distutils_commands:/home/jinyicheng/auto_navigation/install/node2/lib/python3.10/site-packages:${PYTHONPATH} /usr/bin/python3 -W ignore:setup.py install is deprecated -W ignore:easy_install command is deprecated setup.py egg_info --egg-base ../../build/node2 build --build-base /home/jinyicheng/auto_navigation/build/node2/build install --record /home/jinyicheng/auto_navigation/build/node2/install.log --single-version-externally-managed install_data
[0.737s] running egg_info
[0.738s] writing ../../build/node2/node2.egg-info/PKG-INFO
[0.738s] writing dependency_links to ../../build/node2/node2.egg-info/dependency_links.txt
[0.738s] writing entry points to ../../build/node2/node2.egg-info/entry_points.txt
[0.738s] writing requirements to ../../build/node2/node2.egg-info/requires.txt
[0.738s] writing top-level names to ../../build/node2/node2.egg-info/top_level.txt
[0.739s] reading manifest file '../../build/node2/node2.egg-info/SOURCES.txt'
[0.740s] adding license file 'LICENSE'
[0.740s] writing manifest file '../../build/node2/node2.egg-info/SOURCES.txt'
[0.740s] running build
[0.740s] running build_py
[0.740s] running install
[0.741s] running install_lib
[0.742s] running install_data
[0.742s] running install_egg_info
[0.743s] removing '/home/jinyicheng/auto_navigation/install/node2/lib/python3.10/site-packages/node2-0.0.0-py3.10.egg-info' (and everything under it)
[0.743s] Copying ../../build/node2/node2.egg-info to /home/jinyicheng/auto_navigation/install/node2/lib/python3.10/site-packages/node2-0.0.0-py3.10.egg-info
[0.744s] running install_scripts
[0.755s] Installing process_pub_novel script to /home/jinyicheng/auto_navigation/install/node2/lib/node2
[0.755s] Installing process_sub_novel script to /home/jinyicheng/auto_navigation/install/node2/lib/node2
[0.755s] writing list of installed files to '/home/jinyicheng/auto_navigation/build/node2/install.log'
[0.775s] Invoked command in '/home/jinyicheng/auto_navigation/core/node2' returned '0': PYTHONPATH=/home/jinyicheng/auto_navigation/build/node2/prefix_override:/usr/lib/python3/dist-packages/colcon_core/task/python/colcon_distutils_commands:/home/jinyicheng/auto_navigation/install/node2/lib/python3.10/site-packages:${PYTHONPATH} /usr/bin/python3 -W ignore:setup.py install is deprecated -W ignore:easy_install command is deprecated setup.py egg_info --egg-base ../../build/node2 build --build-base /home/jinyicheng/auto_navigation/build/node2/build install --record /home/jinyicheng/auto_navigation/build/node2/install.log --single-version-externally-managed install_data
