[0.402s] Invoking command in '/home/jinyicheng/auto_navigation/build/robot_simulation': CMAKE_PREFIX_PATH=${CMAKE_PREFIX_PATH}:/home/jinyicheng/auto_navigation/install/status_publisher:/home/jinyicheng/auto_navigation/install/node2:/home/jinyicheng/auto_navigation/install/node1:/home/jinyicheng/auto_navigation/install/demo_python_tf:/home/jinyicheng/auto_navigation/install/demo_python_service:/opt/ros/humble /usr/bin/cmake --build /home/jinyicheng/auto_navigation/build/robot_simulation -- -j20 -l20
[0.438s] -- Found ament_cmake: 1.3.14 (/opt/ros/humble/share/ament_cmake/cmake)
[0.541s] -- Found ament_lint_auto: 0.12.15 (/opt/ros/humble/share/ament_lint_auto/cmake)
[0.605s] -- Added test 'flake8' to check Python code syntax and style conventions
[0.605s] -- Added test 'lint_cmake' to check CMake code style
[0.606s] -- Added test 'pep257' to check Python code against some of the docstring style conventions in PEP 257
[0.606s] -- Added test 'xmllint' to check XML markup files
[0.608s] -- Configuring done
[0.611s] -- Generating done
[0.612s] -- Build files have been written to: /home/jinyicheng/auto_navigation/build/robot_simulation
[0.834s] Invoked command in '/home/jinyicheng/auto_navigation/build/robot_simulation' returned '0': CMAKE_PREFIX_PATH=${CMAKE_PREFIX_PATH}:/home/jinyicheng/auto_navigation/install/status_publisher:/home/jinyicheng/auto_navigation/install/node2:/home/jinyicheng/auto_navigation/install/node1:/home/jinyicheng/auto_navigation/install/demo_python_tf:/home/jinyicheng/auto_navigation/install/demo_python_service:/opt/ros/humble /usr/bin/cmake --build /home/jinyicheng/auto_navigation/build/robot_simulation -- -j20 -l20
[0.844s] Invoking command in '/home/jinyicheng/auto_navigation/build/robot_simulation': CMAKE_PREFIX_PATH=${CMAKE_PREFIX_PATH}:/home/jinyicheng/auto_navigation/install/status_publisher:/home/jinyicheng/auto_navigation/install/node2:/home/jinyicheng/auto_navigation/install/node1:/home/jinyicheng/auto_navigation/install/demo_python_tf:/home/jinyicheng/auto_navigation/install/demo_python_service:/opt/ros/humble /usr/bin/cmake --install /home/jinyicheng/auto_navigation/build/robot_simulation
[0.845s] -- Install configuration: ""
[0.845s] -- Up-to-date: /home/jinyicheng/auto_navigation/install/robot_simulation/share/robot_simulation/launch
[0.846s] -- Installing: /home/jinyicheng/auto_navigation/install/robot_simulation/share/robot_simulation/launch/display.launch.py
[0.846s] -- Up-to-date: /home/jinyicheng/auto_navigation/install/robot_simulation/share/robot_simulation/urdf
[0.846s] -- Up-to-date: /home/jinyicheng/auto_navigation/install/robot_simulation/share/robot_simulation/urdf/first_robot.urdf
[0.846s] -- Up-to-date: /home/jinyicheng/auto_navigation/install/robot_simulation/share/robot_simulation/urdf/first_robot.pdf
[0.847s] -- Up-to-date: /home/jinyicheng/auto_navigation/install/robot_simulation/share/robot_simulation/urdf/first_robot.gv
[0.847s] -- Up-to-date: /home/jinyicheng/auto_navigation/install/robot_simulation/share/robot_simulation/urdf/fishrot
[0.847s] -- Installing: /home/jinyicheng/auto_navigation/install/robot_simulation/share/robot_simulation/urdf/fishrot/caster_wheel.xacro
[0.847s] -- Up-to-date: /home/jinyicheng/auto_navigation/install/robot_simulation/share/robot_simulation/urdf/fishrot/laser.xacro
[0.847s] -- Up-to-date: /home/jinyicheng/auto_navigation/install/robot_simulation/share/robot_simulation/urdf/fishrot/base.xacro
[0.847s] -- Up-to-date: /home/jinyicheng/auto_navigation/install/robot_simulation/share/robot_simulation/urdf/fishrot/imu.xacro
[0.847s] -- Installing: /home/jinyicheng/auto_navigation/install/robot_simulation/share/robot_simulation/urdf/fishrot/fishbot.xacro
[0.848s] -- Installing: /home/jinyicheng/auto_navigation/install/robot_simulation/share/robot_simulation/urdf/fishrot/drive_wheel.xacro
[0.848s] -- Up-to-date: /home/jinyicheng/auto_navigation/install/robot_simulation/share/robot_simulation/urdf/first_robot.xacro
[0.848s] -- Installing: /home/jinyicheng/auto_navigation/install/robot_simulation/share/robot_simulation/rviz
[0.848s] -- Installing: /home/jinyicheng/auto_navigation/install/robot_simulation/share/robot_simulation/rviz/display.rviz
[0.849s] -- Up-to-date: /home/jinyicheng/auto_navigation/install/robot_simulation/share/ament_index/resource_index/package_run_dependencies/robot_simulation
[0.849s] -- Up-to-date: /home/jinyicheng/auto_navigation/install/robot_simulation/share/ament_index/resource_index/parent_prefix_path/robot_simulation
[0.849s] -- Up-to-date: /home/jinyicheng/auto_navigation/install/robot_simulation/share/robot_simulation/environment/ament_prefix_path.sh
[0.849s] -- Installing: /home/jinyicheng/auto_navigation/install/robot_simulation/share/robot_simulation/environment/ament_prefix_path.dsv
[0.849s] -- Up-to-date: /home/jinyicheng/auto_navigation/install/robot_simulation/share/robot_simulation/environment/path.sh
[0.849s] -- Installing: /home/jinyicheng/auto_navigation/install/robot_simulation/share/robot_simulation/environment/path.dsv
[0.850s] -- Up-to-date: /home/jinyicheng/auto_navigation/install/robot_simulation/share/robot_simulation/local_setup.bash
[0.850s] -- Up-to-date: /home/jinyicheng/auto_navigation/install/robot_simulation/share/robot_simulation/local_setup.sh
[0.850s] -- Up-to-date: /home/jinyicheng/auto_navigation/install/robot_simulation/share/robot_simulation/local_setup.zsh
[0.850s] -- Installing: /home/jinyicheng/auto_navigation/install/robot_simulation/share/robot_simulation/local_setup.dsv
[0.850s] -- Installing: /home/jinyicheng/auto_navigation/install/robot_simulation/share/robot_simulation/package.dsv
[0.850s] -- Up-to-date: /home/jinyicheng/auto_navigation/install/robot_simulation/share/ament_index/resource_index/packages/robot_simulation
[0.851s] -- Up-to-date: /home/jinyicheng/auto_navigation/install/robot_simulation/share/robot_simulation/cmake/robot_simulationConfig.cmake
[0.851s] -- Up-to-date: /home/jinyicheng/auto_navigation/install/robot_simulation/share/robot_simulation/cmake/robot_simulationConfig-version.cmake
[0.851s] -- Up-to-date: /home/jinyicheng/auto_navigation/install/robot_simulation/share/robot_simulation/package.xml
[0.861s] Invoked command in '/home/jinyicheng/auto_navigation/build/robot_simulation' returned '0': CMAKE_PREFIX_PATH=${CMAKE_PREFIX_PATH}:/home/jinyicheng/auto_navigation/install/status_publisher:/home/jinyicheng/auto_navigation/install/node2:/home/jinyicheng/auto_navigation/install/node1:/home/jinyicheng/auto_navigation/install/demo_python_tf:/home/jinyicheng/auto_navigation/install/demo_python_service:/opt/ros/humble /usr/bin/cmake --install /home/jinyicheng/auto_navigation/build/robot_simulation
