[0.919s] Invoking command in '/home/jinyicheng/auto_navigation/core/demo_python_tf': PYTHONPATH=/home/jinyicheng/auto_navigation/build/demo_python_tf/prefix_override:/usr/lib/python3/dist-packages/colcon_core/task/python/colcon_distutils_commands:/home/jinyicheng/auto_navigation/install/demo_python_tf/lib/python3.10/site-packages:${PYTHONPATH} /usr/bin/python3 -W ignore:setup.py install is deprecated -W ignore:easy_install command is deprecated setup.py egg_info --egg-base ../../build/demo_python_tf build --build-base /home/jinyicheng/auto_navigation/build/demo_python_tf/build install --record /home/jinyicheng/auto_navigation/build/demo_python_tf/install.log --single-version-externally-managed install_data
[1.034s] running egg_info
[1.035s] writing ../../build/demo_python_tf/demo_python_tf.egg-info/PKG-INFO
[1.035s] writing dependency_links to ../../build/demo_python_tf/demo_python_tf.egg-info/dependency_links.txt
[1.035s] writing entry points to ../../build/demo_python_tf/demo_python_tf.egg-info/entry_points.txt
[1.035s] writing requirements to ../../build/demo_python_tf/demo_python_tf.egg-info/requires.txt
[1.036s] writing top-level names to ../../build/demo_python_tf/demo_python_tf.egg-info/top_level.txt
[1.037s] reading manifest file '../../build/demo_python_tf/demo_python_tf.egg-info/SOURCES.txt'
[1.037s] adding license file 'LICENSE'
[1.038s] writing manifest file '../../build/demo_python_tf/demo_python_tf.egg-info/SOURCES.txt'
[1.038s] running build
[1.038s] running build_py
[1.038s] copying demo_python_tf/dynamic_tf_broadcaster.py -> /home/jinyicheng/auto_navigation/build/demo_python_tf/build/lib/demo_python_tf
[1.038s] running install
[1.038s] running install_lib
[1.038s] copying /home/jinyicheng/auto_navigation/build/demo_python_tf/build/lib/demo_python_tf/dynamic_tf_broadcaster.py -> /home/jinyicheng/auto_navigation/install/demo_python_tf/lib/python3.10/site-packages/demo_python_tf
[1.039s] byte-compiling /home/jinyicheng/auto_navigation/install/demo_python_tf/lib/python3.10/site-packages/demo_python_tf/dynamic_tf_broadcaster.py to dynamic_tf_broadcaster.cpython-310.pyc
[1.039s] running install_data
[1.039s] running install_egg_info
[1.040s] removing '/home/jinyicheng/auto_navigation/install/demo_python_tf/lib/python3.10/site-packages/demo_python_tf-0.0.0-py3.10.egg-info' (and everything under it)
[1.040s] Copying ../../build/demo_python_tf/demo_python_tf.egg-info to /home/jinyicheng/auto_navigation/install/demo_python_tf/lib/python3.10/site-packages/demo_python_tf-0.0.0-py3.10.egg-info
[1.041s] running install_scripts
[1.054s] Installing dynamic_tf_broadcaster script to /home/jinyicheng/auto_navigation/install/demo_python_tf/lib/demo_python_tf
[1.054s] Installing static_tf_broadcaster script to /home/jinyicheng/auto_navigation/install/demo_python_tf/lib/demo_python_tf
[1.054s] writing list of installed files to '/home/jinyicheng/auto_navigation/build/demo_python_tf/install.log'
[1.072s] Invoked command in '/home/jinyicheng/auto_navigation/core/demo_python_tf' returned '0': PYTHONPATH=/home/jinyicheng/auto_navigation/build/demo_python_tf/prefix_override:/usr/lib/python3/dist-packages/colcon_core/task/python/colcon_distutils_commands:/home/jinyicheng/auto_navigation/install/demo_python_tf/lib/python3.10/site-packages:${PYTHONPATH} /usr/bin/python3 -W ignore:setup.py install is deprecated -W ignore:easy_install command is deprecated setup.py egg_info --egg-base ../../build/demo_python_tf build --build-base /home/jinyicheng/auto_navigation/build/demo_python_tf/build install --record /home/jinyicheng/auto_navigation/build/demo_python_tf/install.log --single-version-externally-managed install_data
