running egg_info
creating ../../build/restudy_1_pkg/restudy_1_pkg.egg-info
writing ../../build/restudy_1_pkg/restudy_1_pkg.egg-info/PKG-INFO
writing dependency_links to ../../build/restudy_1_pkg/restudy_1_pkg.egg-info/dependency_links.txt
writing entry points to ../../build/restudy_1_pkg/restudy_1_pkg.egg-info/entry_points.txt
writing requirements to ../../build/restudy_1_pkg/restudy_1_pkg.egg-info/requires.txt
writing top-level names to ../../build/restudy_1_pkg/restudy_1_pkg.egg-info/top_level.txt
writing manifest file '../../build/restudy_1_pkg/restudy_1_pkg.egg-info/SOURCES.txt'
reading manifest file '../../build/restudy_1_pkg/restudy_1_pkg.egg-info/SOURCES.txt'
writing manifest file '../../build/restudy_1_pkg/restudy_1_pkg.egg-info/SOURCES.txt'
running build
running build_py
creating /home/jinyicheng/auto_navigation/build/restudy_1_pkg/build
creating /home/jinyicheng/auto_navigation/build/restudy_1_pkg/build/lib
creating /home/jinyicheng/auto_navigation/build/restudy_1_pkg/build/lib/restudy_1_pkg
copying restudy_1_pkg/node1.py -> /home/jinyicheng/auto_navigation/build/restudy_1_pkg/build/lib/restudy_1_pkg
copying restudy_1_pkg/__init__.py -> /home/jinyicheng/auto_navigation/build/restudy_1_pkg/build/lib/restudy_1_pkg
running install
running install_lib
creating /home/jinyicheng/auto_navigation/install/restudy_1_pkg/lib/python3.10/site-packages/restudy_1_pkg
copying /home/jinyicheng/auto_navigation/build/restudy_1_pkg/build/lib/restudy_1_pkg/node1.py -> /home/jinyicheng/auto_navigation/install/restudy_1_pkg/lib/python3.10/site-packages/restudy_1_pkg
copying /home/jinyicheng/auto_navigation/build/restudy_1_pkg/build/lib/restudy_1_pkg/__init__.py -> /home/jinyicheng/auto_navigation/install/restudy_1_pkg/lib/python3.10/site-packages/restudy_1_pkg
byte-compiling /home/jinyicheng/auto_navigation/install/restudy_1_pkg/lib/python3.10/site-packages/restudy_1_pkg/node1.py to node1.cpython-310.pyc
byte-compiling /home/jinyicheng/auto_navigation/install/restudy_1_pkg/lib/python3.10/site-packages/restudy_1_pkg/__init__.py to __init__.cpython-310.pyc
running install_data
creating /home/jinyicheng/auto_navigation/install/restudy_1_pkg/share/ament_index
creating /home/jinyicheng/auto_navigation/install/restudy_1_pkg/share/ament_index/resource_index
creating /home/jinyicheng/auto_navigation/install/restudy_1_pkg/share/ament_index/resource_index/packages
copying resource/restudy_1_pkg -> /home/jinyicheng/auto_navigation/install/restudy_1_pkg/share/ament_index/resource_index/packages
copying package.xml -> /home/jinyicheng/auto_navigation/install/restudy_1_pkg/share/restudy_1_pkg
running install_egg_info
Copying ../../build/restudy_1_pkg/restudy_1_pkg.egg-info to /home/jinyicheng/auto_navigation/install/restudy_1_pkg/lib/python3.10/site-packages/restudy_1_pkg-0.0.0-py3.10.egg-info
running install_scripts
Installing node1 script to /home/jinyicheng/auto_navigation/install/restudy_1_pkg/lib/restudy_1_pkg
writing list of installed files to '/home/jinyicheng/auto_navigation/build/restudy_1_pkg/install.log'
