[  3%] Built target sum_srv_interface__rs
[  6%] Built target sum_srv_interface__cpp
[ 15%] Built target sum_srv_interface__rosidl_generator_c
[ 15%] Built target ament_cmake_python_copy_sum_srv_interface
[ 25%] Built target sum_srv_interface__rosidl_typesupport_cpp
[ 43%] Built target sum_srv_interface__rosidl_typesupport_introspection_cpp
[ 43%] Built target sum_srv_interface__rosidl_typesupport_fastrtps_cpp
[ 62%] Built target sum_srv_interface__rosidl_typesupport_fastrtps_c
[ 62%] Built target sum_srv_interface__rosidl_typesupport_c
[ 71%] Built target sum_srv_interface__rosidl_typesupport_introspection_c
[ 71%] Built target sum_srv_interface
[ 75%] Built target sum_srv_interface__py
[ 81%] Built target sum_srv_interface__rosidl_generator_py
[ 93%] Built target sum_srv_interface__rosidl_typesupport_fastrtps_c__pyext
[ 93%] Built target sum_srv_interface__rosidl_typesupport_introspection_c__pyext
[100%] Built target sum_srv_interface__rosidl_typesupport_c__pyext
running egg_info
writing sum_srv_interface.egg-info/PKG-INFO
writing dependency_links to sum_srv_interface.egg-info/dependency_links.txt
writing top-level names to sum_srv_interface.egg-info/top_level.txt
reading manifest file 'sum_srv_interface.egg-info/SOURCES.txt'
writing manifest file 'sum_srv_interface.egg-info/SOURCES.txt'
[100%] Built target ament_cmake_python_build_sum_srv_interface_egg
-- Install configuration: ""
-- Up-to-date: /home/jinyicheng/auto_navigation/install/sum_srv_interface/share/ament_index/resource_index/rosidl_interfaces/sum_srv_interface
-- Up-to-date: /home/jinyicheng/auto_navigation/install/sum_srv_interface/include/sum_srv_interface/sum_srv_interface
-- Up-to-date: /home/jinyicheng/auto_navigation/install/sum_srv_interface/include/sum_srv_interface/sum_srv_interface/srv
-- Up-to-date: /home/jinyicheng/auto_navigation/install/sum_srv_interface/include/sum_srv_interface/sum_srv_interface/srv/sum.h
-- Up-to-date: /home/jinyicheng/auto_navigation/install/sum_srv_interface/include/sum_srv_interface/sum_srv_interface/srv/detail
-- Up-to-date: /home/jinyicheng/auto_navigation/install/sum_srv_interface/include/sum_srv_interface/sum_srv_interface/srv/detail/sum__type_support.h
-- Up-to-date: /home/jinyicheng/auto_navigation/install/sum_srv_interface/include/sum_srv_interface/sum_srv_interface/srv/detail/sum__functions.h
-- Up-to-date: /home/jinyicheng/auto_navigation/install/sum_srv_interface/include/sum_srv_interface/sum_srv_interface/srv/detail/sum__functions.c
-- Up-to-date: /home/jinyicheng/auto_navigation/install/sum_srv_interface/include/sum_srv_interface/sum_srv_interface/srv/detail/sum__struct.h
-- Up-to-date: /home/jinyicheng/auto_navigation/install/sum_srv_interface/include/sum_srv_interface/sum_srv_interface/msg
-- Up-to-date: /home/jinyicheng/auto_navigation/install/sum_srv_interface/include/sum_srv_interface/sum_srv_interface/msg/rosidl_generator_c__visibility_control.h
-- Up-to-date: /home/jinyicheng/auto_navigation/install/sum_srv_interface/share/sum_srv_interface/environment/library_path.sh
-- Up-to-date: /home/jinyicheng/auto_navigation/install/sum_srv_interface/share/sum_srv_interface/environment/library_path.dsv
-- Up-to-date: /home/jinyicheng/auto_navigation/install/sum_srv_interface/lib/libsum_srv_interface__rosidl_generator_c.so
-- Up-to-date: /home/jinyicheng/auto_navigation/install/sum_srv_interface/include/sum_srv_interface/sum_srv_interface
-- Up-to-date: /home/jinyicheng/auto_navigation/install/sum_srv_interface/include/sum_srv_interface/sum_srv_interface/srv
-- Up-to-date: /home/jinyicheng/auto_navigation/install/sum_srv_interface/include/sum_srv_interface/sum_srv_interface/srv/detail
-- Up-to-date: /home/jinyicheng/auto_navigation/install/sum_srv_interface/include/sum_srv_interface/sum_srv_interface/srv/detail/sum__rosidl_typesupport_fastrtps_c.h
-- Up-to-date: /home/jinyicheng/auto_navigation/install/sum_srv_interface/include/sum_srv_interface/sum_srv_interface/msg
-- Up-to-date: /home/jinyicheng/auto_navigation/install/sum_srv_interface/include/sum_srv_interface/sum_srv_interface/msg/rosidl_typesupport_fastrtps_c__visibility_control.h
-- Up-to-date: /home/jinyicheng/auto_navigation/install/sum_srv_interface/lib/libsum_srv_interface__rosidl_typesupport_fastrtps_c.so
-- Up-to-date: /home/jinyicheng/auto_navigation/install/sum_srv_interface/include/sum_srv_interface/sum_srv_interface
-- Up-to-date: /home/jinyicheng/auto_navigation/install/sum_srv_interface/include/sum_srv_interface/sum_srv_interface/srv
-- Up-to-date: /home/jinyicheng/auto_navigation/install/sum_srv_interface/include/sum_srv_interface/sum_srv_interface/srv/detail
-- Up-to-date: /home/jinyicheng/auto_navigation/install/sum_srv_interface/include/sum_srv_interface/sum_srv_interface/srv/detail/sum__type_support.c
-- Up-to-date: /home/jinyicheng/auto_navigation/install/sum_srv_interface/include/sum_srv_interface/sum_srv_interface/srv/detail/sum__rosidl_typesupport_introspection_c.h
-- Up-to-date: /home/jinyicheng/auto_navigation/install/sum_srv_interface/include/sum_srv_interface/sum_srv_interface/msg
-- Up-to-date: /home/jinyicheng/auto_navigation/install/sum_srv_interface/include/sum_srv_interface/sum_srv_interface/msg/rosidl_typesupport_introspection_c__visibility_control.h
-- Up-to-date: /home/jinyicheng/auto_navigation/install/sum_srv_interface/lib/libsum_srv_interface__rosidl_typesupport_introspection_c.so
-- Up-to-date: /home/jinyicheng/auto_navigation/install/sum_srv_interface/lib/libsum_srv_interface__rosidl_typesupport_c.so
-- Up-to-date: /home/jinyicheng/auto_navigation/install/sum_srv_interface/include/sum_srv_interface/sum_srv_interface
-- Up-to-date: /home/jinyicheng/auto_navigation/install/sum_srv_interface/include/sum_srv_interface/sum_srv_interface/srv
-- Up-to-date: /home/jinyicheng/auto_navigation/install/sum_srv_interface/include/sum_srv_interface/sum_srv_interface/srv/sum.hpp
-- Up-to-date: /home/jinyicheng/auto_navigation/install/sum_srv_interface/include/sum_srv_interface/sum_srv_interface/srv/detail
-- Up-to-date: /home/jinyicheng/auto_navigation/install/sum_srv_interface/include/sum_srv_interface/sum_srv_interface/srv/detail/sum__struct.hpp
-- Up-to-date: /home/jinyicheng/auto_navigation/install/sum_srv_interface/include/sum_srv_interface/sum_srv_interface/srv/detail/sum__traits.hpp
-- Up-to-date: /home/jinyicheng/auto_navigation/install/sum_srv_interface/include/sum_srv_interface/sum_srv_interface/srv/detail/sum__type_support.hpp
-- Up-to-date: /home/jinyicheng/auto_navigation/install/sum_srv_interface/include/sum_srv_interface/sum_srv_interface/srv/detail/sum__builder.hpp
-- Up-to-date: /home/jinyicheng/auto_navigation/install/sum_srv_interface/include/sum_srv_interface/sum_srv_interface/msg
-- Up-to-date: /home/jinyicheng/auto_navigation/install/sum_srv_interface/include/sum_srv_interface/sum_srv_interface/msg/rosidl_generator_cpp__visibility_control.hpp
-- Up-to-date: /home/jinyicheng/auto_navigation/install/sum_srv_interface/include/sum_srv_interface/sum_srv_interface
-- Up-to-date: /home/jinyicheng/auto_navigation/install/sum_srv_interface/include/sum_srv_interface/sum_srv_interface/srv
-- Up-to-date: /home/jinyicheng/auto_navigation/install/sum_srv_interface/include/sum_srv_interface/sum_srv_interface/srv/detail
-- Up-to-date: /home/jinyicheng/auto_navigation/install/sum_srv_interface/include/sum_srv_interface/sum_srv_interface/srv/detail/dds_fastrtps
-- Up-to-date: /home/jinyicheng/auto_navigation/install/sum_srv_interface/include/sum_srv_interface/sum_srv_interface/srv/detail/sum__rosidl_typesupport_fastrtps_cpp.hpp
-- Up-to-date: /home/jinyicheng/auto_navigation/install/sum_srv_interface/include/sum_srv_interface/sum_srv_interface/msg
-- Up-to-date: /home/jinyicheng/auto_navigation/install/sum_srv_interface/include/sum_srv_interface/sum_srv_interface/msg/rosidl_typesupport_fastrtps_cpp__visibility_control.h
-- Up-to-date: /home/jinyicheng/auto_navigation/install/sum_srv_interface/lib/libsum_srv_interface__rosidl_typesupport_fastrtps_cpp.so
-- Up-to-date: /home/jinyicheng/auto_navigation/install/sum_srv_interface/include/sum_srv_interface/sum_srv_interface
-- Up-to-date: /home/jinyicheng/auto_navigation/install/sum_srv_interface/include/sum_srv_interface/sum_srv_interface/srv
-- Up-to-date: /home/jinyicheng/auto_navigation/install/sum_srv_interface/include/sum_srv_interface/sum_srv_interface/srv/detail
-- Up-to-date: /home/jinyicheng/auto_navigation/install/sum_srv_interface/include/sum_srv_interface/sum_srv_interface/srv/detail/sum__type_support.cpp
-- Up-to-date: /home/jinyicheng/auto_navigation/install/sum_srv_interface/include/sum_srv_interface/sum_srv_interface/srv/detail/sum__rosidl_typesupport_introspection_cpp.hpp
-- Up-to-date: /home/jinyicheng/auto_navigation/install/sum_srv_interface/lib/libsum_srv_interface__rosidl_typesupport_introspection_cpp.so
-- Up-to-date: /home/jinyicheng/auto_navigation/install/sum_srv_interface/lib/libsum_srv_interface__rosidl_typesupport_cpp.so
-- Up-to-date: /home/jinyicheng/auto_navigation/install/sum_srv_interface/share/sum_srv_interface/environment/pythonpath.sh
-- Up-to-date: /home/jinyicheng/auto_navigation/install/sum_srv_interface/share/sum_srv_interface/environment/pythonpath.dsv
-- Up-to-date: /home/jinyicheng/auto_navigation/install/sum_srv_interface/local/lib/python3.10/dist-packages/sum_srv_interface-0.0.0-py3.10.egg-info
-- Installing: /home/jinyicheng/auto_navigation/install/sum_srv_interface/local/lib/python3.10/dist-packages/sum_srv_interface-0.0.0-py3.10.egg-info/top_level.txt
-- Installing: /home/jinyicheng/auto_navigation/install/sum_srv_interface/local/lib/python3.10/dist-packages/sum_srv_interface-0.0.0-py3.10.egg-info/dependency_links.txt
-- Installing: /home/jinyicheng/auto_navigation/install/sum_srv_interface/local/lib/python3.10/dist-packages/sum_srv_interface-0.0.0-py3.10.egg-info/SOURCES.txt
-- Installing: /home/jinyicheng/auto_navigation/install/sum_srv_interface/local/lib/python3.10/dist-packages/sum_srv_interface-0.0.0-py3.10.egg-info/PKG-INFO
-- Up-to-date: /home/jinyicheng/auto_navigation/install/sum_srv_interface/local/lib/python3.10/dist-packages/sum_srv_interface
-- Up-to-date: /home/jinyicheng/auto_navigation/install/sum_srv_interface/local/lib/python3.10/dist-packages/sum_srv_interface/srv
-- Up-to-date: /home/jinyicheng/auto_navigation/install/sum_srv_interface/local/lib/python3.10/dist-packages/sum_srv_interface/srv/_sum.py
-- Up-to-date: /home/jinyicheng/auto_navigation/install/sum_srv_interface/local/lib/python3.10/dist-packages/sum_srv_interface/srv/_sum_s.c
-- Up-to-date: /home/jinyicheng/auto_navigation/install/sum_srv_interface/local/lib/python3.10/dist-packages/sum_srv_interface/srv/__init__.py
-- Up-to-date: /home/jinyicheng/auto_navigation/install/sum_srv_interface/local/lib/python3.10/dist-packages/sum_srv_interface/sum_srv_interface_s__rosidl_typesupport_introspection_c.cpython-310-x86_64-linux-gnu.so
-- Up-to-date: /home/jinyicheng/auto_navigation/install/sum_srv_interface/local/lib/python3.10/dist-packages/sum_srv_interface/_sum_srv_interface_s.ep.rosidl_typesupport_c.c
-- Up-to-date: /home/jinyicheng/auto_navigation/install/sum_srv_interface/local/lib/python3.10/dist-packages/sum_srv_interface/libsum_srv_interface__rosidl_generator_py.so
-- Up-to-date: /home/jinyicheng/auto_navigation/install/sum_srv_interface/local/lib/python3.10/dist-packages/sum_srv_interface/sum_srv_interface_s__rosidl_typesupport_c.cpython-310-x86_64-linux-gnu.so
-- Up-to-date: /home/jinyicheng/auto_navigation/install/sum_srv_interface/local/lib/python3.10/dist-packages/sum_srv_interface/_sum_srv_interface_s.ep.rosidl_typesupport_fastrtps_c.c
-- Up-to-date: /home/jinyicheng/auto_navigation/install/sum_srv_interface/local/lib/python3.10/dist-packages/sum_srv_interface/sum_srv_interface_s__rosidl_typesupport_fastrtps_c.cpython-310-x86_64-linux-gnu.so
-- Up-to-date: /home/jinyicheng/auto_navigation/install/sum_srv_interface/local/lib/python3.10/dist-packages/sum_srv_interface/__init__.py
-- Up-to-date: /home/jinyicheng/auto_navigation/install/sum_srv_interface/local/lib/python3.10/dist-packages/sum_srv_interface/_sum_srv_interface_s.ep.rosidl_typesupport_introspection_c.c
Listing '/home/jinyicheng/auto_navigation/install/sum_srv_interface/local/lib/python3.10/dist-packages/sum_srv_interface'...
Listing '/home/jinyicheng/auto_navigation/install/sum_srv_interface/local/lib/python3.10/dist-packages/sum_srv_interface/srv'...
-- Up-to-date: /home/jinyicheng/auto_navigation/install/sum_srv_interface/local/lib/python3.10/dist-packages/sum_srv_interface/sum_srv_interface_s__rosidl_typesupport_fastrtps_c.cpython-310-x86_64-linux-gnu.so
-- Up-to-date: /home/jinyicheng/auto_navigation/install/sum_srv_interface/local/lib/python3.10/dist-packages/sum_srv_interface/sum_srv_interface_s__rosidl_typesupport_introspection_c.cpython-310-x86_64-linux-gnu.so
-- Up-to-date: /home/jinyicheng/auto_navigation/install/sum_srv_interface/local/lib/python3.10/dist-packages/sum_srv_interface/sum_srv_interface_s__rosidl_typesupport_c.cpython-310-x86_64-linux-gnu.so
-- Up-to-date: /home/jinyicheng/auto_navigation/install/sum_srv_interface/lib/libsum_srv_interface__rosidl_generator_py.so
-- Up-to-date: /home/jinyicheng/auto_navigation/install/sum_srv_interface/share/ament_index/resource_index/rust_packages/sum_srv_interface
-- Up-to-date: /home/jinyicheng/auto_navigation/install/sum_srv_interface/share/sum_srv_interface/rust
-- Up-to-date: /home/jinyicheng/auto_navigation/install/sum_srv_interface/share/sum_srv_interface/rust/src
-- Up-to-date: /home/jinyicheng/auto_navigation/install/sum_srv_interface/share/sum_srv_interface/rust/src/srv
-- Up-to-date: /home/jinyicheng/auto_navigation/install/sum_srv_interface/share/sum_srv_interface/rust/src/srv/rmw.rs
-- Up-to-date: /home/jinyicheng/auto_navigation/install/sum_srv_interface/share/sum_srv_interface/rust/src/srv.rs
-- Up-to-date: /home/jinyicheng/auto_navigation/install/sum_srv_interface/share/sum_srv_interface/rust/src/lib.rs
-- Up-to-date: /home/jinyicheng/auto_navigation/install/sum_srv_interface/share/sum_srv_interface/rust/Cargo.toml
-- Up-to-date: /home/jinyicheng/auto_navigation/install/sum_srv_interface/share/sum_srv_interface/rust/build.rs
-- Up-to-date: /home/jinyicheng/auto_navigation/install/sum_srv_interface/share/sum_srv_interface/srv/Sum.idl
-- Up-to-date: /home/jinyicheng/auto_navigation/install/sum_srv_interface/share/sum_srv_interface/srv/Sum.srv
-- Up-to-date: /home/jinyicheng/auto_navigation/install/sum_srv_interface/share/sum_srv_interface/srv/Sum_Request.msg
-- Up-to-date: /home/jinyicheng/auto_navigation/install/sum_srv_interface/share/sum_srv_interface/srv/Sum_Response.msg
-- Up-to-date: /home/jinyicheng/auto_navigation/install/sum_srv_interface/share/ament_index/resource_index/package_run_dependencies/sum_srv_interface
-- Up-to-date: /home/jinyicheng/auto_navigation/install/sum_srv_interface/share/ament_index/resource_index/parent_prefix_path/sum_srv_interface
-- Up-to-date: /home/jinyicheng/auto_navigation/install/sum_srv_interface/share/sum_srv_interface/environment/ament_prefix_path.sh
-- Up-to-date: /home/jinyicheng/auto_navigation/install/sum_srv_interface/share/sum_srv_interface/environment/ament_prefix_path.dsv
-- Up-to-date: /home/jinyicheng/auto_navigation/install/sum_srv_interface/share/sum_srv_interface/environment/path.sh
-- Up-to-date: /home/jinyicheng/auto_navigation/install/sum_srv_interface/share/sum_srv_interface/environment/path.dsv
-- Up-to-date: /home/jinyicheng/auto_navigation/install/sum_srv_interface/share/sum_srv_interface/local_setup.bash
-- Up-to-date: /home/jinyicheng/auto_navigation/install/sum_srv_interface/share/sum_srv_interface/local_setup.sh
-- Up-to-date: /home/jinyicheng/auto_navigation/install/sum_srv_interface/share/sum_srv_interface/local_setup.zsh
-- Up-to-date: /home/jinyicheng/auto_navigation/install/sum_srv_interface/share/sum_srv_interface/local_setup.dsv
-- Installing: /home/jinyicheng/auto_navigation/install/sum_srv_interface/share/sum_srv_interface/package.dsv
-- Up-to-date: /home/jinyicheng/auto_navigation/install/sum_srv_interface/share/ament_index/resource_index/packages/sum_srv_interface
-- Up-to-date: /home/jinyicheng/auto_navigation/install/sum_srv_interface/share/sum_srv_interface/cmake/export_sum_srv_interface__rosidl_generator_cExport.cmake
-- Up-to-date: /home/jinyicheng/auto_navigation/install/sum_srv_interface/share/sum_srv_interface/cmake/export_sum_srv_interface__rosidl_generator_cExport-noconfig.cmake
-- Up-to-date: /home/jinyicheng/auto_navigation/install/sum_srv_interface/share/sum_srv_interface/cmake/export_sum_srv_interface__rosidl_typesupport_fastrtps_cExport.cmake
-- Up-to-date: /home/jinyicheng/auto_navigation/install/sum_srv_interface/share/sum_srv_interface/cmake/export_sum_srv_interface__rosidl_typesupport_fastrtps_cExport-noconfig.cmake
-- Up-to-date: /home/jinyicheng/auto_navigation/install/sum_srv_interface/share/sum_srv_interface/cmake/sum_srv_interface__rosidl_typesupport_introspection_cExport.cmake
-- Up-to-date: /home/jinyicheng/auto_navigation/install/sum_srv_interface/share/sum_srv_interface/cmake/sum_srv_interface__rosidl_typesupport_introspection_cExport-noconfig.cmake
-- Up-to-date: /home/jinyicheng/auto_navigation/install/sum_srv_interface/share/sum_srv_interface/cmake/sum_srv_interface__rosidl_typesupport_cExport.cmake
-- Up-to-date: /home/jinyicheng/auto_navigation/install/sum_srv_interface/share/sum_srv_interface/cmake/sum_srv_interface__rosidl_typesupport_cExport-noconfig.cmake
-- Up-to-date: /home/jinyicheng/auto_navigation/install/sum_srv_interface/share/sum_srv_interface/cmake/export_sum_srv_interface__rosidl_generator_cppExport.cmake
-- Up-to-date: /home/jinyicheng/auto_navigation/install/sum_srv_interface/share/sum_srv_interface/cmake/export_sum_srv_interface__rosidl_typesupport_fastrtps_cppExport.cmake
-- Up-to-date: /home/jinyicheng/auto_navigation/install/sum_srv_interface/share/sum_srv_interface/cmake/export_sum_srv_interface__rosidl_typesupport_fastrtps_cppExport-noconfig.cmake
-- Up-to-date: /home/jinyicheng/auto_navigation/install/sum_srv_interface/share/sum_srv_interface/cmake/sum_srv_interface__rosidl_typesupport_introspection_cppExport.cmake
-- Up-to-date: /home/jinyicheng/auto_navigation/install/sum_srv_interface/share/sum_srv_interface/cmake/sum_srv_interface__rosidl_typesupport_introspection_cppExport-noconfig.cmake
-- Up-to-date: /home/jinyicheng/auto_navigation/install/sum_srv_interface/share/sum_srv_interface/cmake/sum_srv_interface__rosidl_typesupport_cppExport.cmake
-- Up-to-date: /home/jinyicheng/auto_navigation/install/sum_srv_interface/share/sum_srv_interface/cmake/sum_srv_interface__rosidl_typesupport_cppExport-noconfig.cmake
-- Up-to-date: /home/jinyicheng/auto_navigation/install/sum_srv_interface/share/sum_srv_interface/cmake/export_sum_srv_interface__rosidl_generator_pyExport.cmake
-- Up-to-date: /home/jinyicheng/auto_navigation/install/sum_srv_interface/share/sum_srv_interface/cmake/export_sum_srv_interface__rosidl_generator_pyExport-noconfig.cmake
-- Up-to-date: /home/jinyicheng/auto_navigation/install/sum_srv_interface/share/sum_srv_interface/cmake/rosidl_cmake-extras.cmake
-- Up-to-date: /home/jinyicheng/auto_navigation/install/sum_srv_interface/share/sum_srv_interface/cmake/ament_cmake_export_include_directories-extras.cmake
-- Up-to-date: /home/jinyicheng/auto_navigation/install/sum_srv_interface/share/sum_srv_interface/cmake/ament_cmake_export_libraries-extras.cmake
-- Up-to-date: /home/jinyicheng/auto_navigation/install/sum_srv_interface/share/sum_srv_interface/cmake/ament_cmake_export_targets-extras.cmake
-- Up-to-date: /home/jinyicheng/auto_navigation/install/sum_srv_interface/share/sum_srv_interface/cmake/rosidl_cmake_export_typesupport_targets-extras.cmake
-- Up-to-date: /home/jinyicheng/auto_navigation/install/sum_srv_interface/share/sum_srv_interface/cmake/ament_cmake_export_dependencies-extras.cmake
-- Up-to-date: /home/jinyicheng/auto_navigation/install/sum_srv_interface/share/sum_srv_interface/cmake/rosidl_cmake_export_typesupport_libraries-extras.cmake
-- Up-to-date: /home/jinyicheng/auto_navigation/install/sum_srv_interface/share/sum_srv_interface/cmake/sum_srv_interfaceConfig.cmake
-- Up-to-date: /home/jinyicheng/auto_navigation/install/sum_srv_interface/share/sum_srv_interface/cmake/sum_srv_interfaceConfig-version.cmake
-- Up-to-date: /home/jinyicheng/auto_navigation/install/sum_srv_interface/share/sum_srv_interface/package.xml
