[0.322s] DEBUG:colcon:Command line arguments: ['/usr/bin/colcon', 'build', '--packages-select', 'demo_python_tf']
[0.322s] DEBUG:colcon:Parsed command line arguments: Namespace(log_base=None, log_level=None, verb_name='build', build_base='build', install_base='install', merge_install=False, symlink_install=False, test_result_base=None, continue_on_error=False, executor='parallel', parallel_workers=20, event_handlers=None, ignore_user_meta=False, metas=['./colcon.meta'], base_paths=['.'], packages_ignore=None, packages_ignore_regex=None, paths=None, packages_up_to=None, packages_up_to_regex=None, packages_above=None, packages_above_and_dependencies=None, packages_above_depth=None, packages_select_by_dep=None, packages_skip_by_dep=None, packages_skip_up_to=None, packages_select_build_failed=False, packages_skip_build_finished=False, packages_select_test_failures=False, packages_skip_test_passed=False, packages_select=['demo_python_tf'], packages_skip=None, packages_select_regex=None, packages_skip_regex=None, packages_start=None, packages_end=None, allow_overriding=[], cmake_args=None, cmake_target=None, cmake_target_skip_unavailable=False, cmake_clean_cache=False, cmake_clean_first=False, cmake_force_configure=False, ament_cmake_args=None, catkin_cmake_args=None, catkin_skip_building_tests=False, mixin_files=None, mixin=None, verb_parser=<colcon_mixin.mixin.mixin_argument.MixinArgumentDecorator object at 0x7e76b3543580>, verb_extension=<colcon_core.verb.build.BuildVerb object at 0x7e76b35430d0>, main=<bound method BuildVerb.main of <colcon_core.verb.build.BuildVerb object at 0x7e76b35430d0>>, mixin_verb=('build',))
[0.527s] Level 1:colcon.colcon_core.package_discovery:discover_packages(colcon_meta) check parameters
[0.528s] Level 1:colcon.colcon_core.package_discovery:discover_packages(recursive) check parameters
[0.528s] Level 1:colcon.colcon_core.package_discovery:discover_packages(ignore) check parameters
[0.528s] Level 1:colcon.colcon_core.package_discovery:discover_packages(path) check parameters
[0.528s] Level 1:colcon.colcon_core.package_discovery:discover_packages(colcon_meta) discover
[0.528s] Level 1:colcon.colcon_core.package_discovery:discover_packages(recursive) discover
[0.528s] INFO:colcon.colcon_core.package_discovery:Crawling recursively for packages in '/home/jinyicheng/auto_navigation'
[0.528s] Level 1:colcon.colcon_core.package_identification:_identify(.) by extensions ['ignore', 'ignore_ament_install']
[0.528s] Level 1:colcon.colcon_core.package_identification:_identify(.) by extension 'ignore'
[0.528s] Level 1:colcon.colcon_core.package_identification:_identify(.) by extension 'ignore_ament_install'
[0.528s] Level 1:colcon.colcon_core.package_identification:_identify(.) by extensions ['colcon_pkg']
[0.528s] Level 1:colcon.colcon_core.package_identification:_identify(.) by extension 'colcon_pkg'
[0.528s] Level 1:colcon.colcon_core.package_identification:_identify(.) by extensions ['colcon_meta']
[0.528s] Level 1:colcon.colcon_core.package_identification:_identify(.) by extension 'colcon_meta'
[0.528s] Level 1:colcon.colcon_core.package_identification:_identify(.) by extensions ['ros']
[0.528s] Level 1:colcon.colcon_core.package_identification:_identify(.) by extension 'ros'
[0.559s] Level 1:colcon.colcon_core.package_identification:_identify(.) by extensions ['cmake', 'python']
[0.559s] Level 1:colcon.colcon_core.package_identification:_identify(.) by extension 'cmake'
[0.559s] Level 1:colcon.colcon_core.package_identification:_identify(.) by extension 'python'
[0.559s] Level 1:colcon.colcon_core.package_identification:_identify(.) by extensions ['python_setup_py']
[0.559s] Level 1:colcon.colcon_core.package_identification:_identify(.) by extension 'python_setup_py'
[0.559s] Level 1:colcon.colcon_core.package_identification:_identify(build) by extensions ['ignore', 'ignore_ament_install']
[0.559s] Level 1:colcon.colcon_core.package_identification:_identify(build) by extension 'ignore'
[0.559s] Level 1:colcon.colcon_core.package_identification:_identify(build) ignored
[0.559s] Level 1:colcon.colcon_core.package_identification:_identify(core) by extensions ['ignore', 'ignore_ament_install']
[0.559s] Level 1:colcon.colcon_core.package_identification:_identify(core) by extension 'ignore'
[0.559s] Level 1:colcon.colcon_core.package_identification:_identify(core) by extension 'ignore_ament_install'
[0.559s] Level 1:colcon.colcon_core.package_identification:_identify(core) by extensions ['colcon_pkg']
[0.559s] Level 1:colcon.colcon_core.package_identification:_identify(core) by extension 'colcon_pkg'
[0.559s] Level 1:colcon.colcon_core.package_identification:_identify(core) by extensions ['colcon_meta']
[0.560s] Level 1:colcon.colcon_core.package_identification:_identify(core) by extension 'colcon_meta'
[0.560s] Level 1:colcon.colcon_core.package_identification:_identify(core) by extensions ['ros']
[0.560s] Level 1:colcon.colcon_core.package_identification:_identify(core) by extension 'ros'
[0.560s] Level 1:colcon.colcon_core.package_identification:_identify(core) by extensions ['cmake', 'python']
[0.560s] Level 1:colcon.colcon_core.package_identification:_identify(core) by extension 'cmake'
[0.560s] Level 1:colcon.colcon_core.package_identification:_identify(core) by extension 'python'
[0.560s] Level 1:colcon.colcon_core.package_identification:_identify(core) by extensions ['python_setup_py']
[0.560s] Level 1:colcon.colcon_core.package_identification:_identify(core) by extension 'python_setup_py'
[0.560s] Level 1:colcon.colcon_core.package_identification:_identify(core/chapt4_interfaces) by extensions ['ignore', 'ignore_ament_install']
[0.560s] Level 1:colcon.colcon_core.package_identification:_identify(core/chapt4_interfaces) by extension 'ignore'
[0.560s] Level 1:colcon.colcon_core.package_identification:_identify(core/chapt4_interfaces) by extension 'ignore_ament_install'
[0.560s] Level 1:colcon.colcon_core.package_identification:_identify(core/chapt4_interfaces) by extensions ['colcon_pkg']
[0.560s] Level 1:colcon.colcon_core.package_identification:_identify(core/chapt4_interfaces) by extension 'colcon_pkg'
[0.560s] Level 1:colcon.colcon_core.package_identification:_identify(core/chapt4_interfaces) by extensions ['colcon_meta']
[0.560s] Level 1:colcon.colcon_core.package_identification:_identify(core/chapt4_interfaces) by extension 'colcon_meta'
[0.560s] Level 1:colcon.colcon_core.package_identification:_identify(core/chapt4_interfaces) by extensions ['ros']
[0.560s] Level 1:colcon.colcon_core.package_identification:_identify(core/chapt4_interfaces) by extension 'ros'
[0.562s] DEBUG:colcon.colcon_core.package_identification:Package 'core/chapt4_interfaces' with type 'ros.ament_cmake' and name 'chapt4_interfaces'
[0.562s] Level 1:colcon.colcon_core.package_identification:_identify(core/demo_python_service) by extensions ['ignore', 'ignore_ament_install']
[0.562s] Level 1:colcon.colcon_core.package_identification:_identify(core/demo_python_service) by extension 'ignore'
[0.562s] Level 1:colcon.colcon_core.package_identification:_identify(core/demo_python_service) by extension 'ignore_ament_install'
[0.563s] Level 1:colcon.colcon_core.package_identification:_identify(core/demo_python_service) by extensions ['colcon_pkg']
[0.563s] Level 1:colcon.colcon_core.package_identification:_identify(core/demo_python_service) by extension 'colcon_pkg'
[0.563s] Level 1:colcon.colcon_core.package_identification:_identify(core/demo_python_service) by extensions ['colcon_meta']
[0.563s] Level 1:colcon.colcon_core.package_identification:_identify(core/demo_python_service) by extension 'colcon_meta'
[0.563s] Level 1:colcon.colcon_core.package_identification:_identify(core/demo_python_service) by extensions ['ros']
[0.563s] Level 1:colcon.colcon_core.package_identification:_identify(core/demo_python_service) by extension 'ros'
[0.563s] DEBUG:colcon.colcon_core.package_identification:Package 'core/demo_python_service' with type 'ros.ament_python' and name 'demo_python_service'
[0.563s] Level 1:colcon.colcon_core.package_identification:_identify(core/demo_python_tf) by extensions ['ignore', 'ignore_ament_install']
[0.563s] Level 1:colcon.colcon_core.package_identification:_identify(core/demo_python_tf) by extension 'ignore'
[0.563s] Level 1:colcon.colcon_core.package_identification:_identify(core/demo_python_tf) by extension 'ignore_ament_install'
[0.563s] Level 1:colcon.colcon_core.package_identification:_identify(core/demo_python_tf) by extensions ['colcon_pkg']
[0.563s] Level 1:colcon.colcon_core.package_identification:_identify(core/demo_python_tf) by extension 'colcon_pkg'
[0.563s] Level 1:colcon.colcon_core.package_identification:_identify(core/demo_python_tf) by extensions ['colcon_meta']
[0.563s] Level 1:colcon.colcon_core.package_identification:_identify(core/demo_python_tf) by extension 'colcon_meta'
[0.563s] Level 1:colcon.colcon_core.package_identification:_identify(core/demo_python_tf) by extensions ['ros']
[0.564s] Level 1:colcon.colcon_core.package_identification:_identify(core/demo_python_tf) by extension 'ros'
[0.565s] DEBUG:colcon.colcon_core.package_identification:Package 'core/demo_python_tf' with type 'ros.ament_python' and name 'demo_python_tf'
[0.565s] Level 1:colcon.colcon_core.package_identification:_identify(core/node1) by extensions ['ignore', 'ignore_ament_install']
[0.565s] Level 1:colcon.colcon_core.package_identification:_identify(core/node1) by extension 'ignore'
[0.565s] Level 1:colcon.colcon_core.package_identification:_identify(core/node1) by extension 'ignore_ament_install'
[0.565s] Level 1:colcon.colcon_core.package_identification:_identify(core/node1) by extensions ['colcon_pkg']
[0.565s] Level 1:colcon.colcon_core.package_identification:_identify(core/node1) by extension 'colcon_pkg'
[0.565s] Level 1:colcon.colcon_core.package_identification:_identify(core/node1) by extensions ['colcon_meta']
[0.565s] Level 1:colcon.colcon_core.package_identification:_identify(core/node1) by extension 'colcon_meta'
[0.565s] Level 1:colcon.colcon_core.package_identification:_identify(core/node1) by extensions ['ros']
[0.565s] Level 1:colcon.colcon_core.package_identification:_identify(core/node1) by extension 'ros'
[0.565s] DEBUG:colcon.colcon_core.package_identification:Package 'core/node1' with type 'ros.ament_python' and name 'node1'
[0.565s] Level 1:colcon.colcon_core.package_identification:_identify(core/node2) by extensions ['ignore', 'ignore_ament_install']
[0.566s] Level 1:colcon.colcon_core.package_identification:_identify(core/node2) by extension 'ignore'
[0.566s] Level 1:colcon.colcon_core.package_identification:_identify(core/node2) by extension 'ignore_ament_install'
[0.566s] Level 1:colcon.colcon_core.package_identification:_identify(core/node2) by extensions ['colcon_pkg']
[0.566s] Level 1:colcon.colcon_core.package_identification:_identify(core/node2) by extension 'colcon_pkg'
[0.566s] Level 1:colcon.colcon_core.package_identification:_identify(core/node2) by extensions ['colcon_meta']
[0.566s] Level 1:colcon.colcon_core.package_identification:_identify(core/node2) by extension 'colcon_meta'
[0.566s] Level 1:colcon.colcon_core.package_identification:_identify(core/node2) by extensions ['ros']
[0.566s] Level 1:colcon.colcon_core.package_identification:_identify(core/node2) by extension 'ros'
[0.566s] DEBUG:colcon.colcon_core.package_identification:Package 'core/node2' with type 'ros.ament_python' and name 'node2'
[0.566s] Level 1:colcon.colcon_core.package_identification:_identify(core/status_interface) by extensions ['ignore', 'ignore_ament_install']
[0.566s] Level 1:colcon.colcon_core.package_identification:_identify(core/status_interface) by extension 'ignore'
[0.566s] Level 1:colcon.colcon_core.package_identification:_identify(core/status_interface) by extension 'ignore_ament_install'
[0.566s] Level 1:colcon.colcon_core.package_identification:_identify(core/status_interface) by extensions ['colcon_pkg']
[0.566s] Level 1:colcon.colcon_core.package_identification:_identify(core/status_interface) by extension 'colcon_pkg'
[0.566s] Level 1:colcon.colcon_core.package_identification:_identify(core/status_interface) by extensions ['colcon_meta']
[0.566s] Level 1:colcon.colcon_core.package_identification:_identify(core/status_interface) by extension 'colcon_meta'
[0.567s] Level 1:colcon.colcon_core.package_identification:_identify(core/status_interface) by extensions ['ros']
[0.567s] Level 1:colcon.colcon_core.package_identification:_identify(core/status_interface) by extension 'ros'
[0.567s] DEBUG:colcon.colcon_core.package_identification:Package 'core/status_interface' with type 'ros.ament_cmake' and name 'status_interface'
[0.567s] Level 1:colcon.colcon_core.package_identification:_identify(core/status_publisher) by extensions ['ignore', 'ignore_ament_install']
[0.567s] Level 1:colcon.colcon_core.package_identification:_identify(core/status_publisher) by extension 'ignore'
[0.567s] Level 1:colcon.colcon_core.package_identification:_identify(core/status_publisher) by extension 'ignore_ament_install'
[0.567s] Level 1:colcon.colcon_core.package_identification:_identify(core/status_publisher) by extensions ['colcon_pkg']
[0.567s] Level 1:colcon.colcon_core.package_identification:_identify(core/status_publisher) by extension 'colcon_pkg'
[0.567s] Level 1:colcon.colcon_core.package_identification:_identify(core/status_publisher) by extensions ['colcon_meta']
[0.567s] Level 1:colcon.colcon_core.package_identification:_identify(core/status_publisher) by extension 'colcon_meta'
[0.567s] Level 1:colcon.colcon_core.package_identification:_identify(core/status_publisher) by extensions ['ros']
[0.567s] Level 1:colcon.colcon_core.package_identification:_identify(core/status_publisher) by extension 'ros'
[0.568s] DEBUG:colcon.colcon_core.package_identification:Package 'core/status_publisher' with type 'ros.ament_python' and name 'status_publisher'
[0.568s] Level 1:colcon.colcon_core.package_identification:_identify(core/status_sub_and_disp) by extensions ['ignore', 'ignore_ament_install']
[0.568s] Level 1:colcon.colcon_core.package_identification:_identify(core/status_sub_and_disp) by extension 'ignore'
[0.568s] Level 1:colcon.colcon_core.package_identification:_identify(core/status_sub_and_disp) by extension 'ignore_ament_install'
[0.568s] Level 1:colcon.colcon_core.package_identification:_identify(core/status_sub_and_disp) by extensions ['colcon_pkg']
[0.568s] Level 1:colcon.colcon_core.package_identification:_identify(core/status_sub_and_disp) by extension 'colcon_pkg'
[0.568s] Level 1:colcon.colcon_core.package_identification:_identify(core/status_sub_and_disp) by extensions ['colcon_meta']
[0.568s] Level 1:colcon.colcon_core.package_identification:_identify(core/status_sub_and_disp) by extension 'colcon_meta'
[0.568s] Level 1:colcon.colcon_core.package_identification:_identify(core/status_sub_and_disp) by extensions ['ros']
[0.568s] Level 1:colcon.colcon_core.package_identification:_identify(core/status_sub_and_disp) by extension 'ros'
[0.569s] DEBUG:colcon.colcon_core.package_identification:Package 'core/status_sub_and_disp' with type 'ros.ament_cmake' and name 'status_sub_and_disp'
[0.569s] Level 1:colcon.colcon_core.package_identification:_identify(install) by extensions ['ignore', 'ignore_ament_install']
[0.569s] Level 1:colcon.colcon_core.package_identification:_identify(install) by extension 'ignore'
[0.569s] Level 1:colcon.colcon_core.package_identification:_identify(install) ignored
[0.569s] Level 1:colcon.colcon_core.package_identification:_identify(log) by extensions ['ignore', 'ignore_ament_install']
[0.569s] Level 1:colcon.colcon_core.package_identification:_identify(log) by extension 'ignore'
[0.569s] Level 1:colcon.colcon_core.package_identification:_identify(log) ignored
[0.569s] Level 1:colcon.colcon_core.package_discovery:discover_packages(recursive) using defaults
[0.569s] Level 1:colcon.colcon_core.package_discovery:discover_packages(ignore) discover
[0.569s] Level 1:colcon.colcon_core.package_discovery:discover_packages(ignore) using defaults
[0.569s] Level 1:colcon.colcon_core.package_discovery:discover_packages(path) discover
[0.569s] Level 1:colcon.colcon_core.package_discovery:discover_packages(path) using defaults
[0.590s] INFO:colcon.colcon_core.package_selection:Skipping not selected package 'chapt4_interfaces' in 'core/chapt4_interfaces'
[0.590s] INFO:colcon.colcon_core.package_selection:Skipping not selected package 'node1' in 'core/node1'
[0.590s] INFO:colcon.colcon_core.package_selection:Skipping not selected package 'node2' in 'core/node2'
[0.590s] INFO:colcon.colcon_core.package_selection:Skipping not selected package 'status_interface' in 'core/status_interface'
[0.590s] INFO:colcon.colcon_core.package_selection:Skipping not selected package 'demo_python_service' in 'core/demo_python_service'
[0.590s] INFO:colcon.colcon_core.package_selection:Skipping not selected package 'status_publisher' in 'core/status_publisher'
[0.590s] INFO:colcon.colcon_core.package_selection:Skipping not selected package 'status_sub_and_disp' in 'core/status_sub_and_disp'
[0.591s] Level 1:colcon.colcon_core.package_discovery:discover_packages(prefix_path) check parameters
[0.591s] Level 1:colcon.colcon_core.package_discovery:discover_packages(prefix_path) discover
[0.593s] DEBUG:colcon.colcon_installed_package_information.package_discovery:Found 274 installed packages in /opt/ros/humble
[0.594s] Level 1:colcon.colcon_core.package_discovery:discover_packages(prefix_path) using defaults
[0.613s] Level 5:colcon.colcon_core.verb:set package 'demo_python_tf' build argument 'cmake_args' from command line to 'None'
[0.613s] Level 5:colcon.colcon_core.verb:set package 'demo_python_tf' build argument 'cmake_target' from command line to 'None'
[0.613s] Level 5:colcon.colcon_core.verb:set package 'demo_python_tf' build argument 'cmake_target_skip_unavailable' from command line to 'False'
[0.613s] Level 5:colcon.colcon_core.verb:set package 'demo_python_tf' build argument 'cmake_clean_cache' from command line to 'False'
[0.613s] Level 5:colcon.colcon_core.verb:set package 'demo_python_tf' build argument 'cmake_clean_first' from command line to 'False'
[0.613s] Level 5:colcon.colcon_core.verb:set package 'demo_python_tf' build argument 'cmake_force_configure' from command line to 'False'
[0.613s] Level 5:colcon.colcon_core.verb:set package 'demo_python_tf' build argument 'ament_cmake_args' from command line to 'None'
[0.613s] Level 5:colcon.colcon_core.verb:set package 'demo_python_tf' build argument 'catkin_cmake_args' from command line to 'None'
[0.613s] Level 5:colcon.colcon_core.verb:set package 'demo_python_tf' build argument 'catkin_skip_building_tests' from command line to 'False'
[0.614s] DEBUG:colcon.colcon_core.verb:Building package 'demo_python_tf' with the following arguments: {'ament_cmake_args': None, 'build_base': '/home/jinyicheng/auto_navigation/build/demo_python_tf', 'catkin_cmake_args': None, 'catkin_skip_building_tests': False, 'cmake_args': None, 'cmake_clean_cache': False, 'cmake_clean_first': False, 'cmake_force_configure': False, 'cmake_target': None, 'cmake_target_skip_unavailable': False, 'install_base': '/home/jinyicheng/auto_navigation/install/demo_python_tf', 'merge_install': False, 'path': '/home/jinyicheng/auto_navigation/core/demo_python_tf', 'symlink_install': False, 'test_result_base': None}
[0.614s] INFO:colcon.colcon_core.executor:Executing jobs using 'parallel' executor
[0.614s] DEBUG:colcon.colcon_parallel_executor.executor.parallel:run_until_complete
[0.615s] INFO:colcon.colcon_ros.task.ament_python.build:Building ROS package in '/home/jinyicheng/auto_navigation/core/demo_python_tf' with build type 'ament_python'
[0.615s] Level 1:colcon.colcon_core.shell:create_environment_hook('demo_python_tf', 'ament_prefix_path')
[0.618s] INFO:colcon.colcon_core.plugin_system:Skipping extension 'colcon_core.shell.bat': Not used on non-Windows systems
[0.618s] INFO:colcon.colcon_core.shell:Creating environment hook '/home/jinyicheng/auto_navigation/install/demo_python_tf/share/demo_python_tf/hook/ament_prefix_path.ps1'
[0.619s] INFO:colcon.colcon_core.shell:Creating environment descriptor '/home/jinyicheng/auto_navigation/install/demo_python_tf/share/demo_python_tf/hook/ament_prefix_path.dsv'
[0.619s] INFO:colcon.colcon_core.shell:Creating environment hook '/home/jinyicheng/auto_navigation/install/demo_python_tf/share/demo_python_tf/hook/ament_prefix_path.sh'
[0.620s] INFO:colcon.colcon_core.shell:Skip shell extension 'powershell' for command environment: Not usable outside of PowerShell
[0.620s] DEBUG:colcon.colcon_core.shell:Skip shell extension 'dsv' for command environment
[0.757s] INFO:colcon.colcon_core.task.python.build:Building Python package in '/home/jinyicheng/auto_navigation/core/demo_python_tf'
[0.757s] INFO:colcon.colcon_core.shell:Skip shell extension 'powershell' for command environment: Not usable outside of PowerShell
[0.757s] DEBUG:colcon.colcon_core.shell:Skip shell extension 'dsv' for command environment
[0.999s] DEBUG:colcon.colcon_core.event_handler.log_command:Invoking command in '/home/jinyicheng/auto_navigation/core/demo_python_tf': PYTHONPATH=/home/jinyicheng/auto_navigation/build/demo_python_tf/prefix_override:/usr/lib/python3/dist-packages/colcon_core/task/python/colcon_distutils_commands:/home/jinyicheng/auto_navigation/install/demo_python_tf/lib/python3.10/site-packages:${PYTHONPATH} __trae_PS1=\n(TraeAI-6) \w [$?] $ /usr/bin/python3 -W ignore:setup.py install is deprecated -W ignore:easy_install command is deprecated setup.py egg_info --egg-base ../../build/demo_python_tf build --build-base /home/jinyicheng/auto_navigation/build/demo_python_tf/build install --record /home/jinyicheng/auto_navigation/build/demo_python_tf/install.log --single-version-externally-managed install_data
[1.149s] DEBUG:colcon.colcon_core.event_handler.log_command:Invoked command in '/home/jinyicheng/auto_navigation/core/demo_python_tf' returned '0': PYTHONPATH=/home/jinyicheng/auto_navigation/build/demo_python_tf/prefix_override:/usr/lib/python3/dist-packages/colcon_core/task/python/colcon_distutils_commands:/home/jinyicheng/auto_navigation/install/demo_python_tf/lib/python3.10/site-packages:${PYTHONPATH} __trae_PS1=\n(TraeAI-6) \w [$?] $ /usr/bin/python3 -W ignore:setup.py install is deprecated -W ignore:easy_install command is deprecated setup.py egg_info --egg-base ../../build/demo_python_tf build --build-base /home/jinyicheng/auto_navigation/build/demo_python_tf/build install --record /home/jinyicheng/auto_navigation/build/demo_python_tf/install.log --single-version-externally-managed install_data
[1.154s] Level 1:colcon.colcon_core.environment:checking '/home/jinyicheng/auto_navigation/install/demo_python_tf' for CMake module files
[1.155s] Level 1:colcon.colcon_core.environment:checking '/home/jinyicheng/auto_navigation/install/demo_python_tf' for CMake config files
[1.155s] Level 1:colcon.colcon_core.environment:checking '/home/jinyicheng/auto_navigation/install/demo_python_tf/lib'
[1.155s] Level 1:colcon.colcon_core.environment:checking '/home/jinyicheng/auto_navigation/install/demo_python_tf/bin'
[1.155s] Level 1:colcon.colcon_core.environment:checking '/home/jinyicheng/auto_navigation/install/demo_python_tf/lib/pkgconfig/demo_python_tf.pc'
[1.155s] Level 1:colcon.colcon_core.environment:checking '/home/jinyicheng/auto_navigation/install/demo_python_tf/lib/python3.10/site-packages'
[1.155s] Level 1:colcon.colcon_core.shell:create_environment_hook('demo_python_tf', 'pythonpath')
[1.155s] INFO:colcon.colcon_core.shell:Creating environment hook '/home/jinyicheng/auto_navigation/install/demo_python_tf/share/demo_python_tf/hook/pythonpath.ps1'
[1.156s] INFO:colcon.colcon_core.shell:Creating environment descriptor '/home/jinyicheng/auto_navigation/install/demo_python_tf/share/demo_python_tf/hook/pythonpath.dsv'
[1.156s] INFO:colcon.colcon_core.shell:Creating environment hook '/home/jinyicheng/auto_navigation/install/demo_python_tf/share/demo_python_tf/hook/pythonpath.sh'
[1.156s] Level 1:colcon.colcon_core.environment:checking '/home/jinyicheng/auto_navigation/install/demo_python_tf/bin'
[1.156s] Level 1:colcon.colcon_core.environment:create_environment_scripts_only(demo_python_tf)
[1.156s] INFO:colcon.colcon_core.shell:Creating package script '/home/jinyicheng/auto_navigation/install/demo_python_tf/share/demo_python_tf/package.ps1'
[1.157s] INFO:colcon.colcon_core.shell:Creating package descriptor '/home/jinyicheng/auto_navigation/install/demo_python_tf/share/demo_python_tf/package.dsv'
[1.157s] INFO:colcon.colcon_core.shell:Creating package script '/home/jinyicheng/auto_navigation/install/demo_python_tf/share/demo_python_tf/package.sh'
[1.158s] INFO:colcon.colcon_core.shell:Creating package script '/home/jinyicheng/auto_navigation/install/demo_python_tf/share/demo_python_tf/package.bash'
[1.158s] INFO:colcon.colcon_core.shell:Creating package script '/home/jinyicheng/auto_navigation/install/demo_python_tf/share/demo_python_tf/package.zsh'
[1.159s] Level 1:colcon.colcon_core.environment:create_file_with_runtime_dependencies(/home/jinyicheng/auto_navigation/install/demo_python_tf/share/colcon-core/packages/demo_python_tf)
[1.159s] DEBUG:colcon.colcon_parallel_executor.executor.parallel:closing loop
[1.160s] DEBUG:colcon.colcon_parallel_executor.executor.parallel:loop closed
[1.160s] DEBUG:colcon.colcon_parallel_executor.executor.parallel:run_until_complete finished with '0'
[1.160s] DEBUG:colcon.colcon_core.event_reactor:joining thread
[1.208s] INFO:colcon.colcon_core.plugin_system:Skipping extension 'colcon_notification.desktop_notification.notify_send': Could not find 'notify-send'
[1.208s] INFO:colcon.colcon_core.plugin_system:Skipping extension 'colcon_notification.desktop_notification.terminal_notifier': Not used on non-Darwin systems
[1.208s] INFO:colcon.colcon_core.plugin_system:Skipping extension 'colcon_notification.desktop_notification.win32': Not used on non-Windows systems
[1.208s] INFO:colcon.colcon_notification.desktop_notification:Sending desktop notification using 'notify2'
[1.210s] DEBUG:colcon.colcon_notification.desktop_notification.notify2:Failed to initialize notify2: org.freedesktop.DBus.Error.ServiceUnknown: The name org.freedesktop.Notifications was not provided by any .service files
[1.210s] DEBUG:colcon.colcon_core.event_reactor:joined thread
[1.210s] INFO:colcon.colcon_core.shell:Creating prefix script '/home/jinyicheng/auto_navigation/install/local_setup.ps1'
[1.211s] INFO:colcon.colcon_core.shell:Creating prefix util module '/home/jinyicheng/auto_navigation/install/_local_setup_util_ps1.py'
[1.212s] INFO:colcon.colcon_core.shell:Creating prefix chain script '/home/jinyicheng/auto_navigation/install/setup.ps1'
[1.213s] INFO:colcon.colcon_core.shell:Creating prefix script '/home/jinyicheng/auto_navigation/install/local_setup.sh'
[1.213s] INFO:colcon.colcon_core.shell:Creating prefix util module '/home/jinyicheng/auto_navigation/install/_local_setup_util_sh.py'
[1.214s] INFO:colcon.colcon_core.shell:Creating prefix chain script '/home/jinyicheng/auto_navigation/install/setup.sh'
[1.214s] INFO:colcon.colcon_core.shell:Creating prefix script '/home/jinyicheng/auto_navigation/install/local_setup.bash'
[1.215s] INFO:colcon.colcon_core.shell:Creating prefix chain script '/home/jinyicheng/auto_navigation/install/setup.bash'
[1.216s] INFO:colcon.colcon_core.shell:Creating prefix script '/home/jinyicheng/auto_navigation/install/local_setup.zsh'
[1.216s] INFO:colcon.colcon_core.shell:Creating prefix chain script '/home/jinyicheng/auto_navigation/install/setup.zsh'
