[0.085s] Invoking command in '/home/jinyicheng/auto_navigation/build/status_sub_and_disp': CMAKE_PREFIX_PATH=/home/jinyicheng/auto_navigation/install/status_interface:/home/jinyicheng/auto_navigation/install/status_sub_and_disp:/home/jinyicheng/auto_navigation/install/robot_simulation:/home/jinyicheng/auto_navigation/install/chapt4_interfaces:/home/jinyicheng/auto_navigation/install/status_publisher:/home/jinyicheng/auto_navigation/install/node2:/home/jinyicheng/auto_navigation/install/node1:/home/jinyicheng/auto_navigation/install/demo_python_tf:/home/jinyicheng/auto_navigation/install/demo_python_service:/opt/ros/humble /usr/bin/cmake --build /home/jinyicheng/auto_navigation/build/status_sub_and_disp -- -j20 -l20
[0.217s] [ 50%] Built target hello_qt
[0.217s] [100%] Built target sys_status_disp
[0.218s] Invoked command in '/home/jinyicheng/auto_navigation/build/status_sub_and_disp' returned '0': CMAKE_PREFIX_PATH=/home/jinyicheng/auto_navigation/install/status_interface:/home/jinyicheng/auto_navigation/install/status_sub_and_disp:/home/jinyicheng/auto_navigation/install/robot_simulation:/home/jinyicheng/auto_navigation/install/chapt4_interfaces:/home/jinyicheng/auto_navigation/install/status_publisher:/home/jinyicheng/auto_navigation/install/node2:/home/jinyicheng/auto_navigation/install/node1:/home/jinyicheng/auto_navigation/install/demo_python_tf:/home/jinyicheng/auto_navigation/install/demo_python_service:/opt/ros/humble /usr/bin/cmake --build /home/jinyicheng/auto_navigation/build/status_sub_and_disp -- -j20 -l20
[0.219s] Invoking command in '/home/jinyicheng/auto_navigation/build/status_sub_and_disp': CMAKE_PREFIX_PATH=/home/jinyicheng/auto_navigation/install/status_interface:/home/jinyicheng/auto_navigation/install/status_sub_and_disp:/home/jinyicheng/auto_navigation/install/robot_simulation:/home/jinyicheng/auto_navigation/install/chapt4_interfaces:/home/jinyicheng/auto_navigation/install/status_publisher:/home/jinyicheng/auto_navigation/install/node2:/home/jinyicheng/auto_navigation/install/node1:/home/jinyicheng/auto_navigation/install/demo_python_tf:/home/jinyicheng/auto_navigation/install/demo_python_service:/opt/ros/humble /usr/bin/cmake --install /home/jinyicheng/auto_navigation/build/status_sub_and_disp
[0.355s] -- Install configuration: ""
[0.356s] -- Up-to-date: /home/jinyicheng/auto_navigation/install/status_sub_and_disp/lib/status_sub_and_disp/hello_qt
[0.356s] -- Up-to-date: /home/jinyicheng/auto_navigation/install/status_sub_and_disp/lib/status_sub_and_disp/sys_status_disp
[0.356s] -- Up-to-date: /home/jinyicheng/auto_navigation/install/status_sub_and_disp/share/ament_index/resource_index/package_run_dependencies/status_sub_and_disp
[0.356s] -- Up-to-date: /home/jinyicheng/auto_navigation/install/status_sub_and_disp/share/ament_index/resource_index/parent_prefix_path/status_sub_and_disp
[0.356s] -- Up-to-date: /home/jinyicheng/auto_navigation/install/status_sub_and_disp/share/status_sub_and_disp/environment/ament_prefix_path.sh
[0.356s] -- Up-to-date: /home/jinyicheng/auto_navigation/install/status_sub_and_disp/share/status_sub_and_disp/environment/ament_prefix_path.dsv
[0.357s] -- Up-to-date: /home/jinyicheng/auto_navigation/install/status_sub_and_disp/share/status_sub_and_disp/environment/path.sh
[0.357s] -- Up-to-date: /home/jinyicheng/auto_navigation/install/status_sub_and_disp/share/status_sub_and_disp/environment/path.dsv
[0.357s] -- Up-to-date: /home/jinyicheng/auto_navigation/install/status_sub_and_disp/share/status_sub_and_disp/local_setup.bash
[0.358s] -- Up-to-date: /home/jinyicheng/auto_navigation/install/status_sub_and_disp/share/status_sub_and_disp/local_setup.sh
[0.358s] -- Up-to-date: /home/jinyicheng/auto_navigation/install/status_sub_and_disp/share/status_sub_and_disp/local_setup.zsh
[0.358s] -- Up-to-date: /home/jinyicheng/auto_navigation/install/status_sub_and_disp/share/status_sub_and_disp/local_setup.dsv
[0.359s] -- Installing: /home/jinyicheng/auto_navigation/install/status_sub_and_disp/share/status_sub_and_disp/package.dsv
[0.359s] -- Up-to-date: /home/jinyicheng/auto_navigation/install/status_sub_and_disp/share/ament_index/resource_index/packages/status_sub_and_disp
[0.360s] -- Up-to-date: /home/jinyicheng/auto_navigation/install/status_sub_and_disp/share/status_sub_and_disp/cmake/status_sub_and_dispConfig.cmake
[0.360s] -- Up-to-date: /home/jinyicheng/auto_navigation/install/status_sub_and_disp/share/status_sub_and_disp/cmake/status_sub_and_dispConfig-version.cmake
[0.360s] -- Up-to-date: /home/jinyicheng/auto_navigation/install/status_sub_and_disp/share/status_sub_and_disp/package.xml
[0.365s] Invoked command in '/home/jinyicheng/auto_navigation/build/status_sub_and_disp' returned '0': CMAKE_PREFIX_PATH=/home/jinyicheng/auto_navigation/install/status_interface:/home/jinyicheng/auto_navigation/install/status_sub_and_disp:/home/jinyicheng/auto_navigation/install/robot_simulation:/home/jinyicheng/auto_navigation/install/chapt4_interfaces:/home/jinyicheng/auto_navigation/install/status_publisher:/home/jinyicheng/auto_navigation/install/node2:/home/jinyicheng/auto_navigation/install/node1:/home/jinyicheng/auto_navigation/install/demo_python_tf:/home/jinyicheng/auto_navigation/install/demo_python_service:/opt/ros/humble /usr/bin/cmake --install /home/jinyicheng/auto_navigation/build/status_sub_and_disp
