[0.180s] DEBUG:colcon:Command line arguments: ['/usr/bin/colcon', 'build']
[0.180s] DEBUG:colcon:Parsed command line arguments: Namespace(log_base=None, log_level=None, verb_name='build', build_base='build', install_base='install', merge_install=False, symlink_install=False, test_result_base=None, continue_on_error=False, executor='parallel', parallel_workers=20, event_handlers=None, ignore_user_meta=False, metas=['./colcon.meta'], base_paths=['.'], packages_ignore=None, packages_ignore_regex=None, paths=None, packages_up_to=None, packages_up_to_regex=None, packages_above=None, packages_above_and_dependencies=None, packages_above_depth=None, packages_select_by_dep=None, packages_skip_by_dep=None, packages_skip_up_to=None, packages_select_build_failed=False, packages_skip_build_finished=False, packages_select_test_failures=False, packages_skip_test_passed=False, packages_select=None, packages_skip=None, packages_select_regex=None, packages_skip_regex=None, packages_start=None, packages_end=None, allow_overriding=[], cmake_args=None, cmake_target=None, cmake_target_skip_unavailable=False, cmake_clean_cache=False, cmake_clean_first=False, cmake_force_configure=False, ament_cmake_args=None, catkin_cmake_args=None, catkin_skip_building_tests=False, mixin_files=None, mixin=None, verb_parser=<colcon_mixin.mixin.mixin_argument.MixinArgumentDecorator object at 0x7c2297b4f190>, verb_extension=<colcon_core.verb.build.BuildVerb object at 0x7c2297b4ece0>, main=<bound method BuildVerb.main of <colcon_core.verb.build.BuildVerb object at 0x7c2297b4ece0>>, mixin_verb=('build',))
[0.395s] Level 1:colcon.colcon_core.package_discovery:discover_packages(colcon_meta) check parameters
[0.395s] Level 1:colcon.colcon_core.package_discovery:discover_packages(recursive) check parameters
[0.396s] Level 1:colcon.colcon_core.package_discovery:discover_packages(ignore) check parameters
[0.396s] Level 1:colcon.colcon_core.package_discovery:discover_packages(path) check parameters
[0.396s] Level 1:colcon.colcon_core.package_discovery:discover_packages(colcon_meta) discover
[0.396s] Level 1:colcon.colcon_core.package_discovery:discover_packages(recursive) discover
[0.396s] INFO:colcon.colcon_core.package_discovery:Crawling recursively for packages in '/home/jinyicheng/auto_navigation'
[0.396s] Level 1:colcon.colcon_core.package_identification:_identify(.) by extensions ['ignore', 'ignore_ament_install']
[0.396s] Level 1:colcon.colcon_core.package_identification:_identify(.) by extension 'ignore'
[0.396s] Level 1:colcon.colcon_core.package_identification:_identify(.) by extension 'ignore_ament_install'
[0.396s] Level 1:colcon.colcon_core.package_identification:_identify(.) by extensions ['colcon_pkg']
[0.396s] Level 1:colcon.colcon_core.package_identification:_identify(.) by extension 'colcon_pkg'
[0.396s] Level 1:colcon.colcon_core.package_identification:_identify(.) by extensions ['colcon_meta']
[0.396s] Level 1:colcon.colcon_core.package_identification:_identify(.) by extension 'colcon_meta'
[0.396s] Level 1:colcon.colcon_core.package_identification:_identify(.) by extensions ['ros']
[0.396s] Level 1:colcon.colcon_core.package_identification:_identify(.) by extension 'ros'
[0.425s] Level 1:colcon.colcon_core.package_identification:_identify(.) by extensions ['cmake', 'python']
[0.425s] Level 1:colcon.colcon_core.package_identification:_identify(.) by extension 'cmake'
[0.425s] Level 1:colcon.colcon_core.package_identification:_identify(.) by extension 'python'
[0.425s] Level 1:colcon.colcon_core.package_identification:_identify(.) by extensions ['python_setup_py']
[0.425s] Level 1:colcon.colcon_core.package_identification:_identify(.) by extension 'python_setup_py'
[0.425s] Level 1:colcon.colcon_core.package_identification:_identify(build) by extensions ['ignore', 'ignore_ament_install']
[0.425s] Level 1:colcon.colcon_core.package_identification:_identify(build) by extension 'ignore'
[0.425s] Level 1:colcon.colcon_core.package_identification:_identify(build) ignored
[0.425s] Level 1:colcon.colcon_core.package_identification:_identify(core) by extensions ['ignore', 'ignore_ament_install']
[0.425s] Level 1:colcon.colcon_core.package_identification:_identify(core) by extension 'ignore'
[0.425s] Level 1:colcon.colcon_core.package_identification:_identify(core) by extension 'ignore_ament_install'
[0.426s] Level 1:colcon.colcon_core.package_identification:_identify(core) by extensions ['colcon_pkg']
[0.426s] Level 1:colcon.colcon_core.package_identification:_identify(core) by extension 'colcon_pkg'
[0.426s] Level 1:colcon.colcon_core.package_identification:_identify(core) by extensions ['colcon_meta']
[0.426s] Level 1:colcon.colcon_core.package_identification:_identify(core) by extension 'colcon_meta'
[0.426s] Level 1:colcon.colcon_core.package_identification:_identify(core) by extensions ['ros']
[0.426s] Level 1:colcon.colcon_core.package_identification:_identify(core) by extension 'ros'
[0.426s] Level 1:colcon.colcon_core.package_identification:_identify(core) by extensions ['cmake', 'python']
[0.426s] Level 1:colcon.colcon_core.package_identification:_identify(core) by extension 'cmake'
[0.426s] Level 1:colcon.colcon_core.package_identification:_identify(core) by extension 'python'
[0.426s] Level 1:colcon.colcon_core.package_identification:_identify(core) by extensions ['python_setup_py']
[0.426s] Level 1:colcon.colcon_core.package_identification:_identify(core) by extension 'python_setup_py'
[0.426s] Level 1:colcon.colcon_core.package_identification:_identify(core/node1) by extensions ['ignore', 'ignore_ament_install']
[0.426s] Level 1:colcon.colcon_core.package_identification:_identify(core/node1) by extension 'ignore'
[0.426s] Level 1:colcon.colcon_core.package_identification:_identify(core/node1) by extension 'ignore_ament_install'
[0.426s] Level 1:colcon.colcon_core.package_identification:_identify(core/node1) by extensions ['colcon_pkg']
[0.426s] Level 1:colcon.colcon_core.package_identification:_identify(core/node1) by extension 'colcon_pkg'
[0.426s] Level 1:colcon.colcon_core.package_identification:_identify(core/node1) by extensions ['colcon_meta']
[0.426s] Level 1:colcon.colcon_core.package_identification:_identify(core/node1) by extension 'colcon_meta'
[0.426s] Level 1:colcon.colcon_core.package_identification:_identify(core/node1) by extensions ['ros']
[0.426s] Level 1:colcon.colcon_core.package_identification:_identify(core/node1) by extension 'ros'
[0.428s] DEBUG:colcon.colcon_core.package_identification:Package 'core/node1' with type 'ros.ament_python' and name 'node1'
[0.428s] Level 1:colcon.colcon_core.package_identification:_identify(core/node2) by extensions ['ignore', 'ignore_ament_install']
[0.429s] Level 1:colcon.colcon_core.package_identification:_identify(core/node2) by extension 'ignore'
[0.429s] Level 1:colcon.colcon_core.package_identification:_identify(core/node2) by extension 'ignore_ament_install'
[0.429s] Level 1:colcon.colcon_core.package_identification:_identify(core/node2) by extensions ['colcon_pkg']
[0.429s] Level 1:colcon.colcon_core.package_identification:_identify(core/node2) by extension 'colcon_pkg'
[0.429s] Level 1:colcon.colcon_core.package_identification:_identify(core/node2) by extensions ['colcon_meta']
[0.429s] Level 1:colcon.colcon_core.package_identification:_identify(core/node2) by extension 'colcon_meta'
[0.429s] Level 1:colcon.colcon_core.package_identification:_identify(core/node2) by extensions ['ros']
[0.429s] Level 1:colcon.colcon_core.package_identification:_identify(core/node2) by extension 'ros'
[0.429s] DEBUG:colcon.colcon_core.package_identification:Package 'core/node2' with type 'ros.ament_python' and name 'node2'
[0.429s] Level 1:colcon.colcon_core.package_identification:_identify(install) by extensions ['ignore', 'ignore_ament_install']
[0.430s] Level 1:colcon.colcon_core.package_identification:_identify(install) by extension 'ignore'
[0.430s] Level 1:colcon.colcon_core.package_identification:_identify(install) ignored
[0.430s] Level 1:colcon.colcon_core.package_identification:_identify(log) by extensions ['ignore', 'ignore_ament_install']
[0.430s] Level 1:colcon.colcon_core.package_identification:_identify(log) by extension 'ignore'
[0.430s] Level 1:colcon.colcon_core.package_identification:_identify(log) ignored
[0.430s] Level 1:colcon.colcon_core.package_discovery:discover_packages(recursive) using defaults
[0.430s] Level 1:colcon.colcon_core.package_discovery:discover_packages(ignore) discover
[0.430s] Level 1:colcon.colcon_core.package_discovery:discover_packages(ignore) using defaults
[0.430s] Level 1:colcon.colcon_core.package_discovery:discover_packages(path) discover
[0.430s] Level 1:colcon.colcon_core.package_discovery:discover_packages(path) using defaults
[0.450s] Level 1:colcon.colcon_core.package_discovery:discover_packages(prefix_path) check parameters
[0.451s] Level 1:colcon.colcon_core.package_discovery:discover_packages(prefix_path) discover
[0.453s] DEBUG:colcon.colcon_installed_package_information.package_discovery:Found 2 installed packages in /home/jinyicheng/auto_navigation/install
[0.453s] DEBUG:colcon.colcon_installed_package_information.package_discovery:Found 273 installed packages in /opt/ros/humble
[0.454s] Level 1:colcon.colcon_core.package_discovery:discover_packages(prefix_path) using defaults
[0.472s] Level 5:colcon.colcon_core.verb:set package 'node1' build argument 'cmake_args' from command line to 'None'
[0.472s] Level 5:colcon.colcon_core.verb:set package 'node1' build argument 'cmake_target' from command line to 'None'
[0.472s] Level 5:colcon.colcon_core.verb:set package 'node1' build argument 'cmake_target_skip_unavailable' from command line to 'False'
[0.472s] Level 5:colcon.colcon_core.verb:set package 'node1' build argument 'cmake_clean_cache' from command line to 'False'
[0.472s] Level 5:colcon.colcon_core.verb:set package 'node1' build argument 'cmake_clean_first' from command line to 'False'
[0.472s] Level 5:colcon.colcon_core.verb:set package 'node1' build argument 'cmake_force_configure' from command line to 'False'
[0.472s] Level 5:colcon.colcon_core.verb:set package 'node1' build argument 'ament_cmake_args' from command line to 'None'
[0.472s] Level 5:colcon.colcon_core.verb:set package 'node1' build argument 'catkin_cmake_args' from command line to 'None'
[0.472s] Level 5:colcon.colcon_core.verb:set package 'node1' build argument 'catkin_skip_building_tests' from command line to 'False'
[0.472s] DEBUG:colcon.colcon_core.verb:Building package 'node1' with the following arguments: {'ament_cmake_args': None, 'build_base': '/home/jinyicheng/auto_navigation/build/node1', 'catkin_cmake_args': None, 'catkin_skip_building_tests': False, 'cmake_args': None, 'cmake_clean_cache': False, 'cmake_clean_first': False, 'cmake_force_configure': False, 'cmake_target': None, 'cmake_target_skip_unavailable': False, 'install_base': '/home/jinyicheng/auto_navigation/install/node1', 'merge_install': False, 'path': '/home/jinyicheng/auto_navigation/core/node1', 'symlink_install': False, 'test_result_base': None}
[0.473s] Level 5:colcon.colcon_core.verb:set package 'node2' build argument 'cmake_args' from command line to 'None'
[0.473s] Level 5:colcon.colcon_core.verb:set package 'node2' build argument 'cmake_target' from command line to 'None'
[0.473s] Level 5:colcon.colcon_core.verb:set package 'node2' build argument 'cmake_target_skip_unavailable' from command line to 'False'
[0.473s] Level 5:colcon.colcon_core.verb:set package 'node2' build argument 'cmake_clean_cache' from command line to 'False'
[0.473s] Level 5:colcon.colcon_core.verb:set package 'node2' build argument 'cmake_clean_first' from command line to 'False'
[0.473s] Level 5:colcon.colcon_core.verb:set package 'node2' build argument 'cmake_force_configure' from command line to 'False'
[0.473s] Level 5:colcon.colcon_core.verb:set package 'node2' build argument 'ament_cmake_args' from command line to 'None'
[0.473s] Level 5:colcon.colcon_core.verb:set package 'node2' build argument 'catkin_cmake_args' from command line to 'None'
[0.473s] Level 5:colcon.colcon_core.verb:set package 'node2' build argument 'catkin_skip_building_tests' from command line to 'False'
[0.473s] DEBUG:colcon.colcon_core.verb:Building package 'node2' with the following arguments: {'ament_cmake_args': None, 'build_base': '/home/jinyicheng/auto_navigation/build/node2', 'catkin_cmake_args': None, 'catkin_skip_building_tests': False, 'cmake_args': None, 'cmake_clean_cache': False, 'cmake_clean_first': False, 'cmake_force_configure': False, 'cmake_target': None, 'cmake_target_skip_unavailable': False, 'install_base': '/home/jinyicheng/auto_navigation/install/node2', 'merge_install': False, 'path': '/home/jinyicheng/auto_navigation/core/node2', 'symlink_install': False, 'test_result_base': None}
[0.473s] INFO:colcon.colcon_core.executor:Executing jobs using 'parallel' executor
[0.474s] DEBUG:colcon.colcon_parallel_executor.executor.parallel:run_until_complete
[0.474s] INFO:colcon.colcon_ros.task.ament_python.build:Building ROS package in '/home/jinyicheng/auto_navigation/core/node1' with build type 'ament_python'
[0.474s] Level 1:colcon.colcon_core.shell:create_environment_hook('node1', 'ament_prefix_path')
[0.478s] INFO:colcon.colcon_core.plugin_system:Skipping extension 'colcon_core.shell.bat': Not used on non-Windows systems
[0.478s] INFO:colcon.colcon_core.shell:Creating environment hook '/home/jinyicheng/auto_navigation/install/node1/share/node1/hook/ament_prefix_path.ps1'
[0.478s] INFO:colcon.colcon_core.shell:Creating environment descriptor '/home/jinyicheng/auto_navigation/install/node1/share/node1/hook/ament_prefix_path.dsv'
[0.479s] INFO:colcon.colcon_core.shell:Creating environment hook '/home/jinyicheng/auto_navigation/install/node1/share/node1/hook/ament_prefix_path.sh'
[0.480s] INFO:colcon.colcon_core.shell:Skip shell extension 'powershell' for command environment: Not usable outside of PowerShell
[0.480s] DEBUG:colcon.colcon_core.shell:Skip shell extension 'dsv' for command environment
[0.482s] INFO:colcon.colcon_ros.task.ament_python.build:Building ROS package in '/home/jinyicheng/auto_navigation/core/node2' with build type 'ament_python'
[0.482s] Level 1:colcon.colcon_core.shell:create_environment_hook('node2', 'ament_prefix_path')
[0.482s] INFO:colcon.colcon_core.shell:Creating environment hook '/home/jinyicheng/auto_navigation/install/node2/share/node2/hook/ament_prefix_path.ps1'
[0.482s] INFO:colcon.colcon_core.shell:Creating environment descriptor '/home/jinyicheng/auto_navigation/install/node2/share/node2/hook/ament_prefix_path.dsv'
[0.483s] INFO:colcon.colcon_core.shell:Creating environment hook '/home/jinyicheng/auto_navigation/install/node2/share/node2/hook/ament_prefix_path.sh'
[0.483s] INFO:colcon.colcon_core.shell:Skip shell extension 'powershell' for command environment: Not usable outside of PowerShell
[0.483s] DEBUG:colcon.colcon_core.shell:Skip shell extension 'dsv' for command environment
[0.618s] INFO:colcon.colcon_core.task.python.build:Building Python package in '/home/jinyicheng/auto_navigation/core/node1'
[0.619s] INFO:colcon.colcon_core.shell:Skip shell extension 'powershell' for command environment: Not usable outside of PowerShell
[0.619s] DEBUG:colcon.colcon_core.shell:Skip shell extension 'dsv' for command environment
[0.749s] INFO:colcon.colcon_core.task.python.build:Building Python package in '/home/jinyicheng/auto_navigation/core/node2'
[0.749s] INFO:colcon.colcon_core.shell:Skip shell extension 'powershell' for command environment: Not usable outside of PowerShell
[0.749s] DEBUG:colcon.colcon_core.shell:Skip shell extension 'dsv' for command environment
[0.977s] DEBUG:colcon.colcon_core.event_handler.log_command:Invoking command in '/home/jinyicheng/auto_navigation/core/node1': PYTHONPATH=/home/jinyicheng/auto_navigation/build/node1/prefix_override:/usr/lib/python3/dist-packages/colcon_core/task/python/colcon_distutils_commands:/home/jinyicheng/auto_navigation/install/node1/lib/python3.10/site-packages:${PYTHONPATH} /usr/bin/python3 -W ignore:setup.py install is deprecated -W ignore:easy_install command is deprecated setup.py egg_info --egg-base ../../build/node1 build --build-base /home/jinyicheng/auto_navigation/build/node1/build install --record /home/jinyicheng/auto_navigation/build/node1/install.log --single-version-externally-managed install_data
[0.979s] DEBUG:colcon.colcon_core.event_handler.log_command:Invoking command in '/home/jinyicheng/auto_navigation/core/node2': PYTHONPATH=/home/jinyicheng/auto_navigation/build/node2/prefix_override:/usr/lib/python3/dist-packages/colcon_core/task/python/colcon_distutils_commands:/home/jinyicheng/auto_navigation/install/node2/lib/python3.10/site-packages:${PYTHONPATH} /usr/bin/python3 -W ignore:setup.py install is deprecated -W ignore:easy_install command is deprecated setup.py egg_info --egg-base ../../build/node2 build --build-base /home/jinyicheng/auto_navigation/build/node2/build install --record /home/jinyicheng/auto_navigation/build/node2/install.log --single-version-externally-managed install_data
[1.123s] DEBUG:colcon.colcon_core.event_handler.log_command:Invoked command in '/home/jinyicheng/auto_navigation/core/node1' returned '0': PYTHONPATH=/home/jinyicheng/auto_navigation/build/node1/prefix_override:/usr/lib/python3/dist-packages/colcon_core/task/python/colcon_distutils_commands:/home/jinyicheng/auto_navigation/install/node1/lib/python3.10/site-packages:${PYTHONPATH} /usr/bin/python3 -W ignore:setup.py install is deprecated -W ignore:easy_install command is deprecated setup.py egg_info --egg-base ../../build/node1 build --build-base /home/jinyicheng/auto_navigation/build/node1/build install --record /home/jinyicheng/auto_navigation/build/node1/install.log --single-version-externally-managed install_data
[1.127s] Level 1:colcon.colcon_core.environment:checking '/home/jinyicheng/auto_navigation/install/node1' for CMake module files
[1.127s] Level 1:colcon.colcon_core.environment:checking '/home/jinyicheng/auto_navigation/install/node1' for CMake config files
[1.128s] Level 1:colcon.colcon_core.environment:checking '/home/jinyicheng/auto_navigation/install/node1/lib'
[1.128s] Level 1:colcon.colcon_core.environment:checking '/home/jinyicheng/auto_navigation/install/node1/bin'
[1.128s] Level 1:colcon.colcon_core.environment:checking '/home/jinyicheng/auto_navigation/install/node1/lib/pkgconfig/node1.pc'
[1.128s] Level 1:colcon.colcon_core.environment:checking '/home/jinyicheng/auto_navigation/install/node1/lib/python3.10/site-packages'
[1.128s] Level 1:colcon.colcon_core.shell:create_environment_hook('node1', 'pythonpath')
[1.128s] INFO:colcon.colcon_core.shell:Creating environment hook '/home/jinyicheng/auto_navigation/install/node1/share/node1/hook/pythonpath.ps1'
[1.128s] INFO:colcon.colcon_core.shell:Creating environment descriptor '/home/jinyicheng/auto_navigation/install/node1/share/node1/hook/pythonpath.dsv'
[1.129s] INFO:colcon.colcon_core.shell:Creating environment hook '/home/jinyicheng/auto_navigation/install/node1/share/node1/hook/pythonpath.sh'
[1.129s] Level 1:colcon.colcon_core.environment:checking '/home/jinyicheng/auto_navigation/install/node1/bin'
[1.129s] Level 1:colcon.colcon_core.environment:create_environment_scripts_only(node1)
[1.129s] INFO:colcon.colcon_core.shell:Creating package script '/home/jinyicheng/auto_navigation/install/node1/share/node1/package.ps1'
[1.130s] INFO:colcon.colcon_core.shell:Creating package descriptor '/home/jinyicheng/auto_navigation/install/node1/share/node1/package.dsv'
[1.130s] INFO:colcon.colcon_core.shell:Creating package script '/home/jinyicheng/auto_navigation/install/node1/share/node1/package.sh'
[1.131s] INFO:colcon.colcon_core.shell:Creating package script '/home/jinyicheng/auto_navigation/install/node1/share/node1/package.bash'
[1.131s] INFO:colcon.colcon_core.shell:Creating package script '/home/jinyicheng/auto_navigation/install/node1/share/node1/package.zsh'
[1.132s] Level 1:colcon.colcon_core.environment:create_file_with_runtime_dependencies(/home/jinyicheng/auto_navigation/install/node1/share/colcon-core/packages/node1)
[1.133s] Level 1:colcon.colcon_core.environment:checking '/home/jinyicheng/auto_navigation/install/node2' for CMake module files
[1.133s] Level 1:colcon.colcon_core.environment:checking '/home/jinyicheng/auto_navigation/install/node2' for CMake config files
[1.134s] DEBUG:colcon.colcon_core.event_handler.log_command:Invoked command in '/home/jinyicheng/auto_navigation/core/node2' returned '0': PYTHONPATH=/home/jinyicheng/auto_navigation/build/node2/prefix_override:/usr/lib/python3/dist-packages/colcon_core/task/python/colcon_distutils_commands:/home/jinyicheng/auto_navigation/install/node2/lib/python3.10/site-packages:${PYTHONPATH} /usr/bin/python3 -W ignore:setup.py install is deprecated -W ignore:easy_install command is deprecated setup.py egg_info --egg-base ../../build/node2 build --build-base /home/jinyicheng/auto_navigation/build/node2/build install --record /home/jinyicheng/auto_navigation/build/node2/install.log --single-version-externally-managed install_data
[1.134s] Level 1:colcon.colcon_core.environment:checking '/home/jinyicheng/auto_navigation/install/node2/lib'
[1.134s] Level 1:colcon.colcon_core.environment:checking '/home/jinyicheng/auto_navigation/install/node2/bin'
[1.134s] Level 1:colcon.colcon_core.environment:checking '/home/jinyicheng/auto_navigation/install/node2/lib/pkgconfig/node2.pc'
[1.134s] Level 1:colcon.colcon_core.environment:checking '/home/jinyicheng/auto_navigation/install/node2/lib/python3.10/site-packages'
[1.134s] Level 1:colcon.colcon_core.shell:create_environment_hook('node2', 'pythonpath')
[1.134s] INFO:colcon.colcon_core.shell:Creating environment hook '/home/jinyicheng/auto_navigation/install/node2/share/node2/hook/pythonpath.ps1'
[1.135s] INFO:colcon.colcon_core.shell:Creating environment descriptor '/home/jinyicheng/auto_navigation/install/node2/share/node2/hook/pythonpath.dsv'
[1.135s] INFO:colcon.colcon_core.shell:Creating environment hook '/home/jinyicheng/auto_navigation/install/node2/share/node2/hook/pythonpath.sh'
[1.135s] Level 1:colcon.colcon_core.environment:checking '/home/jinyicheng/auto_navigation/install/node2/bin'
[1.135s] Level 1:colcon.colcon_core.environment:create_environment_scripts_only(node2)
[1.135s] INFO:colcon.colcon_core.shell:Creating package script '/home/jinyicheng/auto_navigation/install/node2/share/node2/package.ps1'
[1.135s] INFO:colcon.colcon_core.shell:Creating package descriptor '/home/jinyicheng/auto_navigation/install/node2/share/node2/package.dsv'
[1.136s] INFO:colcon.colcon_core.shell:Creating package script '/home/jinyicheng/auto_navigation/install/node2/share/node2/package.sh'
[1.136s] INFO:colcon.colcon_core.shell:Creating package script '/home/jinyicheng/auto_navigation/install/node2/share/node2/package.bash'
[1.136s] INFO:colcon.colcon_core.shell:Creating package script '/home/jinyicheng/auto_navigation/install/node2/share/node2/package.zsh'
[1.136s] Level 1:colcon.colcon_core.environment:create_file_with_runtime_dependencies(/home/jinyicheng/auto_navigation/install/node2/share/colcon-core/packages/node2)
[1.136s] DEBUG:colcon.colcon_parallel_executor.executor.parallel:closing loop
[1.137s] DEBUG:colcon.colcon_parallel_executor.executor.parallel:loop closed
[1.137s] DEBUG:colcon.colcon_parallel_executor.executor.parallel:run_until_complete finished with '0'
[1.137s] DEBUG:colcon.colcon_core.event_reactor:joining thread
[1.201s] INFO:colcon.colcon_core.plugin_system:Skipping extension 'colcon_notification.desktop_notification.notify_send': Could not find 'notify-send'
[1.201s] INFO:colcon.colcon_core.plugin_system:Skipping extension 'colcon_notification.desktop_notification.terminal_notifier': Not used on non-Darwin systems
[1.201s] INFO:colcon.colcon_core.plugin_system:Skipping extension 'colcon_notification.desktop_notification.win32': Not used on non-Windows systems
[1.202s] INFO:colcon.colcon_notification.desktop_notification:Sending desktop notification using 'notify2'
[1.203s] DEBUG:colcon.colcon_notification.desktop_notification.notify2:Failed to initialize notify2: org.freedesktop.DBus.Error.ServiceUnknown: The name org.freedesktop.Notifications was not provided by any .service files
[1.203s] DEBUG:colcon.colcon_core.event_reactor:joined thread
[1.203s] INFO:colcon.colcon_core.shell:Creating prefix script '/home/jinyicheng/auto_navigation/install/local_setup.ps1'
[1.204s] INFO:colcon.colcon_core.shell:Creating prefix util module '/home/jinyicheng/auto_navigation/install/_local_setup_util_ps1.py'
[1.205s] INFO:colcon.colcon_core.shell:Creating prefix chain script '/home/jinyicheng/auto_navigation/install/setup.ps1'
[1.205s] INFO:colcon.colcon_core.shell:Creating prefix script '/home/jinyicheng/auto_navigation/install/local_setup.sh'
[1.206s] INFO:colcon.colcon_core.shell:Creating prefix util module '/home/jinyicheng/auto_navigation/install/_local_setup_util_sh.py'
[1.206s] INFO:colcon.colcon_core.shell:Creating prefix chain script '/home/jinyicheng/auto_navigation/install/setup.sh'
[1.207s] INFO:colcon.colcon_core.shell:Creating prefix script '/home/jinyicheng/auto_navigation/install/local_setup.bash'
[1.207s] INFO:colcon.colcon_core.shell:Creating prefix chain script '/home/jinyicheng/auto_navigation/install/setup.bash'
[1.208s] INFO:colcon.colcon_core.shell:Creating prefix script '/home/jinyicheng/auto_navigation/install/local_setup.zsh'
[1.208s] INFO:colcon.colcon_core.shell:Creating prefix chain script '/home/jinyicheng/auto_navigation/install/setup.zsh'
