[0.072s] Invoking command in '/home/jinyicheng/auto_navigation/build/status_sub_and_disp': CMAKE_PREFIX_PATH=/home/jinyicheng/auto_navigation/install/status_interface:/home/jinyicheng/auto_navigation/install/status_sub_and_disp:/home/jinyicheng/auto_navigation/install/status_publisher:/home/jinyicheng/auto_navigation/install/node2:/home/jinyicheng/auto_navigation/install/node1:/opt/ros/humble /usr/bin/cmake --build /home/jinyicheng/auto_navigation/build/status_sub_and_disp -- -j20 -l20
[0.098s] [35m[1mConsolidate compiler generated dependencies of target sys_status_disp[0m
[0.102s] [ 50%] Built target hello_qt
[0.107s] [ 75%] [32mBuilding CXX object CMakeFiles/sys_status_disp.dir/src/sys_status_disp.cpp.o[0m
[2.001s] [01m[K/home/jinyicheng/auto_navigation/core/status_sub_and_disp/src/sys_status_disp.cpp:[m[K In constructor ‘[01m[KDispString::DispString()[m[K’:
[2.001s] [01m[K/home/jinyicheng/auto_navigation/core/status_sub_and_disp/src/sys_status_disp.cpp:28:77:[m[K [01;31m[Kerror: [m[Kcannot convert ‘[01m[Kstd::shared_ptr<status_interface::msg::SystemStatus_<std::allocator<void> > >[m[K’ to ‘[01m[Kconst string&[m[K’ {aka ‘[01m[Kconst std::__cxx11::basic_string<char>&[m[K’}
[2.001s]    28 |             label->setText(QString::fromStdString([01;31m[Kstd::make_shared<whatever>()[m[K));
[2.001s]       |                                                   [01;31m[K~~~~~~~~~~~~~~~~~~~~~~~~~~^~[m[K
[2.001s]       |                                                                             [01;31m[K|[m[K
[2.001s]       |                                                                             [01;31m[Kstd::shared_ptr<status_interface::msg::SystemStatus_<std::allocator<void> > >[m[K
[2.001s] In file included from [01m[K/usr/include/x86_64-linux-gnu/qt5/QtCore/qcoreapplication.h:44[m[K,
[2.001s]                  from [01m[K/usr/include/x86_64-linux-gnu/qt5/QtWidgets/qapplication.h:44[m[K,
[2.001s]                  from [01m[K/usr/include/x86_64-linux-gnu/qt5/QtWidgets/QApplication:1[m[K,
[2.001s]                  from [01m[K/home/jinyicheng/auto_navigation/core/status_sub_and_disp/src/sys_status_disp.cpp:1[m[K:
[2.001s] [01m[K/usr/include/x86_64-linux-gnu/qt5/QtCore/qstring.h:1555:58:[m[K [01;36m[Knote: [m[K  initializing argument 1 of ‘[01m[Kstatic QString QString::fromStdString(const string&)[m[K’
[2.001s]  1555 | inline QString QString::fromStdString([01;36m[Kconst std::string &s[m[K)
[2.001s]       |                                       [01;36m[K~~~~~~~~~~~~~~~~~~~^[m[K
[3.364s] gmake[2]: *** [CMakeFiles/sys_status_disp.dir/build.make:76: CMakeFiles/sys_status_disp.dir/src/sys_status_disp.cpp.o] Error 1
[3.365s] gmake[1]: *** [CMakeFiles/Makefile2:165: CMakeFiles/sys_status_disp.dir/all] Error 2
[3.365s] gmake: *** [Makefile:146: all] Error 2
[3.366s] Invoked command in '/home/jinyicheng/auto_navigation/build/status_sub_and_disp' returned '2': CMAKE_PREFIX_PATH=/home/jinyicheng/auto_navigation/install/status_interface:/home/jinyicheng/auto_navigation/install/status_sub_and_disp:/home/jinyicheng/auto_navigation/install/status_publisher:/home/jinyicheng/auto_navigation/install/node2:/home/jinyicheng/auto_navigation/install/node1:/opt/ros/humble /usr/bin/cmake --build /home/jinyicheng/auto_navigation/build/status_sub_and_disp -- -j20 -l20
