[0.823s] Invoking command in '/home/jinyicheng/auto_navigation/core/demo_python_tf': PYTHONPATH=/home/jinyicheng/auto_navigation/build/demo_python_tf/prefix_override:/usr/lib/python3/dist-packages/colcon_core/task/python/colcon_distutils_commands:/home/jinyicheng/auto_navigation/install/demo_python_tf/lib/python3.10/site-packages:${PYTHONPATH} /usr/bin/python3 -W ignore:setup.py install is deprecated -W ignore:easy_install command is deprecated setup.py egg_info --egg-base ../../build/demo_python_tf build --build-base /home/jinyicheng/auto_navigation/build/demo_python_tf/build install --record /home/jinyicheng/auto_navigation/build/demo_python_tf/install.log --single-version-externally-managed install_data
[0.965s] running egg_info
[0.966s] writing ../../build/demo_python_tf/demo_python_tf.egg-info/PKG-INFO
[0.968s] writing dependency_links to ../../build/demo_python_tf/demo_python_tf.egg-info/dependency_links.txt
[0.968s] writing entry points to ../../build/demo_python_tf/demo_python_tf.egg-info/entry_points.txt
[0.968s] writing requirements to ../../build/demo_python_tf/demo_python_tf.egg-info/requires.txt
[0.968s] writing top-level names to ../../build/demo_python_tf/demo_python_tf.egg-info/top_level.txt
[0.969s] reading manifest file '../../build/demo_python_tf/demo_python_tf.egg-info/SOURCES.txt'
[0.969s] adding license file 'LICENSE'
[0.969s] writing manifest file '../../build/demo_python_tf/demo_python_tf.egg-info/SOURCES.txt'
[0.969s] running build
[0.969s] running build_py
[0.970s] copying demo_python_tf/tf_listener.py -> /home/jinyicheng/auto_navigation/build/demo_python_tf/build/lib/demo_python_tf
[0.970s] running install
[0.971s] running install_lib
[0.971s] copying /home/jinyicheng/auto_navigation/build/demo_python_tf/build/lib/demo_python_tf/tf_listener.py -> /home/jinyicheng/auto_navigation/install/demo_python_tf/lib/python3.10/site-packages/demo_python_tf
[0.971s] byte-compiling /home/jinyicheng/auto_navigation/install/demo_python_tf/lib/python3.10/site-packages/demo_python_tf/tf_listener.py to tf_listener.cpython-310.pyc
[0.971s] running install_data
[0.971s] running install_egg_info
[0.971s] removing '/home/jinyicheng/auto_navigation/install/demo_python_tf/lib/python3.10/site-packages/demo_python_tf-0.0.0-py3.10.egg-info' (and everything under it)
[0.972s] Copying ../../build/demo_python_tf/demo_python_tf.egg-info to /home/jinyicheng/auto_navigation/install/demo_python_tf/lib/python3.10/site-packages/demo_python_tf-0.0.0-py3.10.egg-info
[0.972s] running install_scripts
[0.973s] Installing dynamic_tf_broadcaster script to /home/jinyicheng/auto_navigation/install/demo_python_tf/lib/demo_python_tf
[0.973s] Installing static_tf_broadcaster script to /home/jinyicheng/auto_navigation/install/demo_python_tf/lib/demo_python_tf
[0.974s] Installing tf_listener script to /home/jinyicheng/auto_navigation/install/demo_python_tf/lib/demo_python_tf
[0.974s] writing list of installed files to '/home/jinyicheng/auto_navigation/build/demo_python_tf/install.log'
[0.989s] Invoked command in '/home/jinyicheng/auto_navigation/core/demo_python_tf' returned '0': PYTHONPATH=/home/jinyicheng/auto_navigation/build/demo_python_tf/prefix_override:/usr/lib/python3/dist-packages/colcon_core/task/python/colcon_distutils_commands:/home/jinyicheng/auto_navigation/install/demo_python_tf/lib/python3.10/site-packages:${PYTHONPATH} /usr/bin/python3 -W ignore:setup.py install is deprecated -W ignore:easy_install command is deprecated setup.py egg_info --egg-base ../../build/demo_python_tf build --build-base /home/jinyicheng/auto_navigation/build/demo_python_tf/build install --record /home/jinyicheng/auto_navigation/build/demo_python_tf/install.log --single-version-externally-managed install_data
