[0.947s] Invoking command in '/home/jinyicheng/auto_navigation/core/node1': PYTHONPATH=/home/jinyicheng/auto_navigation/build/node1/prefix_override:/usr/lib/python3/dist-packages/colcon_core/task/python/colcon_distutils_commands:/home/jinyicheng/auto_navigation/install/node1/lib/python3.10/site-packages:${PYTHONPATH} /usr/bin/python3 -W ignore:setup.py install is deprecated -W ignore:easy_install command is deprecated setup.py egg_info --egg-base ../../build/node1 build --build-base /home/jinyicheng/auto_navigation/build/node1/build install --record /home/jinyicheng/auto_navigation/build/node1/install.log --single-version-externally-managed install_data
[1.065s] running egg_info
[1.066s] writing ../../build/node1/node1.egg-info/PKG-INFO
[1.066s] writing dependency_links to ../../build/node1/node1.egg-info/dependency_links.txt
[1.066s] writing entry points to ../../build/node1/node1.egg-info/entry_points.txt
[1.066s] writing requirements to ../../build/node1/node1.egg-info/requires.txt
[1.066s] writing top-level names to ../../build/node1/node1.egg-info/top_level.txt
[1.067s] reading manifest file '../../build/node1/node1.egg-info/SOURCES.txt'
[1.068s] writing manifest file '../../build/node1/node1.egg-info/SOURCES.txt'
[1.068s] running build
[1.068s] running build_py
[1.069s] running install
[1.070s] running install_lib
[1.070s] running install_data
[1.070s] running install_egg_info
[1.071s] removing '/home/jinyicheng/auto_navigation/install/node1/lib/python3.10/site-packages/node1-0.0.0-py3.10.egg-info' (and everything under it)
[1.072s] Copying ../../build/node1/node1.egg-info to /home/jinyicheng/auto_navigation/install/node1/lib/python3.10/site-packages/node1-0.0.0-py3.10.egg-info
[1.072s] running install_scripts
[1.085s] Installing process1 script to /home/jinyicheng/auto_navigation/install/node1/lib/node1
[1.085s] Installing process_download_novel script to /home/jinyicheng/auto_navigation/install/node1/lib/node1
[1.085s] Installing process_learn_thread script to /home/jinyicheng/auto_navigation/install/node1/lib/node1
[1.085s] writing list of installed files to '/home/jinyicheng/auto_navigation/build/node1/install.log'
[1.103s] Invoked command in '/home/jinyicheng/auto_navigation/core/node1' returned '0': PYTHONPATH=/home/jinyicheng/auto_navigation/build/node1/prefix_override:/usr/lib/python3/dist-packages/colcon_core/task/python/colcon_distutils_commands:/home/jinyicheng/auto_navigation/install/node1/lib/python3.10/site-packages:${PYTHONPATH} /usr/bin/python3 -W ignore:setup.py install is deprecated -W ignore:easy_install command is deprecated setup.py egg_info --egg-base ../../build/node1 build --build-base /home/jinyicheng/auto_navigation/build/node1/build install --record /home/jinyicheng/auto_navigation/build/node1/install.log --single-version-externally-managed install_data
