[0.015s] Invoking command in '/home/jinyicheng/auto_navigation/build/status_interface': CMAKE_PREFIX_PATH=${CMAKE_PREFIX_PATH}:/home/jinyicheng/auto_navigation/install/status_publisher:/home/jinyicheng/auto_navigation/install/node2:/home/jinyicheng/auto_navigation/install/node1:/opt/ros/humble /usr/bin/cmake --build /home/jinyicheng/auto_navigation/build/status_interface -- -j20 -l20
[0.172s] [  6%] Built target status_interface__rs
[0.172s] [  6%] Built target status_interface__cpp
[0.172s] [ 15%] Built target status_interface__rosidl_generator_c
[0.172s] [ 15%] Built target ament_cmake_python_copy_status_interface
[0.172s] [ 34%] Built target status_interface__rosidl_typesupport_fastrtps_cpp
[0.172s] [ 34%] Built target status_interface__rosidl_typesupport_introspection_cpp
[0.173s] [ 43%] Built target status_interface__rosidl_typesupport_cpp
[0.173s] [ 71%] Built target status_interface__rosidl_typesupport_c
[0.173s] [ 71%] Built target status_interface__rosidl_typesupport_fastrtps_c
[0.173s] [ 71%] Built target status_interface__rosidl_typesupport_introspection_c
[0.173s] [ 71%] Built target status_interface
[0.173s] [ 75%] Built target status_interface__py
[0.173s] [ 81%] Built target status_interface__rosidl_generator_py
[0.174s] [ 93%] Built target status_interface__rosidl_typesupport_introspection_c__pyext
[0.174s] [ 93%] Built target status_interface__rosidl_typesupport_c__pyext
[0.174s] [100%] Built target status_interface__rosidl_typesupport_fastrtps_c__pyext
[0.248s] running egg_info
[0.249s] writing status_interface.egg-info/PKG-INFO
[0.249s] writing dependency_links to status_interface.egg-info/dependency_links.txt
[0.249s] writing top-level names to status_interface.egg-info/top_level.txt
[0.251s] reading manifest file 'status_interface.egg-info/SOURCES.txt'
[0.251s] writing manifest file 'status_interface.egg-info/SOURCES.txt'
[0.265s] [100%] Built target ament_cmake_python_build_status_interface_egg
[0.325s] Invoked command in '/home/jinyicheng/auto_navigation/build/status_interface' returned '0': CMAKE_PREFIX_PATH=${CMAKE_PREFIX_PATH}:/home/jinyicheng/auto_navigation/install/status_publisher:/home/jinyicheng/auto_navigation/install/node2:/home/jinyicheng/auto_navigation/install/node1:/opt/ros/humble /usr/bin/cmake --build /home/jinyicheng/auto_navigation/build/status_interface -- -j20 -l20
[0.333s] Invoking command in '/home/jinyicheng/auto_navigation/build/status_interface': CMAKE_PREFIX_PATH=${CMAKE_PREFIX_PATH}:/home/jinyicheng/auto_navigation/install/status_publisher:/home/jinyicheng/auto_navigation/install/node2:/home/jinyicheng/auto_navigation/install/node1:/opt/ros/humble /usr/bin/cmake --install /home/jinyicheng/auto_navigation/build/status_interface
[0.340s] -- Install configuration: ""
[0.340s] -- Up-to-date: /home/jinyicheng/auto_navigation/install/status_interface/share/ament_index/resource_index/rosidl_interfaces/status_interface
[0.341s] -- Up-to-date: /home/jinyicheng/auto_navigation/install/status_interface/include/status_interface/status_interface
[0.341s] -- Up-to-date: /home/jinyicheng/auto_navigation/install/status_interface/include/status_interface/status_interface/msg
[0.341s] -- Up-to-date: /home/jinyicheng/auto_navigation/install/status_interface/include/status_interface/status_interface/msg/system_status.h
[0.341s] -- Up-to-date: /home/jinyicheng/auto_navigation/install/status_interface/include/status_interface/status_interface/msg/rosidl_generator_c__visibility_control.h
[0.341s] -- Up-to-date: /home/jinyicheng/auto_navigation/install/status_interface/include/status_interface/status_interface/msg/detail
[0.341s] -- Up-to-date: /home/jinyicheng/auto_navigation/install/status_interface/include/status_interface/status_interface/msg/detail/system_status__functions.h
[0.341s] -- Up-to-date: /home/jinyicheng/auto_navigation/install/status_interface/include/status_interface/status_interface/msg/detail/system_status__functions.c
[0.342s] -- Up-to-date: /home/jinyicheng/auto_navigation/install/status_interface/include/status_interface/status_interface/msg/detail/system_status__type_support.h
[0.342s] -- Up-to-date: /home/jinyicheng/auto_navigation/install/status_interface/include/status_interface/status_interface/msg/detail/system_status__struct.h
[0.342s] -- Up-to-date: /home/jinyicheng/auto_navigation/install/status_interface/share/status_interface/environment/library_path.sh
[0.342s] -- Up-to-date: /home/jinyicheng/auto_navigation/install/status_interface/share/status_interface/environment/library_path.dsv
[0.342s] -- Up-to-date: /home/jinyicheng/auto_navigation/install/status_interface/lib/libstatus_interface__rosidl_generator_c.so
[0.342s] -- Up-to-date: /home/jinyicheng/auto_navigation/install/status_interface/include/status_interface/status_interface
[0.342s] -- Up-to-date: /home/jinyicheng/auto_navigation/install/status_interface/include/status_interface/status_interface/msg
[0.342s] -- Up-to-date: /home/jinyicheng/auto_navigation/install/status_interface/include/status_interface/status_interface/msg/rosidl_typesupport_fastrtps_c__visibility_control.h
[0.342s] -- Up-to-date: /home/jinyicheng/auto_navigation/install/status_interface/include/status_interface/status_interface/msg/detail
[0.342s] -- Up-to-date: /home/jinyicheng/auto_navigation/install/status_interface/include/status_interface/status_interface/msg/detail/system_status__rosidl_typesupport_fastrtps_c.h
[0.343s] -- Up-to-date: /home/jinyicheng/auto_navigation/install/status_interface/lib/libstatus_interface__rosidl_typesupport_fastrtps_c.so
[0.343s] -- Up-to-date: /home/jinyicheng/auto_navigation/install/status_interface/include/status_interface/status_interface
[0.343s] -- Up-to-date: /home/jinyicheng/auto_navigation/install/status_interface/include/status_interface/status_interface/msg
[0.343s] -- Up-to-date: /home/jinyicheng/auto_navigation/install/status_interface/include/status_interface/status_interface/msg/rosidl_generator_cpp__visibility_control.hpp
[0.343s] -- Up-to-date: /home/jinyicheng/auto_navigation/install/status_interface/include/status_interface/status_interface/msg/system_status.hpp
[0.343s] -- Up-to-date: /home/jinyicheng/auto_navigation/install/status_interface/include/status_interface/status_interface/msg/detail
[0.343s] -- Up-to-date: /home/jinyicheng/auto_navigation/install/status_interface/include/status_interface/status_interface/msg/detail/system_status__traits.hpp
[0.343s] -- Up-to-date: /home/jinyicheng/auto_navigation/install/status_interface/include/status_interface/status_interface/msg/detail/system_status__builder.hpp
[0.343s] -- Up-to-date: /home/jinyicheng/auto_navigation/install/status_interface/include/status_interface/status_interface/msg/detail/system_status__type_support.hpp
[0.343s] -- Up-to-date: /home/jinyicheng/auto_navigation/install/status_interface/include/status_interface/status_interface/msg/detail/system_status__struct.hpp
[0.343s] -- Up-to-date: /home/jinyicheng/auto_navigation/install/status_interface/include/status_interface/status_interface
[0.344s] -- Up-to-date: /home/jinyicheng/auto_navigation/install/status_interface/include/status_interface/status_interface/msg
[0.344s] -- Up-to-date: /home/jinyicheng/auto_navigation/install/status_interface/include/status_interface/status_interface/msg/rosidl_typesupport_fastrtps_cpp__visibility_control.h
[0.344s] -- Up-to-date: /home/jinyicheng/auto_navigation/install/status_interface/include/status_interface/status_interface/msg/detail
[0.344s] -- Up-to-date: /home/jinyicheng/auto_navigation/install/status_interface/include/status_interface/status_interface/msg/detail/system_status__rosidl_typesupport_fastrtps_cpp.hpp
[0.344s] -- Up-to-date: /home/jinyicheng/auto_navigation/install/status_interface/include/status_interface/status_interface/msg/detail/dds_fastrtps
[0.344s] -- Up-to-date: /home/jinyicheng/auto_navigation/install/status_interface/lib/libstatus_interface__rosidl_typesupport_fastrtps_cpp.so
[0.344s] -- Up-to-date: /home/jinyicheng/auto_navigation/install/status_interface/include/status_interface/status_interface
[0.344s] -- Up-to-date: /home/jinyicheng/auto_navigation/install/status_interface/include/status_interface/status_interface/msg
[0.344s] -- Up-to-date: /home/jinyicheng/auto_navigation/install/status_interface/include/status_interface/status_interface/msg/rosidl_typesupport_introspection_c__visibility_control.h
[0.344s] -- Up-to-date: /home/jinyicheng/auto_navigation/install/status_interface/include/status_interface/status_interface/msg/detail
[0.344s] -- Up-to-date: /home/jinyicheng/auto_navigation/install/status_interface/include/status_interface/status_interface/msg/detail/system_status__rosidl_typesupport_introspection_c.h
[0.344s] -- Up-to-date: /home/jinyicheng/auto_navigation/install/status_interface/include/status_interface/status_interface/msg/detail/system_status__type_support.c
[0.344s] -- Up-to-date: /home/jinyicheng/auto_navigation/install/status_interface/lib/libstatus_interface__rosidl_typesupport_introspection_c.so
[0.344s] -- Up-to-date: /home/jinyicheng/auto_navigation/install/status_interface/lib/libstatus_interface__rosidl_typesupport_c.so
[0.344s] -- Up-to-date: /home/jinyicheng/auto_navigation/install/status_interface/include/status_interface/status_interface
[0.344s] -- Up-to-date: /home/jinyicheng/auto_navigation/install/status_interface/include/status_interface/status_interface/msg
[0.344s] -- Up-to-date: /home/jinyicheng/auto_navigation/install/status_interface/include/status_interface/status_interface/msg/detail
[0.344s] -- Up-to-date: /home/jinyicheng/auto_navigation/install/status_interface/include/status_interface/status_interface/msg/detail/system_status__rosidl_typesupport_introspection_cpp.hpp
[0.344s] -- Up-to-date: /home/jinyicheng/auto_navigation/install/status_interface/include/status_interface/status_interface/msg/detail/system_status__type_support.cpp
[0.345s] -- Up-to-date: /home/jinyicheng/auto_navigation/install/status_interface/lib/libstatus_interface__rosidl_typesupport_introspection_cpp.so
[0.345s] -- Up-to-date: /home/jinyicheng/auto_navigation/install/status_interface/lib/libstatus_interface__rosidl_typesupport_cpp.so
[0.345s] -- Up-to-date: /home/jinyicheng/auto_navigation/install/status_interface/share/status_interface/environment/pythonpath.sh
[0.345s] -- Up-to-date: /home/jinyicheng/auto_navigation/install/status_interface/share/status_interface/environment/pythonpath.dsv
[0.345s] -- Up-to-date: /home/jinyicheng/auto_navigation/install/status_interface/local/lib/python3.10/dist-packages/status_interface-0.0.0-py3.10.egg-info
[0.345s] -- Installing: /home/jinyicheng/auto_navigation/install/status_interface/local/lib/python3.10/dist-packages/status_interface-0.0.0-py3.10.egg-info/top_level.txt
[0.345s] -- Installing: /home/jinyicheng/auto_navigation/install/status_interface/local/lib/python3.10/dist-packages/status_interface-0.0.0-py3.10.egg-info/dependency_links.txt
[0.345s] -- Installing: /home/jinyicheng/auto_navigation/install/status_interface/local/lib/python3.10/dist-packages/status_interface-0.0.0-py3.10.egg-info/SOURCES.txt
[0.345s] -- Installing: /home/jinyicheng/auto_navigation/install/status_interface/local/lib/python3.10/dist-packages/status_interface-0.0.0-py3.10.egg-info/PKG-INFO
[0.345s] -- Up-to-date: /home/jinyicheng/auto_navigation/install/status_interface/local/lib/python3.10/dist-packages/status_interface
[0.345s] -- Up-to-date: /home/jinyicheng/auto_navigation/install/status_interface/local/lib/python3.10/dist-packages/status_interface/status_interface_s__rosidl_typesupport_fastrtps_c.cpython-310-x86_64-linux-gnu.so
[0.345s] -- Up-to-date: /home/jinyicheng/auto_navigation/install/status_interface/local/lib/python3.10/dist-packages/status_interface/_status_interface_s.ep.rosidl_typesupport_introspection_c.c
[0.345s] -- Up-to-date: /home/jinyicheng/auto_navigation/install/status_interface/local/lib/python3.10/dist-packages/status_interface/msg
[0.345s] -- Up-to-date: /home/jinyicheng/auto_navigation/install/status_interface/local/lib/python3.10/dist-packages/status_interface/msg/_system_status_s.c
[0.345s] -- Up-to-date: /home/jinyicheng/auto_navigation/install/status_interface/local/lib/python3.10/dist-packages/status_interface/msg/_system_status.py
[0.345s] -- Up-to-date: /home/jinyicheng/auto_navigation/install/status_interface/local/lib/python3.10/dist-packages/status_interface/msg/__init__.py
[0.345s] -- Up-to-date: /home/jinyicheng/auto_navigation/install/status_interface/local/lib/python3.10/dist-packages/status_interface/_status_interface_s.ep.rosidl_typesupport_c.c
[0.345s] -- Up-to-date: /home/jinyicheng/auto_navigation/install/status_interface/local/lib/python3.10/dist-packages/status_interface/_status_interface_s.ep.rosidl_typesupport_fastrtps_c.c
[0.345s] -- Up-to-date: /home/jinyicheng/auto_navigation/install/status_interface/local/lib/python3.10/dist-packages/status_interface/status_interface_s__rosidl_typesupport_introspection_c.cpython-310-x86_64-linux-gnu.so
[0.345s] -- Up-to-date: /home/jinyicheng/auto_navigation/install/status_interface/local/lib/python3.10/dist-packages/status_interface/libstatus_interface__rosidl_generator_py.so
[0.345s] -- Up-to-date: /home/jinyicheng/auto_navigation/install/status_interface/local/lib/python3.10/dist-packages/status_interface/__init__.py
[0.345s] -- Up-to-date: /home/jinyicheng/auto_navigation/install/status_interface/local/lib/python3.10/dist-packages/status_interface/status_interface_s__rosidl_typesupport_c.cpython-310-x86_64-linux-gnu.so
[0.363s] Listing '/home/jinyicheng/auto_navigation/install/status_interface/local/lib/python3.10/dist-packages/status_interface'...
[0.363s] Listing '/home/jinyicheng/auto_navigation/install/status_interface/local/lib/python3.10/dist-packages/status_interface/msg'...
[0.365s] -- Up-to-date: /home/jinyicheng/auto_navigation/install/status_interface/local/lib/python3.10/dist-packages/status_interface/status_interface_s__rosidl_typesupport_fastrtps_c.cpython-310-x86_64-linux-gnu.so
[0.365s] -- Up-to-date: /home/jinyicheng/auto_navigation/install/status_interface/local/lib/python3.10/dist-packages/status_interface/status_interface_s__rosidl_typesupport_introspection_c.cpython-310-x86_64-linux-gnu.so
[0.366s] -- Up-to-date: /home/jinyicheng/auto_navigation/install/status_interface/local/lib/python3.10/dist-packages/status_interface/status_interface_s__rosidl_typesupport_c.cpython-310-x86_64-linux-gnu.so
[0.366s] -- Up-to-date: /home/jinyicheng/auto_navigation/install/status_interface/lib/libstatus_interface__rosidl_generator_py.so
[0.366s] -- Up-to-date: /home/jinyicheng/auto_navigation/install/status_interface/share/ament_index/resource_index/rust_packages/status_interface
[0.366s] -- Up-to-date: /home/jinyicheng/auto_navigation/install/status_interface/share/status_interface/rust
[0.366s] -- Up-to-date: /home/jinyicheng/auto_navigation/install/status_interface/share/status_interface/rust/src
[0.366s] -- Up-to-date: /home/jinyicheng/auto_navigation/install/status_interface/share/status_interface/rust/src/msg
[0.366s] -- Up-to-date: /home/jinyicheng/auto_navigation/install/status_interface/share/status_interface/rust/src/msg/rmw.rs
[0.366s] -- Up-to-date: /home/jinyicheng/auto_navigation/install/status_interface/share/status_interface/rust/src/msg.rs
[0.366s] -- Up-to-date: /home/jinyicheng/auto_navigation/install/status_interface/share/status_interface/rust/src/lib.rs
[0.366s] -- Up-to-date: /home/jinyicheng/auto_navigation/install/status_interface/share/status_interface/rust/Cargo.toml
[0.366s] -- Up-to-date: /home/jinyicheng/auto_navigation/install/status_interface/share/status_interface/rust/build.rs
[0.366s] -- Up-to-date: /home/jinyicheng/auto_navigation/install/status_interface/share/status_interface/msg/SystemStatus.idl
[0.367s] -- Up-to-date: /home/jinyicheng/auto_navigation/install/status_interface/share/status_interface/msg/SystemStatus.msg
[0.367s] -- Up-to-date: /home/jinyicheng/auto_navigation/install/status_interface/share/ament_index/resource_index/package_run_dependencies/status_interface
[0.367s] -- Up-to-date: /home/jinyicheng/auto_navigation/install/status_interface/share/ament_index/resource_index/parent_prefix_path/status_interface
[0.367s] -- Up-to-date: /home/jinyicheng/auto_navigation/install/status_interface/share/status_interface/environment/ament_prefix_path.sh
[0.367s] -- Up-to-date: /home/jinyicheng/auto_navigation/install/status_interface/share/status_interface/environment/ament_prefix_path.dsv
[0.367s] -- Up-to-date: /home/jinyicheng/auto_navigation/install/status_interface/share/status_interface/environment/path.sh
[0.367s] -- Up-to-date: /home/jinyicheng/auto_navigation/install/status_interface/share/status_interface/environment/path.dsv
[0.367s] -- Up-to-date: /home/jinyicheng/auto_navigation/install/status_interface/share/status_interface/local_setup.bash
[0.367s] -- Up-to-date: /home/jinyicheng/auto_navigation/install/status_interface/share/status_interface/local_setup.sh
[0.367s] -- Up-to-date: /home/jinyicheng/auto_navigation/install/status_interface/share/status_interface/local_setup.zsh
[0.367s] -- Up-to-date: /home/jinyicheng/auto_navigation/install/status_interface/share/status_interface/local_setup.dsv
[0.367s] -- Installing: /home/jinyicheng/auto_navigation/install/status_interface/share/status_interface/package.dsv
[0.367s] -- Up-to-date: /home/jinyicheng/auto_navigation/install/status_interface/share/ament_index/resource_index/packages/status_interface
[0.368s] -- Up-to-date: /home/jinyicheng/auto_navigation/install/status_interface/share/status_interface/cmake/export_status_interface__rosidl_generator_cExport.cmake
[0.368s] -- Up-to-date: /home/jinyicheng/auto_navigation/install/status_interface/share/status_interface/cmake/export_status_interface__rosidl_generator_cExport-noconfig.cmake
[0.368s] -- Up-to-date: /home/jinyicheng/auto_navigation/install/status_interface/share/status_interface/cmake/export_status_interface__rosidl_typesupport_fastrtps_cExport.cmake
[0.368s] -- Up-to-date: /home/jinyicheng/auto_navigation/install/status_interface/share/status_interface/cmake/export_status_interface__rosidl_typesupport_fastrtps_cExport-noconfig.cmake
[0.368s] -- Up-to-date: /home/jinyicheng/auto_navigation/install/status_interface/share/status_interface/cmake/export_status_interface__rosidl_generator_cppExport.cmake
[0.368s] -- Up-to-date: /home/jinyicheng/auto_navigation/install/status_interface/share/status_interface/cmake/export_status_interface__rosidl_typesupport_fastrtps_cppExport.cmake
[0.368s] -- Up-to-date: /home/jinyicheng/auto_navigation/install/status_interface/share/status_interface/cmake/export_status_interface__rosidl_typesupport_fastrtps_cppExport-noconfig.cmake
[0.368s] -- Up-to-date: /home/jinyicheng/auto_navigation/install/status_interface/share/status_interface/cmake/status_interface__rosidl_typesupport_introspection_cExport.cmake
[0.368s] -- Up-to-date: /home/jinyicheng/auto_navigation/install/status_interface/share/status_interface/cmake/status_interface__rosidl_typesupport_introspection_cExport-noconfig.cmake
[0.368s] -- Up-to-date: /home/jinyicheng/auto_navigation/install/status_interface/share/status_interface/cmake/status_interface__rosidl_typesupport_cExport.cmake
[0.368s] -- Up-to-date: /home/jinyicheng/auto_navigation/install/status_interface/share/status_interface/cmake/status_interface__rosidl_typesupport_cExport-noconfig.cmake
[0.368s] -- Up-to-date: /home/jinyicheng/auto_navigation/install/status_interface/share/status_interface/cmake/status_interface__rosidl_typesupport_introspection_cppExport.cmake
[0.368s] -- Up-to-date: /home/jinyicheng/auto_navigation/install/status_interface/share/status_interface/cmake/status_interface__rosidl_typesupport_introspection_cppExport-noconfig.cmake
[0.368s] -- Up-to-date: /home/jinyicheng/auto_navigation/install/status_interface/share/status_interface/cmake/status_interface__rosidl_typesupport_cppExport.cmake
[0.368s] -- Up-to-date: /home/jinyicheng/auto_navigation/install/status_interface/share/status_interface/cmake/status_interface__rosidl_typesupport_cppExport-noconfig.cmake
[0.368s] -- Up-to-date: /home/jinyicheng/auto_navigation/install/status_interface/share/status_interface/cmake/export_status_interface__rosidl_generator_pyExport.cmake
[0.368s] -- Up-to-date: /home/jinyicheng/auto_navigation/install/status_interface/share/status_interface/cmake/export_status_interface__rosidl_generator_pyExport-noconfig.cmake
[0.368s] -- Up-to-date: /home/jinyicheng/auto_navigation/install/status_interface/share/status_interface/cmake/rosidl_cmake-extras.cmake
[0.368s] -- Up-to-date: /home/jinyicheng/auto_navigation/install/status_interface/share/status_interface/cmake/ament_cmake_export_dependencies-extras.cmake
[0.368s] -- Up-to-date: /home/jinyicheng/auto_navigation/install/status_interface/share/status_interface/cmake/ament_cmake_export_include_directories-extras.cmake
[0.368s] -- Up-to-date: /home/jinyicheng/auto_navigation/install/status_interface/share/status_interface/cmake/ament_cmake_export_libraries-extras.cmake
[0.368s] -- Up-to-date: /home/jinyicheng/auto_navigation/install/status_interface/share/status_interface/cmake/ament_cmake_export_targets-extras.cmake
[0.368s] -- Up-to-date: /home/jinyicheng/auto_navigation/install/status_interface/share/status_interface/cmake/rosidl_cmake_export_typesupport_targets-extras.cmake
[0.368s] -- Up-to-date: /home/jinyicheng/auto_navigation/install/status_interface/share/status_interface/cmake/rosidl_cmake_export_typesupport_libraries-extras.cmake
[0.368s] -- Up-to-date: /home/jinyicheng/auto_navigation/install/status_interface/share/status_interface/cmake/status_interfaceConfig.cmake
[0.368s] -- Up-to-date: /home/jinyicheng/auto_navigation/install/status_interface/share/status_interface/cmake/status_interfaceConfig-version.cmake
[0.368s] -- Up-to-date: /home/jinyicheng/auto_navigation/install/status_interface/share/status_interface/package.xml
[0.370s] Invoked command in '/home/jinyicheng/auto_navigation/build/status_interface' returned '0': CMAKE_PREFIX_PATH=${CMAKE_PREFIX_PATH}:/home/jinyicheng/auto_navigation/install/status_publisher:/home/jinyicheng/auto_navigation/install/node2:/home/jinyicheng/auto_navigation/install/node1:/opt/ros/humble /usr/bin/cmake --install /home/jinyicheng/auto_navigation/build/status_interface
