running egg_info
writing ../../build/node1/node1.egg-info/PKG-INFO
writing dependency_links to ../../build/node1/node1.egg-info/dependency_links.txt
writing entry points to ../../build/node1/node1.egg-info/entry_points.txt
writing requirements to ../../build/node1/node1.egg-info/requires.txt
writing top-level names to ../../build/node1/node1.egg-info/top_level.txt
reading manifest file '../../build/node1/node1.egg-info/SOURCES.txt'
writing manifest file '../../build/node1/node1.egg-info/SOURCES.txt'
running build
running build_py
copying node1/learn_thread.py -> /home/jinyicheng/auto_navigation/build/node1/build/lib/node1
running install
running install_lib
copying /home/jinyicheng/auto_navigation/build/node1/build/lib/node1/learn_thread.py -> /home/jinyicheng/auto_navigation/install/node1/lib/python3.10/site-packages/node1
byte-compiling /home/jinyicheng/auto_navigation/install/node1/lib/python3.10/site-packages/node1/learn_thread.py to learn_thread.cpython-310.pyc
running install_data
running install_egg_info
removing '/home/jinyicheng/auto_navigation/install/node1/lib/python3.10/site-packages/node1-0.0.0-py3.10.egg-info' (and everything under it)
Copying ../../build/node1/node1.egg-info to /home/jinyicheng/auto_navigation/install/node1/lib/python3.10/site-packages/node1-0.0.0-py3.10.egg-info
running install_scripts
Installing process1 script to /home/jinyicheng/auto_navigation/install/node1/lib/node1
Installing process_learn_thread script to /home/jinyicheng/auto_navigation/install/node1/lib/node1
writing list of installed files to '/home/jinyicheng/auto_navigation/build/node1/install.log'
