[0.302s] Invoking command in '/home/jinyicheng/auto_navigation/core/node1': PYTHONPATH=/home/jinyicheng/auto_navigation/build/node1/prefix_override:/usr/lib/python3/dist-packages/colcon_core/task/python/colcon_distutils_commands:/home/jinyicheng/auto_navigation/install/node1/lib/python3.10/site-packages:${PYTHONPATH} /usr/bin/python3 -W ignore:setup.py install is deprecated -W ignore:easy_install command is deprecated setup.py egg_info --egg-base ../../build/node1 build --build-base /home/jinyicheng/auto_navigation/build/node1/build install --record /home/jinyicheng/auto_navigation/build/node1/install.log --single-version-externally-managed install_data
[0.415s] running egg_info
[0.415s] writing ../../build/node1/node1.egg-info/PKG-INFO
[0.415s] writing dependency_links to ../../build/node1/node1.egg-info/dependency_links.txt
[0.415s] writing entry points to ../../build/node1/node1.egg-info/entry_points.txt
[0.416s] writing requirements to ../../build/node1/node1.egg-info/requires.txt
[0.416s] writing top-level names to ../../build/node1/node1.egg-info/top_level.txt
[0.416s] reading manifest file '../../build/node1/node1.egg-info/SOURCES.txt'
[0.417s] writing manifest file '../../build/node1/node1.egg-info/SOURCES.txt'
[0.417s] running build
[0.417s] running build_py
[0.417s] copying node1/learn_thread.py -> /home/jinyicheng/auto_navigation/build/node1/build/lib/node1
[0.417s] running install
[0.418s] running install_lib
[0.418s] copying /home/jinyicheng/auto_navigation/build/node1/build/lib/node1/learn_thread.py -> /home/jinyicheng/auto_navigation/install/node1/lib/python3.10/site-packages/node1
[0.418s] byte-compiling /home/jinyicheng/auto_navigation/install/node1/lib/python3.10/site-packages/node1/learn_thread.py to learn_thread.cpython-310.pyc
[0.418s] running install_data
[0.419s] running install_egg_info
[0.419s] removing '/home/jinyicheng/auto_navigation/install/node1/lib/python3.10/site-packages/node1-0.0.0-py3.10.egg-info' (and everything under it)
[0.420s] Copying ../../build/node1/node1.egg-info to /home/jinyicheng/auto_navigation/install/node1/lib/python3.10/site-packages/node1-0.0.0-py3.10.egg-info
[0.420s] running install_scripts
[0.431s] Installing process1 script to /home/jinyicheng/auto_navigation/install/node1/lib/node1
[0.431s] Installing process_learn_thread script to /home/jinyicheng/auto_navigation/install/node1/lib/node1
[0.431s] writing list of installed files to '/home/jinyicheng/auto_navigation/build/node1/install.log'
[0.443s] Invoked command in '/home/jinyicheng/auto_navigation/core/node1' returned '0': PYTHONPATH=/home/jinyicheng/auto_navigation/build/node1/prefix_override:/usr/lib/python3/dist-packages/colcon_core/task/python/colcon_distutils_commands:/home/jinyicheng/auto_navigation/install/node1/lib/python3.10/site-packages:${PYTHONPATH} /usr/bin/python3 -W ignore:setup.py install is deprecated -W ignore:easy_install command is deprecated setup.py egg_info --egg-base ../../build/node1 build --build-base /home/jinyicheng/auto_navigation/build/node1/build install --record /home/jinyicheng/auto_navigation/build/node1/install.log --single-version-externally-managed install_data
