-- Install configuration: ""
-- Up-to-date: /home/jinyicheng/auto_navigation/install/robot_simulation/share/robot_simulation/launch
-- Up-to-date: /home/jinyicheng/auto_navigation/install/robot_simulation/share/robot_simulation/launch/display.launch.py
-- Up-to-date: /home/jinyicheng/auto_navigation/install/robot_simulation/share/robot_simulation/urdf
-- Up-to-date: /home/jinyicheng/auto_navigation/install/robot_simulation/share/robot_simulation/urdf/first_robot.urdf
-- Up-to-date: /home/jinyicheng/auto_navigation/install/robot_simulation/share/robot_simulation/urdf/first_robot.pdf
-- Up-to-date: /home/jinyicheng/auto_navigation/install/robot_simulation/share/robot_simulation/urdf/first_robot.gv
-- Up-to-date: /home/jinyicheng/auto_navigation/install/robot_simulation/share/robot_simulation/urdf/fishrot
-- Installing: /home/jinyicheng/auto_navigation/install/robot_simulation/share/robot_simulation/urdf/fishrot/caster_wheel.xacro
-- Up-to-date: /home/jinyicheng/auto_navigation/install/robot_simulation/share/robot_simulation/urdf/fishrot/laser.xacro
-- Up-to-date: /home/jinyicheng/auto_navigation/install/robot_simulation/share/robot_simulation/urdf/fishrot/base.xacro
-- Up-to-date: /home/jinyicheng/auto_navigation/install/robot_simulation/share/robot_simulation/urdf/fishrot/imu.xacro
-- Installing: /home/jinyicheng/auto_navigation/install/robot_simulation/share/robot_simulation/urdf/fishrot/fishbot.xacro
-- Installing: /home/jinyicheng/auto_navigation/install/robot_simulation/share/robot_simulation/urdf/fishrot/drive_wheel.xacro
-- Up-to-date: /home/jinyicheng/auto_navigation/install/robot_simulation/share/robot_simulation/urdf/first_robot.xacro
-- Up-to-date: /home/jinyicheng/auto_navigation/install/robot_simulation/share/ament_index/resource_index/package_run_dependencies/robot_simulation
-- Up-to-date: /home/jinyicheng/auto_navigation/install/robot_simulation/share/ament_index/resource_index/parent_prefix_path/robot_simulation
-- Up-to-date: /home/jinyicheng/auto_navigation/install/robot_simulation/share/robot_simulation/environment/ament_prefix_path.sh
-- Up-to-date: /home/jinyicheng/auto_navigation/install/robot_simulation/share/robot_simulation/environment/ament_prefix_path.dsv
-- Up-to-date: /home/jinyicheng/auto_navigation/install/robot_simulation/share/robot_simulation/environment/path.sh
-- Up-to-date: /home/jinyicheng/auto_navigation/install/robot_simulation/share/robot_simulation/environment/path.dsv
-- Up-to-date: /home/jinyicheng/auto_navigation/install/robot_simulation/share/robot_simulation/local_setup.bash
-- Up-to-date: /home/jinyicheng/auto_navigation/install/robot_simulation/share/robot_simulation/local_setup.sh
-- Up-to-date: /home/jinyicheng/auto_navigation/install/robot_simulation/share/robot_simulation/local_setup.zsh
-- Up-to-date: /home/jinyicheng/auto_navigation/install/robot_simulation/share/robot_simulation/local_setup.dsv
-- Installing: /home/jinyicheng/auto_navigation/install/robot_simulation/share/robot_simulation/package.dsv
-- Up-to-date: /home/jinyicheng/auto_navigation/install/robot_simulation/share/ament_index/resource_index/packages/robot_simulation
-- Up-to-date: /home/jinyicheng/auto_navigation/install/robot_simulation/share/robot_simulation/cmake/robot_simulationConfig.cmake
-- Up-to-date: /home/jinyicheng/auto_navigation/install/robot_simulation/share/robot_simulation/cmake/robot_simulationConfig-version.cmake
-- Up-to-date: /home/jinyicheng/auto_navigation/install/robot_simulation/share/robot_simulation/package.xml
