[0.699s] Invoking command in '/home/jinyicheng/auto_navigation/core/demo_python_service': AMENT_PREFIX_PATH=/home/jinyicheng/auto_navigation/install/sum_srv_interface:${AMENT_PREFIX_PATH} CMAKE_PREFIX_PATH=/home/jinyicheng/auto_navigation/install/sum_srv_interface LD_LIBRARY_PATH=/home/jinyicheng/auto_navigation/install/sum_srv_interface/lib:${LD_LIBRARY_PATH} PYTHONPATH=/home/jinyicheng/auto_navigation/build/demo_python_service/prefix_override:/usr/lib/python3/dist-packages/colcon_core/task/python/colcon_distutils_commands:/home/jinyicheng/auto_navigation/install/demo_python_service/lib/python3.10/site-packages:/home/jinyicheng/auto_navigation/install/sum_srv_interface/local/lib/python3.10/dist-packages:${PYTHONPATH} /usr/bin/python3 -W ignore:setup.py install is deprecated -W ignore:easy_install command is deprecated setup.py egg_info --egg-base ../../build/demo_python_service build --build-base /home/jinyicheng/auto_navigation/build/demo_python_service/build install --record /home/jinyicheng/auto_navigation/build/demo_python_service/install.log --single-version-externally-managed install_data
[0.813s] running egg_info
[0.813s] writing ../../build/demo_python_service/demo_python_service.egg-info/PKG-INFO
[0.814s] writing dependency_links to ../../build/demo_python_service/demo_python_service.egg-info/dependency_links.txt
[0.814s] writing entry points to ../../build/demo_python_service/demo_python_service.egg-info/entry_points.txt
[0.814s] writing requirements to ../../build/demo_python_service/demo_python_service.egg-info/requires.txt
[0.814s] writing top-level names to ../../build/demo_python_service/demo_python_service.egg-info/top_level.txt
[0.815s] reading manifest file '../../build/demo_python_service/demo_python_service.egg-info/SOURCES.txt'
[0.815s] adding license file 'LICENSE'
[0.815s] writing manifest file '../../build/demo_python_service/demo_python_service.egg-info/SOURCES.txt'
[0.816s] running build
[0.816s] running build_py
[0.816s] running install
[0.816s] running install_lib
[0.816s] running install_data
[0.816s] running install_egg_info
[0.817s] removing '/home/jinyicheng/auto_navigation/install/demo_python_service/lib/python3.10/site-packages/demo_python_service-0.0.0-py3.10.egg-info' (and everything under it)
[0.818s] Copying ../../build/demo_python_service/demo_python_service.egg-info to /home/jinyicheng/auto_navigation/install/demo_python_service/lib/python3.10/site-packages/demo_python_service-0.0.0-py3.10.egg-info
[0.818s] running install_scripts
[0.829s] Installing client_process script to /home/jinyicheng/auto_navigation/install/demo_python_service/lib/demo_python_service
[0.829s] Installing srv_process script to /home/jinyicheng/auto_navigation/install/demo_python_service/lib/demo_python_service
[0.829s] writing list of installed files to '/home/jinyicheng/auto_navigation/build/demo_python_service/install.log'
[0.842s] Invoked command in '/home/jinyicheng/auto_navigation/core/demo_python_service' returned '0': AMENT_PREFIX_PATH=/home/jinyicheng/auto_navigation/install/sum_srv_interface:${AMENT_PREFIX_PATH} CMAKE_PREFIX_PATH=/home/jinyicheng/auto_navigation/install/sum_srv_interface LD_LIBRARY_PATH=/home/jinyicheng/auto_navigation/install/sum_srv_interface/lib:${LD_LIBRARY_PATH} PYTHONPATH=/home/jinyicheng/auto_navigation/build/demo_python_service/prefix_override:/usr/lib/python3/dist-packages/colcon_core/task/python/colcon_distutils_commands:/home/jinyicheng/auto_navigation/install/demo_python_service/lib/python3.10/site-packages:/home/jinyicheng/auto_navigation/install/sum_srv_interface/local/lib/python3.10/dist-packages:${PYTHONPATH} /usr/bin/python3 -W ignore:setup.py install is deprecated -W ignore:easy_install command is deprecated setup.py egg_info --egg-base ../../build/demo_python_service build --build-base /home/jinyicheng/auto_navigation/build/demo_python_service/build install --record /home/jinyicheng/auto_navigation/build/demo_python_service/install.log --single-version-externally-managed install_data
