[0.029s] Invoking command in '/home/jinyicheng/auto_navigation/build/chapt4_interfaces': CMAKE_PREFIX_PATH=${CMAKE_PREFIX_PATH}:/home/jinyicheng/auto_navigation/install/status_publisher:/home/jinyicheng/auto_navigation/install/node2:/home/jinyicheng/auto_navigation/install/node1:/home/jinyicheng/auto_navigation/install/demo_python_tf:/home/jinyicheng/auto_navigation/install/demo_python_service:/opt/ros/humble /usr/bin/cmake --build /home/jinyicheng/auto_navigation/build/chapt4_interfaces -- -j20 -l20
[0.420s] [  3%] Built target chapt4_interfaces__cpp
[0.420s] [ 12%] Built target chapt4_interfaces__rosidl_generator_c
[0.420s] [ 15%] Built target chapt4_interfaces__rs
[0.420s] [ 15%] Built target ament_cmake_python_copy_chapt4_interfaces
[0.420s] [ 34%] Built target chapt4_interfaces__rosidl_typesupport_c
[0.420s] [ 34%] Built target chapt4_interfaces__rosidl_typesupport_introspection_cpp
[0.420s] [ 43%] Built target chapt4_interfaces__rosidl_typesupport_fastrtps_c
[0.420s] [ 53%] Built target chapt4_interfaces__rosidl_typesupport_cpp
[0.420s] [ 62%] Built target chapt4_interfaces__rosidl_typesupport_fastrtps_cpp
[0.420s] [ 71%] Built target chapt4_interfaces__rosidl_typesupport_introspection_c
[0.420s] [ 71%] Built target chapt4_interfaces
[0.421s] [ 75%] Built target chapt4_interfaces__py
[0.421s] [ 81%] Built target chapt4_interfaces__rosidl_generator_py
[0.421s] [ 93%] Built target chapt4_interfaces__rosidl_typesupport_fastrtps_c__pyext
[0.421s] [ 93%] Built target chapt4_interfaces__rosidl_typesupport_introspection_c__pyext
[0.422s] [100%] Built target chapt4_interfaces__rosidl_typesupport_c__pyext
[0.422s] running egg_info
[0.422s] writing chapt4_interfaces.egg-info/PKG-INFO
[0.422s] writing dependency_links to chapt4_interfaces.egg-info/dependency_links.txt
[0.422s] writing top-level names to chapt4_interfaces.egg-info/top_level.txt
[0.423s] reading manifest file 'chapt4_interfaces.egg-info/SOURCES.txt'
[0.423s] writing manifest file 'chapt4_interfaces.egg-info/SOURCES.txt'
[0.424s] [100%] Built target ament_cmake_python_build_chapt4_interfaces_egg
[0.425s] Invoked command in '/home/jinyicheng/auto_navigation/build/chapt4_interfaces' returned '0': CMAKE_PREFIX_PATH=${CMAKE_PREFIX_PATH}:/home/jinyicheng/auto_navigation/install/status_publisher:/home/jinyicheng/auto_navigation/install/node2:/home/jinyicheng/auto_navigation/install/node1:/home/jinyicheng/auto_navigation/install/demo_python_tf:/home/jinyicheng/auto_navigation/install/demo_python_service:/opt/ros/humble /usr/bin/cmake --build /home/jinyicheng/auto_navigation/build/chapt4_interfaces -- -j20 -l20
[0.431s] Invoking command in '/home/jinyicheng/auto_navigation/build/chapt4_interfaces': CMAKE_PREFIX_PATH=${CMAKE_PREFIX_PATH}:/home/jinyicheng/auto_navigation/install/status_publisher:/home/jinyicheng/auto_navigation/install/node2:/home/jinyicheng/auto_navigation/install/node1:/home/jinyicheng/auto_navigation/install/demo_python_tf:/home/jinyicheng/auto_navigation/install/demo_python_service:/opt/ros/humble /usr/bin/cmake --install /home/jinyicheng/auto_navigation/build/chapt4_interfaces
[0.435s] -- Install configuration: ""
[0.435s] -- Up-to-date: /home/jinyicheng/auto_navigation/install/chapt4_interfaces/share/ament_index/resource_index/rosidl_interfaces/chapt4_interfaces
[0.435s] -- Up-to-date: /home/jinyicheng/auto_navigation/install/chapt4_interfaces/include/chapt4_interfaces/chapt4_interfaces
[0.435s] -- Up-to-date: /home/jinyicheng/auto_navigation/install/chapt4_interfaces/include/chapt4_interfaces/chapt4_interfaces/srv
[0.436s] -- Up-to-date: /home/jinyicheng/auto_navigation/install/chapt4_interfaces/include/chapt4_interfaces/chapt4_interfaces/srv/face_detector.h
[0.436s] -- Up-to-date: /home/jinyicheng/auto_navigation/install/chapt4_interfaces/include/chapt4_interfaces/chapt4_interfaces/srv/detail
[0.436s] -- Up-to-date: /home/jinyicheng/auto_navigation/install/chapt4_interfaces/include/chapt4_interfaces/chapt4_interfaces/srv/detail/face_detector__functions.c
[0.436s] -- Up-to-date: /home/jinyicheng/auto_navigation/install/chapt4_interfaces/include/chapt4_interfaces/chapt4_interfaces/srv/detail/face_detector__struct.h
[0.437s] -- Up-to-date: /home/jinyicheng/auto_navigation/install/chapt4_interfaces/include/chapt4_interfaces/chapt4_interfaces/srv/detail/face_detector__type_support.h
[0.437s] -- Up-to-date: /home/jinyicheng/auto_navigation/install/chapt4_interfaces/include/chapt4_interfaces/chapt4_interfaces/srv/detail/face_detector__functions.h
[0.437s] -- Up-to-date: /home/jinyicheng/auto_navigation/install/chapt4_interfaces/include/chapt4_interfaces/chapt4_interfaces/msg
[0.437s] -- Up-to-date: /home/jinyicheng/auto_navigation/install/chapt4_interfaces/include/chapt4_interfaces/chapt4_interfaces/msg/rosidl_generator_c__visibility_control.h
[0.437s] -- Up-to-date: /home/jinyicheng/auto_navigation/install/chapt4_interfaces/share/chapt4_interfaces/environment/library_path.sh
[0.437s] -- Up-to-date: /home/jinyicheng/auto_navigation/install/chapt4_interfaces/share/chapt4_interfaces/environment/library_path.dsv
[0.437s] -- Up-to-date: /home/jinyicheng/auto_navigation/install/chapt4_interfaces/lib/libchapt4_interfaces__rosidl_generator_c.so
[0.437s] -- Up-to-date: /home/jinyicheng/auto_navigation/install/chapt4_interfaces/include/chapt4_interfaces/chapt4_interfaces
[0.438s] -- Up-to-date: /home/jinyicheng/auto_navigation/install/chapt4_interfaces/include/chapt4_interfaces/chapt4_interfaces/srv
[0.438s] -- Up-to-date: /home/jinyicheng/auto_navigation/install/chapt4_interfaces/include/chapt4_interfaces/chapt4_interfaces/srv/detail
[0.438s] -- Up-to-date: /home/jinyicheng/auto_navigation/install/chapt4_interfaces/include/chapt4_interfaces/chapt4_interfaces/srv/detail/face_detector__rosidl_typesupport_fastrtps_c.h
[0.438s] -- Up-to-date: /home/jinyicheng/auto_navigation/install/chapt4_interfaces/include/chapt4_interfaces/chapt4_interfaces/msg
[0.438s] -- Up-to-date: /home/jinyicheng/auto_navigation/install/chapt4_interfaces/include/chapt4_interfaces/chapt4_interfaces/msg/rosidl_typesupport_fastrtps_c__visibility_control.h
[0.438s] -- Up-to-date: /home/jinyicheng/auto_navigation/install/chapt4_interfaces/lib/libchapt4_interfaces__rosidl_typesupport_fastrtps_c.so
[0.439s] -- Up-to-date: /home/jinyicheng/auto_navigation/install/chapt4_interfaces/include/chapt4_interfaces/chapt4_interfaces
[0.439s] -- Up-to-date: /home/jinyicheng/auto_navigation/install/chapt4_interfaces/include/chapt4_interfaces/chapt4_interfaces/srv
[0.440s] -- Up-to-date: /home/jinyicheng/auto_navigation/install/chapt4_interfaces/include/chapt4_interfaces/chapt4_interfaces/srv/detail
[0.440s] -- Up-to-date: /home/jinyicheng/auto_navigation/install/chapt4_interfaces/include/chapt4_interfaces/chapt4_interfaces/srv/detail/face_detector__type_support.hpp
[0.440s] -- Up-to-date: /home/jinyicheng/auto_navigation/install/chapt4_interfaces/include/chapt4_interfaces/chapt4_interfaces/srv/detail/face_detector__struct.hpp
[0.440s] -- Up-to-date: /home/jinyicheng/auto_navigation/install/chapt4_interfaces/include/chapt4_interfaces/chapt4_interfaces/srv/detail/face_detector__traits.hpp
[0.440s] -- Up-to-date: /home/jinyicheng/auto_navigation/install/chapt4_interfaces/include/chapt4_interfaces/chapt4_interfaces/srv/detail/face_detector__builder.hpp
[0.440s] -- Up-to-date: /home/jinyicheng/auto_navigation/install/chapt4_interfaces/include/chapt4_interfaces/chapt4_interfaces/srv/face_detector.hpp
[0.441s] -- Up-to-date: /home/jinyicheng/auto_navigation/install/chapt4_interfaces/include/chapt4_interfaces/chapt4_interfaces/msg
[0.441s] -- Up-to-date: /home/jinyicheng/auto_navigation/install/chapt4_interfaces/include/chapt4_interfaces/chapt4_interfaces/msg/rosidl_generator_cpp__visibility_control.hpp
[0.441s] -- Up-to-date: /home/jinyicheng/auto_navigation/install/chapt4_interfaces/include/chapt4_interfaces/chapt4_interfaces
[0.441s] -- Up-to-date: /home/jinyicheng/auto_navigation/install/chapt4_interfaces/include/chapt4_interfaces/chapt4_interfaces/srv
[0.441s] -- Up-to-date: /home/jinyicheng/auto_navigation/install/chapt4_interfaces/include/chapt4_interfaces/chapt4_interfaces/srv/detail
[0.441s] -- Up-to-date: /home/jinyicheng/auto_navigation/install/chapt4_interfaces/include/chapt4_interfaces/chapt4_interfaces/srv/detail/face_detector__rosidl_typesupport_fastrtps_cpp.hpp
[0.441s] -- Up-to-date: /home/jinyicheng/auto_navigation/install/chapt4_interfaces/include/chapt4_interfaces/chapt4_interfaces/srv/detail/dds_fastrtps
[0.442s] -- Up-to-date: /home/jinyicheng/auto_navigation/install/chapt4_interfaces/include/chapt4_interfaces/chapt4_interfaces/msg
[0.442s] -- Up-to-date: /home/jinyicheng/auto_navigation/install/chapt4_interfaces/include/chapt4_interfaces/chapt4_interfaces/msg/rosidl_typesupport_fastrtps_cpp__visibility_control.h
[0.442s] -- Up-to-date: /home/jinyicheng/auto_navigation/install/chapt4_interfaces/lib/libchapt4_interfaces__rosidl_typesupport_fastrtps_cpp.so
[0.442s] -- Up-to-date: /home/jinyicheng/auto_navigation/install/chapt4_interfaces/include/chapt4_interfaces/chapt4_interfaces
[0.442s] -- Up-to-date: /home/jinyicheng/auto_navigation/install/chapt4_interfaces/include/chapt4_interfaces/chapt4_interfaces/srv
[0.442s] -- Up-to-date: /home/jinyicheng/auto_navigation/install/chapt4_interfaces/include/chapt4_interfaces/chapt4_interfaces/srv/detail
[0.442s] -- Up-to-date: /home/jinyicheng/auto_navigation/install/chapt4_interfaces/include/chapt4_interfaces/chapt4_interfaces/srv/detail/face_detector__type_support.c
[0.442s] -- Up-to-date: /home/jinyicheng/auto_navigation/install/chapt4_interfaces/include/chapt4_interfaces/chapt4_interfaces/srv/detail/face_detector__rosidl_typesupport_introspection_c.h
[0.442s] -- Up-to-date: /home/jinyicheng/auto_navigation/install/chapt4_interfaces/include/chapt4_interfaces/chapt4_interfaces/msg
[0.442s] -- Up-to-date: /home/jinyicheng/auto_navigation/install/chapt4_interfaces/include/chapt4_interfaces/chapt4_interfaces/msg/rosidl_typesupport_introspection_c__visibility_control.h
[0.442s] -- Up-to-date: /home/jinyicheng/auto_navigation/install/chapt4_interfaces/lib/libchapt4_interfaces__rosidl_typesupport_introspection_c.so
[0.442s] -- Up-to-date: /home/jinyicheng/auto_navigation/install/chapt4_interfaces/lib/libchapt4_interfaces__rosidl_typesupport_c.so
[0.443s] -- Up-to-date: /home/jinyicheng/auto_navigation/install/chapt4_interfaces/include/chapt4_interfaces/chapt4_interfaces
[0.443s] -- Up-to-date: /home/jinyicheng/auto_navigation/install/chapt4_interfaces/include/chapt4_interfaces/chapt4_interfaces/srv
[0.443s] -- Up-to-date: /home/jinyicheng/auto_navigation/install/chapt4_interfaces/include/chapt4_interfaces/chapt4_interfaces/srv/detail
[0.443s] -- Up-to-date: /home/jinyicheng/auto_navigation/install/chapt4_interfaces/include/chapt4_interfaces/chapt4_interfaces/srv/detail/face_detector__type_support.cpp
[0.443s] -- Up-to-date: /home/jinyicheng/auto_navigation/install/chapt4_interfaces/include/chapt4_interfaces/chapt4_interfaces/srv/detail/face_detector__rosidl_typesupport_introspection_cpp.hpp
[0.443s] -- Up-to-date: /home/jinyicheng/auto_navigation/install/chapt4_interfaces/lib/libchapt4_interfaces__rosidl_typesupport_introspection_cpp.so
[0.444s] -- Up-to-date: /home/jinyicheng/auto_navigation/install/chapt4_interfaces/lib/libchapt4_interfaces__rosidl_typesupport_cpp.so
[0.444s] -- Up-to-date: /home/jinyicheng/auto_navigation/install/chapt4_interfaces/share/chapt4_interfaces/environment/pythonpath.sh
[0.444s] -- Up-to-date: /home/jinyicheng/auto_navigation/install/chapt4_interfaces/share/chapt4_interfaces/environment/pythonpath.dsv
[0.444s] -- Up-to-date: /home/jinyicheng/auto_navigation/install/chapt4_interfaces/local/lib/python3.10/dist-packages/chapt4_interfaces-0.0.0-py3.10.egg-info
[0.444s] -- Installing: /home/jinyicheng/auto_navigation/install/chapt4_interfaces/local/lib/python3.10/dist-packages/chapt4_interfaces-0.0.0-py3.10.egg-info/top_level.txt
[0.444s] -- Installing: /home/jinyicheng/auto_navigation/install/chapt4_interfaces/local/lib/python3.10/dist-packages/chapt4_interfaces-0.0.0-py3.10.egg-info/dependency_links.txt
[0.444s] -- Installing: /home/jinyicheng/auto_navigation/install/chapt4_interfaces/local/lib/python3.10/dist-packages/chapt4_interfaces-0.0.0-py3.10.egg-info/SOURCES.txt
[0.444s] -- Installing: /home/jinyicheng/auto_navigation/install/chapt4_interfaces/local/lib/python3.10/dist-packages/chapt4_interfaces-0.0.0-py3.10.egg-info/PKG-INFO
[0.444s] -- Up-to-date: /home/jinyicheng/auto_navigation/install/chapt4_interfaces/local/lib/python3.10/dist-packages/chapt4_interfaces
[0.444s] -- Up-to-date: /home/jinyicheng/auto_navigation/install/chapt4_interfaces/local/lib/python3.10/dist-packages/chapt4_interfaces/srv
[0.444s] -- Up-to-date: /home/jinyicheng/auto_navigation/install/chapt4_interfaces/local/lib/python3.10/dist-packages/chapt4_interfaces/srv/_face_detector_s.c
[0.444s] -- Up-to-date: /home/jinyicheng/auto_navigation/install/chapt4_interfaces/local/lib/python3.10/dist-packages/chapt4_interfaces/srv/_face_detector.py
[0.445s] -- Up-to-date: /home/jinyicheng/auto_navigation/install/chapt4_interfaces/local/lib/python3.10/dist-packages/chapt4_interfaces/srv/__init__.py
[0.445s] -- Up-to-date: /home/jinyicheng/auto_navigation/install/chapt4_interfaces/local/lib/python3.10/dist-packages/chapt4_interfaces/_chapt4_interfaces_s.ep.rosidl_typesupport_introspection_c.c
[0.445s] -- Up-to-date: /home/jinyicheng/auto_navigation/install/chapt4_interfaces/local/lib/python3.10/dist-packages/chapt4_interfaces/chapt4_interfaces_s__rosidl_typesupport_fastrtps_c.cpython-310-x86_64-linux-gnu.so
[0.445s] -- Up-to-date: /home/jinyicheng/auto_navigation/install/chapt4_interfaces/local/lib/python3.10/dist-packages/chapt4_interfaces/chapt4_interfaces_s__rosidl_typesupport_introspection_c.cpython-310-x86_64-linux-gnu.so
[0.445s] -- Up-to-date: /home/jinyicheng/auto_navigation/install/chapt4_interfaces/local/lib/python3.10/dist-packages/chapt4_interfaces/_chapt4_interfaces_s.ep.rosidl_typesupport_fastrtps_c.c
[0.445s] -- Up-to-date: /home/jinyicheng/auto_navigation/install/chapt4_interfaces/local/lib/python3.10/dist-packages/chapt4_interfaces/_chapt4_interfaces_s.ep.rosidl_typesupport_c.c
[0.445s] -- Up-to-date: /home/jinyicheng/auto_navigation/install/chapt4_interfaces/local/lib/python3.10/dist-packages/chapt4_interfaces/libchapt4_interfaces__rosidl_generator_py.so
[0.445s] -- Up-to-date: /home/jinyicheng/auto_navigation/install/chapt4_interfaces/local/lib/python3.10/dist-packages/chapt4_interfaces/__init__.py
[0.445s] -- Up-to-date: /home/jinyicheng/auto_navigation/install/chapt4_interfaces/local/lib/python3.10/dist-packages/chapt4_interfaces/chapt4_interfaces_s__rosidl_typesupport_c.cpython-310-x86_64-linux-gnu.so
[0.455s] Listing '/home/jinyicheng/auto_navigation/install/chapt4_interfaces/local/lib/python3.10/dist-packages/chapt4_interfaces'...
[0.455s] Listing '/home/jinyicheng/auto_navigation/install/chapt4_interfaces/local/lib/python3.10/dist-packages/chapt4_interfaces/srv'...
[0.459s] -- Up-to-date: /home/jinyicheng/auto_navigation/install/chapt4_interfaces/local/lib/python3.10/dist-packages/chapt4_interfaces/chapt4_interfaces_s__rosidl_typesupport_fastrtps_c.cpython-310-x86_64-linux-gnu.so
[0.459s] -- Up-to-date: /home/jinyicheng/auto_navigation/install/chapt4_interfaces/local/lib/python3.10/dist-packages/chapt4_interfaces/chapt4_interfaces_s__rosidl_typesupport_introspection_c.cpython-310-x86_64-linux-gnu.so
[0.459s] -- Up-to-date: /home/jinyicheng/auto_navigation/install/chapt4_interfaces/local/lib/python3.10/dist-packages/chapt4_interfaces/chapt4_interfaces_s__rosidl_typesupport_c.cpython-310-x86_64-linux-gnu.so
[0.460s] -- Up-to-date: /home/jinyicheng/auto_navigation/install/chapt4_interfaces/lib/libchapt4_interfaces__rosidl_generator_py.so
[0.460s] -- Up-to-date: /home/jinyicheng/auto_navigation/install/chapt4_interfaces/share/ament_index/resource_index/rust_packages/chapt4_interfaces
[0.460s] -- Up-to-date: /home/jinyicheng/auto_navigation/install/chapt4_interfaces/share/chapt4_interfaces/rust
[0.460s] -- Up-to-date: /home/jinyicheng/auto_navigation/install/chapt4_interfaces/share/chapt4_interfaces/rust/src
[0.461s] -- Up-to-date: /home/jinyicheng/auto_navigation/install/chapt4_interfaces/share/chapt4_interfaces/rust/src/srv
[0.462s] -- Up-to-date: /home/jinyicheng/auto_navigation/install/chapt4_interfaces/share/chapt4_interfaces/rust/src/srv/rmw.rs
[0.462s] -- Up-to-date: /home/jinyicheng/auto_navigation/install/chapt4_interfaces/share/chapt4_interfaces/rust/src/srv.rs
[0.462s] -- Up-to-date: /home/jinyicheng/auto_navigation/install/chapt4_interfaces/share/chapt4_interfaces/rust/src/lib.rs
[0.462s] -- Up-to-date: /home/jinyicheng/auto_navigation/install/chapt4_interfaces/share/chapt4_interfaces/rust/Cargo.toml
[0.462s] -- Up-to-date: /home/jinyicheng/auto_navigation/install/chapt4_interfaces/share/chapt4_interfaces/rust/build.rs
[0.463s] -- Up-to-date: /home/jinyicheng/auto_navigation/install/chapt4_interfaces/share/chapt4_interfaces/srv/FaceDetector.idl
[0.463s] -- Up-to-date: /home/jinyicheng/auto_navigation/install/chapt4_interfaces/share/chapt4_interfaces/srv/FaceDetector.srv
[0.463s] -- Up-to-date: /home/jinyicheng/auto_navigation/install/chapt4_interfaces/share/chapt4_interfaces/srv/FaceDetector_Request.msg
[0.464s] -- Up-to-date: /home/jinyicheng/auto_navigation/install/chapt4_interfaces/share/chapt4_interfaces/srv/FaceDetector_Response.msg
[0.464s] -- Up-to-date: /home/jinyicheng/auto_navigation/install/chapt4_interfaces/share/ament_index/resource_index/package_run_dependencies/chapt4_interfaces
[0.465s] -- Up-to-date: /home/jinyicheng/auto_navigation/install/chapt4_interfaces/share/ament_index/resource_index/parent_prefix_path/chapt4_interfaces
[0.465s] -- Up-to-date: /home/jinyicheng/auto_navigation/install/chapt4_interfaces/share/chapt4_interfaces/environment/ament_prefix_path.sh
[0.465s] -- Up-to-date: /home/jinyicheng/auto_navigation/install/chapt4_interfaces/share/chapt4_interfaces/environment/ament_prefix_path.dsv
[0.465s] -- Up-to-date: /home/jinyicheng/auto_navigation/install/chapt4_interfaces/share/chapt4_interfaces/environment/path.sh
[0.465s] -- Up-to-date: /home/jinyicheng/auto_navigation/install/chapt4_interfaces/share/chapt4_interfaces/environment/path.dsv
[0.465s] -- Up-to-date: /home/jinyicheng/auto_navigation/install/chapt4_interfaces/share/chapt4_interfaces/local_setup.bash
[0.465s] -- Up-to-date: /home/jinyicheng/auto_navigation/install/chapt4_interfaces/share/chapt4_interfaces/local_setup.sh
[0.465s] -- Up-to-date: /home/jinyicheng/auto_navigation/install/chapt4_interfaces/share/chapt4_interfaces/local_setup.zsh
[0.465s] -- Up-to-date: /home/jinyicheng/auto_navigation/install/chapt4_interfaces/share/chapt4_interfaces/local_setup.dsv
[0.465s] -- Installing: /home/jinyicheng/auto_navigation/install/chapt4_interfaces/share/chapt4_interfaces/package.dsv
[0.466s] -- Up-to-date: /home/jinyicheng/auto_navigation/install/chapt4_interfaces/share/ament_index/resource_index/packages/chapt4_interfaces
[0.466s] -- Up-to-date: /home/jinyicheng/auto_navigation/install/chapt4_interfaces/share/chapt4_interfaces/cmake/export_chapt4_interfaces__rosidl_generator_cExport.cmake
[0.466s] -- Up-to-date: /home/jinyicheng/auto_navigation/install/chapt4_interfaces/share/chapt4_interfaces/cmake/export_chapt4_interfaces__rosidl_generator_cExport-noconfig.cmake
[0.466s] -- Up-to-date: /home/jinyicheng/auto_navigation/install/chapt4_interfaces/share/chapt4_interfaces/cmake/export_chapt4_interfaces__rosidl_typesupport_fastrtps_cExport.cmake
[0.466s] -- Up-to-date: /home/jinyicheng/auto_navigation/install/chapt4_interfaces/share/chapt4_interfaces/cmake/export_chapt4_interfaces__rosidl_typesupport_fastrtps_cExport-noconfig.cmake
[0.466s] -- Up-to-date: /home/jinyicheng/auto_navigation/install/chapt4_interfaces/share/chapt4_interfaces/cmake/export_chapt4_interfaces__rosidl_generator_cppExport.cmake
[0.466s] -- Up-to-date: /home/jinyicheng/auto_navigation/install/chapt4_interfaces/share/chapt4_interfaces/cmake/export_chapt4_interfaces__rosidl_typesupport_fastrtps_cppExport.cmake
[0.467s] -- Up-to-date: /home/jinyicheng/auto_navigation/install/chapt4_interfaces/share/chapt4_interfaces/cmake/export_chapt4_interfaces__rosidl_typesupport_fastrtps_cppExport-noconfig.cmake
[0.467s] -- Up-to-date: /home/jinyicheng/auto_navigation/install/chapt4_interfaces/share/chapt4_interfaces/cmake/chapt4_interfaces__rosidl_typesupport_introspection_cExport.cmake
[0.467s] -- Up-to-date: /home/jinyicheng/auto_navigation/install/chapt4_interfaces/share/chapt4_interfaces/cmake/chapt4_interfaces__rosidl_typesupport_introspection_cExport-noconfig.cmake
[0.467s] -- Up-to-date: /home/jinyicheng/auto_navigation/install/chapt4_interfaces/share/chapt4_interfaces/cmake/chapt4_interfaces__rosidl_typesupport_cExport.cmake
[0.467s] -- Up-to-date: /home/jinyicheng/auto_navigation/install/chapt4_interfaces/share/chapt4_interfaces/cmake/chapt4_interfaces__rosidl_typesupport_cExport-noconfig.cmake
[0.467s] -- Up-to-date: /home/jinyicheng/auto_navigation/install/chapt4_interfaces/share/chapt4_interfaces/cmake/chapt4_interfaces__rosidl_typesupport_introspection_cppExport.cmake
[0.467s] -- Up-to-date: /home/jinyicheng/auto_navigation/install/chapt4_interfaces/share/chapt4_interfaces/cmake/chapt4_interfaces__rosidl_typesupport_introspection_cppExport-noconfig.cmake
[0.469s] -- Up-to-date: /home/jinyicheng/auto_navigation/install/chapt4_interfaces/share/chapt4_interfaces/cmake/chapt4_interfaces__rosidl_typesupport_cppExport.cmake
[0.469s] -- Up-to-date: /home/jinyicheng/auto_navigation/install/chapt4_interfaces/share/chapt4_interfaces/cmake/chapt4_interfaces__rosidl_typesupport_cppExport-noconfig.cmake
[0.469s] -- Up-to-date: /home/jinyicheng/auto_navigation/install/chapt4_interfaces/share/chapt4_interfaces/cmake/export_chapt4_interfaces__rosidl_generator_pyExport.cmake
[0.469s] -- Up-to-date: /home/jinyicheng/auto_navigation/install/chapt4_interfaces/share/chapt4_interfaces/cmake/export_chapt4_interfaces__rosidl_generator_pyExport-noconfig.cmake
[0.469s] -- Up-to-date: /home/jinyicheng/auto_navigation/install/chapt4_interfaces/share/chapt4_interfaces/cmake/rosidl_cmake-extras.cmake
[0.469s] -- Up-to-date: /home/jinyicheng/auto_navigation/install/chapt4_interfaces/share/chapt4_interfaces/cmake/ament_cmake_export_dependencies-extras.cmake
[0.469s] -- Up-to-date: /home/jinyicheng/auto_navigation/install/chapt4_interfaces/share/chapt4_interfaces/cmake/ament_cmake_export_include_directories-extras.cmake
[0.469s] -- Up-to-date: /home/jinyicheng/auto_navigation/install/chapt4_interfaces/share/chapt4_interfaces/cmake/ament_cmake_export_libraries-extras.cmake
[0.469s] -- Up-to-date: /home/jinyicheng/auto_navigation/install/chapt4_interfaces/share/chapt4_interfaces/cmake/ament_cmake_export_targets-extras.cmake
[0.469s] -- Up-to-date: /home/jinyicheng/auto_navigation/install/chapt4_interfaces/share/chapt4_interfaces/cmake/rosidl_cmake_export_typesupport_targets-extras.cmake
[0.469s] -- Up-to-date: /home/jinyicheng/auto_navigation/install/chapt4_interfaces/share/chapt4_interfaces/cmake/rosidl_cmake_export_typesupport_libraries-extras.cmake
[0.470s] -- Up-to-date: /home/jinyicheng/auto_navigation/install/chapt4_interfaces/share/chapt4_interfaces/cmake/chapt4_interfacesConfig.cmake
[0.470s] -- Up-to-date: /home/jinyicheng/auto_navigation/install/chapt4_interfaces/share/chapt4_interfaces/cmake/chapt4_interfacesConfig-version.cmake
[0.470s] -- Up-to-date: /home/jinyicheng/auto_navigation/install/chapt4_interfaces/share/chapt4_interfaces/package.xml
[0.481s] Invoked command in '/home/jinyicheng/auto_navigation/build/chapt4_interfaces' returned '0': CMAKE_PREFIX_PATH=${CMAKE_PREFIX_PATH}:/home/jinyicheng/auto_navigation/install/status_publisher:/home/jinyicheng/auto_navigation/install/node2:/home/jinyicheng/auto_navigation/install/node1:/home/jinyicheng/auto_navigation/install/demo_python_tf:/home/jinyicheng/auto_navigation/install/demo_python_service:/opt/ros/humble /usr/bin/cmake --install /home/jinyicheng/auto_navigation/build/chapt4_interfaces
