[0.281s] Invoking command in '/home/jinyicheng/auto_navigation/build/status_interface': CMAKE_PREFIX_PATH=/opt/ros/humble /usr/bin/cmake /home/jinyicheng/auto_navigation/core/status_interface -DCMAKE_INSTALL_PREFIX=/home/jinyicheng/auto_navigation/install/status_interface
[0.557s] -- The C compiler identification is GNU 11.4.0
[1.115s] -- The CXX compiler identification is GNU 11.4.0
[1.519s] -- Detecting C compiler ABI info
[1.658s] -- Detecting C compiler ABI info - done
[1.662s] -- Check for working C compiler: /usr/bin/cc - skipped
[1.663s] -- Detecting C compile features
[1.664s] -- Detecting C compile features - done
[1.666s] -- Detecting CXX compiler ABI info
[1.791s] -- Detecting CXX compiler ABI info - done
[1.795s] -- Check for working CXX compiler: /usr/bin/c++ - skipped
[1.795s] -- Detecting CXX compile features
[1.795s] -- Detecting CXX compile features - done
[1.804s] -- Found ament_cmake: 1.3.14 (/opt/ros/humble/share/ament_cmake/cmake)
[1.891s] -- Found Python3: /usr/bin/python3 (found version "3.10.12") found components: Interpreter 
[1.959s] -- Found builtin_interfaces: 1.2.2 (/opt/ros/humble/share/builtin_interfaces/cmake)
[2.115s] -- Found rosidl_generator_c: 3.1.8 (/opt/ros/humble/share/rosidl_generator_c/cmake)
[2.120s] -- Found rosidl_adapter: 3.1.8 (/opt/ros/humble/share/rosidl_adapter/cmake)
[2.129s] -- Found rosidl_generator_cpp: 3.1.8 (/opt/ros/humble/share/rosidl_generator_cpp/cmake)
[2.143s] -- Using all available rosidl_typesupport_c: rosidl_typesupport_fastrtps_c;rosidl_typesupport_introspection_c
[2.158s] -- Using all available rosidl_typesupport_cpp: rosidl_typesupport_fastrtps_cpp;rosidl_typesupport_introspection_cpp
[2.171s] -- Found rosidl_default_generators: 1.2.1 (/opt/ros/humble/share/rosidl_default_generators/cmake)
[2.336s] -- Found ament_cmake_ros: 0.10.0 (/opt/ros/humble/share/ament_cmake_ros/cmake)
[2.514s] -- Using all available rosidl_typesupport_c: rosidl_typesupport_fastrtps_c;rosidl_typesupport_introspection_c
[2.581s] -- Using all available rosidl_typesupport_cpp: rosidl_typesupport_fastrtps_cpp;rosidl_typesupport_introspection_cpp
[2.724s] -- Found PythonInterp: /usr/bin/python3 (found suitable version "3.10.12", minimum required is "3.6") 
[2.726s] -- Found python_cmake_module: 0.10.0 (/opt/ros/humble/share/python_cmake_module/cmake)
[3.175s] -- Found PythonLibs: /usr/lib/x86_64-linux-gnu/libpython3.10.so (found suitable version "3.10.12", minimum required is "3.5") 
[3.175s] -- Using PYTHON_EXECUTABLE: /usr/bin/python3
[3.175s] -- Using PYTHON_INCLUDE_DIRS: /usr/include/python3.10
[3.175s] -- Using PYTHON_LIBRARIES: /usr/lib/x86_64-linux-gnu/libpython3.10.so
[3.188s] -- Found PythonExtra: .so  
[3.287s] -- Found ament_lint_auto: 0.12.15 (/opt/ros/humble/share/ament_lint_auto/cmake)
[3.309s] -- Added test 'lint_cmake' to check CMake code style
[3.310s] -- Added test 'xmllint' to check XML markup files
[3.313s] -- Configuring done
[3.336s] -- Generating done
[3.344s] -- Build files have been written to: /home/jinyicheng/auto_navigation/build/status_interface
[3.348s] Invoked command in '/home/jinyicheng/auto_navigation/build/status_interface' returned '0': CMAKE_PREFIX_PATH=/opt/ros/humble /usr/bin/cmake /home/jinyicheng/auto_navigation/core/status_interface -DCMAKE_INSTALL_PREFIX=/home/jinyicheng/auto_navigation/install/status_interface
[3.349s] Invoking command in '/home/jinyicheng/auto_navigation/build/status_interface': CMAKE_PREFIX_PATH=/opt/ros/humble /usr/bin/cmake --build /home/jinyicheng/auto_navigation/build/status_interface -- -j20 -l20
[3.370s] [  3%] [34m[1mGenerating C code for ROS interfaces[0m
[3.375s] [  6%] [34m[1mGenerating Rust code for ROS interfaces[0m
[3.375s] [  9%] [34m[1mGenerating C++ code for ROS interfaces[0m
[3.383s] [  9%] Built target ament_cmake_python_copy_status_interface
[3.511s] running egg_info
[3.511s] creating status_interface.egg-info
[3.511s] writing status_interface.egg-info/PKG-INFO
[3.512s] writing dependency_links to status_interface.egg-info/dependency_links.txt
[3.512s] writing top-level names to status_interface.egg-info/top_level.txt
[3.512s] writing manifest file 'status_interface.egg-info/SOURCES.txt'
[3.513s] reading manifest file 'status_interface.egg-info/SOURCES.txt'
[3.513s] writing manifest file 'status_interface.egg-info/SOURCES.txt'
[3.527s] [  9%] Built target ament_cmake_python_build_status_interface_egg
[3.562s] [  9%] Built target status_interface__rs
[3.575s] [  9%] Built target status_interface__cpp
[3.575s] [ 12%] [32mBuilding C object CMakeFiles/status_interface__rosidl_generator_c.dir/rosidl_generator_c/status_interface/msg/detail/system_status__functions.c.o[0m
[3.581s] [ 21%] [34m[1mGenerating C++ introspection for ROS interfaces[0m
[3.581s] [ 21%] [34m[1mGenerating C++ type support for eProsima Fast-RTPS[0m
[3.581s] [ 21%] [34m[1mGenerating C++ type support dispatch for ROS interfaces[0m
[3.636s] [ 25%] [32m[1mLinking C shared library libstatus_interface__rosidl_generator_c.so[0m
[3.744s] [ 25%] Built target status_interface__rosidl_generator_c
[3.750s] [ 34%] [34m[1mGenerating C type support for eProsima Fast-RTPS[0m
[3.750s] [ 34%] [34m[1mGenerating C introspection for ROS interfaces[0m
[3.750s] [ 34%] [34m[1mGenerating C type support dispatch for ROS interfaces[0m
[3.751s] [ 37%] [32mBuilding CXX object CMakeFiles/status_interface__rosidl_typesupport_cpp.dir/rosidl_typesupport_cpp/status_interface/msg/system_status__type_support.cpp.o[0m
[3.766s] [ 40%] [32mBuilding CXX object CMakeFiles/status_interface__rosidl_typesupport_introspection_cpp.dir/rosidl_typesupport_introspection_cpp/status_interface/msg/detail/system_status__type_support.cpp.o[0m
[3.771s] [ 43%] [32mBuilding CXX object CMakeFiles/status_interface__rosidl_typesupport_fastrtps_cpp.dir/rosidl_typesupport_fastrtps_cpp/status_interface/msg/detail/dds_fastrtps/system_status__type_support.cpp.o[0m
[3.951s] [ 46%] [32mBuilding C object CMakeFiles/status_interface__rosidl_typesupport_introspection_c.dir/rosidl_typesupport_introspection_c/status_interface/msg/detail/system_status__type_support.c.o[0m
[3.952s] [ 50%] [32mBuilding CXX object CMakeFiles/status_interface__rosidl_typesupport_c.dir/rosidl_typesupport_c/status_interface/msg/system_status__type_support.cpp.o[0m
[3.953s] [ 53%] [32m[1mLinking CXX shared library libstatus_interface__rosidl_typesupport_cpp.so[0m
[3.959s] [ 56%] [32mBuilding CXX object CMakeFiles/status_interface__rosidl_typesupport_fastrtps_c.dir/rosidl_typesupport_fastrtps_c/status_interface/msg/detail/system_status__type_support_c.cpp.o[0m
[3.972s] [ 59%] [32m[1mLinking CXX shared library libstatus_interface__rosidl_typesupport_c.so[0m
[3.975s] [ 62%] [32m[1mLinking C shared library libstatus_interface__rosidl_typesupport_introspection_c.so[0m
[4.009s] [ 65%] [32m[1mLinking CXX shared library libstatus_interface__rosidl_typesupport_introspection_cpp.so[0m
[4.034s] [ 68%] [32m[1mLinking CXX shared library libstatus_interface__rosidl_typesupport_fastrtps_cpp.so[0m
[4.070s] [ 68%] Built target status_interface__rosidl_typesupport_c
[4.070s] [ 68%] Built target status_interface__rosidl_typesupport_cpp
[4.085s] [ 68%] Built target status_interface__rosidl_typesupport_introspection_c
[4.131s] [ 68%] Built target status_interface__rosidl_typesupport_introspection_cpp
[4.137s] [ 71%] [32m[1mLinking CXX shared library libstatus_interface__rosidl_typesupport_fastrtps_c.so[0m
[4.176s] [ 71%] Built target status_interface__rosidl_typesupport_fastrtps_cpp
[4.253s] [ 71%] Built target status_interface__rosidl_typesupport_fastrtps_c
[4.264s] [ 71%] Built target status_interface
[4.275s] [ 75%] [34m[1mGenerating Python code for ROS interfaces[0m
[4.553s] [ 75%] Built target status_interface__py
[4.564s] [ 78%] [32mBuilding C object CMakeFiles/status_interface__rosidl_generator_py.dir/rosidl_generator_py/status_interface/msg/_system_status_s.c.o[0m
[4.678s] [ 81%] [32m[1mLinking C shared library rosidl_generator_py/status_interface/libstatus_interface__rosidl_generator_py.so[0m
[4.811s] [ 81%] Built target status_interface__rosidl_generator_py
[4.822s] [ 90%] [32mBuilding C object CMakeFiles/status_interface__rosidl_typesupport_c__pyext.dir/rosidl_generator_py/status_interface/_status_interface_s.ep.rosidl_typesupport_c.c.o[0m
[4.822s] [ 90%] [32mBuilding C object CMakeFiles/status_interface__rosidl_typesupport_introspection_c__pyext.dir/rosidl_generator_py/status_interface/_status_interface_s.ep.rosidl_typesupport_introspection_c.c.o[0m
[4.822s] [ 90%] [32mBuilding C object CMakeFiles/status_interface__rosidl_typesupport_fastrtps_c__pyext.dir/rosidl_generator_py/status_interface/_status_interface_s.ep.rosidl_typesupport_fastrtps_c.c.o[0m
[4.875s] [ 93%] [32m[1mLinking C shared library rosidl_generator_py/status_interface/status_interface_s__rosidl_typesupport_fastrtps_c.cpython-310-x86_64-linux-gnu.so[0m
[4.876s] [ 96%] [32m[1mLinking C shared library rosidl_generator_py/status_interface/status_interface_s__rosidl_typesupport_introspection_c.cpython-310-x86_64-linux-gnu.so[0m
[4.877s] [100%] [32m[1mLinking C shared library rosidl_generator_py/status_interface/status_interface_s__rosidl_typesupport_c.cpython-310-x86_64-linux-gnu.so[0m
[4.961s] [100%] Built target status_interface__rosidl_typesupport_introspection_c__pyext
[4.961s] [100%] Built target status_interface__rosidl_typesupport_c__pyext
[4.961s] [100%] Built target status_interface__rosidl_typesupport_fastrtps_c__pyext
[4.968s] Invoked command in '/home/jinyicheng/auto_navigation/build/status_interface' returned '0': CMAKE_PREFIX_PATH=/opt/ros/humble /usr/bin/cmake --build /home/jinyicheng/auto_navigation/build/status_interface -- -j20 -l20
[4.976s] Invoking command in '/home/jinyicheng/auto_navigation/build/status_interface': CMAKE_PREFIX_PATH=/opt/ros/humble /usr/bin/cmake --install /home/jinyicheng/auto_navigation/build/status_interface
[4.980s] -- Install configuration: ""
[4.980s] -- Installing: /home/jinyicheng/auto_navigation/install/status_interface/share/ament_index/resource_index/rosidl_interfaces/status_interface
[4.981s] -- Installing: /home/jinyicheng/auto_navigation/install/status_interface/include/status_interface/status_interface
[4.981s] -- Installing: /home/jinyicheng/auto_navigation/install/status_interface/include/status_interface/status_interface/msg
[4.981s] -- Installing: /home/jinyicheng/auto_navigation/install/status_interface/include/status_interface/status_interface/msg/system_status.h
[4.981s] -- Installing: /home/jinyicheng/auto_navigation/install/status_interface/include/status_interface/status_interface/msg/rosidl_generator_c__visibility_control.h
[4.981s] -- Installing: /home/jinyicheng/auto_navigation/install/status_interface/include/status_interface/status_interface/msg/detail
[4.981s] -- Installing: /home/jinyicheng/auto_navigation/install/status_interface/include/status_interface/status_interface/msg/detail/system_status__functions.h
[4.981s] -- Installing: /home/jinyicheng/auto_navigation/install/status_interface/include/status_interface/status_interface/msg/detail/system_status__functions.c
[4.981s] -- Installing: /home/jinyicheng/auto_navigation/install/status_interface/include/status_interface/status_interface/msg/detail/system_status__type_support.h
[4.981s] -- Installing: /home/jinyicheng/auto_navigation/install/status_interface/include/status_interface/status_interface/msg/detail/system_status__struct.h
[4.982s] -- Installing: /home/jinyicheng/auto_navigation/install/status_interface/share/status_interface/environment/library_path.sh
[4.982s] -- Installing: /home/jinyicheng/auto_navigation/install/status_interface/share/status_interface/environment/library_path.dsv
[4.982s] -- Installing: /home/jinyicheng/auto_navigation/install/status_interface/lib/libstatus_interface__rosidl_generator_c.so
[4.982s] -- Set runtime path of "/home/jinyicheng/auto_navigation/install/status_interface/lib/libstatus_interface__rosidl_generator_c.so" to ""
[4.982s] -- Up-to-date: /home/jinyicheng/auto_navigation/install/status_interface/include/status_interface/status_interface
[4.982s] -- Up-to-date: /home/jinyicheng/auto_navigation/install/status_interface/include/status_interface/status_interface/msg
[4.982s] -- Installing: /home/jinyicheng/auto_navigation/install/status_interface/include/status_interface/status_interface/msg/rosidl_typesupport_fastrtps_c__visibility_control.h
[4.982s] -- Up-to-date: /home/jinyicheng/auto_navigation/install/status_interface/include/status_interface/status_interface/msg/detail
[4.982s] -- Installing: /home/jinyicheng/auto_navigation/install/status_interface/include/status_interface/status_interface/msg/detail/system_status__rosidl_typesupport_fastrtps_c.h
[4.983s] -- Installing: /home/jinyicheng/auto_navigation/install/status_interface/lib/libstatus_interface__rosidl_typesupport_fastrtps_c.so
[4.983s] -- Set runtime path of "/home/jinyicheng/auto_navigation/install/status_interface/lib/libstatus_interface__rosidl_typesupport_fastrtps_c.so" to ""
[4.983s] -- Up-to-date: /home/jinyicheng/auto_navigation/install/status_interface/include/status_interface/status_interface
[4.983s] -- Up-to-date: /home/jinyicheng/auto_navigation/install/status_interface/include/status_interface/status_interface/msg
[4.983s] -- Installing: /home/jinyicheng/auto_navigation/install/status_interface/include/status_interface/status_interface/msg/rosidl_generator_cpp__visibility_control.hpp
[4.983s] -- Installing: /home/jinyicheng/auto_navigation/install/status_interface/include/status_interface/status_interface/msg/system_status.hpp
[4.983s] -- Up-to-date: /home/jinyicheng/auto_navigation/install/status_interface/include/status_interface/status_interface/msg/detail
[4.983s] -- Installing: /home/jinyicheng/auto_navigation/install/status_interface/include/status_interface/status_interface/msg/detail/system_status__traits.hpp
[4.983s] -- Installing: /home/jinyicheng/auto_navigation/install/status_interface/include/status_interface/status_interface/msg/detail/system_status__builder.hpp
[4.983s] -- Installing: /home/jinyicheng/auto_navigation/install/status_interface/include/status_interface/status_interface/msg/detail/system_status__type_support.hpp
[4.983s] -- Installing: /home/jinyicheng/auto_navigation/install/status_interface/include/status_interface/status_interface/msg/detail/system_status__struct.hpp
[4.984s] -- Up-to-date: /home/jinyicheng/auto_navigation/install/status_interface/include/status_interface/status_interface
[4.984s] -- Up-to-date: /home/jinyicheng/auto_navigation/install/status_interface/include/status_interface/status_interface/msg
[4.984s] -- Installing: /home/jinyicheng/auto_navigation/install/status_interface/include/status_interface/status_interface/msg/rosidl_typesupport_fastrtps_cpp__visibility_control.h
[4.984s] -- Up-to-date: /home/jinyicheng/auto_navigation/install/status_interface/include/status_interface/status_interface/msg/detail
[4.984s] -- Installing: /home/jinyicheng/auto_navigation/install/status_interface/include/status_interface/status_interface/msg/detail/system_status__rosidl_typesupport_fastrtps_cpp.hpp
[4.984s] -- Installing: /home/jinyicheng/auto_navigation/install/status_interface/include/status_interface/status_interface/msg/detail/dds_fastrtps
[4.984s] -- Installing: /home/jinyicheng/auto_navigation/install/status_interface/lib/libstatus_interface__rosidl_typesupport_fastrtps_cpp.so
[4.984s] -- Set runtime path of "/home/jinyicheng/auto_navigation/install/status_interface/lib/libstatus_interface__rosidl_typesupport_fastrtps_cpp.so" to ""
[4.984s] -- Up-to-date: /home/jinyicheng/auto_navigation/install/status_interface/include/status_interface/status_interface
[4.985s] -- Up-to-date: /home/jinyicheng/auto_navigation/install/status_interface/include/status_interface/status_interface/msg
[4.985s] -- Installing: /home/jinyicheng/auto_navigation/install/status_interface/include/status_interface/status_interface/msg/rosidl_typesupport_introspection_c__visibility_control.h
[4.985s] -- Up-to-date: /home/jinyicheng/auto_navigation/install/status_interface/include/status_interface/status_interface/msg/detail
[4.985s] -- Installing: /home/jinyicheng/auto_navigation/install/status_interface/include/status_interface/status_interface/msg/detail/system_status__rosidl_typesupport_introspection_c.h
[4.985s] -- Installing: /home/jinyicheng/auto_navigation/install/status_interface/include/status_interface/status_interface/msg/detail/system_status__type_support.c
[4.985s] -- Installing: /home/jinyicheng/auto_navigation/install/status_interface/lib/libstatus_interface__rosidl_typesupport_introspection_c.so
[4.985s] -- Set runtime path of "/home/jinyicheng/auto_navigation/install/status_interface/lib/libstatus_interface__rosidl_typesupport_introspection_c.so" to ""
[4.985s] -- Installing: /home/jinyicheng/auto_navigation/install/status_interface/lib/libstatus_interface__rosidl_typesupport_c.so
[4.985s] -- Set runtime path of "/home/jinyicheng/auto_navigation/install/status_interface/lib/libstatus_interface__rosidl_typesupport_c.so" to ""
[4.985s] -- Up-to-date: /home/jinyicheng/auto_navigation/install/status_interface/include/status_interface/status_interface
[4.985s] -- Up-to-date: /home/jinyicheng/auto_navigation/install/status_interface/include/status_interface/status_interface/msg
[4.985s] -- Up-to-date: /home/jinyicheng/auto_navigation/install/status_interface/include/status_interface/status_interface/msg/detail
[4.985s] -- Installing: /home/jinyicheng/auto_navigation/install/status_interface/include/status_interface/status_interface/msg/detail/system_status__rosidl_typesupport_introspection_cpp.hpp
[4.985s] -- Installing: /home/jinyicheng/auto_navigation/install/status_interface/include/status_interface/status_interface/msg/detail/system_status__type_support.cpp
[4.985s] -- Installing: /home/jinyicheng/auto_navigation/install/status_interface/lib/libstatus_interface__rosidl_typesupport_introspection_cpp.so
[4.985s] -- Set runtime path of "/home/jinyicheng/auto_navigation/install/status_interface/lib/libstatus_interface__rosidl_typesupport_introspection_cpp.so" to ""
[4.986s] -- Installing: /home/jinyicheng/auto_navigation/install/status_interface/lib/libstatus_interface__rosidl_typesupport_cpp.so
[4.986s] -- Set runtime path of "/home/jinyicheng/auto_navigation/install/status_interface/lib/libstatus_interface__rosidl_typesupport_cpp.so" to ""
[4.986s] -- Installing: /home/jinyicheng/auto_navigation/install/status_interface/share/status_interface/environment/pythonpath.sh
[4.986s] -- Installing: /home/jinyicheng/auto_navigation/install/status_interface/share/status_interface/environment/pythonpath.dsv
[4.986s] -- Installing: /home/jinyicheng/auto_navigation/install/status_interface/local/lib/python3.10/dist-packages/status_interface-0.0.0-py3.10.egg-info
[4.986s] -- Installing: /home/jinyicheng/auto_navigation/install/status_interface/local/lib/python3.10/dist-packages/status_interface-0.0.0-py3.10.egg-info/top_level.txt
[4.986s] -- Installing: /home/jinyicheng/auto_navigation/install/status_interface/local/lib/python3.10/dist-packages/status_interface-0.0.0-py3.10.egg-info/dependency_links.txt
[4.986s] -- Installing: /home/jinyicheng/auto_navigation/install/status_interface/local/lib/python3.10/dist-packages/status_interface-0.0.0-py3.10.egg-info/SOURCES.txt
[4.986s] -- Installing: /home/jinyicheng/auto_navigation/install/status_interface/local/lib/python3.10/dist-packages/status_interface-0.0.0-py3.10.egg-info/PKG-INFO
[4.986s] -- Installing: /home/jinyicheng/auto_navigation/install/status_interface/local/lib/python3.10/dist-packages/status_interface
[4.986s] -- Installing: /home/jinyicheng/auto_navigation/install/status_interface/local/lib/python3.10/dist-packages/status_interface/status_interface_s__rosidl_typesupport_fastrtps_c.cpython-310-x86_64-linux-gnu.so
[4.986s] -- Installing: /home/jinyicheng/auto_navigation/install/status_interface/local/lib/python3.10/dist-packages/status_interface/_status_interface_s.ep.rosidl_typesupport_introspection_c.c
[4.986s] -- Installing: /home/jinyicheng/auto_navigation/install/status_interface/local/lib/python3.10/dist-packages/status_interface/msg
[4.986s] -- Installing: /home/jinyicheng/auto_navigation/install/status_interface/local/lib/python3.10/dist-packages/status_interface/msg/_system_status_s.c
[4.986s] -- Installing: /home/jinyicheng/auto_navigation/install/status_interface/local/lib/python3.10/dist-packages/status_interface/msg/_system_status.py
[4.986s] -- Installing: /home/jinyicheng/auto_navigation/install/status_interface/local/lib/python3.10/dist-packages/status_interface/msg/__init__.py
[4.986s] -- Installing: /home/jinyicheng/auto_navigation/install/status_interface/local/lib/python3.10/dist-packages/status_interface/_status_interface_s.ep.rosidl_typesupport_c.c
[4.986s] -- Installing: /home/jinyicheng/auto_navigation/install/status_interface/local/lib/python3.10/dist-packages/status_interface/_status_interface_s.ep.rosidl_typesupport_fastrtps_c.c
[4.986s] -- Installing: /home/jinyicheng/auto_navigation/install/status_interface/local/lib/python3.10/dist-packages/status_interface/status_interface_s__rosidl_typesupport_introspection_c.cpython-310-x86_64-linux-gnu.so
[4.986s] -- Installing: /home/jinyicheng/auto_navigation/install/status_interface/local/lib/python3.10/dist-packages/status_interface/libstatus_interface__rosidl_generator_py.so
[4.986s] -- Installing: /home/jinyicheng/auto_navigation/install/status_interface/local/lib/python3.10/dist-packages/status_interface/__init__.py
[4.986s] -- Installing: /home/jinyicheng/auto_navigation/install/status_interface/local/lib/python3.10/dist-packages/status_interface/status_interface_s__rosidl_typesupport_c.cpython-310-x86_64-linux-gnu.so
[5.007s] Listing '/home/jinyicheng/auto_navigation/install/status_interface/local/lib/python3.10/dist-packages/status_interface'...
[5.008s] Compiling '/home/jinyicheng/auto_navigation/install/status_interface/local/lib/python3.10/dist-packages/status_interface/__init__.py'...
[5.008s] Listing '/home/jinyicheng/auto_navigation/install/status_interface/local/lib/python3.10/dist-packages/status_interface/msg'...
[5.008s] Compiling '/home/jinyicheng/auto_navigation/install/status_interface/local/lib/python3.10/dist-packages/status_interface/msg/__init__.py'...
[5.008s] Compiling '/home/jinyicheng/auto_navigation/install/status_interface/local/lib/python3.10/dist-packages/status_interface/msg/_system_status.py'...
[5.011s] -- Installing: /home/jinyicheng/auto_navigation/install/status_interface/local/lib/python3.10/dist-packages/status_interface/status_interface_s__rosidl_typesupport_fastrtps_c.cpython-310-x86_64-linux-gnu.so
[5.011s] -- Set runtime path of "/home/jinyicheng/auto_navigation/install/status_interface/local/lib/python3.10/dist-packages/status_interface/status_interface_s__rosidl_typesupport_fastrtps_c.cpython-310-x86_64-linux-gnu.so" to ""
[5.011s] -- Installing: /home/jinyicheng/auto_navigation/install/status_interface/local/lib/python3.10/dist-packages/status_interface/status_interface_s__rosidl_typesupport_introspection_c.cpython-310-x86_64-linux-gnu.so
[5.011s] -- Set runtime path of "/home/jinyicheng/auto_navigation/install/status_interface/local/lib/python3.10/dist-packages/status_interface/status_interface_s__rosidl_typesupport_introspection_c.cpython-310-x86_64-linux-gnu.so" to ""
[5.011s] -- Installing: /home/jinyicheng/auto_navigation/install/status_interface/local/lib/python3.10/dist-packages/status_interface/status_interface_s__rosidl_typesupport_c.cpython-310-x86_64-linux-gnu.so
[5.011s] -- Set runtime path of "/home/jinyicheng/auto_navigation/install/status_interface/local/lib/python3.10/dist-packages/status_interface/status_interface_s__rosidl_typesupport_c.cpython-310-x86_64-linux-gnu.so" to ""
[5.011s] -- Installing: /home/jinyicheng/auto_navigation/install/status_interface/lib/libstatus_interface__rosidl_generator_py.so
[5.011s] -- Set runtime path of "/home/jinyicheng/auto_navigation/install/status_interface/lib/libstatus_interface__rosidl_generator_py.so" to ""
[5.012s] -- Installing: /home/jinyicheng/auto_navigation/install/status_interface/share/ament_index/resource_index/rust_packages/status_interface
[5.012s] -- Installing: /home/jinyicheng/auto_navigation/install/status_interface/share/status_interface/rust
[5.012s] -- Installing: /home/jinyicheng/auto_navigation/install/status_interface/share/status_interface/rust/src
[5.012s] -- Installing: /home/jinyicheng/auto_navigation/install/status_interface/share/status_interface/rust/src/msg
[5.012s] -- Installing: /home/jinyicheng/auto_navigation/install/status_interface/share/status_interface/rust/src/msg/rmw.rs
[5.012s] -- Installing: /home/jinyicheng/auto_navigation/install/status_interface/share/status_interface/rust/src/msg.rs
[5.012s] -- Installing: /home/jinyicheng/auto_navigation/install/status_interface/share/status_interface/rust/src/lib.rs
[5.012s] -- Installing: /home/jinyicheng/auto_navigation/install/status_interface/share/status_interface/rust/Cargo.toml
[5.012s] -- Installing: /home/jinyicheng/auto_navigation/install/status_interface/share/status_interface/rust/build.rs
[5.012s] -- Installing: /home/jinyicheng/auto_navigation/install/status_interface/share/status_interface/msg/SystemStatus.idl
[5.012s] -- Installing: /home/jinyicheng/auto_navigation/install/status_interface/share/status_interface/msg/SystemStatus.msg
[5.012s] -- Installing: /home/jinyicheng/auto_navigation/install/status_interface/share/ament_index/resource_index/package_run_dependencies/status_interface
[5.013s] -- Installing: /home/jinyicheng/auto_navigation/install/status_interface/share/ament_index/resource_index/parent_prefix_path/status_interface
[5.013s] -- Installing: /home/jinyicheng/auto_navigation/install/status_interface/share/status_interface/environment/ament_prefix_path.sh
[5.013s] -- Installing: /home/jinyicheng/auto_navigation/install/status_interface/share/status_interface/environment/ament_prefix_path.dsv
[5.013s] -- Installing: /home/jinyicheng/auto_navigation/install/status_interface/share/status_interface/environment/path.sh
[5.013s] -- Installing: /home/jinyicheng/auto_navigation/install/status_interface/share/status_interface/environment/path.dsv
[5.013s] -- Installing: /home/jinyicheng/auto_navigation/install/status_interface/share/status_interface/local_setup.bash
[5.013s] -- Installing: /home/jinyicheng/auto_navigation/install/status_interface/share/status_interface/local_setup.sh
[5.013s] -- Installing: /home/jinyicheng/auto_navigation/install/status_interface/share/status_interface/local_setup.zsh
[5.014s] -- Installing: /home/jinyicheng/auto_navigation/install/status_interface/share/status_interface/local_setup.dsv
[5.014s] -- Installing: /home/jinyicheng/auto_navigation/install/status_interface/share/status_interface/package.dsv
[5.014s] -- Installing: /home/jinyicheng/auto_navigation/install/status_interface/share/ament_index/resource_index/packages/status_interface
[5.014s] -- Installing: /home/jinyicheng/auto_navigation/install/status_interface/share/status_interface/cmake/export_status_interface__rosidl_generator_cExport.cmake
[5.014s] -- Installing: /home/jinyicheng/auto_navigation/install/status_interface/share/status_interface/cmake/export_status_interface__rosidl_generator_cExport-noconfig.cmake
[5.014s] -- Installing: /home/jinyicheng/auto_navigation/install/status_interface/share/status_interface/cmake/export_status_interface__rosidl_typesupport_fastrtps_cExport.cmake
[5.014s] -- Installing: /home/jinyicheng/auto_navigation/install/status_interface/share/status_interface/cmake/export_status_interface__rosidl_typesupport_fastrtps_cExport-noconfig.cmake
[5.014s] -- Installing: /home/jinyicheng/auto_navigation/install/status_interface/share/status_interface/cmake/export_status_interface__rosidl_generator_cppExport.cmake
[5.014s] -- Installing: /home/jinyicheng/auto_navigation/install/status_interface/share/status_interface/cmake/export_status_interface__rosidl_typesupport_fastrtps_cppExport.cmake
[5.015s] -- Installing: /home/jinyicheng/auto_navigation/install/status_interface/share/status_interface/cmake/export_status_interface__rosidl_typesupport_fastrtps_cppExport-noconfig.cmake
[5.015s] -- Installing: /home/jinyicheng/auto_navigation/install/status_interface/share/status_interface/cmake/status_interface__rosidl_typesupport_introspection_cExport.cmake
[5.015s] -- Installing: /home/jinyicheng/auto_navigation/install/status_interface/share/status_interface/cmake/status_interface__rosidl_typesupport_introspection_cExport-noconfig.cmake
[5.015s] -- Installing: /home/jinyicheng/auto_navigation/install/status_interface/share/status_interface/cmake/status_interface__rosidl_typesupport_cExport.cmake
[5.015s] -- Installing: /home/jinyicheng/auto_navigation/install/status_interface/share/status_interface/cmake/status_interface__rosidl_typesupport_cExport-noconfig.cmake
[5.015s] -- Installing: /home/jinyicheng/auto_navigation/install/status_interface/share/status_interface/cmake/status_interface__rosidl_typesupport_introspection_cppExport.cmake
[5.015s] -- Installing: /home/jinyicheng/auto_navigation/install/status_interface/share/status_interface/cmake/status_interface__rosidl_typesupport_introspection_cppExport-noconfig.cmake
[5.015s] -- Installing: /home/jinyicheng/auto_navigation/install/status_interface/share/status_interface/cmake/status_interface__rosidl_typesupport_cppExport.cmake
[5.016s] -- Installing: /home/jinyicheng/auto_navigation/install/status_interface/share/status_interface/cmake/status_interface__rosidl_typesupport_cppExport-noconfig.cmake
[5.016s] -- Installing: /home/jinyicheng/auto_navigation/install/status_interface/share/status_interface/cmake/export_status_interface__rosidl_generator_pyExport.cmake
[5.016s] -- Installing: /home/jinyicheng/auto_navigation/install/status_interface/share/status_interface/cmake/export_status_interface__rosidl_generator_pyExport-noconfig.cmake
[5.016s] -- Installing: /home/jinyicheng/auto_navigation/install/status_interface/share/status_interface/cmake/rosidl_cmake-extras.cmake
[5.016s] -- Installing: /home/jinyicheng/auto_navigation/install/status_interface/share/status_interface/cmake/ament_cmake_export_dependencies-extras.cmake
[5.016s] -- Installing: /home/jinyicheng/auto_navigation/install/status_interface/share/status_interface/cmake/ament_cmake_export_include_directories-extras.cmake
[5.016s] -- Installing: /home/jinyicheng/auto_navigation/install/status_interface/share/status_interface/cmake/ament_cmake_export_libraries-extras.cmake
[5.016s] -- Installing: /home/jinyicheng/auto_navigation/install/status_interface/share/status_interface/cmake/ament_cmake_export_targets-extras.cmake
[5.016s] -- Installing: /home/jinyicheng/auto_navigation/install/status_interface/share/status_interface/cmake/rosidl_cmake_export_typesupport_targets-extras.cmake
[5.016s] -- Installing: /home/jinyicheng/auto_navigation/install/status_interface/share/status_interface/cmake/rosidl_cmake_export_typesupport_libraries-extras.cmake
[5.016s] -- Installing: /home/jinyicheng/auto_navigation/install/status_interface/share/status_interface/cmake/status_interfaceConfig.cmake
[5.016s] -- Installing: /home/jinyicheng/auto_navigation/install/status_interface/share/status_interface/cmake/status_interfaceConfig-version.cmake
[5.017s] -- Installing: /home/jinyicheng/auto_navigation/install/status_interface/share/status_interface/package.xml
[5.017s] Invoked command in '/home/jinyicheng/auto_navigation/build/status_interface' returned '0': CMAKE_PREFIX_PATH=/opt/ros/humble /usr/bin/cmake --install /home/jinyicheng/auto_navigation/build/status_interface
