[0.593s] Invoking command in '/home/jinyicheng/auto_navigation/core/node1': PYTHONPATH=/home/jinyicheng/auto_navigation/build/node1/prefix_override:/usr/lib/python3/dist-packages/colcon_core/task/python/colcon_distutils_commands:/home/jinyicheng/auto_navigation/install/node1/lib/python3.10/site-packages:${PYTHONPATH} /usr/bin/python3 -W ignore:setup.py install is deprecated -W ignore:easy_install command is deprecated setup.py egg_info --egg-base ../../build/node1 build --build-base /home/jinyicheng/auto_navigation/build/node1/build install --record /home/jinyicheng/auto_navigation/build/node1/install.log --single-version-externally-managed install_data
[0.714s] running egg_info
[0.715s] writing ../../build/node1/node1.egg-info/PKG-INFO
[0.715s] writing dependency_links to ../../build/node1/node1.egg-info/dependency_links.txt
[0.715s] writing entry points to ../../build/node1/node1.egg-info/entry_points.txt
[0.715s] writing requirements to ../../build/node1/node1.egg-info/requires.txt
[0.715s] writing top-level names to ../../build/node1/node1.egg-info/top_level.txt
[0.716s] reading manifest file '../../build/node1/node1.egg-info/SOURCES.txt'
[0.717s] writing manifest file '../../build/node1/node1.egg-info/SOURCES.txt'
[0.717s] running build
[0.717s] running build_py
[0.718s] running install
[0.718s] running install_lib
[0.719s] running install_data
[0.719s] running install_egg_info
[0.720s] removing '/home/jinyicheng/auto_navigation/install/node1/lib/python3.10/site-packages/node1-0.0.0-py3.10.egg-info' (and everything under it)
[0.720s] Copying ../../build/node1/node1.egg-info to /home/jinyicheng/auto_navigation/install/node1/lib/python3.10/site-packages/node1-0.0.0-py3.10.egg-info
[0.721s] running install_scripts
[0.732s] Installing process1 script to /home/jinyicheng/auto_navigation/install/node1/lib/node1
[0.733s] Installing process_download_novel script to /home/jinyicheng/auto_navigation/install/node1/lib/node1
[0.733s] Installing process_learn_thread script to /home/jinyicheng/auto_navigation/install/node1/lib/node1
[0.733s] writing list of installed files to '/home/jinyicheng/auto_navigation/build/node1/install.log'
[0.749s] Invoked command in '/home/jinyicheng/auto_navigation/core/node1' returned '0': PYTHONPATH=/home/jinyicheng/auto_navigation/build/node1/prefix_override:/usr/lib/python3/dist-packages/colcon_core/task/python/colcon_distutils_commands:/home/jinyicheng/auto_navigation/install/node1/lib/python3.10/site-packages:${PYTHONPATH} /usr/bin/python3 -W ignore:setup.py install is deprecated -W ignore:easy_install command is deprecated setup.py egg_info --egg-base ../../build/node1 build --build-base /home/jinyicheng/auto_navigation/build/node1/build install --record /home/jinyicheng/auto_navigation/build/node1/install.log --single-version-externally-managed install_data
