[0.477s] Invoking command in '/home/jinyicheng/auto_navigation/core/status_publisher': PYTHONPATH=/home/jinyicheng/auto_navigation/build/status_publisher/prefix_override:/usr/lib/python3/dist-packages/colcon_core/task/python/colcon_distutils_commands:/home/jinyicheng/auto_navigation/install/status_publisher/lib/python3.10/site-packages:${PYTHONPATH} /usr/bin/python3 -W ignore:setup.py install is deprecated -W ignore:easy_install command is deprecated setup.py egg_info --egg-base ../../build/status_publisher build --build-base /home/jinyicheng/auto_navigation/build/status_publisher/build install --record /home/jinyicheng/auto_navigation/build/status_publisher/install.log --single-version-externally-managed install_data
[0.602s] running egg_info
[0.602s] writing ../../build/status_publisher/status_publisher.egg-info/PKG-INFO
[0.603s] writing dependency_links to ../../build/status_publisher/status_publisher.egg-info/dependency_links.txt
[0.603s] writing entry points to ../../build/status_publisher/status_publisher.egg-info/entry_points.txt
[0.603s] writing requirements to ../../build/status_publisher/status_publisher.egg-info/requires.txt
[0.603s] writing top-level names to ../../build/status_publisher/status_publisher.egg-info/top_level.txt
[0.604s] reading manifest file '../../build/status_publisher/status_publisher.egg-info/SOURCES.txt'
[0.604s] adding license file 'LICENSE'
[0.604s] writing manifest file '../../build/status_publisher/status_publisher.egg-info/SOURCES.txt'
[0.604s] running build
[0.604s] running build_py
[0.604s] running install
[0.605s] running install_lib
[0.605s] byte-compiling /home/jinyicheng/auto_navigation/install/status_publisher/lib/python3.10/site-packages/status_publisher/pub_sys_status.py to pub_sys_status.cpython-310.pyc
[0.606s] running install_data
[0.606s] running install_egg_info
[0.607s] removing '/home/jinyicheng/auto_navigation/install/status_publisher/lib/python3.10/site-packages/status_publisher-0.0.0-py3.10.egg-info' (and everything under it)
[0.607s] Copying ../../build/status_publisher/status_publisher.egg-info to /home/jinyicheng/auto_navigation/install/status_publisher/lib/python3.10/site-packages/status_publisher-0.0.0-py3.10.egg-info
[0.607s] running install_scripts
[0.619s] Installing process_pub_sys_status script to /home/jinyicheng/auto_navigation/install/status_publisher/lib/status_publisher
[0.619s] writing list of installed files to '/home/jinyicheng/auto_navigation/build/status_publisher/install.log'
[0.632s] Invoked command in '/home/jinyicheng/auto_navigation/core/status_publisher' returned '0': PYTHONPATH=/home/jinyicheng/auto_navigation/build/status_publisher/prefix_override:/usr/lib/python3/dist-packages/colcon_core/task/python/colcon_distutils_commands:/home/jinyicheng/auto_navigation/install/status_publisher/lib/python3.10/site-packages:${PYTHONPATH} /usr/bin/python3 -W ignore:setup.py install is deprecated -W ignore:easy_install command is deprecated setup.py egg_info --egg-base ../../build/status_publisher build --build-base /home/jinyicheng/auto_navigation/build/status_publisher/build install --record /home/jinyicheng/auto_navigation/build/status_publisher/install.log --single-version-externally-managed install_data
