[0.506s] Invoking command in '/home/jinyicheng/auto_navigation/core/status_publisher': PYTHONPATH=/home/jinyicheng/auto_navigation/build/status_publisher/prefix_override:/usr/lib/python3/dist-packages/colcon_core/task/python/colcon_distutils_commands:/home/jinyicheng/auto_navigation/install/status_publisher/lib/python3.10/site-packages:${PYTHONPATH} /usr/bin/python3 -W ignore:setup.py install is deprecated -W ignore:easy_install command is deprecated setup.py egg_info --egg-base ../../build/status_publisher build --build-base /home/jinyicheng/auto_navigation/build/status_publisher/build install --record /home/jinyicheng/auto_navigation/build/status_publisher/install.log --single-version-externally-managed install_data
[0.632s] running egg_info
[0.632s] writing ../../build/status_publisher/status_publisher.egg-info/PKG-INFO
[0.632s] writing dependency_links to ../../build/status_publisher/status_publisher.egg-info/dependency_links.txt
[0.632s] writing entry points to ../../build/status_publisher/status_publisher.egg-info/entry_points.txt
[0.633s] writing requirements to ../../build/status_publisher/status_publisher.egg-info/requires.txt
[0.633s] writing top-level names to ../../build/status_publisher/status_publisher.egg-info/top_level.txt
[0.633s] reading manifest file '../../build/status_publisher/status_publisher.egg-info/SOURCES.txt'
[0.634s] adding license file 'LICENSE'
[0.634s] writing manifest file '../../build/status_publisher/status_publisher.egg-info/SOURCES.txt'
[0.634s] running build
[0.634s] running build_py
[0.634s] running install
[0.635s] running install_lib
[0.635s] running install_data
[0.635s] running install_egg_info
[0.636s] removing '/home/jinyicheng/auto_navigation/install/status_publisher/lib/python3.10/site-packages/status_publisher-0.0.0-py3.10.egg-info' (and everything under it)
[0.637s] Copying ../../build/status_publisher/status_publisher.egg-info to /home/jinyicheng/auto_navigation/install/status_publisher/lib/python3.10/site-packages/status_publisher-0.0.0-py3.10.egg-info
[0.637s] running install_scripts
[0.648s] Installing process_pub_sys_status script to /home/jinyicheng/auto_navigation/install/status_publisher/lib/status_publisher
[0.649s] writing list of installed files to '/home/jinyicheng/auto_navigation/build/status_publisher/install.log'
[0.662s] Invoked command in '/home/jinyicheng/auto_navigation/core/status_publisher' returned '0': PYTHONPATH=/home/jinyicheng/auto_navigation/build/status_publisher/prefix_override:/usr/lib/python3/dist-packages/colcon_core/task/python/colcon_distutils_commands:/home/jinyicheng/auto_navigation/install/status_publisher/lib/python3.10/site-packages:${PYTHONPATH} /usr/bin/python3 -W ignore:setup.py install is deprecated -W ignore:easy_install command is deprecated setup.py egg_info --egg-base ../../build/status_publisher build --build-base /home/jinyicheng/auto_navigation/build/status_publisher/build install --record /home/jinyicheng/auto_navigation/build/status_publisher/install.log --single-version-externally-managed install_data
