[0.219s] DEBUG:colcon:Command line arguments: ['/usr/bin/colcon', 'build']
[0.219s] DEBUG:colcon:Parsed command line arguments: Namespace(log_base=None, log_level=None, verb_name='build', build_base='build', install_base='install', merge_install=False, symlink_install=False, test_result_base=None, continue_on_error=False, executor='parallel', parallel_workers=20, event_handlers=None, ignore_user_meta=False, metas=['./colcon.meta'], base_paths=['.'], packages_ignore=None, packages_ignore_regex=None, paths=None, packages_up_to=None, packages_up_to_regex=None, packages_above=None, packages_above_and_dependencies=None, packages_above_depth=None, packages_select_by_dep=None, packages_skip_by_dep=None, packages_skip_up_to=None, packages_select_build_failed=False, packages_skip_build_finished=False, packages_select_test_failures=False, packages_skip_test_passed=False, packages_select=None, packages_skip=None, packages_select_regex=None, packages_skip_regex=None, packages_start=None, packages_end=None, allow_overriding=[], cmake_args=None, cmake_target=None, cmake_target_skip_unavailable=False, cmake_clean_cache=False, cmake_clean_first=False, cmake_force_configure=False, ament_cmake_args=None, catkin_cmake_args=None, catkin_skip_building_tests=False, mixin_files=None, mixin=None, verb_parser=<colcon_mixin.mixin.mixin_argument.MixinArgumentDecorator object at 0x79266fa4fca0>, verb_extension=<colcon_core.verb.build.BuildVerb object at 0x79266fa4f7f0>, main=<bound method BuildVerb.main of <colcon_core.verb.build.BuildVerb object at 0x79266fa4f7f0>>, mixin_verb=('build',))
[0.469s] Level 1:colcon.colcon_core.package_discovery:discover_packages(colcon_meta) check parameters
[0.469s] Level 1:colcon.colcon_core.package_discovery:discover_packages(recursive) check parameters
[0.469s] Level 1:colcon.colcon_core.package_discovery:discover_packages(ignore) check parameters
[0.469s] Level 1:colcon.colcon_core.package_discovery:discover_packages(path) check parameters
[0.469s] Level 1:colcon.colcon_core.package_discovery:discover_packages(colcon_meta) discover
[0.469s] Level 1:colcon.colcon_core.package_discovery:discover_packages(recursive) discover
[0.469s] INFO:colcon.colcon_core.package_discovery:Crawling recursively for packages in '/home/jinyicheng/auto_navigation'
[0.469s] Level 1:colcon.colcon_core.package_identification:_identify(.) by extensions ['ignore', 'ignore_ament_install']
[0.469s] Level 1:colcon.colcon_core.package_identification:_identify(.) by extension 'ignore'
[0.469s] Level 1:colcon.colcon_core.package_identification:_identify(.) by extension 'ignore_ament_install'
[0.469s] Level 1:colcon.colcon_core.package_identification:_identify(.) by extensions ['colcon_pkg']
[0.469s] Level 1:colcon.colcon_core.package_identification:_identify(.) by extension 'colcon_pkg'
[0.469s] Level 1:colcon.colcon_core.package_identification:_identify(.) by extensions ['colcon_meta']
[0.469s] Level 1:colcon.colcon_core.package_identification:_identify(.) by extension 'colcon_meta'
[0.469s] Level 1:colcon.colcon_core.package_identification:_identify(.) by extensions ['ros']
[0.469s] Level 1:colcon.colcon_core.package_identification:_identify(.) by extension 'ros'
[0.503s] Level 1:colcon.colcon_core.package_identification:_identify(.) by extensions ['cmake', 'python']
[0.503s] Level 1:colcon.colcon_core.package_identification:_identify(.) by extension 'cmake'
[0.503s] Level 1:colcon.colcon_core.package_identification:_identify(.) by extension 'python'
[0.503s] Level 1:colcon.colcon_core.package_identification:_identify(.) by extensions ['python_setup_py']
[0.503s] Level 1:colcon.colcon_core.package_identification:_identify(.) by extension 'python_setup_py'
[0.504s] Level 1:colcon.colcon_core.package_identification:_identify(build) by extensions ['ignore', 'ignore_ament_install']
[0.504s] Level 1:colcon.colcon_core.package_identification:_identify(build) by extension 'ignore'
[0.504s] Level 1:colcon.colcon_core.package_identification:_identify(build) ignored
[0.504s] Level 1:colcon.colcon_core.package_identification:_identify(core) by extensions ['ignore', 'ignore_ament_install']
[0.504s] Level 1:colcon.colcon_core.package_identification:_identify(core) by extension 'ignore'
[0.504s] Level 1:colcon.colcon_core.package_identification:_identify(core) by extension 'ignore_ament_install'
[0.504s] Level 1:colcon.colcon_core.package_identification:_identify(core) by extensions ['colcon_pkg']
[0.504s] Level 1:colcon.colcon_core.package_identification:_identify(core) by extension 'colcon_pkg'
[0.504s] Level 1:colcon.colcon_core.package_identification:_identify(core) by extensions ['colcon_meta']
[0.504s] Level 1:colcon.colcon_core.package_identification:_identify(core) by extension 'colcon_meta'
[0.504s] Level 1:colcon.colcon_core.package_identification:_identify(core) by extensions ['ros']
[0.504s] Level 1:colcon.colcon_core.package_identification:_identify(core) by extension 'ros'
[0.504s] Level 1:colcon.colcon_core.package_identification:_identify(core) by extensions ['cmake', 'python']
[0.504s] Level 1:colcon.colcon_core.package_identification:_identify(core) by extension 'cmake'
[0.504s] Level 1:colcon.colcon_core.package_identification:_identify(core) by extension 'python'
[0.504s] Level 1:colcon.colcon_core.package_identification:_identify(core) by extensions ['python_setup_py']
[0.504s] Level 1:colcon.colcon_core.package_identification:_identify(core) by extension 'python_setup_py'
[0.505s] Level 1:colcon.colcon_core.package_identification:_identify(core/node1) by extensions ['ignore', 'ignore_ament_install']
[0.505s] Level 1:colcon.colcon_core.package_identification:_identify(core/node1) by extension 'ignore'
[0.505s] Level 1:colcon.colcon_core.package_identification:_identify(core/node1) by extension 'ignore_ament_install'
[0.505s] Level 1:colcon.colcon_core.package_identification:_identify(core/node1) by extensions ['colcon_pkg']
[0.505s] Level 1:colcon.colcon_core.package_identification:_identify(core/node1) by extension 'colcon_pkg'
[0.505s] Level 1:colcon.colcon_core.package_identification:_identify(core/node1) by extensions ['colcon_meta']
[0.505s] Level 1:colcon.colcon_core.package_identification:_identify(core/node1) by extension 'colcon_meta'
[0.505s] Level 1:colcon.colcon_core.package_identification:_identify(core/node1) by extensions ['ros']
[0.505s] Level 1:colcon.colcon_core.package_identification:_identify(core/node1) by extension 'ros'
[0.507s] DEBUG:colcon.colcon_core.package_identification:Package 'core/node1' with type 'ros.ament_python' and name 'node1'
[0.508s] Level 1:colcon.colcon_core.package_identification:_identify(core/node2) by extensions ['ignore', 'ignore_ament_install']
[0.508s] Level 1:colcon.colcon_core.package_identification:_identify(core/node2) by extension 'ignore'
[0.508s] Level 1:colcon.colcon_core.package_identification:_identify(core/node2) by extension 'ignore_ament_install'
[0.508s] Level 1:colcon.colcon_core.package_identification:_identify(core/node2) by extensions ['colcon_pkg']
[0.508s] Level 1:colcon.colcon_core.package_identification:_identify(core/node2) by extension 'colcon_pkg'
[0.508s] Level 1:colcon.colcon_core.package_identification:_identify(core/node2) by extensions ['colcon_meta']
[0.508s] Level 1:colcon.colcon_core.package_identification:_identify(core/node2) by extension 'colcon_meta'
[0.508s] Level 1:colcon.colcon_core.package_identification:_identify(core/node2) by extensions ['ros']
[0.508s] Level 1:colcon.colcon_core.package_identification:_identify(core/node2) by extension 'ros'
[0.509s] DEBUG:colcon.colcon_core.package_identification:Package 'core/node2' with type 'ros.ament_python' and name 'node2'
[0.509s] Level 1:colcon.colcon_core.package_identification:_identify(core/status_interface) by extensions ['ignore', 'ignore_ament_install']
[0.509s] Level 1:colcon.colcon_core.package_identification:_identify(core/status_interface) by extension 'ignore'
[0.509s] Level 1:colcon.colcon_core.package_identification:_identify(core/status_interface) by extension 'ignore_ament_install'
[0.509s] Level 1:colcon.colcon_core.package_identification:_identify(core/status_interface) by extensions ['colcon_pkg']
[0.509s] Level 1:colcon.colcon_core.package_identification:_identify(core/status_interface) by extension 'colcon_pkg'
[0.509s] Level 1:colcon.colcon_core.package_identification:_identify(core/status_interface) by extensions ['colcon_meta']
[0.509s] Level 1:colcon.colcon_core.package_identification:_identify(core/status_interface) by extension 'colcon_meta'
[0.509s] Level 1:colcon.colcon_core.package_identification:_identify(core/status_interface) by extensions ['ros']
[0.509s] Level 1:colcon.colcon_core.package_identification:_identify(core/status_interface) by extension 'ros'
[0.510s] DEBUG:colcon.colcon_core.package_identification:Package 'core/status_interface' with type 'ros.ament_cmake' and name 'status_interface'
[0.510s] Level 1:colcon.colcon_core.package_identification:_identify(core/status_publisher) by extensions ['ignore', 'ignore_ament_install']
[0.510s] Level 1:colcon.colcon_core.package_identification:_identify(core/status_publisher) by extension 'ignore'
[0.510s] Level 1:colcon.colcon_core.package_identification:_identify(core/status_publisher) by extension 'ignore_ament_install'
[0.510s] Level 1:colcon.colcon_core.package_identification:_identify(core/status_publisher) by extensions ['colcon_pkg']
[0.510s] Level 1:colcon.colcon_core.package_identification:_identify(core/status_publisher) by extension 'colcon_pkg'
[0.510s] Level 1:colcon.colcon_core.package_identification:_identify(core/status_publisher) by extensions ['colcon_meta']
[0.510s] Level 1:colcon.colcon_core.package_identification:_identify(core/status_publisher) by extension 'colcon_meta'
[0.510s] Level 1:colcon.colcon_core.package_identification:_identify(core/status_publisher) by extensions ['ros']
[0.510s] Level 1:colcon.colcon_core.package_identification:_identify(core/status_publisher) by extension 'ros'
[0.511s] DEBUG:colcon.colcon_core.package_identification:Package 'core/status_publisher' with type 'ros.ament_python' and name 'status_publisher'
[0.511s] Level 1:colcon.colcon_core.package_identification:_identify(core/status_sub_and_disp) by extensions ['ignore', 'ignore_ament_install']
[0.511s] Level 1:colcon.colcon_core.package_identification:_identify(core/status_sub_and_disp) by extension 'ignore'
[0.511s] Level 1:colcon.colcon_core.package_identification:_identify(core/status_sub_and_disp) by extension 'ignore_ament_install'
[0.511s] Level 1:colcon.colcon_core.package_identification:_identify(core/status_sub_and_disp) by extensions ['colcon_pkg']
[0.511s] Level 1:colcon.colcon_core.package_identification:_identify(core/status_sub_and_disp) by extension 'colcon_pkg'
[0.511s] Level 1:colcon.colcon_core.package_identification:_identify(core/status_sub_and_disp) by extensions ['colcon_meta']
[0.511s] Level 1:colcon.colcon_core.package_identification:_identify(core/status_sub_and_disp) by extension 'colcon_meta'
[0.511s] Level 1:colcon.colcon_core.package_identification:_identify(core/status_sub_and_disp) by extensions ['ros']
[0.511s] Level 1:colcon.colcon_core.package_identification:_identify(core/status_sub_and_disp) by extension 'ros'
[0.512s] DEBUG:colcon.colcon_core.package_identification:Package 'core/status_sub_and_disp' with type 'ros.ament_cmake' and name 'status_sub_and_disp'
[0.512s] Level 1:colcon.colcon_core.package_identification:_identify(install) by extensions ['ignore', 'ignore_ament_install']
[0.512s] Level 1:colcon.colcon_core.package_identification:_identify(install) by extension 'ignore'
[0.512s] Level 1:colcon.colcon_core.package_identification:_identify(install) ignored
[0.512s] Level 1:colcon.colcon_core.package_identification:_identify(log) by extensions ['ignore', 'ignore_ament_install']
[0.512s] Level 1:colcon.colcon_core.package_identification:_identify(log) by extension 'ignore'
[0.512s] Level 1:colcon.colcon_core.package_identification:_identify(log) ignored
[0.512s] Level 1:colcon.colcon_core.package_discovery:discover_packages(recursive) using defaults
[0.512s] Level 1:colcon.colcon_core.package_discovery:discover_packages(ignore) discover
[0.512s] Level 1:colcon.colcon_core.package_discovery:discover_packages(ignore) using defaults
[0.512s] Level 1:colcon.colcon_core.package_discovery:discover_packages(path) discover
[0.512s] Level 1:colcon.colcon_core.package_discovery:discover_packages(path) using defaults
[0.536s] Level 1:colcon.colcon_core.package_discovery:discover_packages(prefix_path) check parameters
[0.536s] Level 1:colcon.colcon_core.package_discovery:discover_packages(prefix_path) discover
[0.541s] DEBUG:colcon.colcon_installed_package_information.package_discovery:Found 5 installed packages in /home/jinyicheng/auto_navigation/install
[0.541s] DEBUG:colcon.colcon_installed_package_information.package_discovery:Found 273 installed packages in /opt/ros/humble
[0.542s] Level 1:colcon.colcon_core.package_discovery:discover_packages(prefix_path) using defaults
[0.605s] Level 5:colcon.colcon_core.verb:set package 'node1' build argument 'cmake_args' from command line to 'None'
[0.605s] Level 5:colcon.colcon_core.verb:set package 'node1' build argument 'cmake_target' from command line to 'None'
[0.605s] Level 5:colcon.colcon_core.verb:set package 'node1' build argument 'cmake_target_skip_unavailable' from command line to 'False'
[0.605s] Level 5:colcon.colcon_core.verb:set package 'node1' build argument 'cmake_clean_cache' from command line to 'False'
[0.605s] Level 5:colcon.colcon_core.verb:set package 'node1' build argument 'cmake_clean_first' from command line to 'False'
[0.605s] Level 5:colcon.colcon_core.verb:set package 'node1' build argument 'cmake_force_configure' from command line to 'False'
[0.605s] Level 5:colcon.colcon_core.verb:set package 'node1' build argument 'ament_cmake_args' from command line to 'None'
[0.605s] Level 5:colcon.colcon_core.verb:set package 'node1' build argument 'catkin_cmake_args' from command line to 'None'
[0.605s] Level 5:colcon.colcon_core.verb:set package 'node1' build argument 'catkin_skip_building_tests' from command line to 'False'
[0.605s] DEBUG:colcon.colcon_core.verb:Building package 'node1' with the following arguments: {'ament_cmake_args': None, 'build_base': '/home/jinyicheng/auto_navigation/build/node1', 'catkin_cmake_args': None, 'catkin_skip_building_tests': False, 'cmake_args': None, 'cmake_clean_cache': False, 'cmake_clean_first': False, 'cmake_force_configure': False, 'cmake_target': None, 'cmake_target_skip_unavailable': False, 'install_base': '/home/jinyicheng/auto_navigation/install/node1', 'merge_install': False, 'path': '/home/jinyicheng/auto_navigation/core/node1', 'symlink_install': False, 'test_result_base': None}
[0.606s] Level 5:colcon.colcon_core.verb:set package 'node2' build argument 'cmake_args' from command line to 'None'
[0.606s] Level 5:colcon.colcon_core.verb:set package 'node2' build argument 'cmake_target' from command line to 'None'
[0.606s] Level 5:colcon.colcon_core.verb:set package 'node2' build argument 'cmake_target_skip_unavailable' from command line to 'False'
[0.606s] Level 5:colcon.colcon_core.verb:set package 'node2' build argument 'cmake_clean_cache' from command line to 'False'
[0.606s] Level 5:colcon.colcon_core.verb:set package 'node2' build argument 'cmake_clean_first' from command line to 'False'
[0.606s] Level 5:colcon.colcon_core.verb:set package 'node2' build argument 'cmake_force_configure' from command line to 'False'
[0.606s] Level 5:colcon.colcon_core.verb:set package 'node2' build argument 'ament_cmake_args' from command line to 'None'
[0.606s] Level 5:colcon.colcon_core.verb:set package 'node2' build argument 'catkin_cmake_args' from command line to 'None'
[0.606s] Level 5:colcon.colcon_core.verb:set package 'node2' build argument 'catkin_skip_building_tests' from command line to 'False'
[0.606s] DEBUG:colcon.colcon_core.verb:Building package 'node2' with the following arguments: {'ament_cmake_args': None, 'build_base': '/home/jinyicheng/auto_navigation/build/node2', 'catkin_cmake_args': None, 'catkin_skip_building_tests': False, 'cmake_args': None, 'cmake_clean_cache': False, 'cmake_clean_first': False, 'cmake_force_configure': False, 'cmake_target': None, 'cmake_target_skip_unavailable': False, 'install_base': '/home/jinyicheng/auto_navigation/install/node2', 'merge_install': False, 'path': '/home/jinyicheng/auto_navigation/core/node2', 'symlink_install': False, 'test_result_base': None}
[0.606s] Level 5:colcon.colcon_core.verb:set package 'status_interface' build argument 'cmake_args' from command line to 'None'
[0.606s] Level 5:colcon.colcon_core.verb:set package 'status_interface' build argument 'cmake_target' from command line to 'None'
[0.606s] Level 5:colcon.colcon_core.verb:set package 'status_interface' build argument 'cmake_target_skip_unavailable' from command line to 'False'
[0.606s] Level 5:colcon.colcon_core.verb:set package 'status_interface' build argument 'cmake_clean_cache' from command line to 'False'
[0.606s] Level 5:colcon.colcon_core.verb:set package 'status_interface' build argument 'cmake_clean_first' from command line to 'False'
[0.606s] Level 5:colcon.colcon_core.verb:set package 'status_interface' build argument 'cmake_force_configure' from command line to 'False'
[0.606s] Level 5:colcon.colcon_core.verb:set package 'status_interface' build argument 'ament_cmake_args' from command line to 'None'
[0.606s] Level 5:colcon.colcon_core.verb:set package 'status_interface' build argument 'catkin_cmake_args' from command line to 'None'
[0.606s] Level 5:colcon.colcon_core.verb:set package 'status_interface' build argument 'catkin_skip_building_tests' from command line to 'False'
[0.606s] DEBUG:colcon.colcon_core.verb:Building package 'status_interface' with the following arguments: {'ament_cmake_args': None, 'build_base': '/home/jinyicheng/auto_navigation/build/status_interface', 'catkin_cmake_args': None, 'catkin_skip_building_tests': False, 'cmake_args': None, 'cmake_clean_cache': False, 'cmake_clean_first': False, 'cmake_force_configure': False, 'cmake_target': None, 'cmake_target_skip_unavailable': False, 'install_base': '/home/jinyicheng/auto_navigation/install/status_interface', 'merge_install': False, 'path': '/home/jinyicheng/auto_navigation/core/status_interface', 'symlink_install': False, 'test_result_base': None}
[0.606s] Level 5:colcon.colcon_core.verb:set package 'status_publisher' build argument 'cmake_args' from command line to 'None'
[0.606s] Level 5:colcon.colcon_core.verb:set package 'status_publisher' build argument 'cmake_target' from command line to 'None'
[0.607s] Level 5:colcon.colcon_core.verb:set package 'status_publisher' build argument 'cmake_target_skip_unavailable' from command line to 'False'
[0.607s] Level 5:colcon.colcon_core.verb:set package 'status_publisher' build argument 'cmake_clean_cache' from command line to 'False'
[0.607s] Level 5:colcon.colcon_core.verb:set package 'status_publisher' build argument 'cmake_clean_first' from command line to 'False'
[0.607s] Level 5:colcon.colcon_core.verb:set package 'status_publisher' build argument 'cmake_force_configure' from command line to 'False'
[0.607s] Level 5:colcon.colcon_core.verb:set package 'status_publisher' build argument 'ament_cmake_args' from command line to 'None'
[0.607s] Level 5:colcon.colcon_core.verb:set package 'status_publisher' build argument 'catkin_cmake_args' from command line to 'None'
[0.607s] Level 5:colcon.colcon_core.verb:set package 'status_publisher' build argument 'catkin_skip_building_tests' from command line to 'False'
[0.607s] DEBUG:colcon.colcon_core.verb:Building package 'status_publisher' with the following arguments: {'ament_cmake_args': None, 'build_base': '/home/jinyicheng/auto_navigation/build/status_publisher', 'catkin_cmake_args': None, 'catkin_skip_building_tests': False, 'cmake_args': None, 'cmake_clean_cache': False, 'cmake_clean_first': False, 'cmake_force_configure': False, 'cmake_target': None, 'cmake_target_skip_unavailable': False, 'install_base': '/home/jinyicheng/auto_navigation/install/status_publisher', 'merge_install': False, 'path': '/home/jinyicheng/auto_navigation/core/status_publisher', 'symlink_install': False, 'test_result_base': None}
[0.607s] Level 5:colcon.colcon_core.verb:set package 'status_sub_and_disp' build argument 'cmake_args' from command line to 'None'
[0.607s] Level 5:colcon.colcon_core.verb:set package 'status_sub_and_disp' build argument 'cmake_target' from command line to 'None'
[0.607s] Level 5:colcon.colcon_core.verb:set package 'status_sub_and_disp' build argument 'cmake_target_skip_unavailable' from command line to 'False'
[0.607s] Level 5:colcon.colcon_core.verb:set package 'status_sub_and_disp' build argument 'cmake_clean_cache' from command line to 'False'
[0.607s] Level 5:colcon.colcon_core.verb:set package 'status_sub_and_disp' build argument 'cmake_clean_first' from command line to 'False'
[0.607s] Level 5:colcon.colcon_core.verb:set package 'status_sub_and_disp' build argument 'cmake_force_configure' from command line to 'False'
[0.607s] Level 5:colcon.colcon_core.verb:set package 'status_sub_and_disp' build argument 'ament_cmake_args' from command line to 'None'
[0.607s] Level 5:colcon.colcon_core.verb:set package 'status_sub_and_disp' build argument 'catkin_cmake_args' from command line to 'None'
[0.607s] Level 5:colcon.colcon_core.verb:set package 'status_sub_and_disp' build argument 'catkin_skip_building_tests' from command line to 'False'
[0.607s] DEBUG:colcon.colcon_core.verb:Building package 'status_sub_and_disp' with the following arguments: {'ament_cmake_args': None, 'build_base': '/home/jinyicheng/auto_navigation/build/status_sub_and_disp', 'catkin_cmake_args': None, 'catkin_skip_building_tests': False, 'cmake_args': None, 'cmake_clean_cache': False, 'cmake_clean_first': False, 'cmake_force_configure': False, 'cmake_target': None, 'cmake_target_skip_unavailable': False, 'install_base': '/home/jinyicheng/auto_navigation/install/status_sub_and_disp', 'merge_install': False, 'path': '/home/jinyicheng/auto_navigation/core/status_sub_and_disp', 'symlink_install': False, 'test_result_base': None}
[0.607s] INFO:colcon.colcon_core.executor:Executing jobs using 'parallel' executor
[0.608s] DEBUG:colcon.colcon_parallel_executor.executor.parallel:run_until_complete
[0.608s] INFO:colcon.colcon_ros.task.ament_cmake.build:Building ROS package in '/home/jinyicheng/auto_navigation/core/status_interface' with build type 'ament_cmake'
[0.608s] INFO:colcon.colcon_cmake.task.cmake.build:Building CMake package in '/home/jinyicheng/auto_navigation/core/status_interface'
[0.612s] INFO:colcon.colcon_core.plugin_system:Skipping extension 'colcon_core.shell.bat': Not used on non-Windows systems
[0.612s] INFO:colcon.colcon_core.shell:Skip shell extension 'powershell' for command environment: Not usable outside of PowerShell
[0.612s] DEBUG:colcon.colcon_core.shell:Skip shell extension 'dsv' for command environment
[0.615s] INFO:colcon.colcon_ros.task.ament_python.build:Building ROS package in '/home/jinyicheng/auto_navigation/core/node1' with build type 'ament_python'
[0.615s] Level 1:colcon.colcon_core.shell:create_environment_hook('node1', 'ament_prefix_path')
[0.615s] INFO:colcon.colcon_core.shell:Creating environment hook '/home/jinyicheng/auto_navigation/install/node1/share/node1/hook/ament_prefix_path.ps1'
[0.616s] INFO:colcon.colcon_core.shell:Creating environment descriptor '/home/jinyicheng/auto_navigation/install/node1/share/node1/hook/ament_prefix_path.dsv'
[0.616s] INFO:colcon.colcon_core.shell:Creating environment hook '/home/jinyicheng/auto_navigation/install/node1/share/node1/hook/ament_prefix_path.sh'
[0.617s] INFO:colcon.colcon_core.shell:Skip shell extension 'powershell' for command environment: Not usable outside of PowerShell
[0.618s] DEBUG:colcon.colcon_core.shell:Skip shell extension 'dsv' for command environment
[0.619s] INFO:colcon.colcon_ros.task.ament_python.build:Building ROS package in '/home/jinyicheng/auto_navigation/core/node2' with build type 'ament_python'
[0.619s] Level 1:colcon.colcon_core.shell:create_environment_hook('node2', 'ament_prefix_path')
[0.620s] INFO:colcon.colcon_core.shell:Creating environment hook '/home/jinyicheng/auto_navigation/install/node2/share/node2/hook/ament_prefix_path.ps1'
[0.620s] INFO:colcon.colcon_core.shell:Creating environment descriptor '/home/jinyicheng/auto_navigation/install/node2/share/node2/hook/ament_prefix_path.dsv'
[0.620s] INFO:colcon.colcon_core.shell:Creating environment hook '/home/jinyicheng/auto_navigation/install/node2/share/node2/hook/ament_prefix_path.sh'
[0.621s] INFO:colcon.colcon_core.shell:Skip shell extension 'powershell' for command environment: Not usable outside of PowerShell
[0.621s] DEBUG:colcon.colcon_core.shell:Skip shell extension 'dsv' for command environment
[0.629s] DEBUG:colcon.colcon_core.event_handler.log_command:Invoking command in '/home/jinyicheng/auto_navigation/build/status_interface': CMAKE_PREFIX_PATH=${CMAKE_PREFIX_PATH}:/home/jinyicheng/auto_navigation/install/status_publisher:/home/jinyicheng/auto_navigation/install/node2:/home/jinyicheng/auto_navigation/install/node1:/opt/ros/humble /usr/bin/cmake --build /home/jinyicheng/auto_navigation/build/status_interface -- -j20 -l20
[0.769s] INFO:colcon.colcon_core.task.python.build:Building Python package in '/home/jinyicheng/auto_navigation/core/node1'
[0.769s] INFO:colcon.colcon_core.shell:Skip shell extension 'powershell' for command environment: Not usable outside of PowerShell
[0.769s] DEBUG:colcon.colcon_core.shell:Skip shell extension 'dsv' for command environment
[0.911s] INFO:colcon.colcon_core.task.python.build:Building Python package in '/home/jinyicheng/auto_navigation/core/node2'
[0.912s] INFO:colcon.colcon_core.shell:Skip shell extension 'powershell' for command environment: Not usable outside of PowerShell
[0.912s] DEBUG:colcon.colcon_core.shell:Skip shell extension 'dsv' for command environment
[0.916s] DEBUG:colcon.colcon_core.event_handler.log_command:Invoked command in '/home/jinyicheng/auto_navigation/build/status_interface' returned '0': CMAKE_PREFIX_PATH=${CMAKE_PREFIX_PATH}:/home/jinyicheng/auto_navigation/install/status_publisher:/home/jinyicheng/auto_navigation/install/node2:/home/jinyicheng/auto_navigation/install/node1:/opt/ros/humble /usr/bin/cmake --build /home/jinyicheng/auto_navigation/build/status_interface -- -j20 -l20
[0.923s] DEBUG:colcon.colcon_core.event_handler.log_command:Invoking command in '/home/jinyicheng/auto_navigation/build/status_interface': CMAKE_PREFIX_PATH=${CMAKE_PREFIX_PATH}:/home/jinyicheng/auto_navigation/install/status_publisher:/home/jinyicheng/auto_navigation/install/node2:/home/jinyicheng/auto_navigation/install/node1:/opt/ros/humble /usr/bin/cmake --install /home/jinyicheng/auto_navigation/build/status_interface
[0.969s] Level 1:colcon.colcon_core.environment:create_environment_scripts_only(status_interface)
[0.970s] DEBUG:colcon.colcon_core.event_handler.log_command:Invoked command in '/home/jinyicheng/auto_navigation/build/status_interface' returned '0': CMAKE_PREFIX_PATH=${CMAKE_PREFIX_PATH}:/home/jinyicheng/auto_navigation/install/status_publisher:/home/jinyicheng/auto_navigation/install/node2:/home/jinyicheng/auto_navigation/install/node1:/opt/ros/humble /usr/bin/cmake --install /home/jinyicheng/auto_navigation/build/status_interface
[0.974s] Level 1:colcon.colcon_core.environment:checking '/home/jinyicheng/auto_navigation/install/status_interface' for CMake module files
[0.974s] Level 1:colcon.colcon_core.environment:checking '/home/jinyicheng/auto_navigation/install/status_interface' for CMake config files
[0.976s] Level 1:colcon.colcon_core.shell:create_environment_hook('status_interface', 'cmake_prefix_path')
[0.977s] INFO:colcon.colcon_core.shell:Creating environment hook '/home/jinyicheng/auto_navigation/install/status_interface/share/status_interface/hook/cmake_prefix_path.ps1'
[0.977s] INFO:colcon.colcon_core.shell:Creating environment descriptor '/home/jinyicheng/auto_navigation/install/status_interface/share/status_interface/hook/cmake_prefix_path.dsv'
[0.977s] INFO:colcon.colcon_core.shell:Creating environment hook '/home/jinyicheng/auto_navigation/install/status_interface/share/status_interface/hook/cmake_prefix_path.sh'
[0.977s] Level 1:colcon.colcon_core.environment:checking '/home/jinyicheng/auto_navigation/install/status_interface/lib'
[0.977s] Level 1:colcon.colcon_core.shell:create_environment_hook('status_interface', 'ld_library_path_lib')
[0.978s] INFO:colcon.colcon_core.shell:Creating environment hook '/home/jinyicheng/auto_navigation/install/status_interface/share/status_interface/hook/ld_library_path_lib.ps1'
[0.978s] INFO:colcon.colcon_core.shell:Creating environment descriptor '/home/jinyicheng/auto_navigation/install/status_interface/share/status_interface/hook/ld_library_path_lib.dsv'
[0.978s] INFO:colcon.colcon_core.shell:Creating environment hook '/home/jinyicheng/auto_navigation/install/status_interface/share/status_interface/hook/ld_library_path_lib.sh'
[0.978s] Level 1:colcon.colcon_core.environment:checking '/home/jinyicheng/auto_navigation/install/status_interface/bin'
[0.978s] Level 1:colcon.colcon_core.environment:checking '/home/jinyicheng/auto_navigation/install/status_interface/lib/pkgconfig/status_interface.pc'
[0.978s] Level 1:colcon.colcon_core.environment:checking '/home/jinyicheng/auto_navigation/install/status_interface/lib/python3.10/site-packages'
[0.979s] Level 1:colcon.colcon_core.environment:checking '/home/jinyicheng/auto_navigation/install/status_interface/bin'
[0.979s] INFO:colcon.colcon_core.shell:Creating package script '/home/jinyicheng/auto_navigation/install/status_interface/share/status_interface/package.ps1'
[0.980s] INFO:colcon.colcon_core.shell:Creating package descriptor '/home/jinyicheng/auto_navigation/install/status_interface/share/status_interface/package.dsv'
[0.980s] INFO:colcon.colcon_core.shell:Creating package script '/home/jinyicheng/auto_navigation/install/status_interface/share/status_interface/package.sh'
[0.981s] INFO:colcon.colcon_core.shell:Creating package script '/home/jinyicheng/auto_navigation/install/status_interface/share/status_interface/package.bash'
[0.982s] INFO:colcon.colcon_core.shell:Creating package script '/home/jinyicheng/auto_navigation/install/status_interface/share/status_interface/package.zsh'
[0.982s] Level 1:colcon.colcon_core.environment:create_file_with_runtime_dependencies(/home/jinyicheng/auto_navigation/install/status_interface/share/colcon-core/packages/status_interface)
[0.983s] Level 1:colcon.colcon_core.environment:create_environment_scripts_only(status_interface)
[0.983s] Level 1:colcon.colcon_core.environment:checking '/home/jinyicheng/auto_navigation/install/status_interface' for CMake module files
[0.983s] Level 1:colcon.colcon_core.environment:checking '/home/jinyicheng/auto_navigation/install/status_interface' for CMake config files
[0.983s] Level 1:colcon.colcon_core.shell:create_environment_hook('status_interface', 'cmake_prefix_path')
[0.984s] INFO:colcon.colcon_core.shell:Creating environment hook '/home/jinyicheng/auto_navigation/install/status_interface/share/status_interface/hook/cmake_prefix_path.ps1'
[0.984s] INFO:colcon.colcon_core.shell:Creating environment descriptor '/home/jinyicheng/auto_navigation/install/status_interface/share/status_interface/hook/cmake_prefix_path.dsv'
[0.984s] INFO:colcon.colcon_core.shell:Creating environment hook '/home/jinyicheng/auto_navigation/install/status_interface/share/status_interface/hook/cmake_prefix_path.sh'
[0.984s] Level 1:colcon.colcon_core.environment:checking '/home/jinyicheng/auto_navigation/install/status_interface/lib'
[0.984s] Level 1:colcon.colcon_core.shell:create_environment_hook('status_interface', 'ld_library_path_lib')
[0.985s] INFO:colcon.colcon_core.shell:Creating environment hook '/home/jinyicheng/auto_navigation/install/status_interface/share/status_interface/hook/ld_library_path_lib.ps1'
[0.985s] INFO:colcon.colcon_core.shell:Creating environment descriptor '/home/jinyicheng/auto_navigation/install/status_interface/share/status_interface/hook/ld_library_path_lib.dsv'
[0.985s] INFO:colcon.colcon_core.shell:Creating environment hook '/home/jinyicheng/auto_navigation/install/status_interface/share/status_interface/hook/ld_library_path_lib.sh'
[0.985s] Level 1:colcon.colcon_core.environment:checking '/home/jinyicheng/auto_navigation/install/status_interface/bin'
[0.985s] Level 1:colcon.colcon_core.environment:checking '/home/jinyicheng/auto_navigation/install/status_interface/lib/pkgconfig/status_interface.pc'
[0.985s] Level 1:colcon.colcon_core.environment:checking '/home/jinyicheng/auto_navigation/install/status_interface/lib/python3.10/site-packages'
[0.986s] Level 1:colcon.colcon_core.environment:checking '/home/jinyicheng/auto_navigation/install/status_interface/bin'
[0.986s] INFO:colcon.colcon_core.shell:Creating package script '/home/jinyicheng/auto_navigation/install/status_interface/share/status_interface/package.ps1'
[0.986s] INFO:colcon.colcon_core.shell:Creating package descriptor '/home/jinyicheng/auto_navigation/install/status_interface/share/status_interface/package.dsv'
[0.986s] INFO:colcon.colcon_core.shell:Creating package script '/home/jinyicheng/auto_navigation/install/status_interface/share/status_interface/package.sh'
[0.987s] INFO:colcon.colcon_core.shell:Creating package script '/home/jinyicheng/auto_navigation/install/status_interface/share/status_interface/package.bash'
[0.987s] INFO:colcon.colcon_core.shell:Creating package script '/home/jinyicheng/auto_navigation/install/status_interface/share/status_interface/package.zsh'
[0.987s] Level 1:colcon.colcon_core.environment:create_file_with_runtime_dependencies(/home/jinyicheng/auto_navigation/install/status_interface/share/colcon-core/packages/status_interface)
[0.987s] INFO:colcon.colcon_ros.task.ament_python.build:Building ROS package in '/home/jinyicheng/auto_navigation/core/status_publisher' with build type 'ament_python'
[0.987s] Level 1:colcon.colcon_core.shell:create_environment_hook('status_publisher', 'ament_prefix_path')
[0.987s] INFO:colcon.colcon_core.shell:Creating environment hook '/home/jinyicheng/auto_navigation/install/status_publisher/share/status_publisher/hook/ament_prefix_path.ps1'
[0.988s] INFO:colcon.colcon_core.shell:Creating environment descriptor '/home/jinyicheng/auto_navigation/install/status_publisher/share/status_publisher/hook/ament_prefix_path.dsv'
[0.988s] INFO:colcon.colcon_core.shell:Creating environment hook '/home/jinyicheng/auto_navigation/install/status_publisher/share/status_publisher/hook/ament_prefix_path.sh'
[0.989s] INFO:colcon.colcon_core.shell:Skip shell extension 'powershell' for command environment: Not usable outside of PowerShell
[0.989s] DEBUG:colcon.colcon_core.shell:Skip shell extension 'dsv' for command environment
[0.990s] INFO:colcon.colcon_ros.task.ament_cmake.build:Building ROS package in '/home/jinyicheng/auto_navigation/core/status_sub_and_disp' with build type 'ament_cmake'
[0.991s] INFO:colcon.colcon_cmake.task.cmake.build:Building CMake package in '/home/jinyicheng/auto_navigation/core/status_sub_and_disp'
[0.991s] INFO:colcon.colcon_core.shell:Skip shell extension 'powershell' for command environment: Not usable outside of PowerShell
[0.991s] DEBUG:colcon.colcon_core.shell:Skip shell extension 'dsv' for command environment
[1.063s] DEBUG:colcon.colcon_core.event_handler.log_command:Invoking command in '/home/jinyicheng/auto_navigation/build/status_sub_and_disp': CMAKE_PREFIX_PATH=/home/jinyicheng/auto_navigation/install/status_interface:/home/jinyicheng/auto_navigation/install/status_sub_and_disp:/home/jinyicheng/auto_navigation/install/status_publisher:/home/jinyicheng/auto_navigation/install/node2:/home/jinyicheng/auto_navigation/install/node1:/opt/ros/humble /usr/bin/cmake --build /home/jinyicheng/auto_navigation/build/status_sub_and_disp -- -j20 -l20
[1.203s] INFO:colcon.colcon_core.task.python.build:Building Python package in '/home/jinyicheng/auto_navigation/core/status_publisher'
[1.203s] INFO:colcon.colcon_core.shell:Skip shell extension 'powershell' for command environment: Not usable outside of PowerShell
[1.203s] DEBUG:colcon.colcon_core.shell:Skip shell extension 'dsv' for command environment
[1.209s] DEBUG:colcon.colcon_core.event_handler.log_command:Invoking command in '/home/jinyicheng/auto_navigation/core/node1': PYTHONPATH=/home/jinyicheng/auto_navigation/build/node1/prefix_override:/usr/lib/python3/dist-packages/colcon_core/task/python/colcon_distutils_commands:/home/jinyicheng/auto_navigation/install/node1/lib/python3.10/site-packages:${PYTHONPATH} /usr/bin/python3 -W ignore:setup.py install is deprecated -W ignore:easy_install command is deprecated setup.py egg_info --egg-base ../../build/node1 build --build-base /home/jinyicheng/auto_navigation/build/node1/build install --record /home/jinyicheng/auto_navigation/build/node1/install.log --single-version-externally-managed install_data
[1.210s] DEBUG:colcon.colcon_core.event_handler.log_command:Invoking command in '/home/jinyicheng/auto_navigation/core/node2': PYTHONPATH=/home/jinyicheng/auto_navigation/build/node2/prefix_override:/usr/lib/python3/dist-packages/colcon_core/task/python/colcon_distutils_commands:/home/jinyicheng/auto_navigation/install/node2/lib/python3.10/site-packages:${PYTHONPATH} /usr/bin/python3 -W ignore:setup.py install is deprecated -W ignore:easy_install command is deprecated setup.py egg_info --egg-base ../../build/node2 build --build-base /home/jinyicheng/auto_navigation/build/node2/build install --record /home/jinyicheng/auto_navigation/build/node2/install.log --single-version-externally-managed install_data
[1.373s] Level 1:colcon.colcon_core.environment:checking '/home/jinyicheng/auto_navigation/install/node1' for CMake module files
[1.374s] DEBUG:colcon.colcon_core.event_handler.log_command:Invoked command in '/home/jinyicheng/auto_navigation/core/node1' returned '0': PYTHONPATH=/home/jinyicheng/auto_navigation/build/node1/prefix_override:/usr/lib/python3/dist-packages/colcon_core/task/python/colcon_distutils_commands:/home/jinyicheng/auto_navigation/install/node1/lib/python3.10/site-packages:${PYTHONPATH} /usr/bin/python3 -W ignore:setup.py install is deprecated -W ignore:easy_install command is deprecated setup.py egg_info --egg-base ../../build/node1 build --build-base /home/jinyicheng/auto_navigation/build/node1/build install --record /home/jinyicheng/auto_navigation/build/node1/install.log --single-version-externally-managed install_data
[1.374s] Level 1:colcon.colcon_core.environment:checking '/home/jinyicheng/auto_navigation/install/node1' for CMake config files
[1.376s] Level 1:colcon.colcon_core.environment:checking '/home/jinyicheng/auto_navigation/install/node1/lib'
[1.376s] Level 1:colcon.colcon_core.environment:checking '/home/jinyicheng/auto_navigation/install/node1/bin'
[1.376s] Level 1:colcon.colcon_core.environment:checking '/home/jinyicheng/auto_navigation/install/node1/lib/pkgconfig/node1.pc'
[1.376s] Level 1:colcon.colcon_core.environment:checking '/home/jinyicheng/auto_navigation/install/node1/lib/python3.10/site-packages'
[1.376s] Level 1:colcon.colcon_core.shell:create_environment_hook('node1', 'pythonpath')
[1.376s] INFO:colcon.colcon_core.shell:Creating environment hook '/home/jinyicheng/auto_navigation/install/node1/share/node1/hook/pythonpath.ps1'
[1.377s] INFO:colcon.colcon_core.shell:Creating environment descriptor '/home/jinyicheng/auto_navigation/install/node1/share/node1/hook/pythonpath.dsv'
[1.377s] INFO:colcon.colcon_core.shell:Creating environment hook '/home/jinyicheng/auto_navigation/install/node1/share/node1/hook/pythonpath.sh'
[1.377s] Level 1:colcon.colcon_core.environment:checking '/home/jinyicheng/auto_navigation/install/node1/bin'
[1.377s] Level 1:colcon.colcon_core.environment:create_environment_scripts_only(node1)
[1.377s] INFO:colcon.colcon_core.shell:Creating package script '/home/jinyicheng/auto_navigation/install/node1/share/node1/package.ps1'
[1.378s] INFO:colcon.colcon_core.shell:Creating package descriptor '/home/jinyicheng/auto_navigation/install/node1/share/node1/package.dsv'
[1.378s] INFO:colcon.colcon_core.shell:Creating package script '/home/jinyicheng/auto_navigation/install/node1/share/node1/package.sh'
[1.378s] INFO:colcon.colcon_core.shell:Creating package script '/home/jinyicheng/auto_navigation/install/node1/share/node1/package.bash'
[1.378s] INFO:colcon.colcon_core.shell:Creating package script '/home/jinyicheng/auto_navigation/install/node1/share/node1/package.zsh'
[1.379s] Level 1:colcon.colcon_core.environment:create_file_with_runtime_dependencies(/home/jinyicheng/auto_navigation/install/node1/share/colcon-core/packages/node1)
[1.379s] Level 1:colcon.colcon_core.environment:checking '/home/jinyicheng/auto_navigation/install/node2' for CMake module files
[1.380s] DEBUG:colcon.colcon_core.event_handler.log_command:Invoked command in '/home/jinyicheng/auto_navigation/core/node2' returned '0': PYTHONPATH=/home/jinyicheng/auto_navigation/build/node2/prefix_override:/usr/lib/python3/dist-packages/colcon_core/task/python/colcon_distutils_commands:/home/jinyicheng/auto_navigation/install/node2/lib/python3.10/site-packages:${PYTHONPATH} /usr/bin/python3 -W ignore:setup.py install is deprecated -W ignore:easy_install command is deprecated setup.py egg_info --egg-base ../../build/node2 build --build-base /home/jinyicheng/auto_navigation/build/node2/build install --record /home/jinyicheng/auto_navigation/build/node2/install.log --single-version-externally-managed install_data
[1.380s] Level 1:colcon.colcon_core.environment:checking '/home/jinyicheng/auto_navigation/install/node2' for CMake config files
[1.382s] Level 1:colcon.colcon_core.environment:checking '/home/jinyicheng/auto_navigation/install/node2/lib'
[1.382s] Level 1:colcon.colcon_core.environment:checking '/home/jinyicheng/auto_navigation/install/node2/bin'
[1.382s] Level 1:colcon.colcon_core.environment:checking '/home/jinyicheng/auto_navigation/install/node2/lib/pkgconfig/node2.pc'
[1.382s] Level 1:colcon.colcon_core.environment:checking '/home/jinyicheng/auto_navigation/install/node2/lib/python3.10/site-packages'
[1.382s] Level 1:colcon.colcon_core.shell:create_environment_hook('node2', 'pythonpath')
[1.382s] INFO:colcon.colcon_core.shell:Creating environment hook '/home/jinyicheng/auto_navigation/install/node2/share/node2/hook/pythonpath.ps1'
[1.382s] INFO:colcon.colcon_core.shell:Creating environment descriptor '/home/jinyicheng/auto_navigation/install/node2/share/node2/hook/pythonpath.dsv'
[1.382s] INFO:colcon.colcon_core.shell:Creating environment hook '/home/jinyicheng/auto_navigation/install/node2/share/node2/hook/pythonpath.sh'
[1.383s] Level 1:colcon.colcon_core.environment:checking '/home/jinyicheng/auto_navigation/install/node2/bin'
[1.383s] Level 1:colcon.colcon_core.environment:create_environment_scripts_only(node2)
[1.383s] INFO:colcon.colcon_core.shell:Creating package script '/home/jinyicheng/auto_navigation/install/node2/share/node2/package.ps1'
[1.383s] INFO:colcon.colcon_core.shell:Creating package descriptor '/home/jinyicheng/auto_navigation/install/node2/share/node2/package.dsv'
[1.384s] INFO:colcon.colcon_core.shell:Creating package script '/home/jinyicheng/auto_navigation/install/node2/share/node2/package.sh'
[1.384s] INFO:colcon.colcon_core.shell:Creating package script '/home/jinyicheng/auto_navigation/install/node2/share/node2/package.bash'
[1.384s] INFO:colcon.colcon_core.shell:Creating package script '/home/jinyicheng/auto_navigation/install/node2/share/node2/package.zsh'
[1.384s] Level 1:colcon.colcon_core.environment:create_file_with_runtime_dependencies(/home/jinyicheng/auto_navigation/install/node2/share/colcon-core/packages/node2)
[1.517s] DEBUG:colcon.colcon_core.event_handler.log_command:Invoking command in '/home/jinyicheng/auto_navigation/core/status_publisher': CMAKE_PREFIX_PATH=/home/jinyicheng/auto_navigation/install/status_interface:/home/jinyicheng/auto_navigation/install/status_sub_and_disp PYTHONPATH=/home/jinyicheng/auto_navigation/build/status_publisher/prefix_override:/usr/lib/python3/dist-packages/colcon_core/task/python/colcon_distutils_commands:/home/jinyicheng/auto_navigation/install/status_publisher/lib/python3.10/site-packages:${PYTHONPATH} /usr/bin/python3 -W ignore:setup.py install is deprecated -W ignore:easy_install command is deprecated setup.py egg_info --egg-base ../../build/status_publisher build --build-base /home/jinyicheng/auto_navigation/build/status_publisher/build install --record /home/jinyicheng/auto_navigation/build/status_publisher/install.log --single-version-externally-managed install_data
[1.673s] Level 1:colcon.colcon_core.environment:checking '/home/jinyicheng/auto_navigation/install/status_publisher' for CMake module files
[1.673s] DEBUG:colcon.colcon_core.event_handler.log_command:Invoked command in '/home/jinyicheng/auto_navigation/core/status_publisher' returned '0': CMAKE_PREFIX_PATH=/home/jinyicheng/auto_navigation/install/status_interface:/home/jinyicheng/auto_navigation/install/status_sub_and_disp PYTHONPATH=/home/jinyicheng/auto_navigation/build/status_publisher/prefix_override:/usr/lib/python3/dist-packages/colcon_core/task/python/colcon_distutils_commands:/home/jinyicheng/auto_navigation/install/status_publisher/lib/python3.10/site-packages:${PYTHONPATH} /usr/bin/python3 -W ignore:setup.py install is deprecated -W ignore:easy_install command is deprecated setup.py egg_info --egg-base ../../build/status_publisher build --build-base /home/jinyicheng/auto_navigation/build/status_publisher/build install --record /home/jinyicheng/auto_navigation/build/status_publisher/install.log --single-version-externally-managed install_data
[1.673s] Level 1:colcon.colcon_core.environment:checking '/home/jinyicheng/auto_navigation/install/status_publisher' for CMake config files
[1.676s] Level 1:colcon.colcon_core.environment:checking '/home/jinyicheng/auto_navigation/install/status_publisher/lib'
[1.676s] Level 1:colcon.colcon_core.environment:checking '/home/jinyicheng/auto_navigation/install/status_publisher/bin'
[1.676s] Level 1:colcon.colcon_core.environment:checking '/home/jinyicheng/auto_navigation/install/status_publisher/lib/pkgconfig/status_publisher.pc'
[1.676s] Level 1:colcon.colcon_core.environment:checking '/home/jinyicheng/auto_navigation/install/status_publisher/lib/python3.10/site-packages'
[1.676s] Level 1:colcon.colcon_core.shell:create_environment_hook('status_publisher', 'pythonpath')
[1.676s] INFO:colcon.colcon_core.shell:Creating environment hook '/home/jinyicheng/auto_navigation/install/status_publisher/share/status_publisher/hook/pythonpath.ps1'
[1.676s] INFO:colcon.colcon_core.shell:Creating environment descriptor '/home/jinyicheng/auto_navigation/install/status_publisher/share/status_publisher/hook/pythonpath.dsv'
[1.676s] INFO:colcon.colcon_core.shell:Creating environment hook '/home/jinyicheng/auto_navigation/install/status_publisher/share/status_publisher/hook/pythonpath.sh'
[1.677s] Level 1:colcon.colcon_core.environment:checking '/home/jinyicheng/auto_navigation/install/status_publisher/bin'
[1.677s] Level 1:colcon.colcon_core.environment:create_environment_scripts_only(status_publisher)
[1.677s] INFO:colcon.colcon_core.shell:Creating package script '/home/jinyicheng/auto_navigation/install/status_publisher/share/status_publisher/package.ps1'
[1.677s] INFO:colcon.colcon_core.shell:Creating package descriptor '/home/jinyicheng/auto_navigation/install/status_publisher/share/status_publisher/package.dsv'
[1.678s] INFO:colcon.colcon_core.shell:Creating package script '/home/jinyicheng/auto_navigation/install/status_publisher/share/status_publisher/package.sh'
[1.678s] INFO:colcon.colcon_core.shell:Creating package script '/home/jinyicheng/auto_navigation/install/status_publisher/share/status_publisher/package.bash'
[1.678s] INFO:colcon.colcon_core.shell:Creating package script '/home/jinyicheng/auto_navigation/install/status_publisher/share/status_publisher/package.zsh'
[1.678s] Level 1:colcon.colcon_core.environment:create_file_with_runtime_dependencies(/home/jinyicheng/auto_navigation/install/status_publisher/share/colcon-core/packages/status_publisher)
[4.357s] DEBUG:colcon.colcon_core.event_handler.log_command:Invoked command in '/home/jinyicheng/auto_navigation/build/status_sub_and_disp' returned '2': CMAKE_PREFIX_PATH=/home/jinyicheng/auto_navigation/install/status_interface:/home/jinyicheng/auto_navigation/install/status_sub_and_disp:/home/jinyicheng/auto_navigation/install/status_publisher:/home/jinyicheng/auto_navigation/install/node2:/home/jinyicheng/auto_navigation/install/node1:/opt/ros/humble /usr/bin/cmake --build /home/jinyicheng/auto_navigation/build/status_sub_and_disp -- -j20 -l20
[4.357s] Level 1:colcon.colcon_core.environment:create_environment_scripts_only(status_sub_and_disp)
[4.357s] Level 1:colcon.colcon_core.environment:checking '/home/jinyicheng/auto_navigation/install/status_sub_and_disp' for CMake module files
[4.358s] Level 1:colcon.colcon_core.environment:checking '/home/jinyicheng/auto_navigation/install/status_sub_and_disp' for CMake config files
[4.360s] Level 1:colcon.colcon_core.shell:create_environment_hook('status_sub_and_disp', 'cmake_prefix_path')
[4.360s] INFO:colcon.colcon_core.shell:Creating environment hook '/home/jinyicheng/auto_navigation/install/status_sub_and_disp/share/status_sub_and_disp/hook/cmake_prefix_path.ps1'
[4.360s] INFO:colcon.colcon_core.shell:Creating environment descriptor '/home/jinyicheng/auto_navigation/install/status_sub_and_disp/share/status_sub_and_disp/hook/cmake_prefix_path.dsv'
[4.361s] INFO:colcon.colcon_core.shell:Creating environment hook '/home/jinyicheng/auto_navigation/install/status_sub_and_disp/share/status_sub_and_disp/hook/cmake_prefix_path.sh'
[4.361s] Level 1:colcon.colcon_core.environment:checking '/home/jinyicheng/auto_navigation/install/status_sub_and_disp/lib'
[4.361s] Level 1:colcon.colcon_core.environment:checking '/home/jinyicheng/auto_navigation/install/status_sub_and_disp/bin'
[4.361s] Level 1:colcon.colcon_core.environment:checking '/home/jinyicheng/auto_navigation/install/status_sub_and_disp/lib/pkgconfig/status_sub_and_disp.pc'
[4.361s] Level 1:colcon.colcon_core.environment:checking '/home/jinyicheng/auto_navigation/install/status_sub_and_disp/lib/python3.10/site-packages'
[4.361s] Level 1:colcon.colcon_core.environment:checking '/home/jinyicheng/auto_navigation/install/status_sub_and_disp/bin'
[4.362s] INFO:colcon.colcon_core.shell:Creating package script '/home/jinyicheng/auto_navigation/install/status_sub_and_disp/share/status_sub_and_disp/package.ps1'
[4.362s] INFO:colcon.colcon_core.shell:Creating package descriptor '/home/jinyicheng/auto_navigation/install/status_sub_and_disp/share/status_sub_and_disp/package.dsv'
[4.362s] INFO:colcon.colcon_core.shell:Creating package script '/home/jinyicheng/auto_navigation/install/status_sub_and_disp/share/status_sub_and_disp/package.sh'
[4.362s] INFO:colcon.colcon_core.shell:Creating package script '/home/jinyicheng/auto_navigation/install/status_sub_and_disp/share/status_sub_and_disp/package.bash'
[4.363s] INFO:colcon.colcon_core.shell:Creating package script '/home/jinyicheng/auto_navigation/install/status_sub_and_disp/share/status_sub_and_disp/package.zsh'
[4.363s] Level 1:colcon.colcon_core.environment:create_file_with_runtime_dependencies(/home/jinyicheng/auto_navigation/install/status_sub_and_disp/share/colcon-core/packages/status_sub_and_disp)
[4.373s] DEBUG:colcon.colcon_parallel_executor.executor.parallel:closing loop
[4.373s] DEBUG:colcon.colcon_parallel_executor.executor.parallel:loop closed
[4.374s] DEBUG:colcon.colcon_parallel_executor.executor.parallel:run_until_complete finished with '2'
[4.374s] DEBUG:colcon.colcon_core.event_reactor:joining thread
[4.427s] INFO:colcon.colcon_core.plugin_system:Skipping extension 'colcon_notification.desktop_notification.notify_send': Could not find 'notify-send'
[4.427s] INFO:colcon.colcon_core.plugin_system:Skipping extension 'colcon_notification.desktop_notification.terminal_notifier': Not used on non-Darwin systems
[4.427s] INFO:colcon.colcon_core.plugin_system:Skipping extension 'colcon_notification.desktop_notification.win32': Not used on non-Windows systems
[4.427s] INFO:colcon.colcon_notification.desktop_notification:Sending desktop notification using 'notify2'
[4.429s] DEBUG:colcon.colcon_notification.desktop_notification.notify2:Failed to initialize notify2: org.freedesktop.DBus.Error.ServiceUnknown: The name org.freedesktop.Notifications was not provided by any .service files
[4.429s] DEBUG:colcon.colcon_core.event_reactor:joined thread
[4.429s] INFO:colcon.colcon_core.shell:Creating prefix script '/home/jinyicheng/auto_navigation/install/local_setup.ps1'
[4.430s] INFO:colcon.colcon_core.shell:Creating prefix util module '/home/jinyicheng/auto_navigation/install/_local_setup_util_ps1.py'
[4.431s] INFO:colcon.colcon_core.shell:Creating prefix chain script '/home/jinyicheng/auto_navigation/install/setup.ps1'
[4.432s] INFO:colcon.colcon_core.shell:Creating prefix script '/home/jinyicheng/auto_navigation/install/local_setup.sh'
[4.432s] INFO:colcon.colcon_core.shell:Creating prefix util module '/home/jinyicheng/auto_navigation/install/_local_setup_util_sh.py'
[4.432s] INFO:colcon.colcon_core.shell:Creating prefix chain script '/home/jinyicheng/auto_navigation/install/setup.sh'
[4.433s] INFO:colcon.colcon_core.shell:Creating prefix script '/home/jinyicheng/auto_navigation/install/local_setup.bash'
[4.434s] INFO:colcon.colcon_core.shell:Creating prefix chain script '/home/jinyicheng/auto_navigation/install/setup.bash'
[4.434s] INFO:colcon.colcon_core.shell:Creating prefix script '/home/jinyicheng/auto_navigation/install/local_setup.zsh'
[4.435s] INFO:colcon.colcon_core.shell:Creating prefix chain script '/home/jinyicheng/auto_navigation/install/setup.zsh'
