running egg_info
creating ../../build/node1/node1.egg-info
writing ../../build/node1/node1.egg-info/PKG-INFO
writing dependency_links to ../../build/node1/node1.egg-info/dependency_links.txt
writing entry points to ../../build/node1/node1.egg-info/entry_points.txt
writing requirements to ../../build/node1/node1.egg-info/requires.txt
writing top-level names to ../../build/node1/node1.egg-info/top_level.txt
writing manifest file '../../build/node1/node1.egg-info/SOURCES.txt'
reading manifest file '../../build/node1/node1.egg-info/SOURCES.txt'
writing manifest file '../../build/node1/node1.egg-info/SOURCES.txt'
running build
running build_py
creating /home/jinyicheng/auto_navigation/build/node1/build
creating /home/jinyicheng/auto_navigation/build/node1/build/lib
creating /home/jinyicheng/auto_navigation/build/node1/build/lib/node1
copying node1/node_test.py -> /home/jinyicheng/auto_navigation/build/node1/build/lib/node1
copying node1/__init__.py -> /home/jinyicheng/auto_navigation/build/node1/build/lib/node1
running install
running install_lib
creating /home/jinyicheng/auto_navigation/install/node1/lib/python3.10/site-packages/node1
copying /home/jinyicheng/auto_navigation/build/node1/build/lib/node1/node_test.py -> /home/jinyicheng/auto_navigation/install/node1/lib/python3.10/site-packages/node1
copying /home/jinyicheng/auto_navigation/build/node1/build/lib/node1/__init__.py -> /home/jinyicheng/auto_navigation/install/node1/lib/python3.10/site-packages/node1
byte-compiling /home/jinyicheng/auto_navigation/install/node1/lib/python3.10/site-packages/node1/node_test.py to node_test.cpython-310.pyc
byte-compiling /home/jinyicheng/auto_navigation/install/node1/lib/python3.10/site-packages/node1/__init__.py to __init__.cpython-310.pyc
running install_data
creating /home/jinyicheng/auto_navigation/install/node1/share/ament_index
creating /home/jinyicheng/auto_navigation/install/node1/share/ament_index/resource_index
creating /home/jinyicheng/auto_navigation/install/node1/share/ament_index/resource_index/packages
copying resource/node1 -> /home/jinyicheng/auto_navigation/install/node1/share/ament_index/resource_index/packages
copying package.xml -> /home/jinyicheng/auto_navigation/install/node1/share/node1
running install_egg_info
Copying ../../build/node1/node1.egg-info to /home/jinyicheng/auto_navigation/install/node1/lib/python3.10/site-packages/node1-0.0.0-py3.10.egg-info
running install_scripts
Installing process1 script to /home/jinyicheng/auto_navigation/install/node1/lib/node1
writing list of installed files to '/home/jinyicheng/auto_navigation/build/node1/install.log'
