[0.314s] Invoking command in '/home/jinyicheng/auto_navigation/core/node1': PYTHONPATH=/home/jinyicheng/auto_navigation/build/node1/prefix_override:/usr/lib/python3/dist-packages/colcon_core/task/python/colcon_distutils_commands:/home/jinyicheng/auto_navigation/install/node1/lib/python3.10/site-packages:${PYTHONPATH} /usr/bin/python3 -W ignore:setup.py install is deprecated -W ignore:easy_install command is deprecated setup.py egg_info --egg-base ../../build/node1 build --build-base /home/jinyicheng/auto_navigation/build/node1/build install --record /home/jinyicheng/auto_navigation/build/node1/install.log --single-version-externally-managed install_data
[0.423s] running egg_info
[0.424s] creating ../../build/node1/node1.egg-info
[0.424s] writing ../../build/node1/node1.egg-info/PKG-INFO
[0.424s] writing dependency_links to ../../build/node1/node1.egg-info/dependency_links.txt
[0.424s] writing entry points to ../../build/node1/node1.egg-info/entry_points.txt
[0.424s] writing requirements to ../../build/node1/node1.egg-info/requires.txt
[0.424s] writing top-level names to ../../build/node1/node1.egg-info/top_level.txt
[0.424s] writing manifest file '../../build/node1/node1.egg-info/SOURCES.txt'
[0.425s] reading manifest file '../../build/node1/node1.egg-info/SOURCES.txt'
[0.426s] writing manifest file '../../build/node1/node1.egg-info/SOURCES.txt'
[0.426s] running build
[0.426s] running build_py
[0.426s] creating /home/jinyicheng/auto_navigation/build/node1/build
[0.426s] creating /home/jinyicheng/auto_navigation/build/node1/build/lib
[0.426s] creating /home/jinyicheng/auto_navigation/build/node1/build/lib/node1
[0.426s] copying node1/node_test.py -> /home/jinyicheng/auto_navigation/build/node1/build/lib/node1
[0.426s] copying node1/__init__.py -> /home/jinyicheng/auto_navigation/build/node1/build/lib/node1
[0.426s] running install
[0.426s] running install_lib
[0.427s] creating /home/jinyicheng/auto_navigation/install/node1/lib/python3.10/site-packages/node1
[0.427s] copying /home/jinyicheng/auto_navigation/build/node1/build/lib/node1/node_test.py -> /home/jinyicheng/auto_navigation/install/node1/lib/python3.10/site-packages/node1
[0.427s] copying /home/jinyicheng/auto_navigation/build/node1/build/lib/node1/__init__.py -> /home/jinyicheng/auto_navigation/install/node1/lib/python3.10/site-packages/node1
[0.427s] byte-compiling /home/jinyicheng/auto_navigation/install/node1/lib/python3.10/site-packages/node1/node_test.py to node_test.cpython-310.pyc
[0.427s] byte-compiling /home/jinyicheng/auto_navigation/install/node1/lib/python3.10/site-packages/node1/__init__.py to __init__.cpython-310.pyc
[0.428s] running install_data
[0.428s] creating /home/jinyicheng/auto_navigation/install/node1/share/ament_index
[0.428s] creating /home/jinyicheng/auto_navigation/install/node1/share/ament_index/resource_index
[0.428s] creating /home/jinyicheng/auto_navigation/install/node1/share/ament_index/resource_index/packages
[0.428s] copying resource/node1 -> /home/jinyicheng/auto_navigation/install/node1/share/ament_index/resource_index/packages
[0.428s] copying package.xml -> /home/jinyicheng/auto_navigation/install/node1/share/node1
[0.428s] running install_egg_info
[0.429s] Copying ../../build/node1/node1.egg-info to /home/jinyicheng/auto_navigation/install/node1/lib/python3.10/site-packages/node1-0.0.0-py3.10.egg-info
[0.429s] running install_scripts
[0.439s] Installing process1 script to /home/jinyicheng/auto_navigation/install/node1/lib/node1
[0.439s] writing list of installed files to '/home/jinyicheng/auto_navigation/build/node1/install.log'
[0.451s] Invoked command in '/home/jinyicheng/auto_navigation/core/node1' returned '0': PYTHONPATH=/home/jinyicheng/auto_navigation/build/node1/prefix_override:/usr/lib/python3/dist-packages/colcon_core/task/python/colcon_distutils_commands:/home/jinyicheng/auto_navigation/install/node1/lib/python3.10/site-packages:${PYTHONPATH} /usr/bin/python3 -W ignore:setup.py install is deprecated -W ignore:easy_install command is deprecated setup.py egg_info --egg-base ../../build/node1 build --build-base /home/jinyicheng/auto_navigation/build/node1/build install --record /home/jinyicheng/auto_navigation/build/node1/install.log --single-version-externally-managed install_data
