[0.009s] Invoking command in '/home/jinyicheng/auto_navigation/build/robot_simulation': CMAKE_PREFIX_PATH=/opt/ros/humble __trae_PS1=\n(TraeAI-4) \w [$?] $ /usr/bin/cmake --build /home/jinyicheng/auto_navigation/build/robot_simulation -- -j20 -l20
[0.105s] -- Found ament_cmake: 1.3.14 (/opt/ros/humble/share/ament_cmake/cmake)
[0.191s] -- Found ament_lint_auto: 0.12.15 (/opt/ros/humble/share/ament_lint_auto/cmake)
[0.250s] -- Added test 'flake8' to check Python code syntax and style conventions
[0.250s] -- Added test 'lint_cmake' to check CMake code style
[0.251s] -- Added test 'pep257' to check Python code against some of the docstring style conventions in PEP 257
[0.251s] -- Added test 'xmllint' to check XML markup files
[0.253s] -- Configuring done
[0.256s] -- Generating done
[0.257s] -- Build files have been written to: /home/jinyicheng/auto_navigation/build/robot_simulation
[0.267s] Invoked command in '/home/jinyicheng/auto_navigation/build/robot_simulation' returned '0': CMAKE_PREFIX_PATH=/opt/ros/humble __trae_PS1=\n(TraeAI-4) \w [$?] $ /usr/bin/cmake --build /home/jinyicheng/auto_navigation/build/robot_simulation -- -j20 -l20
[0.272s] Invoking command in '/home/jinyicheng/auto_navigation/build/robot_simulation': CMAKE_PREFIX_PATH=/opt/ros/humble __trae_PS1=\n(TraeAI-4) \w [$?] $ /usr/bin/cmake --install /home/jinyicheng/auto_navigation/build/robot_simulation
[0.276s] -- Install configuration: ""
[0.276s] -- Up-to-date: /home/jinyicheng/auto_navigation/install/robot_simulation/share/robot_simulation/launch
[0.276s] -- Installing: /home/jinyicheng/auto_navigation/install/robot_simulation/share/robot_simulation/launch/display.launch.py
[0.276s] -- Up-to-date: /home/jinyicheng/auto_navigation/install/robot_simulation/share/robot_simulation/urdf
[0.276s] -- Up-to-date: /home/jinyicheng/auto_navigation/install/robot_simulation/share/robot_simulation/urdf/first_robot.urdf
[0.276s] -- Up-to-date: /home/jinyicheng/auto_navigation/install/robot_simulation/share/robot_simulation/urdf/first_robot.pdf
[0.276s] -- Up-to-date: /home/jinyicheng/auto_navigation/install/robot_simulation/share/robot_simulation/urdf/first_robot.gv
[0.276s] -- Up-to-date: /home/jinyicheng/auto_navigation/install/robot_simulation/share/ament_index/resource_index/package_run_dependencies/robot_simulation
[0.276s] -- Up-to-date: /home/jinyicheng/auto_navigation/install/robot_simulation/share/ament_index/resource_index/parent_prefix_path/robot_simulation
[0.277s] -- Up-to-date: /home/jinyicheng/auto_navigation/install/robot_simulation/share/robot_simulation/environment/ament_prefix_path.sh
[0.277s] -- Installing: /home/jinyicheng/auto_navigation/install/robot_simulation/share/robot_simulation/environment/ament_prefix_path.dsv
[0.277s] -- Up-to-date: /home/jinyicheng/auto_navigation/install/robot_simulation/share/robot_simulation/environment/path.sh
[0.277s] -- Installing: /home/jinyicheng/auto_navigation/install/robot_simulation/share/robot_simulation/environment/path.dsv
[0.277s] -- Up-to-date: /home/jinyicheng/auto_navigation/install/robot_simulation/share/robot_simulation/local_setup.bash
[0.277s] -- Up-to-date: /home/jinyicheng/auto_navigation/install/robot_simulation/share/robot_simulation/local_setup.sh
[0.277s] -- Up-to-date: /home/jinyicheng/auto_navigation/install/robot_simulation/share/robot_simulation/local_setup.zsh
[0.277s] -- Installing: /home/jinyicheng/auto_navigation/install/robot_simulation/share/robot_simulation/local_setup.dsv
[0.277s] -- Installing: /home/jinyicheng/auto_navigation/install/robot_simulation/share/robot_simulation/package.dsv
[0.277s] -- Up-to-date: /home/jinyicheng/auto_navigation/install/robot_simulation/share/ament_index/resource_index/packages/robot_simulation
[0.277s] -- Up-to-date: /home/jinyicheng/auto_navigation/install/robot_simulation/share/robot_simulation/cmake/robot_simulationConfig.cmake
[0.277s] -- Up-to-date: /home/jinyicheng/auto_navigation/install/robot_simulation/share/robot_simulation/cmake/robot_simulationConfig-version.cmake
[0.277s] -- Up-to-date: /home/jinyicheng/auto_navigation/install/robot_simulation/share/robot_simulation/package.xml
[0.277s] Invoked command in '/home/jinyicheng/auto_navigation/build/robot_simulation' returned '0': CMAKE_PREFIX_PATH=/opt/ros/humble __trae_PS1=\n(TraeAI-4) \w [$?] $ /usr/bin/cmake --install /home/jinyicheng/auto_navigation/build/robot_simulation
