[0.725s] Invoking command in '/home/jinyicheng/auto_navigation/core/demo_python_service': PYTHONPATH=/home/jinyicheng/auto_navigation/build/demo_python_service/prefix_override:/usr/lib/python3/dist-packages/colcon_core/task/python/colcon_distutils_commands:/home/jinyicheng/auto_navigation/install/demo_python_service/lib/python3.10/site-packages:${PYTHONPATH} /usr/bin/python3 -W ignore:setup.py install is deprecated -W ignore:easy_install command is deprecated setup.py egg_info --egg-base ../../build/demo_python_service build --build-base /home/jinyicheng/auto_navigation/build/demo_python_service/build install --record /home/jinyicheng/auto_navigation/build/demo_python_service/install.log --single-version-externally-managed install_data
[0.856s] running egg_info
[0.856s] writing ../../build/demo_python_service/demo_python_service.egg-info/PKG-INFO
[0.857s] writing dependency_links to ../../build/demo_python_service/demo_python_service.egg-info/dependency_links.txt
[0.857s] writing entry points to ../../build/demo_python_service/demo_python_service.egg-info/entry_points.txt
[0.857s] writing requirements to ../../build/demo_python_service/demo_python_service.egg-info/requires.txt
[0.857s] writing top-level names to ../../build/demo_python_service/demo_python_service.egg-info/top_level.txt
[0.858s] reading manifest file '../../build/demo_python_service/demo_python_service.egg-info/SOURCES.txt'
[0.859s] adding license file 'LICENSE'
[0.860s] writing manifest file '../../build/demo_python_service/demo_python_service.egg-info/SOURCES.txt'
[0.860s] running build
[0.860s] running build_py
[0.860s] running install
[0.860s] running install_lib
[0.861s] running install_data
[0.861s] running install_egg_info
[0.863s] removing '/home/jinyicheng/auto_navigation/install/demo_python_service/lib/python3.10/site-packages/demo_python_service-0.0.0-py3.10.egg-info' (and everything under it)
[0.863s] Copying ../../build/demo_python_service/demo_python_service.egg-info to /home/jinyicheng/auto_navigation/install/demo_python_service/lib/python3.10/site-packages/demo_python_service-0.0.0-py3.10.egg-info
[0.865s] running install_scripts
[0.876s] Installing client_process script to /home/jinyicheng/auto_navigation/install/demo_python_service/lib/demo_python_service
[0.877s] Installing srv_process script to /home/jinyicheng/auto_navigation/install/demo_python_service/lib/demo_python_service
[0.877s] writing list of installed files to '/home/jinyicheng/auto_navigation/build/demo_python_service/install.log'
[0.890s] Invoked command in '/home/jinyicheng/auto_navigation/core/demo_python_service' returned '0': PYTHONPATH=/home/jinyicheng/auto_navigation/build/demo_python_service/prefix_override:/usr/lib/python3/dist-packages/colcon_core/task/python/colcon_distutils_commands:/home/jinyicheng/auto_navigation/install/demo_python_service/lib/python3.10/site-packages:${PYTHONPATH} /usr/bin/python3 -W ignore:setup.py install is deprecated -W ignore:easy_install command is deprecated setup.py egg_info --egg-base ../../build/demo_python_service build --build-base /home/jinyicheng/auto_navigation/build/demo_python_service/build install --record /home/jinyicheng/auto_navigation/build/demo_python_service/install.log --single-version-externally-managed install_data
