[0.025s] Invoking command in '/home/jinyicheng/auto_navigation/build/chapt4_interfaces': CMAKE_PREFIX_PATH=/opt/ros/humble /usr/bin/cmake --build /home/jinyicheng/auto_navigation/build/chapt4_interfaces -- -j20 -l20
[0.432s] -- Found ament_cmake: 1.3.14 (/opt/ros/humble/share/ament_cmake/cmake)
[0.432s] -- Found sensor_msgs: 4.9.1 (/opt/ros/humble/share/sensor_msgs/cmake)
[0.433s] -- Found rosidl_generator_c: 3.1.8 (/opt/ros/humble/share/rosidl_generator_c/cmake)
[0.433s] -- Found rosidl_adapter: 3.1.8 (/opt/ros/humble/share/rosidl_adapter/cmake)
[0.433s] -- Found rosidl_generator_cpp: 3.1.8 (/opt/ros/humble/share/rosidl_generator_cpp/cmake)
[0.433s] -- Using all available rosidl_typesupport_c: rosidl_typesupport_fastrtps_c;rosidl_typesupport_introspection_c
[0.433s] -- Using all available rosidl_typesupport_cpp: rosidl_typesupport_fastrtps_cpp;rosidl_typesupport_introspection_cpp
[0.455s] -- Found rosidl_default_generators: 1.2.1 (/opt/ros/humble/share/rosidl_default_generators/cmake)
[0.464s] -- Found ament_lint_auto: 0.12.15 (/opt/ros/humble/share/ament_lint_auto/cmake)
[0.649s] -- Found ament_cmake_ros: 0.10.0 (/opt/ros/humble/share/ament_cmake_ros/cmake)
[0.901s] -- Using all available rosidl_typesupport_c: rosidl_typesupport_fastrtps_c;rosidl_typesupport_introspection_c
[1.000s] -- Using all available rosidl_typesupport_cpp: rosidl_typesupport_fastrtps_cpp;rosidl_typesupport_introspection_cpp
[1.012s] -- Found python_cmake_module: 0.10.0 (/opt/ros/humble/share/python_cmake_module/cmake)
[1.026s] -- Using PYTHON_EXECUTABLE: /usr/bin/python3
[1.026s] -- Using PYTHON_INCLUDE_DIRS: /usr/include/python3.10
[1.026s] -- Using PYTHON_LIBRARIES: /usr/lib/x86_64-linux-gnu/libpython3.10.so
[1.103s] -- Added test 'lint_cmake' to check CMake code style
[1.104s] -- Added test 'xmllint' to check XML markup files
[1.112s] -- Configuring done
[1.154s] -- Generating done
[1.162s] -- Build files have been written to: /home/jinyicheng/auto_navigation/build/chapt4_interfaces
[1.177s] [35m[1mConsolidate compiler generated dependencies of target chapt4_interfaces__rosidl_generator_c[0m
[1.183s] [  3%] Built target chapt4_interfaces__rs
[1.183s] [  6%] Built target chapt4_interfaces__cpp
[1.188s] [ 15%] Built target chapt4_interfaces__rosidl_generator_c
[1.190s] [35m[1mConsolidate compiler generated dependencies of target chapt4_interfaces__rosidl_typesupport_cpp[0m
[1.190s] [35m[1mConsolidate compiler generated dependencies of target chapt4_interfaces__rosidl_typesupport_introspection_cpp[0m
[1.191s] [35m[1mConsolidate compiler generated dependencies of target chapt4_interfaces__rosidl_typesupport_fastrtps_cpp[0m
[1.195s] [35m[1mConsolidate compiler generated dependencies of target chapt4_interfaces__rosidl_typesupport_fastrtps_c[0m
[1.195s] [35m[1mConsolidate compiler generated dependencies of target chapt4_interfaces__rosidl_typesupport_c[0m
[1.196s] [35m[1mConsolidate compiler generated dependencies of target chapt4_interfaces__rosidl_typesupport_introspection_c[0m
[1.196s] [ 15%] Built target ament_cmake_python_copy_chapt4_interfaces
[1.200s] [ 34%] Built target chapt4_interfaces__rosidl_typesupport_cpp
[1.200s] [ 31%] Built target chapt4_interfaces__rosidl_typesupport_fastrtps_cpp
[1.200s] [ 43%] Built target chapt4_interfaces__rosidl_typesupport_introspection_cpp
[1.203s] [ 62%] Built target chapt4_interfaces__rosidl_typesupport_c
[1.203s] [ 62%] Built target chapt4_interfaces__rosidl_typesupport_introspection_c
[1.203s] [ 71%] Built target chapt4_interfaces__rosidl_typesupport_fastrtps_c
[1.216s] [ 71%] Built target chapt4_interfaces
[1.229s] [ 75%] Built target chapt4_interfaces__py
[1.239s] [35m[1mConsolidate compiler generated dependencies of target chapt4_interfaces__rosidl_generator_py[0m
[1.248s] [ 81%] Built target chapt4_interfaces__rosidl_generator_py
[1.255s] [35m[1mConsolidate compiler generated dependencies of target chapt4_interfaces__rosidl_typesupport_fastrtps_c__pyext[0m
[1.255s] [35m[1mConsolidate compiler generated dependencies of target chapt4_interfaces__rosidl_typesupport_introspection_c__pyext[0m
[1.256s] [35m[1mConsolidate compiler generated dependencies of target chapt4_interfaces__rosidl_typesupport_c__pyext[0m
[1.262s] [ 87%] Built target chapt4_interfaces__rosidl_typesupport_fastrtps_c__pyext
[1.263s] [ 93%] Built target chapt4_interfaces__rosidl_typesupport_introspection_c__pyext
[1.265s] [100%] Built target chapt4_interfaces__rosidl_typesupport_c__pyext
[1.334s] running egg_info
[1.335s] writing chapt4_interfaces.egg-info/PKG-INFO
[1.335s] writing dependency_links to chapt4_interfaces.egg-info/dependency_links.txt
[1.335s] writing top-level names to chapt4_interfaces.egg-info/top_level.txt
[1.336s] reading manifest file 'chapt4_interfaces.egg-info/SOURCES.txt'
[1.337s] writing manifest file 'chapt4_interfaces.egg-info/SOURCES.txt'
[1.351s] [100%] Built target ament_cmake_python_build_chapt4_interfaces_egg
[1.359s] Invoked command in '/home/jinyicheng/auto_navigation/build/chapt4_interfaces' returned '0': CMAKE_PREFIX_PATH=/opt/ros/humble /usr/bin/cmake --build /home/jinyicheng/auto_navigation/build/chapt4_interfaces -- -j20 -l20
[1.361s] Invoking command in '/home/jinyicheng/auto_navigation/build/chapt4_interfaces': CMAKE_PREFIX_PATH=/opt/ros/humble /usr/bin/cmake --install /home/jinyicheng/auto_navigation/build/chapt4_interfaces
[1.366s] -- Install configuration: ""
[1.366s] -- Up-to-date: /home/jinyicheng/auto_navigation/install/chapt4_interfaces/share/ament_index/resource_index/rosidl_interfaces/chapt4_interfaces
[1.366s] -- Up-to-date: /home/jinyicheng/auto_navigation/install/chapt4_interfaces/include/chapt4_interfaces/chapt4_interfaces
[1.366s] -- Up-to-date: /home/jinyicheng/auto_navigation/install/chapt4_interfaces/include/chapt4_interfaces/chapt4_interfaces/srv
[1.366s] -- Up-to-date: /home/jinyicheng/auto_navigation/install/chapt4_interfaces/include/chapt4_interfaces/chapt4_interfaces/srv/face_detector.h
[1.366s] -- Up-to-date: /home/jinyicheng/auto_navigation/install/chapt4_interfaces/include/chapt4_interfaces/chapt4_interfaces/srv/detail
[1.367s] -- Up-to-date: /home/jinyicheng/auto_navigation/install/chapt4_interfaces/include/chapt4_interfaces/chapt4_interfaces/srv/detail/face_detector__functions.c
[1.367s] -- Up-to-date: /home/jinyicheng/auto_navigation/install/chapt4_interfaces/include/chapt4_interfaces/chapt4_interfaces/srv/detail/face_detector__struct.h
[1.367s] -- Up-to-date: /home/jinyicheng/auto_navigation/install/chapt4_interfaces/include/chapt4_interfaces/chapt4_interfaces/srv/detail/face_detector__type_support.h
[1.367s] -- Up-to-date: /home/jinyicheng/auto_navigation/install/chapt4_interfaces/include/chapt4_interfaces/chapt4_interfaces/srv/detail/face_detector__functions.h
[1.367s] -- Up-to-date: /home/jinyicheng/auto_navigation/install/chapt4_interfaces/include/chapt4_interfaces/chapt4_interfaces/msg
[1.367s] -- Up-to-date: /home/jinyicheng/auto_navigation/install/chapt4_interfaces/include/chapt4_interfaces/chapt4_interfaces/msg/rosidl_generator_c__visibility_control.h
[1.367s] -- Up-to-date: /home/jinyicheng/auto_navigation/install/chapt4_interfaces/share/chapt4_interfaces/environment/library_path.sh
[1.367s] -- Installing: /home/jinyicheng/auto_navigation/install/chapt4_interfaces/share/chapt4_interfaces/environment/library_path.dsv
[1.367s] -- Up-to-date: /home/jinyicheng/auto_navigation/install/chapt4_interfaces/lib/libchapt4_interfaces__rosidl_generator_c.so
[1.367s] -- Up-to-date: /home/jinyicheng/auto_navigation/install/chapt4_interfaces/include/chapt4_interfaces/chapt4_interfaces
[1.368s] -- Up-to-date: /home/jinyicheng/auto_navigation/install/chapt4_interfaces/include/chapt4_interfaces/chapt4_interfaces/srv
[1.368s] -- Up-to-date: /home/jinyicheng/auto_navigation/install/chapt4_interfaces/include/chapt4_interfaces/chapt4_interfaces/srv/detail
[1.368s] -- Up-to-date: /home/jinyicheng/auto_navigation/install/chapt4_interfaces/include/chapt4_interfaces/chapt4_interfaces/srv/detail/face_detector__rosidl_typesupport_fastrtps_c.h
[1.368s] -- Up-to-date: /home/jinyicheng/auto_navigation/install/chapt4_interfaces/include/chapt4_interfaces/chapt4_interfaces/msg
[1.368s] -- Up-to-date: /home/jinyicheng/auto_navigation/install/chapt4_interfaces/include/chapt4_interfaces/chapt4_interfaces/msg/rosidl_typesupport_fastrtps_c__visibility_control.h
[1.368s] -- Up-to-date: /home/jinyicheng/auto_navigation/install/chapt4_interfaces/lib/libchapt4_interfaces__rosidl_typesupport_fastrtps_c.so
[1.369s] -- Up-to-date: /home/jinyicheng/auto_navigation/install/chapt4_interfaces/include/chapt4_interfaces/chapt4_interfaces
[1.369s] -- Up-to-date: /home/jinyicheng/auto_navigation/install/chapt4_interfaces/include/chapt4_interfaces/chapt4_interfaces/srv
[1.369s] -- Up-to-date: /home/jinyicheng/auto_navigation/install/chapt4_interfaces/include/chapt4_interfaces/chapt4_interfaces/srv/detail
[1.369s] -- Up-to-date: /home/jinyicheng/auto_navigation/install/chapt4_interfaces/include/chapt4_interfaces/chapt4_interfaces/srv/detail/face_detector__type_support.hpp
[1.369s] -- Up-to-date: /home/jinyicheng/auto_navigation/install/chapt4_interfaces/include/chapt4_interfaces/chapt4_interfaces/srv/detail/face_detector__struct.hpp
[1.369s] -- Up-to-date: /home/jinyicheng/auto_navigation/install/chapt4_interfaces/include/chapt4_interfaces/chapt4_interfaces/srv/detail/face_detector__traits.hpp
[1.369s] -- Up-to-date: /home/jinyicheng/auto_navigation/install/chapt4_interfaces/include/chapt4_interfaces/chapt4_interfaces/srv/detail/face_detector__builder.hpp
[1.370s] -- Up-to-date: /home/jinyicheng/auto_navigation/install/chapt4_interfaces/include/chapt4_interfaces/chapt4_interfaces/srv/face_detector.hpp
[1.370s] -- Up-to-date: /home/jinyicheng/auto_navigation/install/chapt4_interfaces/include/chapt4_interfaces/chapt4_interfaces/msg
[1.370s] -- Up-to-date: /home/jinyicheng/auto_navigation/install/chapt4_interfaces/include/chapt4_interfaces/chapt4_interfaces/msg/rosidl_generator_cpp__visibility_control.hpp
[1.370s] -- Up-to-date: /home/jinyicheng/auto_navigation/install/chapt4_interfaces/include/chapt4_interfaces/chapt4_interfaces
[1.370s] -- Up-to-date: /home/jinyicheng/auto_navigation/install/chapt4_interfaces/include/chapt4_interfaces/chapt4_interfaces/srv
[1.370s] -- Up-to-date: /home/jinyicheng/auto_navigation/install/chapt4_interfaces/include/chapt4_interfaces/chapt4_interfaces/srv/detail
[1.370s] -- Up-to-date: /home/jinyicheng/auto_navigation/install/chapt4_interfaces/include/chapt4_interfaces/chapt4_interfaces/srv/detail/face_detector__rosidl_typesupport_fastrtps_cpp.hpp
[1.370s] -- Up-to-date: /home/jinyicheng/auto_navigation/install/chapt4_interfaces/include/chapt4_interfaces/chapt4_interfaces/srv/detail/dds_fastrtps
[1.370s] -- Up-to-date: /home/jinyicheng/auto_navigation/install/chapt4_interfaces/include/chapt4_interfaces/chapt4_interfaces/msg
[1.371s] -- Up-to-date: /home/jinyicheng/auto_navigation/install/chapt4_interfaces/include/chapt4_interfaces/chapt4_interfaces/msg/rosidl_typesupport_fastrtps_cpp__visibility_control.h
[1.371s] -- Up-to-date: /home/jinyicheng/auto_navigation/install/chapt4_interfaces/lib/libchapt4_interfaces__rosidl_typesupport_fastrtps_cpp.so
[1.371s] -- Up-to-date: /home/jinyicheng/auto_navigation/install/chapt4_interfaces/include/chapt4_interfaces/chapt4_interfaces
[1.371s] -- Up-to-date: /home/jinyicheng/auto_navigation/install/chapt4_interfaces/include/chapt4_interfaces/chapt4_interfaces/srv
[1.371s] -- Up-to-date: /home/jinyicheng/auto_navigation/install/chapt4_interfaces/include/chapt4_interfaces/chapt4_interfaces/srv/detail
[1.371s] -- Up-to-date: /home/jinyicheng/auto_navigation/install/chapt4_interfaces/include/chapt4_interfaces/chapt4_interfaces/srv/detail/face_detector__type_support.c
[1.371s] -- Up-to-date: /home/jinyicheng/auto_navigation/install/chapt4_interfaces/include/chapt4_interfaces/chapt4_interfaces/srv/detail/face_detector__rosidl_typesupport_introspection_c.h
[1.371s] -- Up-to-date: /home/jinyicheng/auto_navigation/install/chapt4_interfaces/include/chapt4_interfaces/chapt4_interfaces/msg
[1.371s] -- Up-to-date: /home/jinyicheng/auto_navigation/install/chapt4_interfaces/include/chapt4_interfaces/chapt4_interfaces/msg/rosidl_typesupport_introspection_c__visibility_control.h
[1.371s] -- Up-to-date: /home/jinyicheng/auto_navigation/install/chapt4_interfaces/lib/libchapt4_interfaces__rosidl_typesupport_introspection_c.so
[1.372s] -- Up-to-date: /home/jinyicheng/auto_navigation/install/chapt4_interfaces/lib/libchapt4_interfaces__rosidl_typesupport_c.so
[1.372s] -- Up-to-date: /home/jinyicheng/auto_navigation/install/chapt4_interfaces/include/chapt4_interfaces/chapt4_interfaces
[1.372s] -- Up-to-date: /home/jinyicheng/auto_navigation/install/chapt4_interfaces/include/chapt4_interfaces/chapt4_interfaces/srv
[1.372s] -- Up-to-date: /home/jinyicheng/auto_navigation/install/chapt4_interfaces/include/chapt4_interfaces/chapt4_interfaces/srv/detail
[1.372s] -- Up-to-date: /home/jinyicheng/auto_navigation/install/chapt4_interfaces/include/chapt4_interfaces/chapt4_interfaces/srv/detail/face_detector__type_support.cpp
[1.372s] -- Up-to-date: /home/jinyicheng/auto_navigation/install/chapt4_interfaces/include/chapt4_interfaces/chapt4_interfaces/srv/detail/face_detector__rosidl_typesupport_introspection_cpp.hpp
[1.374s] -- Up-to-date: /home/jinyicheng/auto_navigation/install/chapt4_interfaces/lib/libchapt4_interfaces__rosidl_typesupport_introspection_cpp.so
[1.374s] -- Up-to-date: /home/jinyicheng/auto_navigation/install/chapt4_interfaces/lib/libchapt4_interfaces__rosidl_typesupport_cpp.so
[1.374s] -- Up-to-date: /home/jinyicheng/auto_navigation/install/chapt4_interfaces/share/chapt4_interfaces/environment/pythonpath.sh
[1.374s] -- Installing: /home/jinyicheng/auto_navigation/install/chapt4_interfaces/share/chapt4_interfaces/environment/pythonpath.dsv
[1.375s] -- Up-to-date: /home/jinyicheng/auto_navigation/install/chapt4_interfaces/local/lib/python3.10/dist-packages/chapt4_interfaces-0.0.0-py3.10.egg-info
[1.375s] -- Installing: /home/jinyicheng/auto_navigation/install/chapt4_interfaces/local/lib/python3.10/dist-packages/chapt4_interfaces-0.0.0-py3.10.egg-info/top_level.txt
[1.375s] -- Installing: /home/jinyicheng/auto_navigation/install/chapt4_interfaces/local/lib/python3.10/dist-packages/chapt4_interfaces-0.0.0-py3.10.egg-info/dependency_links.txt
[1.375s] -- Installing: /home/jinyicheng/auto_navigation/install/chapt4_interfaces/local/lib/python3.10/dist-packages/chapt4_interfaces-0.0.0-py3.10.egg-info/SOURCES.txt
[1.375s] -- Installing: /home/jinyicheng/auto_navigation/install/chapt4_interfaces/local/lib/python3.10/dist-packages/chapt4_interfaces-0.0.0-py3.10.egg-info/PKG-INFO
[1.375s] -- Up-to-date: /home/jinyicheng/auto_navigation/install/chapt4_interfaces/local/lib/python3.10/dist-packages/chapt4_interfaces
[1.375s] -- Up-to-date: /home/jinyicheng/auto_navigation/install/chapt4_interfaces/local/lib/python3.10/dist-packages/chapt4_interfaces/srv
[1.375s] -- Up-to-date: /home/jinyicheng/auto_navigation/install/chapt4_interfaces/local/lib/python3.10/dist-packages/chapt4_interfaces/srv/_face_detector_s.c
[1.375s] -- Up-to-date: /home/jinyicheng/auto_navigation/install/chapt4_interfaces/local/lib/python3.10/dist-packages/chapt4_interfaces/srv/_face_detector.py
[1.375s] -- Up-to-date: /home/jinyicheng/auto_navigation/install/chapt4_interfaces/local/lib/python3.10/dist-packages/chapt4_interfaces/srv/__init__.py
[1.375s] -- Up-to-date: /home/jinyicheng/auto_navigation/install/chapt4_interfaces/local/lib/python3.10/dist-packages/chapt4_interfaces/_chapt4_interfaces_s.ep.rosidl_typesupport_introspection_c.c
[1.375s] -- Up-to-date: /home/jinyicheng/auto_navigation/install/chapt4_interfaces/local/lib/python3.10/dist-packages/chapt4_interfaces/chapt4_interfaces_s__rosidl_typesupport_fastrtps_c.cpython-310-x86_64-linux-gnu.so
[1.375s] -- Up-to-date: /home/jinyicheng/auto_navigation/install/chapt4_interfaces/local/lib/python3.10/dist-packages/chapt4_interfaces/chapt4_interfaces_s__rosidl_typesupport_introspection_c.cpython-310-x86_64-linux-gnu.so
[1.375s] -- Up-to-date: /home/jinyicheng/auto_navigation/install/chapt4_interfaces/local/lib/python3.10/dist-packages/chapt4_interfaces/_chapt4_interfaces_s.ep.rosidl_typesupport_fastrtps_c.c
[1.375s] -- Up-to-date: /home/jinyicheng/auto_navigation/install/chapt4_interfaces/local/lib/python3.10/dist-packages/chapt4_interfaces/_chapt4_interfaces_s.ep.rosidl_typesupport_c.c
[1.375s] -- Up-to-date: /home/jinyicheng/auto_navigation/install/chapt4_interfaces/local/lib/python3.10/dist-packages/chapt4_interfaces/libchapt4_interfaces__rosidl_generator_py.so
[1.375s] -- Installing: /home/jinyicheng/auto_navigation/install/chapt4_interfaces/local/lib/python3.10/dist-packages/chapt4_interfaces/__init__.py
[1.376s] -- Up-to-date: /home/jinyicheng/auto_navigation/install/chapt4_interfaces/local/lib/python3.10/dist-packages/chapt4_interfaces/chapt4_interfaces_s__rosidl_typesupport_c.cpython-310-x86_64-linux-gnu.so
[1.396s] Listing '/home/jinyicheng/auto_navigation/install/chapt4_interfaces/local/lib/python3.10/dist-packages/chapt4_interfaces'...
[1.396s] Compiling '/home/jinyicheng/auto_navigation/install/chapt4_interfaces/local/lib/python3.10/dist-packages/chapt4_interfaces/__init__.py'...
[1.396s] Listing '/home/jinyicheng/auto_navigation/install/chapt4_interfaces/local/lib/python3.10/dist-packages/chapt4_interfaces/srv'...
[1.399s] -- Up-to-date: /home/jinyicheng/auto_navigation/install/chapt4_interfaces/local/lib/python3.10/dist-packages/chapt4_interfaces/chapt4_interfaces_s__rosidl_typesupport_fastrtps_c.cpython-310-x86_64-linux-gnu.so
[1.399s] -- Up-to-date: /home/jinyicheng/auto_navigation/install/chapt4_interfaces/local/lib/python3.10/dist-packages/chapt4_interfaces/chapt4_interfaces_s__rosidl_typesupport_introspection_c.cpython-310-x86_64-linux-gnu.so
[1.399s] -- Up-to-date: /home/jinyicheng/auto_navigation/install/chapt4_interfaces/local/lib/python3.10/dist-packages/chapt4_interfaces/chapt4_interfaces_s__rosidl_typesupport_c.cpython-310-x86_64-linux-gnu.so
[1.400s] -- Up-to-date: /home/jinyicheng/auto_navigation/install/chapt4_interfaces/lib/libchapt4_interfaces__rosidl_generator_py.so
[1.400s] -- Up-to-date: /home/jinyicheng/auto_navigation/install/chapt4_interfaces/share/ament_index/resource_index/rust_packages/chapt4_interfaces
[1.400s] -- Up-to-date: /home/jinyicheng/auto_navigation/install/chapt4_interfaces/share/chapt4_interfaces/rust
[1.401s] -- Up-to-date: /home/jinyicheng/auto_navigation/install/chapt4_interfaces/share/chapt4_interfaces/rust/src
[1.401s] -- Up-to-date: /home/jinyicheng/auto_navigation/install/chapt4_interfaces/share/chapt4_interfaces/rust/src/srv
[1.401s] -- Up-to-date: /home/jinyicheng/auto_navigation/install/chapt4_interfaces/share/chapt4_interfaces/rust/src/srv/rmw.rs
[1.401s] -- Up-to-date: /home/jinyicheng/auto_navigation/install/chapt4_interfaces/share/chapt4_interfaces/rust/src/srv.rs
[1.401s] -- Up-to-date: /home/jinyicheng/auto_navigation/install/chapt4_interfaces/share/chapt4_interfaces/rust/src/lib.rs
[1.401s] -- Up-to-date: /home/jinyicheng/auto_navigation/install/chapt4_interfaces/share/chapt4_interfaces/rust/Cargo.toml
[1.402s] -- Up-to-date: /home/jinyicheng/auto_navigation/install/chapt4_interfaces/share/chapt4_interfaces/rust/build.rs
[1.402s] -- Up-to-date: /home/jinyicheng/auto_navigation/install/chapt4_interfaces/share/chapt4_interfaces/srv/FaceDetector.idl
[1.402s] -- Installing: /home/jinyicheng/auto_navigation/install/chapt4_interfaces/share/chapt4_interfaces/srv/FaceDetector.srv
[1.402s] -- Up-to-date: /home/jinyicheng/auto_navigation/install/chapt4_interfaces/share/chapt4_interfaces/srv/FaceDetector_Request.msg
[1.402s] -- Up-to-date: /home/jinyicheng/auto_navigation/install/chapt4_interfaces/share/chapt4_interfaces/srv/FaceDetector_Response.msg
[1.402s] -- Up-to-date: /home/jinyicheng/auto_navigation/install/chapt4_interfaces/share/ament_index/resource_index/package_run_dependencies/chapt4_interfaces
[1.402s] -- Up-to-date: /home/jinyicheng/auto_navigation/install/chapt4_interfaces/share/ament_index/resource_index/parent_prefix_path/chapt4_interfaces
[1.402s] -- Up-to-date: /home/jinyicheng/auto_navigation/install/chapt4_interfaces/share/chapt4_interfaces/environment/ament_prefix_path.sh
[1.402s] -- Installing: /home/jinyicheng/auto_navigation/install/chapt4_interfaces/share/chapt4_interfaces/environment/ament_prefix_path.dsv
[1.402s] -- Up-to-date: /home/jinyicheng/auto_navigation/install/chapt4_interfaces/share/chapt4_interfaces/environment/path.sh
[1.402s] -- Installing: /home/jinyicheng/auto_navigation/install/chapt4_interfaces/share/chapt4_interfaces/environment/path.dsv
[1.402s] -- Up-to-date: /home/jinyicheng/auto_navigation/install/chapt4_interfaces/share/chapt4_interfaces/local_setup.bash
[1.403s] -- Up-to-date: /home/jinyicheng/auto_navigation/install/chapt4_interfaces/share/chapt4_interfaces/local_setup.sh
[1.403s] -- Up-to-date: /home/jinyicheng/auto_navigation/install/chapt4_interfaces/share/chapt4_interfaces/local_setup.zsh
[1.403s] -- Installing: /home/jinyicheng/auto_navigation/install/chapt4_interfaces/share/chapt4_interfaces/local_setup.dsv
[1.403s] -- Installing: /home/jinyicheng/auto_navigation/install/chapt4_interfaces/share/chapt4_interfaces/package.dsv
[1.403s] -- Up-to-date: /home/jinyicheng/auto_navigation/install/chapt4_interfaces/share/ament_index/resource_index/packages/chapt4_interfaces
[1.403s] -- Up-to-date: /home/jinyicheng/auto_navigation/install/chapt4_interfaces/share/chapt4_interfaces/cmake/export_chapt4_interfaces__rosidl_generator_cExport.cmake
[1.403s] -- Up-to-date: /home/jinyicheng/auto_navigation/install/chapt4_interfaces/share/chapt4_interfaces/cmake/export_chapt4_interfaces__rosidl_generator_cExport-noconfig.cmake
[1.404s] -- Up-to-date: /home/jinyicheng/auto_navigation/install/chapt4_interfaces/share/chapt4_interfaces/cmake/export_chapt4_interfaces__rosidl_typesupport_fastrtps_cExport.cmake
[1.404s] -- Up-to-date: /home/jinyicheng/auto_navigation/install/chapt4_interfaces/share/chapt4_interfaces/cmake/export_chapt4_interfaces__rosidl_typesupport_fastrtps_cExport-noconfig.cmake
[1.404s] -- Up-to-date: /home/jinyicheng/auto_navigation/install/chapt4_interfaces/share/chapt4_interfaces/cmake/export_chapt4_interfaces__rosidl_generator_cppExport.cmake
[1.404s] -- Up-to-date: /home/jinyicheng/auto_navigation/install/chapt4_interfaces/share/chapt4_interfaces/cmake/export_chapt4_interfaces__rosidl_typesupport_fastrtps_cppExport.cmake
[1.404s] -- Up-to-date: /home/jinyicheng/auto_navigation/install/chapt4_interfaces/share/chapt4_interfaces/cmake/export_chapt4_interfaces__rosidl_typesupport_fastrtps_cppExport-noconfig.cmake
[1.405s] -- Up-to-date: /home/jinyicheng/auto_navigation/install/chapt4_interfaces/share/chapt4_interfaces/cmake/chapt4_interfaces__rosidl_typesupport_introspection_cExport.cmake
[1.405s] -- Up-to-date: /home/jinyicheng/auto_navigation/install/chapt4_interfaces/share/chapt4_interfaces/cmake/chapt4_interfaces__rosidl_typesupport_introspection_cExport-noconfig.cmake
[1.405s] -- Up-to-date: /home/jinyicheng/auto_navigation/install/chapt4_interfaces/share/chapt4_interfaces/cmake/chapt4_interfaces__rosidl_typesupport_cExport.cmake
[1.405s] -- Up-to-date: /home/jinyicheng/auto_navigation/install/chapt4_interfaces/share/chapt4_interfaces/cmake/chapt4_interfaces__rosidl_typesupport_cExport-noconfig.cmake
[1.406s] -- Up-to-date: /home/jinyicheng/auto_navigation/install/chapt4_interfaces/share/chapt4_interfaces/cmake/chapt4_interfaces__rosidl_typesupport_introspection_cppExport.cmake
[1.406s] -- Up-to-date: /home/jinyicheng/auto_navigation/install/chapt4_interfaces/share/chapt4_interfaces/cmake/chapt4_interfaces__rosidl_typesupport_introspection_cppExport-noconfig.cmake
[1.406s] -- Up-to-date: /home/jinyicheng/auto_navigation/install/chapt4_interfaces/share/chapt4_interfaces/cmake/chapt4_interfaces__rosidl_typesupport_cppExport.cmake
[1.406s] -- Up-to-date: /home/jinyicheng/auto_navigation/install/chapt4_interfaces/share/chapt4_interfaces/cmake/chapt4_interfaces__rosidl_typesupport_cppExport-noconfig.cmake
[1.406s] -- Up-to-date: /home/jinyicheng/auto_navigation/install/chapt4_interfaces/share/chapt4_interfaces/cmake/export_chapt4_interfaces__rosidl_generator_pyExport.cmake
[1.407s] -- Up-to-date: /home/jinyicheng/auto_navigation/install/chapt4_interfaces/share/chapt4_interfaces/cmake/export_chapt4_interfaces__rosidl_generator_pyExport-noconfig.cmake
[1.407s] -- Up-to-date: /home/jinyicheng/auto_navigation/install/chapt4_interfaces/share/chapt4_interfaces/cmake/rosidl_cmake-extras.cmake
[1.407s] -- Up-to-date: /home/jinyicheng/auto_navigation/install/chapt4_interfaces/share/chapt4_interfaces/cmake/ament_cmake_export_dependencies-extras.cmake
[1.407s] -- Up-to-date: /home/jinyicheng/auto_navigation/install/chapt4_interfaces/share/chapt4_interfaces/cmake/ament_cmake_export_include_directories-extras.cmake
[1.407s] -- Up-to-date: /home/jinyicheng/auto_navigation/install/chapt4_interfaces/share/chapt4_interfaces/cmake/ament_cmake_export_libraries-extras.cmake
[1.407s] -- Up-to-date: /home/jinyicheng/auto_navigation/install/chapt4_interfaces/share/chapt4_interfaces/cmake/ament_cmake_export_targets-extras.cmake
[1.407s] -- Up-to-date: /home/jinyicheng/auto_navigation/install/chapt4_interfaces/share/chapt4_interfaces/cmake/rosidl_cmake_export_typesupport_targets-extras.cmake
[1.407s] -- Up-to-date: /home/jinyicheng/auto_navigation/install/chapt4_interfaces/share/chapt4_interfaces/cmake/rosidl_cmake_export_typesupport_libraries-extras.cmake
[1.407s] -- Up-to-date: /home/jinyicheng/auto_navigation/install/chapt4_interfaces/share/chapt4_interfaces/cmake/chapt4_interfacesConfig.cmake
[1.407s] -- Up-to-date: /home/jinyicheng/auto_navigation/install/chapt4_interfaces/share/chapt4_interfaces/cmake/chapt4_interfacesConfig-version.cmake
[1.407s] -- Up-to-date: /home/jinyicheng/auto_navigation/install/chapt4_interfaces/share/chapt4_interfaces/package.xml
[1.409s] Invoked command in '/home/jinyicheng/auto_navigation/build/chapt4_interfaces' returned '0': CMAKE_PREFIX_PATH=/opt/ros/humble /usr/bin/cmake --install /home/jinyicheng/auto_navigation/build/chapt4_interfaces
