[0.503s] Invoking command in '/home/jinyicheng/auto_navigation/core/node1': PYTHONPATH=/home/jinyicheng/auto_navigation/build/node1/prefix_override:/usr/lib/python3/dist-packages/colcon_core/task/python/colcon_distutils_commands:/home/jinyicheng/auto_navigation/install/node1/lib/python3.10/site-packages:${PYTHONPATH} /usr/bin/python3 -W ignore:setup.py install is deprecated -W ignore:easy_install command is deprecated setup.py egg_info --egg-base ../../build/node1 build --build-base /home/jinyicheng/auto_navigation/build/node1/build install --record /home/jinyicheng/auto_navigation/build/node1/install.log --single-version-externally-managed install_data
[0.614s] running egg_info
[0.614s] writing ../../build/node1/node1.egg-info/PKG-INFO
[0.614s] writing dependency_links to ../../build/node1/node1.egg-info/dependency_links.txt
[0.614s] writing entry points to ../../build/node1/node1.egg-info/entry_points.txt
[0.615s] writing requirements to ../../build/node1/node1.egg-info/requires.txt
[0.615s] writing top-level names to ../../build/node1/node1.egg-info/top_level.txt
[0.615s] reading manifest file '../../build/node1/node1.egg-info/SOURCES.txt'
[0.617s] writing manifest file '../../build/node1/node1.egg-info/SOURCES.txt'
[0.617s] running build
[0.617s] running build_py
[0.618s] copying node1/node_test.py -> /home/jinyicheng/auto_navigation/build/node1/build/lib/node1
[0.618s] running install
[0.618s] running install_lib
[0.619s] copying /home/jinyicheng/auto_navigation/build/node1/build/lib/node1/node_test.py -> /home/jinyicheng/auto_navigation/install/node1/lib/python3.10/site-packages/node1
[0.619s] byte-compiling /home/jinyicheng/auto_navigation/install/node1/lib/python3.10/site-packages/node1/node_test.py to node_test.cpython-310.pyc
[0.619s] running install_data
[0.620s] running install_egg_info
[0.620s] removing '/home/jinyicheng/auto_navigation/install/node1/lib/python3.10/site-packages/node1-0.0.0-py3.10.egg-info' (and everything under it)
[0.621s] Copying ../../build/node1/node1.egg-info to /home/jinyicheng/auto_navigation/install/node1/lib/python3.10/site-packages/node1-0.0.0-py3.10.egg-info
[0.621s] running install_scripts
[0.632s] Installing process1 script to /home/jinyicheng/auto_navigation/install/node1/lib/node1
[0.632s] Installing process_learn_thread script to /home/jinyicheng/auto_navigation/install/node1/lib/node1
[0.632s] writing list of installed files to '/home/jinyicheng/auto_navigation/build/node1/install.log'
[0.656s] Invoked command in '/home/jinyicheng/auto_navigation/core/node1' returned '0': PYTHONPATH=/home/jinyicheng/auto_navigation/build/node1/prefix_override:/usr/lib/python3/dist-packages/colcon_core/task/python/colcon_distutils_commands:/home/jinyicheng/auto_navigation/install/node1/lib/python3.10/site-packages:${PYTHONPATH} /usr/bin/python3 -W ignore:setup.py install is deprecated -W ignore:easy_install command is deprecated setup.py egg_info --egg-base ../../build/node1 build --build-base /home/jinyicheng/auto_navigation/build/node1/build install --record /home/jinyicheng/auto_navigation/build/node1/install.log --single-version-externally-managed install_data
