[0.276s] DEBUG:colcon:Command line arguments: ['/usr/bin/colcon', 'build']
[0.276s] DEBUG:colcon:Parsed command line arguments: Namespace(log_base=None, log_level=None, verb_name='build', build_base='build', install_base='install', merge_install=False, symlink_install=False, test_result_base=None, continue_on_error=False, executor='parallel', parallel_workers=20, event_handlers=None, ignore_user_meta=False, metas=['./colcon.meta'], base_paths=['.'], packages_ignore=None, packages_ignore_regex=None, paths=None, packages_up_to=None, packages_up_to_regex=None, packages_above=None, packages_above_and_dependencies=None, packages_above_depth=None, packages_select_by_dep=None, packages_skip_by_dep=None, packages_skip_up_to=None, packages_select_build_failed=False, packages_skip_build_finished=False, packages_select_test_failures=False, packages_skip_test_passed=False, packages_select=None, packages_skip=None, packages_select_regex=None, packages_skip_regex=None, packages_start=None, packages_end=None, allow_overriding=[], cmake_args=None, cmake_target=None, cmake_target_skip_unavailable=False, cmake_clean_cache=False, cmake_clean_first=False, cmake_force_configure=False, ament_cmake_args=None, catkin_cmake_args=None, catkin_skip_building_tests=False, mixin_files=None, mixin=None, verb_parser=<colcon_mixin.mixin.mixin_argument.MixinArgumentDecorator object at 0x7e906b25eb90>, verb_extension=<colcon_core.verb.build.BuildVerb object at 0x7e906b25e6e0>, main=<bound method BuildVerb.main of <colcon_core.verb.build.BuildVerb object at 0x7e906b25e6e0>>, mixin_verb=('build',))
[0.581s] Level 1:colcon.colcon_core.package_discovery:discover_packages(colcon_meta) check parameters
[0.582s] Level 1:colcon.colcon_core.package_discovery:discover_packages(recursive) check parameters
[0.582s] Level 1:colcon.colcon_core.package_discovery:discover_packages(ignore) check parameters
[0.582s] Level 1:colcon.colcon_core.package_discovery:discover_packages(path) check parameters
[0.582s] Level 1:colcon.colcon_core.package_discovery:discover_packages(colcon_meta) discover
[0.582s] Level 1:colcon.colcon_core.package_discovery:discover_packages(recursive) discover
[0.582s] INFO:colcon.colcon_core.package_discovery:Crawling recursively for packages in '/home/jinyicheng/auto_navigation'
[0.582s] Level 1:colcon.colcon_core.package_identification:_identify(.) by extensions ['ignore', 'ignore_ament_install']
[0.582s] Level 1:colcon.colcon_core.package_identification:_identify(.) by extension 'ignore'
[0.582s] Level 1:colcon.colcon_core.package_identification:_identify(.) by extension 'ignore_ament_install'
[0.582s] Level 1:colcon.colcon_core.package_identification:_identify(.) by extensions ['colcon_pkg']
[0.582s] Level 1:colcon.colcon_core.package_identification:_identify(.) by extension 'colcon_pkg'
[0.582s] Level 1:colcon.colcon_core.package_identification:_identify(.) by extensions ['colcon_meta']
[0.582s] Level 1:colcon.colcon_core.package_identification:_identify(.) by extension 'colcon_meta'
[0.582s] Level 1:colcon.colcon_core.package_identification:_identify(.) by extensions ['ros']
[0.582s] Level 1:colcon.colcon_core.package_identification:_identify(.) by extension 'ros'
[0.617s] Level 1:colcon.colcon_core.package_identification:_identify(.) by extensions ['cmake', 'python']
[0.618s] Level 1:colcon.colcon_core.package_identification:_identify(.) by extension 'cmake'
[0.618s] Level 1:colcon.colcon_core.package_identification:_identify(.) by extension 'python'
[0.618s] Level 1:colcon.colcon_core.package_identification:_identify(.) by extensions ['python_setup_py']
[0.618s] Level 1:colcon.colcon_core.package_identification:_identify(.) by extension 'python_setup_py'
[0.618s] Level 1:colcon.colcon_core.package_identification:_identify(build) by extensions ['ignore', 'ignore_ament_install']
[0.618s] Level 1:colcon.colcon_core.package_identification:_identify(build) by extension 'ignore'
[0.618s] Level 1:colcon.colcon_core.package_identification:_identify(build) ignored
[0.618s] Level 1:colcon.colcon_core.package_identification:_identify(core) by extensions ['ignore', 'ignore_ament_install']
[0.618s] Level 1:colcon.colcon_core.package_identification:_identify(core) by extension 'ignore'
[0.618s] Level 1:colcon.colcon_core.package_identification:_identify(core) by extension 'ignore_ament_install'
[0.618s] Level 1:colcon.colcon_core.package_identification:_identify(core) by extensions ['colcon_pkg']
[0.618s] Level 1:colcon.colcon_core.package_identification:_identify(core) by extension 'colcon_pkg'
[0.618s] Level 1:colcon.colcon_core.package_identification:_identify(core) by extensions ['colcon_meta']
[0.618s] Level 1:colcon.colcon_core.package_identification:_identify(core) by extension 'colcon_meta'
[0.618s] Level 1:colcon.colcon_core.package_identification:_identify(core) by extensions ['ros']
[0.618s] Level 1:colcon.colcon_core.package_identification:_identify(core) by extension 'ros'
[0.618s] Level 1:colcon.colcon_core.package_identification:_identify(core) by extensions ['cmake', 'python']
[0.619s] Level 1:colcon.colcon_core.package_identification:_identify(core) by extension 'cmake'
[0.619s] Level 1:colcon.colcon_core.package_identification:_identify(core) by extension 'python'
[0.619s] Level 1:colcon.colcon_core.package_identification:_identify(core) by extensions ['python_setup_py']
[0.619s] Level 1:colcon.colcon_core.package_identification:_identify(core) by extension 'python_setup_py'
[0.619s] Level 1:colcon.colcon_core.package_identification:_identify(core/node1) by extensions ['ignore', 'ignore_ament_install']
[0.619s] Level 1:colcon.colcon_core.package_identification:_identify(core/node1) by extension 'ignore'
[0.619s] Level 1:colcon.colcon_core.package_identification:_identify(core/node1) by extension 'ignore_ament_install'
[0.619s] Level 1:colcon.colcon_core.package_identification:_identify(core/node1) by extensions ['colcon_pkg']
[0.619s] Level 1:colcon.colcon_core.package_identification:_identify(core/node1) by extension 'colcon_pkg'
[0.619s] Level 1:colcon.colcon_core.package_identification:_identify(core/node1) by extensions ['colcon_meta']
[0.619s] Level 1:colcon.colcon_core.package_identification:_identify(core/node1) by extension 'colcon_meta'
[0.619s] Level 1:colcon.colcon_core.package_identification:_identify(core/node1) by extensions ['ros']
[0.619s] Level 1:colcon.colcon_core.package_identification:_identify(core/node1) by extension 'ros'
[0.623s] DEBUG:colcon.colcon_core.package_identification:Package 'core/node1' with type 'ros.ament_python' and name 'node1'
[0.623s] Level 1:colcon.colcon_core.package_identification:_identify(core/node2) by extensions ['ignore', 'ignore_ament_install']
[0.623s] Level 1:colcon.colcon_core.package_identification:_identify(core/node2) by extension 'ignore'
[0.623s] Level 1:colcon.colcon_core.package_identification:_identify(core/node2) by extension 'ignore_ament_install'
[0.623s] Level 1:colcon.colcon_core.package_identification:_identify(core/node2) by extensions ['colcon_pkg']
[0.623s] Level 1:colcon.colcon_core.package_identification:_identify(core/node2) by extension 'colcon_pkg'
[0.623s] Level 1:colcon.colcon_core.package_identification:_identify(core/node2) by extensions ['colcon_meta']
[0.623s] Level 1:colcon.colcon_core.package_identification:_identify(core/node2) by extension 'colcon_meta'
[0.623s] Level 1:colcon.colcon_core.package_identification:_identify(core/node2) by extensions ['ros']
[0.623s] Level 1:colcon.colcon_core.package_identification:_identify(core/node2) by extension 'ros'
[0.625s] DEBUG:colcon.colcon_core.package_identification:Package 'core/node2' with type 'ros.ament_python' and name 'node2'
[0.625s] Level 1:colcon.colcon_core.package_identification:_identify(core/status_interface) by extensions ['ignore', 'ignore_ament_install']
[0.625s] Level 1:colcon.colcon_core.package_identification:_identify(core/status_interface) by extension 'ignore'
[0.625s] Level 1:colcon.colcon_core.package_identification:_identify(core/status_interface) by extension 'ignore_ament_install'
[0.625s] Level 1:colcon.colcon_core.package_identification:_identify(core/status_interface) by extensions ['colcon_pkg']
[0.625s] Level 1:colcon.colcon_core.package_identification:_identify(core/status_interface) by extension 'colcon_pkg'
[0.625s] Level 1:colcon.colcon_core.package_identification:_identify(core/status_interface) by extensions ['colcon_meta']
[0.625s] Level 1:colcon.colcon_core.package_identification:_identify(core/status_interface) by extension 'colcon_meta'
[0.625s] Level 1:colcon.colcon_core.package_identification:_identify(core/status_interface) by extensions ['ros']
[0.625s] Level 1:colcon.colcon_core.package_identification:_identify(core/status_interface) by extension 'ros'
[0.625s] DEBUG:colcon.colcon_core.package_identification:Package 'core/status_interface' with type 'ros.ament_cmake' and name 'status_interface'
[0.626s] Level 1:colcon.colcon_core.package_identification:_identify(install) by extensions ['ignore', 'ignore_ament_install']
[0.626s] Level 1:colcon.colcon_core.package_identification:_identify(install) by extension 'ignore'
[0.626s] Level 1:colcon.colcon_core.package_identification:_identify(install) ignored
[0.626s] Level 1:colcon.colcon_core.package_identification:_identify(log) by extensions ['ignore', 'ignore_ament_install']
[0.626s] Level 1:colcon.colcon_core.package_identification:_identify(log) by extension 'ignore'
[0.626s] Level 1:colcon.colcon_core.package_identification:_identify(log) ignored
[0.626s] Level 1:colcon.colcon_core.package_discovery:discover_packages(recursive) using defaults
[0.626s] Level 1:colcon.colcon_core.package_discovery:discover_packages(ignore) discover
[0.626s] Level 1:colcon.colcon_core.package_discovery:discover_packages(ignore) using defaults
[0.626s] Level 1:colcon.colcon_core.package_discovery:discover_packages(path) discover
[0.626s] Level 1:colcon.colcon_core.package_discovery:discover_packages(path) using defaults
[0.650s] Level 1:colcon.colcon_core.package_discovery:discover_packages(prefix_path) check parameters
[0.650s] Level 1:colcon.colcon_core.package_discovery:discover_packages(prefix_path) discover
[0.653s] DEBUG:colcon.colcon_installed_package_information.package_discovery:Found 273 installed packages in /opt/ros/humble
[0.654s] Level 1:colcon.colcon_core.package_discovery:discover_packages(prefix_path) using defaults
[0.718s] Level 5:colcon.colcon_core.verb:set package 'node1' build argument 'cmake_args' from command line to 'None'
[0.718s] Level 5:colcon.colcon_core.verb:set package 'node1' build argument 'cmake_target' from command line to 'None'
[0.718s] Level 5:colcon.colcon_core.verb:set package 'node1' build argument 'cmake_target_skip_unavailable' from command line to 'False'
[0.718s] Level 5:colcon.colcon_core.verb:set package 'node1' build argument 'cmake_clean_cache' from command line to 'False'
[0.718s] Level 5:colcon.colcon_core.verb:set package 'node1' build argument 'cmake_clean_first' from command line to 'False'
[0.718s] Level 5:colcon.colcon_core.verb:set package 'node1' build argument 'cmake_force_configure' from command line to 'False'
[0.718s] Level 5:colcon.colcon_core.verb:set package 'node1' build argument 'ament_cmake_args' from command line to 'None'
[0.718s] Level 5:colcon.colcon_core.verb:set package 'node1' build argument 'catkin_cmake_args' from command line to 'None'
[0.718s] Level 5:colcon.colcon_core.verb:set package 'node1' build argument 'catkin_skip_building_tests' from command line to 'False'
[0.719s] DEBUG:colcon.colcon_core.verb:Building package 'node1' with the following arguments: {'ament_cmake_args': None, 'build_base': '/home/jinyicheng/auto_navigation/build/node1', 'catkin_cmake_args': None, 'catkin_skip_building_tests': False, 'cmake_args': None, 'cmake_clean_cache': False, 'cmake_clean_first': False, 'cmake_force_configure': False, 'cmake_target': None, 'cmake_target_skip_unavailable': False, 'install_base': '/home/jinyicheng/auto_navigation/install/node1', 'merge_install': False, 'path': '/home/jinyicheng/auto_navigation/core/node1', 'symlink_install': False, 'test_result_base': None}
[0.719s] Level 5:colcon.colcon_core.verb:set package 'node2' build argument 'cmake_args' from command line to 'None'
[0.719s] Level 5:colcon.colcon_core.verb:set package 'node2' build argument 'cmake_target' from command line to 'None'
[0.719s] Level 5:colcon.colcon_core.verb:set package 'node2' build argument 'cmake_target_skip_unavailable' from command line to 'False'
[0.719s] Level 5:colcon.colcon_core.verb:set package 'node2' build argument 'cmake_clean_cache' from command line to 'False'
[0.719s] Level 5:colcon.colcon_core.verb:set package 'node2' build argument 'cmake_clean_first' from command line to 'False'
[0.719s] Level 5:colcon.colcon_core.verb:set package 'node2' build argument 'cmake_force_configure' from command line to 'False'
[0.719s] Level 5:colcon.colcon_core.verb:set package 'node2' build argument 'ament_cmake_args' from command line to 'None'
[0.719s] Level 5:colcon.colcon_core.verb:set package 'node2' build argument 'catkin_cmake_args' from command line to 'None'
[0.719s] Level 5:colcon.colcon_core.verb:set package 'node2' build argument 'catkin_skip_building_tests' from command line to 'False'
[0.719s] DEBUG:colcon.colcon_core.verb:Building package 'node2' with the following arguments: {'ament_cmake_args': None, 'build_base': '/home/jinyicheng/auto_navigation/build/node2', 'catkin_cmake_args': None, 'catkin_skip_building_tests': False, 'cmake_args': None, 'cmake_clean_cache': False, 'cmake_clean_first': False, 'cmake_force_configure': False, 'cmake_target': None, 'cmake_target_skip_unavailable': False, 'install_base': '/home/jinyicheng/auto_navigation/install/node2', 'merge_install': False, 'path': '/home/jinyicheng/auto_navigation/core/node2', 'symlink_install': False, 'test_result_base': None}
[0.719s] Level 5:colcon.colcon_core.verb:set package 'status_interface' build argument 'cmake_args' from command line to 'None'
[0.719s] Level 5:colcon.colcon_core.verb:set package 'status_interface' build argument 'cmake_target' from command line to 'None'
[0.719s] Level 5:colcon.colcon_core.verb:set package 'status_interface' build argument 'cmake_target_skip_unavailable' from command line to 'False'
[0.719s] Level 5:colcon.colcon_core.verb:set package 'status_interface' build argument 'cmake_clean_cache' from command line to 'False'
[0.719s] Level 5:colcon.colcon_core.verb:set package 'status_interface' build argument 'cmake_clean_first' from command line to 'False'
[0.719s] Level 5:colcon.colcon_core.verb:set package 'status_interface' build argument 'cmake_force_configure' from command line to 'False'
[0.719s] Level 5:colcon.colcon_core.verb:set package 'status_interface' build argument 'ament_cmake_args' from command line to 'None'
[0.719s] Level 5:colcon.colcon_core.verb:set package 'status_interface' build argument 'catkin_cmake_args' from command line to 'None'
[0.719s] Level 5:colcon.colcon_core.verb:set package 'status_interface' build argument 'catkin_skip_building_tests' from command line to 'False'
[0.719s] DEBUG:colcon.colcon_core.verb:Building package 'status_interface' with the following arguments: {'ament_cmake_args': None, 'build_base': '/home/jinyicheng/auto_navigation/build/status_interface', 'catkin_cmake_args': None, 'catkin_skip_building_tests': False, 'cmake_args': None, 'cmake_clean_cache': False, 'cmake_clean_first': False, 'cmake_force_configure': False, 'cmake_target': None, 'cmake_target_skip_unavailable': False, 'install_base': '/home/jinyicheng/auto_navigation/install/status_interface', 'merge_install': False, 'path': '/home/jinyicheng/auto_navigation/core/status_interface', 'symlink_install': False, 'test_result_base': None}
[0.719s] INFO:colcon.colcon_core.executor:Executing jobs using 'parallel' executor
[0.720s] DEBUG:colcon.colcon_parallel_executor.executor.parallel:run_until_complete
[0.720s] INFO:colcon.colcon_ros.task.ament_python.build:Building ROS package in '/home/jinyicheng/auto_navigation/core/node1' with build type 'ament_python'
[0.721s] Level 1:colcon.colcon_core.shell:create_environment_hook('node1', 'ament_prefix_path')
[0.724s] INFO:colcon.colcon_core.plugin_system:Skipping extension 'colcon_core.shell.bat': Not used on non-Windows systems
[0.724s] INFO:colcon.colcon_core.shell:Creating environment hook '/home/jinyicheng/auto_navigation/install/node1/share/node1/hook/ament_prefix_path.ps1'
[0.725s] INFO:colcon.colcon_core.shell:Creating environment descriptor '/home/jinyicheng/auto_navigation/install/node1/share/node1/hook/ament_prefix_path.dsv'
[0.726s] INFO:colcon.colcon_core.shell:Creating environment hook '/home/jinyicheng/auto_navigation/install/node1/share/node1/hook/ament_prefix_path.sh'
[0.727s] INFO:colcon.colcon_core.shell:Skip shell extension 'powershell' for command environment: Not usable outside of PowerShell
[0.727s] DEBUG:colcon.colcon_core.shell:Skip shell extension 'dsv' for command environment
[0.729s] INFO:colcon.colcon_ros.task.ament_python.build:Building ROS package in '/home/jinyicheng/auto_navigation/core/node2' with build type 'ament_python'
[0.729s] Level 1:colcon.colcon_core.shell:create_environment_hook('node2', 'ament_prefix_path')
[0.729s] INFO:colcon.colcon_core.shell:Creating environment hook '/home/jinyicheng/auto_navigation/install/node2/share/node2/hook/ament_prefix_path.ps1'
[0.730s] INFO:colcon.colcon_core.shell:Creating environment descriptor '/home/jinyicheng/auto_navigation/install/node2/share/node2/hook/ament_prefix_path.dsv'
[0.730s] INFO:colcon.colcon_core.shell:Creating environment hook '/home/jinyicheng/auto_navigation/install/node2/share/node2/hook/ament_prefix_path.sh'
[0.730s] INFO:colcon.colcon_core.shell:Skip shell extension 'powershell' for command environment: Not usable outside of PowerShell
[0.730s] DEBUG:colcon.colcon_core.shell:Skip shell extension 'dsv' for command environment
[0.732s] INFO:colcon.colcon_ros.task.ament_cmake.build:Building ROS package in '/home/jinyicheng/auto_navigation/core/status_interface' with build type 'ament_cmake'
[0.732s] INFO:colcon.colcon_cmake.task.cmake.build:Building CMake package in '/home/jinyicheng/auto_navigation/core/status_interface'
[0.732s] INFO:colcon.colcon_core.shell:Skip shell extension 'powershell' for command environment: Not usable outside of PowerShell
[0.732s] DEBUG:colcon.colcon_core.shell:Skip shell extension 'dsv' for command environment
[0.873s] INFO:colcon.colcon_core.task.python.build:Building Python package in '/home/jinyicheng/auto_navigation/core/node1'
[0.873s] INFO:colcon.colcon_core.shell:Skip shell extension 'powershell' for command environment: Not usable outside of PowerShell
[0.873s] DEBUG:colcon.colcon_core.shell:Skip shell extension 'dsv' for command environment
[1.009s] INFO:colcon.colcon_core.task.python.build:Building Python package in '/home/jinyicheng/auto_navigation/core/node2'
[1.009s] INFO:colcon.colcon_core.shell:Skip shell extension 'powershell' for command environment: Not usable outside of PowerShell
[1.009s] DEBUG:colcon.colcon_core.shell:Skip shell extension 'dsv' for command environment
[1.013s] DEBUG:colcon.colcon_core.event_handler.log_command:Invoking command in '/home/jinyicheng/auto_navigation/build/status_interface': CMAKE_PREFIX_PATH=/opt/ros/humble /usr/bin/cmake /home/jinyicheng/auto_navigation/core/status_interface -DCMAKE_INSTALL_PREFIX=/home/jinyicheng/auto_navigation/install/status_interface
[1.285s] DEBUG:colcon.colcon_core.event_handler.log_command:Invoking command in '/home/jinyicheng/auto_navigation/core/node2': PYTHONPATH=/home/jinyicheng/auto_navigation/build/node2/prefix_override:/usr/lib/python3/dist-packages/colcon_core/task/python/colcon_distutils_commands:/home/jinyicheng/auto_navigation/install/node2/lib/python3.10/site-packages:${PYTHONPATH} /usr/bin/python3 -W ignore:setup.py install is deprecated -W ignore:easy_install command is deprecated setup.py egg_info --egg-base ../../build/node2 build --build-base /home/jinyicheng/auto_navigation/build/node2/build install --record /home/jinyicheng/auto_navigation/build/node2/install.log --single-version-externally-managed install_data
[1.285s] DEBUG:colcon.colcon_core.event_handler.log_command:Invoking command in '/home/jinyicheng/auto_navigation/core/node1': PYTHONPATH=/home/jinyicheng/auto_navigation/build/node1/prefix_override:/usr/lib/python3/dist-packages/colcon_core/task/python/colcon_distutils_commands:/home/jinyicheng/auto_navigation/install/node1/lib/python3.10/site-packages:${PYTHONPATH} /usr/bin/python3 -W ignore:setup.py install is deprecated -W ignore:easy_install command is deprecated setup.py egg_info --egg-base ../../build/node1 build --build-base /home/jinyicheng/auto_navigation/build/node1/build install --record /home/jinyicheng/auto_navigation/build/node1/install.log --single-version-externally-managed install_data
[1.445s] DEBUG:colcon.colcon_core.event_handler.log_command:Invoked command in '/home/jinyicheng/auto_navigation/core/node2' returned '0': PYTHONPATH=/home/jinyicheng/auto_navigation/build/node2/prefix_override:/usr/lib/python3/dist-packages/colcon_core/task/python/colcon_distutils_commands:/home/jinyicheng/auto_navigation/install/node2/lib/python3.10/site-packages:${PYTHONPATH} /usr/bin/python3 -W ignore:setup.py install is deprecated -W ignore:easy_install command is deprecated setup.py egg_info --egg-base ../../build/node2 build --build-base /home/jinyicheng/auto_navigation/build/node2/build install --record /home/jinyicheng/auto_navigation/build/node2/install.log --single-version-externally-managed install_data
[1.450s] Level 1:colcon.colcon_core.environment:checking '/home/jinyicheng/auto_navigation/install/node2' for CMake module files
[1.451s] Level 1:colcon.colcon_core.environment:checking '/home/jinyicheng/auto_navigation/install/node2' for CMake config files
[1.454s] Level 1:colcon.colcon_core.environment:checking '/home/jinyicheng/auto_navigation/install/node2/lib'
[1.454s] Level 1:colcon.colcon_core.environment:checking '/home/jinyicheng/auto_navigation/install/node2/bin'
[1.454s] Level 1:colcon.colcon_core.environment:checking '/home/jinyicheng/auto_navigation/install/node2/lib/pkgconfig/node2.pc'
[1.454s] Level 1:colcon.colcon_core.environment:checking '/home/jinyicheng/auto_navigation/install/node2/lib/python3.10/site-packages'
[1.454s] Level 1:colcon.colcon_core.shell:create_environment_hook('node2', 'pythonpath')
[1.455s] INFO:colcon.colcon_core.shell:Creating environment hook '/home/jinyicheng/auto_navigation/install/node2/share/node2/hook/pythonpath.ps1'
[1.455s] INFO:colcon.colcon_core.shell:Creating environment descriptor '/home/jinyicheng/auto_navigation/install/node2/share/node2/hook/pythonpath.dsv'
[1.455s] INFO:colcon.colcon_core.shell:Creating environment hook '/home/jinyicheng/auto_navigation/install/node2/share/node2/hook/pythonpath.sh'
[1.455s] Level 1:colcon.colcon_core.environment:checking '/home/jinyicheng/auto_navigation/install/node2/bin'
[1.456s] Level 1:colcon.colcon_core.environment:create_environment_scripts_only(node2)
[1.456s] INFO:colcon.colcon_core.shell:Creating package script '/home/jinyicheng/auto_navigation/install/node2/share/node2/package.ps1'
[1.457s] INFO:colcon.colcon_core.shell:Creating package descriptor '/home/jinyicheng/auto_navigation/install/node2/share/node2/package.dsv'
[1.457s] INFO:colcon.colcon_core.shell:Creating package script '/home/jinyicheng/auto_navigation/install/node2/share/node2/package.sh'
[1.458s] INFO:colcon.colcon_core.shell:Creating package script '/home/jinyicheng/auto_navigation/install/node2/share/node2/package.bash'
[1.458s] INFO:colcon.colcon_core.shell:Creating package script '/home/jinyicheng/auto_navigation/install/node2/share/node2/package.zsh'
[1.459s] Level 1:colcon.colcon_core.environment:create_file_with_runtime_dependencies(/home/jinyicheng/auto_navigation/install/node2/share/colcon-core/packages/node2)
[1.460s] Level 1:colcon.colcon_core.environment:checking '/home/jinyicheng/auto_navigation/install/node1' for CMake module files
[1.461s] DEBUG:colcon.colcon_core.event_handler.log_command:Invoked command in '/home/jinyicheng/auto_navigation/core/node1' returned '0': PYTHONPATH=/home/jinyicheng/auto_navigation/build/node1/prefix_override:/usr/lib/python3/dist-packages/colcon_core/task/python/colcon_distutils_commands:/home/jinyicheng/auto_navigation/install/node1/lib/python3.10/site-packages:${PYTHONPATH} /usr/bin/python3 -W ignore:setup.py install is deprecated -W ignore:easy_install command is deprecated setup.py egg_info --egg-base ../../build/node1 build --build-base /home/jinyicheng/auto_navigation/build/node1/build install --record /home/jinyicheng/auto_navigation/build/node1/install.log --single-version-externally-managed install_data
[1.461s] Level 1:colcon.colcon_core.environment:checking '/home/jinyicheng/auto_navigation/install/node1' for CMake config files
[1.464s] Level 1:colcon.colcon_core.environment:checking '/home/jinyicheng/auto_navigation/install/node1/lib'
[1.464s] Level 1:colcon.colcon_core.environment:checking '/home/jinyicheng/auto_navigation/install/node1/bin'
[1.464s] Level 1:colcon.colcon_core.environment:checking '/home/jinyicheng/auto_navigation/install/node1/lib/pkgconfig/node1.pc'
[1.465s] Level 1:colcon.colcon_core.environment:checking '/home/jinyicheng/auto_navigation/install/node1/lib/python3.10/site-packages'
[1.465s] Level 1:colcon.colcon_core.shell:create_environment_hook('node1', 'pythonpath')
[1.465s] INFO:colcon.colcon_core.shell:Creating environment hook '/home/jinyicheng/auto_navigation/install/node1/share/node1/hook/pythonpath.ps1'
[1.465s] INFO:colcon.colcon_core.shell:Creating environment descriptor '/home/jinyicheng/auto_navigation/install/node1/share/node1/hook/pythonpath.dsv'
[1.465s] INFO:colcon.colcon_core.shell:Creating environment hook '/home/jinyicheng/auto_navigation/install/node1/share/node1/hook/pythonpath.sh'
[1.466s] Level 1:colcon.colcon_core.environment:checking '/home/jinyicheng/auto_navigation/install/node1/bin'
[1.466s] Level 1:colcon.colcon_core.environment:create_environment_scripts_only(node1)
[1.466s] INFO:colcon.colcon_core.shell:Creating package script '/home/jinyicheng/auto_navigation/install/node1/share/node1/package.ps1'
[1.466s] INFO:colcon.colcon_core.shell:Creating package descriptor '/home/jinyicheng/auto_navigation/install/node1/share/node1/package.dsv'
[1.467s] INFO:colcon.colcon_core.shell:Creating package script '/home/jinyicheng/auto_navigation/install/node1/share/node1/package.sh'
[1.467s] INFO:colcon.colcon_core.shell:Creating package script '/home/jinyicheng/auto_navigation/install/node1/share/node1/package.bash'
[1.467s] INFO:colcon.colcon_core.shell:Creating package script '/home/jinyicheng/auto_navigation/install/node1/share/node1/package.zsh'
[1.468s] Level 1:colcon.colcon_core.environment:create_file_with_runtime_dependencies(/home/jinyicheng/auto_navigation/install/node1/share/colcon-core/packages/node1)
[4.080s] DEBUG:colcon.colcon_core.event_handler.log_command:Invoked command in '/home/jinyicheng/auto_navigation/build/status_interface' returned '0': CMAKE_PREFIX_PATH=/opt/ros/humble /usr/bin/cmake /home/jinyicheng/auto_navigation/core/status_interface -DCMAKE_INSTALL_PREFIX=/home/jinyicheng/auto_navigation/install/status_interface
[4.081s] DEBUG:colcon.colcon_core.event_handler.log_command:Invoking command in '/home/jinyicheng/auto_navigation/build/status_interface': CMAKE_PREFIX_PATH=/opt/ros/humble /usr/bin/cmake --build /home/jinyicheng/auto_navigation/build/status_interface -- -j20 -l20
[5.700s] DEBUG:colcon.colcon_core.event_handler.log_command:Invoked command in '/home/jinyicheng/auto_navigation/build/status_interface' returned '0': CMAKE_PREFIX_PATH=/opt/ros/humble /usr/bin/cmake --build /home/jinyicheng/auto_navigation/build/status_interface -- -j20 -l20
[5.707s] DEBUG:colcon.colcon_core.event_handler.log_command:Invoking command in '/home/jinyicheng/auto_navigation/build/status_interface': CMAKE_PREFIX_PATH=/opt/ros/humble /usr/bin/cmake --install /home/jinyicheng/auto_navigation/build/status_interface
[5.749s] Level 1:colcon.colcon_core.environment:create_environment_scripts_only(status_interface)
[5.749s] Level 1:colcon.colcon_core.environment:checking '/home/jinyicheng/auto_navigation/install/status_interface' for CMake module files
[5.749s] DEBUG:colcon.colcon_core.event_handler.log_command:Invoked command in '/home/jinyicheng/auto_navigation/build/status_interface' returned '0': CMAKE_PREFIX_PATH=/opt/ros/humble /usr/bin/cmake --install /home/jinyicheng/auto_navigation/build/status_interface
[5.750s] Level 1:colcon.colcon_core.environment:checking '/home/jinyicheng/auto_navigation/install/status_interface' for CMake config files
[5.750s] Level 1:colcon.colcon_core.shell:create_environment_hook('status_interface', 'cmake_prefix_path')
[5.750s] INFO:colcon.colcon_core.shell:Creating environment hook '/home/jinyicheng/auto_navigation/install/status_interface/share/status_interface/hook/cmake_prefix_path.ps1'
[5.750s] INFO:colcon.colcon_core.shell:Creating environment descriptor '/home/jinyicheng/auto_navigation/install/status_interface/share/status_interface/hook/cmake_prefix_path.dsv'
[5.751s] INFO:colcon.colcon_core.shell:Creating environment hook '/home/jinyicheng/auto_navigation/install/status_interface/share/status_interface/hook/cmake_prefix_path.sh'
[5.751s] Level 1:colcon.colcon_core.environment:checking '/home/jinyicheng/auto_navigation/install/status_interface/lib'
[5.751s] Level 1:colcon.colcon_core.shell:create_environment_hook('status_interface', 'ld_library_path_lib')
[5.751s] INFO:colcon.colcon_core.shell:Creating environment hook '/home/jinyicheng/auto_navigation/install/status_interface/share/status_interface/hook/ld_library_path_lib.ps1'
[5.751s] INFO:colcon.colcon_core.shell:Creating environment descriptor '/home/jinyicheng/auto_navigation/install/status_interface/share/status_interface/hook/ld_library_path_lib.dsv'
[5.752s] INFO:colcon.colcon_core.shell:Creating environment hook '/home/jinyicheng/auto_navigation/install/status_interface/share/status_interface/hook/ld_library_path_lib.sh'
[5.752s] Level 1:colcon.colcon_core.environment:checking '/home/jinyicheng/auto_navigation/install/status_interface/bin'
[5.752s] Level 1:colcon.colcon_core.environment:checking '/home/jinyicheng/auto_navigation/install/status_interface/lib/pkgconfig/status_interface.pc'
[5.752s] Level 1:colcon.colcon_core.environment:checking '/home/jinyicheng/auto_navigation/install/status_interface/lib/python3.10/site-packages'
[5.752s] Level 1:colcon.colcon_core.environment:checking '/home/jinyicheng/auto_navigation/install/status_interface/bin'
[5.752s] INFO:colcon.colcon_core.shell:Creating package script '/home/jinyicheng/auto_navigation/install/status_interface/share/status_interface/package.ps1'
[5.753s] INFO:colcon.colcon_core.shell:Creating package descriptor '/home/jinyicheng/auto_navigation/install/status_interface/share/status_interface/package.dsv'
[5.753s] INFO:colcon.colcon_core.shell:Creating package script '/home/jinyicheng/auto_navigation/install/status_interface/share/status_interface/package.sh'
[5.753s] INFO:colcon.colcon_core.shell:Creating package script '/home/jinyicheng/auto_navigation/install/status_interface/share/status_interface/package.bash'
[5.753s] INFO:colcon.colcon_core.shell:Creating package script '/home/jinyicheng/auto_navigation/install/status_interface/share/status_interface/package.zsh'
[5.754s] Level 1:colcon.colcon_core.environment:create_file_with_runtime_dependencies(/home/jinyicheng/auto_navigation/install/status_interface/share/colcon-core/packages/status_interface)
[5.754s] Level 1:colcon.colcon_core.environment:create_environment_scripts_only(status_interface)
[5.754s] Level 1:colcon.colcon_core.environment:checking '/home/jinyicheng/auto_navigation/install/status_interface' for CMake module files
[5.755s] Level 1:colcon.colcon_core.environment:checking '/home/jinyicheng/auto_navigation/install/status_interface' for CMake config files
[5.755s] Level 1:colcon.colcon_core.shell:create_environment_hook('status_interface', 'cmake_prefix_path')
[5.755s] INFO:colcon.colcon_core.shell:Creating environment hook '/home/jinyicheng/auto_navigation/install/status_interface/share/status_interface/hook/cmake_prefix_path.ps1'
[5.756s] INFO:colcon.colcon_core.shell:Creating environment descriptor '/home/jinyicheng/auto_navigation/install/status_interface/share/status_interface/hook/cmake_prefix_path.dsv'
[5.756s] INFO:colcon.colcon_core.shell:Creating environment hook '/home/jinyicheng/auto_navigation/install/status_interface/share/status_interface/hook/cmake_prefix_path.sh'
[5.756s] Level 1:colcon.colcon_core.environment:checking '/home/jinyicheng/auto_navigation/install/status_interface/lib'
[5.756s] Level 1:colcon.colcon_core.shell:create_environment_hook('status_interface', 'ld_library_path_lib')
[5.756s] INFO:colcon.colcon_core.shell:Creating environment hook '/home/jinyicheng/auto_navigation/install/status_interface/share/status_interface/hook/ld_library_path_lib.ps1'
[5.756s] INFO:colcon.colcon_core.shell:Creating environment descriptor '/home/jinyicheng/auto_navigation/install/status_interface/share/status_interface/hook/ld_library_path_lib.dsv'
[5.757s] INFO:colcon.colcon_core.shell:Creating environment hook '/home/jinyicheng/auto_navigation/install/status_interface/share/status_interface/hook/ld_library_path_lib.sh'
[5.757s] Level 1:colcon.colcon_core.environment:checking '/home/jinyicheng/auto_navigation/install/status_interface/bin'
[5.757s] Level 1:colcon.colcon_core.environment:checking '/home/jinyicheng/auto_navigation/install/status_interface/lib/pkgconfig/status_interface.pc'
[5.757s] Level 1:colcon.colcon_core.environment:checking '/home/jinyicheng/auto_navigation/install/status_interface/lib/python3.10/site-packages'
[5.757s] Level 1:colcon.colcon_core.environment:checking '/home/jinyicheng/auto_navigation/install/status_interface/bin'
[5.757s] INFO:colcon.colcon_core.shell:Creating package script '/home/jinyicheng/auto_navigation/install/status_interface/share/status_interface/package.ps1'
[5.758s] INFO:colcon.colcon_core.shell:Creating package descriptor '/home/jinyicheng/auto_navigation/install/status_interface/share/status_interface/package.dsv'
[5.758s] INFO:colcon.colcon_core.shell:Creating package script '/home/jinyicheng/auto_navigation/install/status_interface/share/status_interface/package.sh'
[5.758s] INFO:colcon.colcon_core.shell:Creating package script '/home/jinyicheng/auto_navigation/install/status_interface/share/status_interface/package.bash'
[5.758s] INFO:colcon.colcon_core.shell:Creating package script '/home/jinyicheng/auto_navigation/install/status_interface/share/status_interface/package.zsh'
[5.758s] Level 1:colcon.colcon_core.environment:create_file_with_runtime_dependencies(/home/jinyicheng/auto_navigation/install/status_interface/share/colcon-core/packages/status_interface)
[5.759s] DEBUG:colcon.colcon_parallel_executor.executor.parallel:closing loop
[5.759s] DEBUG:colcon.colcon_parallel_executor.executor.parallel:loop closed
[5.759s] DEBUG:colcon.colcon_parallel_executor.executor.parallel:run_until_complete finished with '0'
[5.759s] DEBUG:colcon.colcon_core.event_reactor:joining thread
[5.814s] INFO:colcon.colcon_core.plugin_system:Skipping extension 'colcon_notification.desktop_notification.notify_send': Could not find 'notify-send'
[5.814s] INFO:colcon.colcon_core.plugin_system:Skipping extension 'colcon_notification.desktop_notification.terminal_notifier': Not used on non-Darwin systems
[5.814s] INFO:colcon.colcon_core.plugin_system:Skipping extension 'colcon_notification.desktop_notification.win32': Not used on non-Windows systems
[5.815s] INFO:colcon.colcon_notification.desktop_notification:Sending desktop notification using 'notify2'
[5.817s] DEBUG:colcon.colcon_notification.desktop_notification.notify2:Failed to initialize notify2: org.freedesktop.DBus.Error.ServiceUnknown: The name org.freedesktop.Notifications was not provided by any .service files
[5.817s] DEBUG:colcon.colcon_core.event_reactor:joined thread
[5.818s] INFO:colcon.colcon_core.shell:Creating prefix script '/home/jinyicheng/auto_navigation/install/local_setup.ps1'
[5.819s] INFO:colcon.colcon_core.shell:Creating prefix util module '/home/jinyicheng/auto_navigation/install/_local_setup_util_ps1.py'
[5.820s] INFO:colcon.colcon_core.shell:Creating prefix chain script '/home/jinyicheng/auto_navigation/install/setup.ps1'
[5.820s] INFO:colcon.colcon_core.shell:Creating prefix script '/home/jinyicheng/auto_navigation/install/local_setup.sh'
[5.821s] INFO:colcon.colcon_core.shell:Creating prefix util module '/home/jinyicheng/auto_navigation/install/_local_setup_util_sh.py'
[5.821s] INFO:colcon.colcon_core.shell:Creating prefix chain script '/home/jinyicheng/auto_navigation/install/setup.sh'
[5.822s] INFO:colcon.colcon_core.shell:Creating prefix script '/home/jinyicheng/auto_navigation/install/local_setup.bash'
[5.822s] INFO:colcon.colcon_core.shell:Creating prefix chain script '/home/jinyicheng/auto_navigation/install/setup.bash'
[5.823s] INFO:colcon.colcon_core.shell:Creating prefix script '/home/jinyicheng/auto_navigation/install/local_setup.zsh'
[5.823s] INFO:colcon.colcon_core.shell:Creating prefix chain script '/home/jinyicheng/auto_navigation/install/setup.zsh'
