[0.031s] Invoking command in '/home/jinyicheng/auto_navigation/build/chapt4_interfaces': CMAKE_PREFIX_PATH=${CMAKE_PREFIX_PATH}:/home/jinyicheng/auto_navigation/install/status_publisher:/home/jinyicheng/auto_navigation/install/restudy_1_pkg:/home/jinyicheng/auto_navigation/install/node2:/home/jinyicheng/auto_navigation/install/node1:/home/jinyicheng/auto_navigation/install/demo_python_tf:/home/jinyicheng/auto_navigation/install/demo_python_service:/opt/ros/humble /usr/bin/cmake --build /home/jinyicheng/auto_navigation/build/chapt4_interfaces -- -j20 -l20
[0.490s] [  3%] Built target chapt4_interfaces__rs
[0.491s] [  6%] Built target chapt4_interfaces__cpp
[0.491s] [ 15%] Built target chapt4_interfaces__rosidl_generator_c
[0.491s] [ 15%] Built target ament_cmake_python_copy_chapt4_interfaces
[0.491s] [ 31%] Built target chapt4_interfaces__rosidl_typesupport_cpp
[0.491s] [ 34%] Built target chapt4_interfaces__rosidl_typesupport_introspection_cpp
[0.491s] [ 43%] Built target chapt4_interfaces__rosidl_typesupport_fastrtps_cpp
[0.491s] [ 53%] Built target chapt4_interfaces__rosidl_typesupport_c
[0.491s] [ 62%] Built target chapt4_interfaces__rosidl_typesupport_introspection_c
[0.491s] [ 71%] Built target chapt4_interfaces__rosidl_typesupport_fastrtps_c
[0.491s] [ 71%] Built target chapt4_interfaces
[0.491s] [ 75%] Built target chapt4_interfaces__py
[0.491s] [ 81%] Built target chapt4_interfaces__rosidl_generator_py
[0.491s] [ 93%] Built target chapt4_interfaces__rosidl_typesupport_fastrtps_c__pyext
[0.491s] [ 90%] Built target chapt4_interfaces__rosidl_typesupport_introspection_c__pyext
[0.491s] [100%] Built target chapt4_interfaces__rosidl_typesupport_c__pyext
[0.491s] running egg_info
[0.492s] writing chapt4_interfaces.egg-info/PKG-INFO
[0.492s] writing dependency_links to chapt4_interfaces.egg-info/dependency_links.txt
[0.492s] writing top-level names to chapt4_interfaces.egg-info/top_level.txt
[0.492s] reading manifest file 'chapt4_interfaces.egg-info/SOURCES.txt'
[0.492s] writing manifest file 'chapt4_interfaces.egg-info/SOURCES.txt'
[0.492s] [100%] Built target ament_cmake_python_build_chapt4_interfaces_egg
[0.492s] Invoked command in '/home/jinyicheng/auto_navigation/build/chapt4_interfaces' returned '0': CMAKE_PREFIX_PATH=${CMAKE_PREFIX_PATH}:/home/jinyicheng/auto_navigation/install/status_publisher:/home/jinyicheng/auto_navigation/install/restudy_1_pkg:/home/jinyicheng/auto_navigation/install/node2:/home/jinyicheng/auto_navigation/install/node1:/home/jinyicheng/auto_navigation/install/demo_python_tf:/home/jinyicheng/auto_navigation/install/demo_python_service:/opt/ros/humble /usr/bin/cmake --build /home/jinyicheng/auto_navigation/build/chapt4_interfaces -- -j20 -l20
[0.497s] Invoking command in '/home/jinyicheng/auto_navigation/build/chapt4_interfaces': CMAKE_PREFIX_PATH=${CMAKE_PREFIX_PATH}:/home/jinyicheng/auto_navigation/install/status_publisher:/home/jinyicheng/auto_navigation/install/restudy_1_pkg:/home/jinyicheng/auto_navigation/install/node2:/home/jinyicheng/auto_navigation/install/node1:/home/jinyicheng/auto_navigation/install/demo_python_tf:/home/jinyicheng/auto_navigation/install/demo_python_service:/opt/ros/humble /usr/bin/cmake --install /home/jinyicheng/auto_navigation/build/chapt4_interfaces
[0.502s] -- Install configuration: ""
[0.502s] -- Up-to-date: /home/jinyicheng/auto_navigation/install/chapt4_interfaces/share/ament_index/resource_index/rosidl_interfaces/chapt4_interfaces
[0.502s] -- Up-to-date: /home/jinyicheng/auto_navigation/install/chapt4_interfaces/include/chapt4_interfaces/chapt4_interfaces
[0.502s] -- Up-to-date: /home/jinyicheng/auto_navigation/install/chapt4_interfaces/include/chapt4_interfaces/chapt4_interfaces/srv
[0.502s] -- Up-to-date: /home/jinyicheng/auto_navigation/install/chapt4_interfaces/include/chapt4_interfaces/chapt4_interfaces/srv/face_detector.h
[0.502s] -- Up-to-date: /home/jinyicheng/auto_navigation/install/chapt4_interfaces/include/chapt4_interfaces/chapt4_interfaces/srv/detail
[0.502s] -- Up-to-date: /home/jinyicheng/auto_navigation/install/chapt4_interfaces/include/chapt4_interfaces/chapt4_interfaces/srv/detail/face_detector__functions.c
[0.503s] -- Up-to-date: /home/jinyicheng/auto_navigation/install/chapt4_interfaces/include/chapt4_interfaces/chapt4_interfaces/srv/detail/face_detector__struct.h
[0.503s] -- Up-to-date: /home/jinyicheng/auto_navigation/install/chapt4_interfaces/include/chapt4_interfaces/chapt4_interfaces/srv/detail/face_detector__type_support.h
[0.503s] -- Up-to-date: /home/jinyicheng/auto_navigation/install/chapt4_interfaces/include/chapt4_interfaces/chapt4_interfaces/srv/detail/face_detector__functions.h
[0.503s] -- Up-to-date: /home/jinyicheng/auto_navigation/install/chapt4_interfaces/include/chapt4_interfaces/chapt4_interfaces/msg
[0.503s] -- Up-to-date: /home/jinyicheng/auto_navigation/install/chapt4_interfaces/include/chapt4_interfaces/chapt4_interfaces/msg/rosidl_generator_c__visibility_control.h
[0.505s] -- Up-to-date: /home/jinyicheng/auto_navigation/install/chapt4_interfaces/share/chapt4_interfaces/environment/library_path.sh
[0.505s] -- Up-to-date: /home/jinyicheng/auto_navigation/install/chapt4_interfaces/share/chapt4_interfaces/environment/library_path.dsv
[0.505s] -- Up-to-date: /home/jinyicheng/auto_navigation/install/chapt4_interfaces/lib/libchapt4_interfaces__rosidl_generator_c.so
[0.505s] -- Up-to-date: /home/jinyicheng/auto_navigation/install/chapt4_interfaces/include/chapt4_interfaces/chapt4_interfaces
[0.506s] -- Up-to-date: /home/jinyicheng/auto_navigation/install/chapt4_interfaces/include/chapt4_interfaces/chapt4_interfaces/srv
[0.506s] -- Up-to-date: /home/jinyicheng/auto_navigation/install/chapt4_interfaces/include/chapt4_interfaces/chapt4_interfaces/srv/detail
[0.506s] -- Up-to-date: /home/jinyicheng/auto_navigation/install/chapt4_interfaces/include/chapt4_interfaces/chapt4_interfaces/srv/detail/face_detector__rosidl_typesupport_fastrtps_c.h
[0.506s] -- Up-to-date: /home/jinyicheng/auto_navigation/install/chapt4_interfaces/include/chapt4_interfaces/chapt4_interfaces/msg
[0.506s] -- Up-to-date: /home/jinyicheng/auto_navigation/install/chapt4_interfaces/include/chapt4_interfaces/chapt4_interfaces/msg/rosidl_typesupport_fastrtps_c__visibility_control.h
[0.507s] -- Up-to-date: /home/jinyicheng/auto_navigation/install/chapt4_interfaces/lib/libchapt4_interfaces__rosidl_typesupport_fastrtps_c.so
[0.507s] -- Up-to-date: /home/jinyicheng/auto_navigation/install/chapt4_interfaces/include/chapt4_interfaces/chapt4_interfaces
[0.507s] -- Up-to-date: /home/jinyicheng/auto_navigation/install/chapt4_interfaces/include/chapt4_interfaces/chapt4_interfaces/srv
[0.507s] -- Up-to-date: /home/jinyicheng/auto_navigation/install/chapt4_interfaces/include/chapt4_interfaces/chapt4_interfaces/srv/detail
[0.507s] -- Up-to-date: /home/jinyicheng/auto_navigation/install/chapt4_interfaces/include/chapt4_interfaces/chapt4_interfaces/srv/detail/face_detector__type_support.hpp
[0.508s] -- Up-to-date: /home/jinyicheng/auto_navigation/install/chapt4_interfaces/include/chapt4_interfaces/chapt4_interfaces/srv/detail/face_detector__struct.hpp
[0.508s] -- Up-to-date: /home/jinyicheng/auto_navigation/install/chapt4_interfaces/include/chapt4_interfaces/chapt4_interfaces/srv/detail/face_detector__traits.hpp
[0.509s] -- Up-to-date: /home/jinyicheng/auto_navigation/install/chapt4_interfaces/include/chapt4_interfaces/chapt4_interfaces/srv/detail/face_detector__builder.hpp
[0.509s] -- Up-to-date: /home/jinyicheng/auto_navigation/install/chapt4_interfaces/include/chapt4_interfaces/chapt4_interfaces/srv/face_detector.hpp
[0.509s] -- Up-to-date: /home/jinyicheng/auto_navigation/install/chapt4_interfaces/include/chapt4_interfaces/chapt4_interfaces/msg
[0.509s] -- Up-to-date: /home/jinyicheng/auto_navigation/install/chapt4_interfaces/include/chapt4_interfaces/chapt4_interfaces/msg/rosidl_generator_cpp__visibility_control.hpp
[0.509s] -- Up-to-date: /home/jinyicheng/auto_navigation/install/chapt4_interfaces/include/chapt4_interfaces/chapt4_interfaces
[0.509s] -- Up-to-date: /home/jinyicheng/auto_navigation/install/chapt4_interfaces/include/chapt4_interfaces/chapt4_interfaces/srv
[0.510s] -- Up-to-date: /home/jinyicheng/auto_navigation/install/chapt4_interfaces/include/chapt4_interfaces/chapt4_interfaces/srv/detail
[0.510s] -- Up-to-date: /home/jinyicheng/auto_navigation/install/chapt4_interfaces/include/chapt4_interfaces/chapt4_interfaces/srv/detail/face_detector__rosidl_typesupport_fastrtps_cpp.hpp
[0.510s] -- Up-to-date: /home/jinyicheng/auto_navigation/install/chapt4_interfaces/include/chapt4_interfaces/chapt4_interfaces/srv/detail/dds_fastrtps
[0.510s] -- Up-to-date: /home/jinyicheng/auto_navigation/install/chapt4_interfaces/include/chapt4_interfaces/chapt4_interfaces/msg
[0.510s] -- Up-to-date: /home/jinyicheng/auto_navigation/install/chapt4_interfaces/include/chapt4_interfaces/chapt4_interfaces/msg/rosidl_typesupport_fastrtps_cpp__visibility_control.h
[0.510s] -- Up-to-date: /home/jinyicheng/auto_navigation/install/chapt4_interfaces/lib/libchapt4_interfaces__rosidl_typesupport_fastrtps_cpp.so
[0.510s] -- Up-to-date: /home/jinyicheng/auto_navigation/install/chapt4_interfaces/include/chapt4_interfaces/chapt4_interfaces
[0.511s] -- Up-to-date: /home/jinyicheng/auto_navigation/install/chapt4_interfaces/include/chapt4_interfaces/chapt4_interfaces/srv
[0.511s] -- Up-to-date: /home/jinyicheng/auto_navigation/install/chapt4_interfaces/include/chapt4_interfaces/chapt4_interfaces/srv/detail
[0.511s] -- Up-to-date: /home/jinyicheng/auto_navigation/install/chapt4_interfaces/include/chapt4_interfaces/chapt4_interfaces/srv/detail/face_detector__type_support.c
[0.511s] -- Up-to-date: /home/jinyicheng/auto_navigation/install/chapt4_interfaces/include/chapt4_interfaces/chapt4_interfaces/srv/detail/face_detector__rosidl_typesupport_introspection_c.h
[0.511s] -- Up-to-date: /home/jinyicheng/auto_navigation/install/chapt4_interfaces/include/chapt4_interfaces/chapt4_interfaces/msg
[0.511s] -- Up-to-date: /home/jinyicheng/auto_navigation/install/chapt4_interfaces/include/chapt4_interfaces/chapt4_interfaces/msg/rosidl_typesupport_introspection_c__visibility_control.h
[0.512s] -- Up-to-date: /home/jinyicheng/auto_navigation/install/chapt4_interfaces/lib/libchapt4_interfaces__rosidl_typesupport_introspection_c.so
[0.512s] -- Up-to-date: /home/jinyicheng/auto_navigation/install/chapt4_interfaces/lib/libchapt4_interfaces__rosidl_typesupport_c.so
[0.513s] -- Up-to-date: /home/jinyicheng/auto_navigation/install/chapt4_interfaces/include/chapt4_interfaces/chapt4_interfaces
[0.513s] -- Up-to-date: /home/jinyicheng/auto_navigation/install/chapt4_interfaces/include/chapt4_interfaces/chapt4_interfaces/srv
[0.513s] -- Up-to-date: /home/jinyicheng/auto_navigation/install/chapt4_interfaces/include/chapt4_interfaces/chapt4_interfaces/srv/detail
[0.513s] -- Up-to-date: /home/jinyicheng/auto_navigation/install/chapt4_interfaces/include/chapt4_interfaces/chapt4_interfaces/srv/detail/face_detector__type_support.cpp
[0.513s] -- Up-to-date: /home/jinyicheng/auto_navigation/install/chapt4_interfaces/include/chapt4_interfaces/chapt4_interfaces/srv/detail/face_detector__rosidl_typesupport_introspection_cpp.hpp
[0.513s] -- Up-to-date: /home/jinyicheng/auto_navigation/install/chapt4_interfaces/lib/libchapt4_interfaces__rosidl_typesupport_introspection_cpp.so
[0.513s] -- Up-to-date: /home/jinyicheng/auto_navigation/install/chapt4_interfaces/lib/libchapt4_interfaces__rosidl_typesupport_cpp.so
[0.513s] -- Up-to-date: /home/jinyicheng/auto_navigation/install/chapt4_interfaces/share/chapt4_interfaces/environment/pythonpath.sh
[0.514s] -- Up-to-date: /home/jinyicheng/auto_navigation/install/chapt4_interfaces/share/chapt4_interfaces/environment/pythonpath.dsv
[0.514s] -- Up-to-date: /home/jinyicheng/auto_navigation/install/chapt4_interfaces/local/lib/python3.10/dist-packages/chapt4_interfaces-0.0.0-py3.10.egg-info
[0.514s] -- Installing: /home/jinyicheng/auto_navigation/install/chapt4_interfaces/local/lib/python3.10/dist-packages/chapt4_interfaces-0.0.0-py3.10.egg-info/top_level.txt
[0.517s] -- Installing: /home/jinyicheng/auto_navigation/install/chapt4_interfaces/local/lib/python3.10/dist-packages/chapt4_interfaces-0.0.0-py3.10.egg-info/dependency_links.txt
[0.517s] -- Installing: /home/jinyicheng/auto_navigation/install/chapt4_interfaces/local/lib/python3.10/dist-packages/chapt4_interfaces-0.0.0-py3.10.egg-info/SOURCES.txt
[0.517s] -- Installing: /home/jinyicheng/auto_navigation/install/chapt4_interfaces/local/lib/python3.10/dist-packages/chapt4_interfaces-0.0.0-py3.10.egg-info/PKG-INFO
[0.518s] -- Up-to-date: /home/jinyicheng/auto_navigation/install/chapt4_interfaces/local/lib/python3.10/dist-packages/chapt4_interfaces
[0.518s] -- Up-to-date: /home/jinyicheng/auto_navigation/install/chapt4_interfaces/local/lib/python3.10/dist-packages/chapt4_interfaces/srv
[0.518s] -- Up-to-date: /home/jinyicheng/auto_navigation/install/chapt4_interfaces/local/lib/python3.10/dist-packages/chapt4_interfaces/srv/_face_detector_s.c
[0.518s] -- Up-to-date: /home/jinyicheng/auto_navigation/install/chapt4_interfaces/local/lib/python3.10/dist-packages/chapt4_interfaces/srv/_face_detector.py
[0.518s] -- Up-to-date: /home/jinyicheng/auto_navigation/install/chapt4_interfaces/local/lib/python3.10/dist-packages/chapt4_interfaces/srv/__init__.py
[0.518s] -- Up-to-date: /home/jinyicheng/auto_navigation/install/chapt4_interfaces/local/lib/python3.10/dist-packages/chapt4_interfaces/_chapt4_interfaces_s.ep.rosidl_typesupport_introspection_c.c
[0.518s] -- Up-to-date: /home/jinyicheng/auto_navigation/install/chapt4_interfaces/local/lib/python3.10/dist-packages/chapt4_interfaces/chapt4_interfaces_s__rosidl_typesupport_fastrtps_c.cpython-310-x86_64-linux-gnu.so
[0.519s] -- Up-to-date: /home/jinyicheng/auto_navigation/install/chapt4_interfaces/local/lib/python3.10/dist-packages/chapt4_interfaces/chapt4_interfaces_s__rosidl_typesupport_introspection_c.cpython-310-x86_64-linux-gnu.so
[0.519s] -- Up-to-date: /home/jinyicheng/auto_navigation/install/chapt4_interfaces/local/lib/python3.10/dist-packages/chapt4_interfaces/_chapt4_interfaces_s.ep.rosidl_typesupport_fastrtps_c.c
[0.519s] -- Up-to-date: /home/jinyicheng/auto_navigation/install/chapt4_interfaces/local/lib/python3.10/dist-packages/chapt4_interfaces/_chapt4_interfaces_s.ep.rosidl_typesupport_c.c
[0.519s] -- Up-to-date: /home/jinyicheng/auto_navigation/install/chapt4_interfaces/local/lib/python3.10/dist-packages/chapt4_interfaces/libchapt4_interfaces__rosidl_generator_py.so
[0.519s] -- Up-to-date: /home/jinyicheng/auto_navigation/install/chapt4_interfaces/local/lib/python3.10/dist-packages/chapt4_interfaces/__init__.py
[0.519s] -- Up-to-date: /home/jinyicheng/auto_navigation/install/chapt4_interfaces/local/lib/python3.10/dist-packages/chapt4_interfaces/chapt4_interfaces_s__rosidl_typesupport_c.cpython-310-x86_64-linux-gnu.so
[0.530s] Listing '/home/jinyicheng/auto_navigation/install/chapt4_interfaces/local/lib/python3.10/dist-packages/chapt4_interfaces'...
[0.530s] Listing '/home/jinyicheng/auto_navigation/install/chapt4_interfaces/local/lib/python3.10/dist-packages/chapt4_interfaces/srv'...
[0.533s] -- Up-to-date: /home/jinyicheng/auto_navigation/install/chapt4_interfaces/local/lib/python3.10/dist-packages/chapt4_interfaces/chapt4_interfaces_s__rosidl_typesupport_fastrtps_c.cpython-310-x86_64-linux-gnu.so
[0.533s] -- Up-to-date: /home/jinyicheng/auto_navigation/install/chapt4_interfaces/local/lib/python3.10/dist-packages/chapt4_interfaces/chapt4_interfaces_s__rosidl_typesupport_introspection_c.cpython-310-x86_64-linux-gnu.so
[0.533s] -- Up-to-date: /home/jinyicheng/auto_navigation/install/chapt4_interfaces/local/lib/python3.10/dist-packages/chapt4_interfaces/chapt4_interfaces_s__rosidl_typesupport_c.cpython-310-x86_64-linux-gnu.so
[0.534s] -- Up-to-date: /home/jinyicheng/auto_navigation/install/chapt4_interfaces/lib/libchapt4_interfaces__rosidl_generator_py.so
[0.534s] -- Up-to-date: /home/jinyicheng/auto_navigation/install/chapt4_interfaces/share/ament_index/resource_index/rust_packages/chapt4_interfaces
[0.534s] -- Up-to-date: /home/jinyicheng/auto_navigation/install/chapt4_interfaces/share/chapt4_interfaces/rust
[0.534s] -- Up-to-date: /home/jinyicheng/auto_navigation/install/chapt4_interfaces/share/chapt4_interfaces/rust/src
[0.534s] -- Up-to-date: /home/jinyicheng/auto_navigation/install/chapt4_interfaces/share/chapt4_interfaces/rust/src/srv
[0.534s] -- Up-to-date: /home/jinyicheng/auto_navigation/install/chapt4_interfaces/share/chapt4_interfaces/rust/src/srv/rmw.rs
[0.534s] -- Up-to-date: /home/jinyicheng/auto_navigation/install/chapt4_interfaces/share/chapt4_interfaces/rust/src/srv.rs
[0.534s] -- Up-to-date: /home/jinyicheng/auto_navigation/install/chapt4_interfaces/share/chapt4_interfaces/rust/src/lib.rs
[0.534s] -- Up-to-date: /home/jinyicheng/auto_navigation/install/chapt4_interfaces/share/chapt4_interfaces/rust/Cargo.toml
[0.534s] -- Up-to-date: /home/jinyicheng/auto_navigation/install/chapt4_interfaces/share/chapt4_interfaces/rust/build.rs
[0.534s] -- Up-to-date: /home/jinyicheng/auto_navigation/install/chapt4_interfaces/share/chapt4_interfaces/srv/FaceDetector.idl
[0.535s] -- Up-to-date: /home/jinyicheng/auto_navigation/install/chapt4_interfaces/share/chapt4_interfaces/srv/FaceDetector.srv
[0.535s] -- Up-to-date: /home/jinyicheng/auto_navigation/install/chapt4_interfaces/share/chapt4_interfaces/srv/FaceDetector_Request.msg
[0.535s] -- Up-to-date: /home/jinyicheng/auto_navigation/install/chapt4_interfaces/share/chapt4_interfaces/srv/FaceDetector_Response.msg
[0.535s] -- Up-to-date: /home/jinyicheng/auto_navigation/install/chapt4_interfaces/share/ament_index/resource_index/package_run_dependencies/chapt4_interfaces
[0.536s] -- Up-to-date: /home/jinyicheng/auto_navigation/install/chapt4_interfaces/share/ament_index/resource_index/parent_prefix_path/chapt4_interfaces
[0.537s] -- Up-to-date: /home/jinyicheng/auto_navigation/install/chapt4_interfaces/share/chapt4_interfaces/environment/ament_prefix_path.sh
[0.537s] -- Up-to-date: /home/jinyicheng/auto_navigation/install/chapt4_interfaces/share/chapt4_interfaces/environment/ament_prefix_path.dsv
[0.537s] -- Up-to-date: /home/jinyicheng/auto_navigation/install/chapt4_interfaces/share/chapt4_interfaces/environment/path.sh
[0.537s] -- Up-to-date: /home/jinyicheng/auto_navigation/install/chapt4_interfaces/share/chapt4_interfaces/environment/path.dsv
[0.537s] -- Up-to-date: /home/jinyicheng/auto_navigation/install/chapt4_interfaces/share/chapt4_interfaces/local_setup.bash
[0.537s] -- Up-to-date: /home/jinyicheng/auto_navigation/install/chapt4_interfaces/share/chapt4_interfaces/local_setup.sh
[0.537s] -- Up-to-date: /home/jinyicheng/auto_navigation/install/chapt4_interfaces/share/chapt4_interfaces/local_setup.zsh
[0.537s] -- Up-to-date: /home/jinyicheng/auto_navigation/install/chapt4_interfaces/share/chapt4_interfaces/local_setup.dsv
[0.537s] -- Installing: /home/jinyicheng/auto_navigation/install/chapt4_interfaces/share/chapt4_interfaces/package.dsv
[0.537s] -- Up-to-date: /home/jinyicheng/auto_navigation/install/chapt4_interfaces/share/ament_index/resource_index/packages/chapt4_interfaces
[0.537s] -- Up-to-date: /home/jinyicheng/auto_navigation/install/chapt4_interfaces/share/chapt4_interfaces/cmake/export_chapt4_interfaces__rosidl_generator_cExport.cmake
[0.537s] -- Up-to-date: /home/jinyicheng/auto_navigation/install/chapt4_interfaces/share/chapt4_interfaces/cmake/export_chapt4_interfaces__rosidl_generator_cExport-noconfig.cmake
[0.538s] -- Up-to-date: /home/jinyicheng/auto_navigation/install/chapt4_interfaces/share/chapt4_interfaces/cmake/export_chapt4_interfaces__rosidl_typesupport_fastrtps_cExport.cmake
[0.538s] -- Up-to-date: /home/jinyicheng/auto_navigation/install/chapt4_interfaces/share/chapt4_interfaces/cmake/export_chapt4_interfaces__rosidl_typesupport_fastrtps_cExport-noconfig.cmake
[0.538s] -- Up-to-date: /home/jinyicheng/auto_navigation/install/chapt4_interfaces/share/chapt4_interfaces/cmake/export_chapt4_interfaces__rosidl_generator_cppExport.cmake
[0.539s] -- Up-to-date: /home/jinyicheng/auto_navigation/install/chapt4_interfaces/share/chapt4_interfaces/cmake/export_chapt4_interfaces__rosidl_typesupport_fastrtps_cppExport.cmake
[0.539s] -- Up-to-date: /home/jinyicheng/auto_navigation/install/chapt4_interfaces/share/chapt4_interfaces/cmake/export_chapt4_interfaces__rosidl_typesupport_fastrtps_cppExport-noconfig.cmake
[0.543s] -- Up-to-date: /home/jinyicheng/auto_navigation/install/chapt4_interfaces/share/chapt4_interfaces/cmake/chapt4_interfaces__rosidl_typesupport_introspection_cExport.cmake
[0.543s] -- Up-to-date: /home/jinyicheng/auto_navigation/install/chapt4_interfaces/share/chapt4_interfaces/cmake/chapt4_interfaces__rosidl_typesupport_introspection_cExport-noconfig.cmake
[0.543s] -- Up-to-date: /home/jinyicheng/auto_navigation/install/chapt4_interfaces/share/chapt4_interfaces/cmake/chapt4_interfaces__rosidl_typesupport_cExport.cmake
[0.544s] -- Up-to-date: /home/jinyicheng/auto_navigation/install/chapt4_interfaces/share/chapt4_interfaces/cmake/chapt4_interfaces__rosidl_typesupport_cExport-noconfig.cmake
[0.544s] -- Up-to-date: /home/jinyicheng/auto_navigation/install/chapt4_interfaces/share/chapt4_interfaces/cmake/chapt4_interfaces__rosidl_typesupport_introspection_cppExport.cmake
[0.544s] -- Up-to-date: /home/jinyicheng/auto_navigation/install/chapt4_interfaces/share/chapt4_interfaces/cmake/chapt4_interfaces__rosidl_typesupport_introspection_cppExport-noconfig.cmake
[0.544s] -- Up-to-date: /home/jinyicheng/auto_navigation/install/chapt4_interfaces/share/chapt4_interfaces/cmake/chapt4_interfaces__rosidl_typesupport_cppExport.cmake
[0.544s] -- Up-to-date: /home/jinyicheng/auto_navigation/install/chapt4_interfaces/share/chapt4_interfaces/cmake/chapt4_interfaces__rosidl_typesupport_cppExport-noconfig.cmake
[0.544s] -- Up-to-date: /home/jinyicheng/auto_navigation/install/chapt4_interfaces/share/chapt4_interfaces/cmake/export_chapt4_interfaces__rosidl_generator_pyExport.cmake
[0.545s] -- Up-to-date: /home/jinyicheng/auto_navigation/install/chapt4_interfaces/share/chapt4_interfaces/cmake/export_chapt4_interfaces__rosidl_generator_pyExport-noconfig.cmake
[0.545s] -- Up-to-date: /home/jinyicheng/auto_navigation/install/chapt4_interfaces/share/chapt4_interfaces/cmake/rosidl_cmake-extras.cmake
[0.545s] -- Up-to-date: /home/jinyicheng/auto_navigation/install/chapt4_interfaces/share/chapt4_interfaces/cmake/ament_cmake_export_dependencies-extras.cmake
[0.545s] -- Up-to-date: /home/jinyicheng/auto_navigation/install/chapt4_interfaces/share/chapt4_interfaces/cmake/ament_cmake_export_include_directories-extras.cmake
[0.545s] -- Up-to-date: /home/jinyicheng/auto_navigation/install/chapt4_interfaces/share/chapt4_interfaces/cmake/ament_cmake_export_libraries-extras.cmake
[0.545s] -- Up-to-date: /home/jinyicheng/auto_navigation/install/chapt4_interfaces/share/chapt4_interfaces/cmake/ament_cmake_export_targets-extras.cmake
[0.545s] -- Up-to-date: /home/jinyicheng/auto_navigation/install/chapt4_interfaces/share/chapt4_interfaces/cmake/rosidl_cmake_export_typesupport_targets-extras.cmake
[0.545s] -- Up-to-date: /home/jinyicheng/auto_navigation/install/chapt4_interfaces/share/chapt4_interfaces/cmake/rosidl_cmake_export_typesupport_libraries-extras.cmake
[0.545s] -- Up-to-date: /home/jinyicheng/auto_navigation/install/chapt4_interfaces/share/chapt4_interfaces/cmake/chapt4_interfacesConfig.cmake
[0.545s] -- Up-to-date: /home/jinyicheng/auto_navigation/install/chapt4_interfaces/share/chapt4_interfaces/cmake/chapt4_interfacesConfig-version.cmake
[0.546s] -- Up-to-date: /home/jinyicheng/auto_navigation/install/chapt4_interfaces/share/chapt4_interfaces/package.xml
[0.562s] Invoked command in '/home/jinyicheng/auto_navigation/build/chapt4_interfaces' returned '0': CMAKE_PREFIX_PATH=${CMAKE_PREFIX_PATH}:/home/jinyicheng/auto_navigation/install/status_publisher:/home/jinyicheng/auto_navigation/install/restudy_1_pkg:/home/jinyicheng/auto_navigation/install/node2:/home/jinyicheng/auto_navigation/install/node1:/home/jinyicheng/auto_navigation/install/demo_python_tf:/home/jinyicheng/auto_navigation/install/demo_python_service:/opt/ros/humble /usr/bin/cmake --install /home/jinyicheng/auto_navigation/build/chapt4_interfaces
