/home/jinyicheng/auto_navigation/install/node1/lib/python3.10/site-packages/node1/learn_thread.py
/home/jinyicheng/auto_navigation/install/node1/lib/python3.10/site-packages/node1/node_test.py
/home/jinyicheng/auto_navigation/install/node1/lib/python3.10/site-packages/node1/download_novel.py
/home/jinyicheng/auto_navigation/install/node1/lib/python3.10/site-packages/node1/__init__.py
/home/jinyicheng/auto_navigation/install/node1/lib/python3.10/site-packages/node1/__pycache__/learn_thread.cpython-310.pyc
/home/jinyicheng/auto_navigation/install/node1/lib/python3.10/site-packages/node1/__pycache__/node_test.cpython-310.pyc
/home/jinyicheng/auto_navigation/install/node1/lib/python3.10/site-packages/node1/__pycache__/download_novel.cpython-310.pyc
/home/jinyicheng/auto_navigation/install/node1/lib/python3.10/site-packages/node1/__pycache__/__init__.cpython-310.pyc
/home/jinyicheng/auto_navigation/install/node1/share/ament_index/resource_index/packages/node1
/home/jinyicheng/auto_navigation/install/node1/share/node1/package.xml
/home/jinyicheng/auto_navigation/install/node1/lib/python3.10/site-packages/node1-0.0.0-py3.10.egg-info/top_level.txt
/home/jinyicheng/auto_navigation/install/node1/lib/python3.10/site-packages/node1-0.0.0-py3.10.egg-info/dependency_links.txt
/home/jinyicheng/auto_navigation/install/node1/lib/python3.10/site-packages/node1-0.0.0-py3.10.egg-info/entry_points.txt
/home/jinyicheng/auto_navigation/install/node1/lib/python3.10/site-packages/node1-0.0.0-py3.10.egg-info/SOURCES.txt
/home/jinyicheng/auto_navigation/install/node1/lib/python3.10/site-packages/node1-0.0.0-py3.10.egg-info/requires.txt
/home/jinyicheng/auto_navigation/install/node1/lib/python3.10/site-packages/node1-0.0.0-py3.10.egg-info/PKG-INFO
/home/jinyicheng/auto_navigation/install/node1/lib/python3.10/site-packages/node1-0.0.0-py3.10.egg-info/zip-safe
/home/jinyicheng/auto_navigation/install/node1/lib/node1/process1
/home/jinyicheng/auto_navigation/install/node1/lib/node1/process_download_novel
/home/jinyicheng/auto_navigation/install/node1/lib/node1/process_learn_thread
