[0.485s] Invoking command in '/home/jinyicheng/auto_navigation/build/robot_simulation': CMAKE_PREFIX_PATH=/opt/ros/humble /usr/bin/cmake --build /home/jinyicheng/auto_navigation/build/robot_simulation -- -j20 -l20
[0.501s] Invoked command in '/home/jinyicheng/auto_navigation/build/robot_simulation' returned '0': CMAKE_PREFIX_PATH=/opt/ros/humble /usr/bin/cmake --build /home/jinyicheng/auto_navigation/build/robot_simulation -- -j20 -l20
[0.508s] Invoking command in '/home/jinyicheng/auto_navigation/build/robot_simulation': CMAKE_PREFIX_PATH=/opt/ros/humble /usr/bin/cmake --install /home/jinyicheng/auto_navigation/build/robot_simulation
[0.511s] -- Install configuration: ""
[0.512s] -- Up-to-date: /home/jinyicheng/auto_navigation/install/robot_simulation/share/robot_simulation/launch
[0.512s] -- Installing: /home/jinyicheng/auto_navigation/install/robot_simulation/share/robot_simulation/launch/display.launch.py
[0.513s] -- Up-to-date: /home/jinyicheng/auto_navigation/install/robot_simulation/share/robot_simulation/urdf
[0.513s] -- Installing: /home/jinyicheng/auto_navigation/install/robot_simulation/share/robot_simulation/urdf/first_robot.urdf
[0.513s] -- Up-to-date: /home/jinyicheng/auto_navigation/install/robot_simulation/share/robot_simulation/urdf/first_robot.pdf
[0.513s] -- Up-to-date: /home/jinyicheng/auto_navigation/install/robot_simulation/share/robot_simulation/urdf/first_robot.gv
[0.513s] -- Installing: /home/jinyicheng/auto_navigation/install/robot_simulation/share/robot_simulation/urdf/fishrot
[0.513s] -- Installing: /home/jinyicheng/auto_navigation/install/robot_simulation/share/robot_simulation/urdf/fishrot/laser.xacro
[0.513s] -- Installing: /home/jinyicheng/auto_navigation/install/robot_simulation/share/robot_simulation/urdf/fishrot/base.xacro
[0.513s] -- Installing: /home/jinyicheng/auto_navigation/install/robot_simulation/share/robot_simulation/urdf/fishrot/imu.xacro
[0.514s] -- Installing: /home/jinyicheng/auto_navigation/install/robot_simulation/share/robot_simulation/urdf/fishrot/fishbot.xacro
[0.514s] -- Up-to-date: /home/jinyicheng/auto_navigation/install/robot_simulation/share/robot_simulation/urdf/first_robot.xacro
[0.514s] -- Up-to-date: /home/jinyicheng/auto_navigation/install/robot_simulation/share/ament_index/resource_index/package_run_dependencies/robot_simulation
[0.514s] -- Up-to-date: /home/jinyicheng/auto_navigation/install/robot_simulation/share/ament_index/resource_index/parent_prefix_path/robot_simulation
[0.514s] -- Up-to-date: /home/jinyicheng/auto_navigation/install/robot_simulation/share/robot_simulation/environment/ament_prefix_path.sh
[0.514s] -- Up-to-date: /home/jinyicheng/auto_navigation/install/robot_simulation/share/robot_simulation/environment/ament_prefix_path.dsv
[0.514s] -- Up-to-date: /home/jinyicheng/auto_navigation/install/robot_simulation/share/robot_simulation/environment/path.sh
[0.515s] -- Up-to-date: /home/jinyicheng/auto_navigation/install/robot_simulation/share/robot_simulation/environment/path.dsv
[0.515s] -- Up-to-date: /home/jinyicheng/auto_navigation/install/robot_simulation/share/robot_simulation/local_setup.bash
[0.515s] -- Up-to-date: /home/jinyicheng/auto_navigation/install/robot_simulation/share/robot_simulation/local_setup.sh
[0.515s] -- Up-to-date: /home/jinyicheng/auto_navigation/install/robot_simulation/share/robot_simulation/local_setup.zsh
[0.515s] -- Up-to-date: /home/jinyicheng/auto_navigation/install/robot_simulation/share/robot_simulation/local_setup.dsv
[0.515s] -- Installing: /home/jinyicheng/auto_navigation/install/robot_simulation/share/robot_simulation/package.dsv
[0.515s] -- Up-to-date: /home/jinyicheng/auto_navigation/install/robot_simulation/share/ament_index/resource_index/packages/robot_simulation
[0.515s] -- Up-to-date: /home/jinyicheng/auto_navigation/install/robot_simulation/share/robot_simulation/cmake/robot_simulationConfig.cmake
[0.515s] -- Up-to-date: /home/jinyicheng/auto_navigation/install/robot_simulation/share/robot_simulation/cmake/robot_simulationConfig-version.cmake
[0.516s] -- Up-to-date: /home/jinyicheng/auto_navigation/install/robot_simulation/share/robot_simulation/package.xml
[0.517s] Invoked command in '/home/jinyicheng/auto_navigation/build/robot_simulation' returned '0': CMAKE_PREFIX_PATH=/opt/ros/humble /usr/bin/cmake --install /home/jinyicheng/auto_navigation/build/robot_simulation
