[0.495s] Invoking command in '/home/jinyicheng/auto_navigation/core/node2': PYTHONPATH=/home/jinyicheng/auto_navigation/build/node2/prefix_override:/usr/lib/python3/dist-packages/colcon_core/task/python/colcon_distutils_commands:/home/jinyicheng/auto_navigation/install/node2/lib/python3.10/site-packages:${PYTHONPATH} /usr/bin/python3 -W ignore:setup.py install is deprecated -W ignore:easy_install command is deprecated setup.py egg_info --egg-base ../../build/node2 build --build-base /home/jinyicheng/auto_navigation/build/node2/build install --record /home/jinyicheng/auto_navigation/build/node2/install.log --single-version-externally-managed install_data
[0.606s] running egg_info
[0.607s] creating ../../build/node2/node2.egg-info
[0.607s] writing ../../build/node2/node2.egg-info/PKG-INFO
[0.607s] writing dependency_links to ../../build/node2/node2.egg-info/dependency_links.txt
[0.607s] writing entry points to ../../build/node2/node2.egg-info/entry_points.txt
[0.607s] writing requirements to ../../build/node2/node2.egg-info/requires.txt
[0.607s] writing top-level names to ../../build/node2/node2.egg-info/top_level.txt
[0.607s] writing manifest file '../../build/node2/node2.egg-info/SOURCES.txt'
[0.608s] reading manifest file '../../build/node2/node2.egg-info/SOURCES.txt'
[0.608s] adding license file 'LICENSE'
[0.609s] writing manifest file '../../build/node2/node2.egg-info/SOURCES.txt'
[0.609s] running build
[0.609s] running build_py
[0.609s] creating /home/jinyicheng/auto_navigation/build/node2/build
[0.609s] creating /home/jinyicheng/auto_navigation/build/node2/build/lib
[0.609s] creating /home/jinyicheng/auto_navigation/build/node2/build/lib/node2
[0.609s] copying node2/__init__.py -> /home/jinyicheng/auto_navigation/build/node2/build/lib/node2
[0.609s] running install
[0.609s] running install_lib
[0.610s] creating /home/jinyicheng/auto_navigation/install/node2/lib/python3.10/site-packages/node2
[0.610s] copying /home/jinyicheng/auto_navigation/build/node2/build/lib/node2/__init__.py -> /home/jinyicheng/auto_navigation/install/node2/lib/python3.10/site-packages/node2
[0.611s] byte-compiling /home/jinyicheng/auto_navigation/install/node2/lib/python3.10/site-packages/node2/__init__.py to __init__.cpython-310.pyc
[0.611s] running install_data
[0.611s] creating /home/jinyicheng/auto_navigation/install/node2/share/ament_index
[0.611s] creating /home/jinyicheng/auto_navigation/install/node2/share/ament_index/resource_index
[0.611s] creating /home/jinyicheng/auto_navigation/install/node2/share/ament_index/resource_index/packages
[0.611s] copying resource/node2 -> /home/jinyicheng/auto_navigation/install/node2/share/ament_index/resource_index/packages
[0.611s] copying package.xml -> /home/jinyicheng/auto_navigation/install/node2/share/node2
[0.611s] running install_egg_info
[0.612s] Copying ../../build/node2/node2.egg-info to /home/jinyicheng/auto_navigation/install/node2/lib/python3.10/site-packages/node2-0.0.0-py3.10.egg-info
[0.613s] running install_scripts
[0.623s] writing list of installed files to '/home/jinyicheng/auto_navigation/build/node2/install.log'
[0.636s] Invoked command in '/home/jinyicheng/auto_navigation/core/node2' returned '0': PYTHONPATH=/home/jinyicheng/auto_navigation/build/node2/prefix_override:/usr/lib/python3/dist-packages/colcon_core/task/python/colcon_distutils_commands:/home/jinyicheng/auto_navigation/install/node2/lib/python3.10/site-packages:${PYTHONPATH} /usr/bin/python3 -W ignore:setup.py install is deprecated -W ignore:easy_install command is deprecated setup.py egg_info --egg-base ../../build/node2 build --build-base /home/jinyicheng/auto_navigation/build/node2/build install --record /home/jinyicheng/auto_navigation/build/node2/install.log --single-version-externally-managed install_data
