[0.028s] Invoking command in '/home/jinyicheng/auto_navigation/build/chapt4_interfaces': CMAKE_PREFIX_PATH=${CMAKE_PREFIX_PATH}:/home/jinyicheng/auto_navigation/install/status_publisher:/home/jinyicheng/auto_navigation/install/node2:/home/jinyicheng/auto_navigation/install/node1:/home/jinyicheng/auto_navigation/install/demo_python_tf:/home/jinyicheng/auto_navigation/install/demo_python_service:/opt/ros/humble /usr/bin/cmake --build /home/jinyicheng/auto_navigation/build/chapt4_interfaces -- -j20 -l20
[0.458s] -- Found ament_cmake: 1.3.14 (/opt/ros/humble/share/ament_cmake/cmake)
[0.458s] -- Found sensor_msgs: 4.9.1 (/opt/ros/humble/share/sensor_msgs/cmake)
[0.458s] -- Found rosidl_generator_c: 3.1.8 (/opt/ros/humble/share/rosidl_generator_c/cmake)
[0.458s] -- Found rosidl_adapter: 3.1.8 (/opt/ros/humble/share/rosidl_adapter/cmake)
[0.458s] -- Found rosidl_generator_cpp: 3.1.8 (/opt/ros/humble/share/rosidl_generator_cpp/cmake)
[0.458s] -- Using all available rosidl_typesupport_c: rosidl_typesupport_fastrtps_c;rosidl_typesupport_introspection_c
[0.458s] -- Using all available rosidl_typesupport_cpp: rosidl_typesupport_fastrtps_cpp;rosidl_typesupport_introspection_cpp
[0.469s] -- Found rosidl_default_generators: 1.2.1 (/opt/ros/humble/share/rosidl_default_generators/cmake)
[0.480s] -- Found ament_lint_auto: 0.12.15 (/opt/ros/humble/share/ament_lint_auto/cmake)
[0.677s] -- Found ament_cmake_ros: 0.10.0 (/opt/ros/humble/share/ament_cmake_ros/cmake)
[0.953s] -- Using all available rosidl_typesupport_c: rosidl_typesupport_fastrtps_c;rosidl_typesupport_introspection_c
[1.051s] -- Using all available rosidl_typesupport_cpp: rosidl_typesupport_fastrtps_cpp;rosidl_typesupport_introspection_cpp
[1.065s] -- Found python_cmake_module: 0.10.0 (/opt/ros/humble/share/python_cmake_module/cmake)
[1.081s] -- Using PYTHON_EXECUTABLE: /usr/bin/python3
[1.081s] -- Using PYTHON_INCLUDE_DIRS: /usr/include/python3.10
[1.081s] -- Using PYTHON_LIBRARIES: /usr/lib/x86_64-linux-gnu/libpython3.10.so
[1.160s] -- Added test 'lint_cmake' to check CMake code style
[1.161s] -- Added test 'xmllint' to check XML markup files
[1.168s] -- Configuring done
[1.221s] -- Generating done
[1.229s] -- Build files have been written to: /home/jinyicheng/auto_navigation/build/chapt4_interfaces
[1.243s] [35m[1mConsolidate compiler generated dependencies of target chapt4_interfaces__rosidl_generator_c[0m
[1.247s] [  6%] Built target chapt4_interfaces__rs
[1.247s] [  6%] Built target chapt4_interfaces__cpp
[1.251s] [ 15%] Built target chapt4_interfaces__rosidl_generator_c
[1.252s] [35m[1mConsolidate compiler generated dependencies of target chapt4_interfaces__rosidl_typesupport_introspection_cpp[0m
[1.253s] [35m[1mConsolidate compiler generated dependencies of target chapt4_interfaces__rosidl_typesupport_fastrtps_cpp[0m
[1.253s] [35m[1mConsolidate compiler generated dependencies of target chapt4_interfaces__rosidl_typesupport_cpp[0m
[1.256s] [ 15%] Built target ament_cmake_python_copy_chapt4_interfaces
[1.256s] [35m[1mConsolidate compiler generated dependencies of target chapt4_interfaces__rosidl_typesupport_introspection_c[0m
[1.256s] [35m[1mConsolidate compiler generated dependencies of target chapt4_interfaces__rosidl_typesupport_c[0m
[1.256s] [35m[1mConsolidate compiler generated dependencies of target chapt4_interfaces__rosidl_typesupport_fastrtps_c[0m
[1.261s] [ 25%] Built target chapt4_interfaces__rosidl_typesupport_c
[1.262s] [ 43%] Built target chapt4_interfaces__rosidl_typesupport_introspection_c
[1.262s] [ 43%] Built target chapt4_interfaces__rosidl_typesupport_fastrtps_c
[1.268s] [ 68%] Built target chapt4_interfaces__rosidl_typesupport_introspection_cpp
[1.268s] [ 68%] Built target chapt4_interfaces__rosidl_typesupport_fastrtps_cpp
[1.268s] [ 71%] Built target chapt4_interfaces__rosidl_typesupport_cpp
[1.278s] [ 71%] Built target chapt4_interfaces
[1.288s] [ 75%] Built target chapt4_interfaces__py
[1.293s] [35m[1mConsolidate compiler generated dependencies of target chapt4_interfaces__rosidl_generator_py[0m
[1.299s] [ 81%] Built target chapt4_interfaces__rosidl_generator_py
[1.304s] [35m[1mConsolidate compiler generated dependencies of target chapt4_interfaces__rosidl_typesupport_introspection_c__pyext[0m
[1.304s] [35m[1mConsolidate compiler generated dependencies of target chapt4_interfaces__rosidl_typesupport_fastrtps_c__pyext[0m
[1.305s] [35m[1mConsolidate compiler generated dependencies of target chapt4_interfaces__rosidl_typesupport_c__pyext[0m
[1.311s] [ 87%] Built target chapt4_interfaces__rosidl_typesupport_introspection_c__pyext
[1.312s] [ 93%] Built target chapt4_interfaces__rosidl_typesupport_fastrtps_c__pyext
[1.312s] [100%] Built target chapt4_interfaces__rosidl_typesupport_c__pyext
[1.390s] running egg_info
[1.390s] writing chapt4_interfaces.egg-info/PKG-INFO
[1.390s] writing dependency_links to chapt4_interfaces.egg-info/dependency_links.txt
[1.390s] writing top-level names to chapt4_interfaces.egg-info/top_level.txt
[1.391s] reading manifest file 'chapt4_interfaces.egg-info/SOURCES.txt'
[1.392s] writing manifest file 'chapt4_interfaces.egg-info/SOURCES.txt'
[1.405s] [100%] Built target ament_cmake_python_build_chapt4_interfaces_egg
[1.411s] Invoked command in '/home/jinyicheng/auto_navigation/build/chapt4_interfaces' returned '0': CMAKE_PREFIX_PATH=${CMAKE_PREFIX_PATH}:/home/jinyicheng/auto_navigation/install/status_publisher:/home/jinyicheng/auto_navigation/install/node2:/home/jinyicheng/auto_navigation/install/node1:/home/jinyicheng/auto_navigation/install/demo_python_tf:/home/jinyicheng/auto_navigation/install/demo_python_service:/opt/ros/humble /usr/bin/cmake --build /home/jinyicheng/auto_navigation/build/chapt4_interfaces -- -j20 -l20
[1.413s] Invoking command in '/home/jinyicheng/auto_navigation/build/chapt4_interfaces': CMAKE_PREFIX_PATH=${CMAKE_PREFIX_PATH}:/home/jinyicheng/auto_navigation/install/status_publisher:/home/jinyicheng/auto_navigation/install/node2:/home/jinyicheng/auto_navigation/install/node1:/home/jinyicheng/auto_navigation/install/demo_python_tf:/home/jinyicheng/auto_navigation/install/demo_python_service:/opt/ros/humble /usr/bin/cmake --install /home/jinyicheng/auto_navigation/build/chapt4_interfaces
[1.416s] -- Install configuration: ""
[1.416s] -- Up-to-date: /home/jinyicheng/auto_navigation/install/chapt4_interfaces/share/ament_index/resource_index/rosidl_interfaces/chapt4_interfaces
[1.416s] -- Up-to-date: /home/jinyicheng/auto_navigation/install/chapt4_interfaces/include/chapt4_interfaces/chapt4_interfaces
[1.417s] -- Up-to-date: /home/jinyicheng/auto_navigation/install/chapt4_interfaces/include/chapt4_interfaces/chapt4_interfaces/srv
[1.417s] -- Up-to-date: /home/jinyicheng/auto_navigation/install/chapt4_interfaces/include/chapt4_interfaces/chapt4_interfaces/srv/face_detector.h
[1.417s] -- Up-to-date: /home/jinyicheng/auto_navigation/install/chapt4_interfaces/include/chapt4_interfaces/chapt4_interfaces/srv/detail
[1.417s] -- Up-to-date: /home/jinyicheng/auto_navigation/install/chapt4_interfaces/include/chapt4_interfaces/chapt4_interfaces/srv/detail/face_detector__functions.c
[1.417s] -- Up-to-date: /home/jinyicheng/auto_navigation/install/chapt4_interfaces/include/chapt4_interfaces/chapt4_interfaces/srv/detail/face_detector__struct.h
[1.417s] -- Up-to-date: /home/jinyicheng/auto_navigation/install/chapt4_interfaces/include/chapt4_interfaces/chapt4_interfaces/srv/detail/face_detector__type_support.h
[1.417s] -- Up-to-date: /home/jinyicheng/auto_navigation/install/chapt4_interfaces/include/chapt4_interfaces/chapt4_interfaces/srv/detail/face_detector__functions.h
[1.417s] -- Up-to-date: /home/jinyicheng/auto_navigation/install/chapt4_interfaces/include/chapt4_interfaces/chapt4_interfaces/msg
[1.417s] -- Up-to-date: /home/jinyicheng/auto_navigation/install/chapt4_interfaces/include/chapt4_interfaces/chapt4_interfaces/msg/rosidl_generator_c__visibility_control.h
[1.417s] -- Up-to-date: /home/jinyicheng/auto_navigation/install/chapt4_interfaces/share/chapt4_interfaces/environment/library_path.sh
[1.417s] -- Installing: /home/jinyicheng/auto_navigation/install/chapt4_interfaces/share/chapt4_interfaces/environment/library_path.dsv
[1.417s] -- Up-to-date: /home/jinyicheng/auto_navigation/install/chapt4_interfaces/lib/libchapt4_interfaces__rosidl_generator_c.so
[1.417s] -- Up-to-date: /home/jinyicheng/auto_navigation/install/chapt4_interfaces/include/chapt4_interfaces/chapt4_interfaces
[1.417s] -- Up-to-date: /home/jinyicheng/auto_navigation/install/chapt4_interfaces/include/chapt4_interfaces/chapt4_interfaces/srv
[1.417s] -- Up-to-date: /home/jinyicheng/auto_navigation/install/chapt4_interfaces/include/chapt4_interfaces/chapt4_interfaces/srv/detail
[1.417s] -- Up-to-date: /home/jinyicheng/auto_navigation/install/chapt4_interfaces/include/chapt4_interfaces/chapt4_interfaces/srv/detail/face_detector__rosidl_typesupport_fastrtps_c.h
[1.418s] -- Up-to-date: /home/jinyicheng/auto_navigation/install/chapt4_interfaces/include/chapt4_interfaces/chapt4_interfaces/msg
[1.418s] -- Up-to-date: /home/jinyicheng/auto_navigation/install/chapt4_interfaces/include/chapt4_interfaces/chapt4_interfaces/msg/rosidl_typesupport_fastrtps_c__visibility_control.h
[1.418s] -- Up-to-date: /home/jinyicheng/auto_navigation/install/chapt4_interfaces/lib/libchapt4_interfaces__rosidl_typesupport_fastrtps_c.so
[1.418s] -- Up-to-date: /home/jinyicheng/auto_navigation/install/chapt4_interfaces/include/chapt4_interfaces/chapt4_interfaces
[1.418s] -- Up-to-date: /home/jinyicheng/auto_navigation/install/chapt4_interfaces/include/chapt4_interfaces/chapt4_interfaces/srv
[1.418s] -- Up-to-date: /home/jinyicheng/auto_navigation/install/chapt4_interfaces/include/chapt4_interfaces/chapt4_interfaces/srv/detail
[1.418s] -- Up-to-date: /home/jinyicheng/auto_navigation/install/chapt4_interfaces/include/chapt4_interfaces/chapt4_interfaces/srv/detail/face_detector__type_support.hpp
[1.418s] -- Up-to-date: /home/jinyicheng/auto_navigation/install/chapt4_interfaces/include/chapt4_interfaces/chapt4_interfaces/srv/detail/face_detector__struct.hpp
[1.418s] -- Up-to-date: /home/jinyicheng/auto_navigation/install/chapt4_interfaces/include/chapt4_interfaces/chapt4_interfaces/srv/detail/face_detector__traits.hpp
[1.418s] -- Up-to-date: /home/jinyicheng/auto_navigation/install/chapt4_interfaces/include/chapt4_interfaces/chapt4_interfaces/srv/detail/face_detector__builder.hpp
[1.418s] -- Up-to-date: /home/jinyicheng/auto_navigation/install/chapt4_interfaces/include/chapt4_interfaces/chapt4_interfaces/srv/face_detector.hpp
[1.418s] -- Up-to-date: /home/jinyicheng/auto_navigation/install/chapt4_interfaces/include/chapt4_interfaces/chapt4_interfaces/msg
[1.418s] -- Up-to-date: /home/jinyicheng/auto_navigation/install/chapt4_interfaces/include/chapt4_interfaces/chapt4_interfaces/msg/rosidl_generator_cpp__visibility_control.hpp
[1.419s] -- Up-to-date: /home/jinyicheng/auto_navigation/install/chapt4_interfaces/include/chapt4_interfaces/chapt4_interfaces
[1.419s] -- Up-to-date: /home/jinyicheng/auto_navigation/install/chapt4_interfaces/include/chapt4_interfaces/chapt4_interfaces/srv
[1.419s] -- Up-to-date: /home/jinyicheng/auto_navigation/install/chapt4_interfaces/include/chapt4_interfaces/chapt4_interfaces/srv/detail
[1.419s] -- Up-to-date: /home/jinyicheng/auto_navigation/install/chapt4_interfaces/include/chapt4_interfaces/chapt4_interfaces/srv/detail/face_detector__rosidl_typesupport_fastrtps_cpp.hpp
[1.419s] -- Up-to-date: /home/jinyicheng/auto_navigation/install/chapt4_interfaces/include/chapt4_interfaces/chapt4_interfaces/srv/detail/dds_fastrtps
[1.419s] -- Up-to-date: /home/jinyicheng/auto_navigation/install/chapt4_interfaces/include/chapt4_interfaces/chapt4_interfaces/msg
[1.419s] -- Up-to-date: /home/jinyicheng/auto_navigation/install/chapt4_interfaces/include/chapt4_interfaces/chapt4_interfaces/msg/rosidl_typesupport_fastrtps_cpp__visibility_control.h
[1.420s] -- Up-to-date: /home/jinyicheng/auto_navigation/install/chapt4_interfaces/lib/libchapt4_interfaces__rosidl_typesupport_fastrtps_cpp.so
[1.420s] -- Up-to-date: /home/jinyicheng/auto_navigation/install/chapt4_interfaces/include/chapt4_interfaces/chapt4_interfaces
[1.420s] -- Up-to-date: /home/jinyicheng/auto_navigation/install/chapt4_interfaces/include/chapt4_interfaces/chapt4_interfaces/srv
[1.420s] -- Up-to-date: /home/jinyicheng/auto_navigation/install/chapt4_interfaces/include/chapt4_interfaces/chapt4_interfaces/srv/detail
[1.420s] -- Up-to-date: /home/jinyicheng/auto_navigation/install/chapt4_interfaces/include/chapt4_interfaces/chapt4_interfaces/srv/detail/face_detector__type_support.c
[1.420s] -- Up-to-date: /home/jinyicheng/auto_navigation/install/chapt4_interfaces/include/chapt4_interfaces/chapt4_interfaces/srv/detail/face_detector__rosidl_typesupport_introspection_c.h
[1.420s] -- Up-to-date: /home/jinyicheng/auto_navigation/install/chapt4_interfaces/include/chapt4_interfaces/chapt4_interfaces/msg
[1.420s] -- Up-to-date: /home/jinyicheng/auto_navigation/install/chapt4_interfaces/include/chapt4_interfaces/chapt4_interfaces/msg/rosidl_typesupport_introspection_c__visibility_control.h
[1.420s] -- Up-to-date: /home/jinyicheng/auto_navigation/install/chapt4_interfaces/lib/libchapt4_interfaces__rosidl_typesupport_introspection_c.so
[1.421s] -- Up-to-date: /home/jinyicheng/auto_navigation/install/chapt4_interfaces/lib/libchapt4_interfaces__rosidl_typesupport_c.so
[1.421s] -- Up-to-date: /home/jinyicheng/auto_navigation/install/chapt4_interfaces/include/chapt4_interfaces/chapt4_interfaces
[1.421s] -- Up-to-date: /home/jinyicheng/auto_navigation/install/chapt4_interfaces/include/chapt4_interfaces/chapt4_interfaces/srv
[1.421s] -- Up-to-date: /home/jinyicheng/auto_navigation/install/chapt4_interfaces/include/chapt4_interfaces/chapt4_interfaces/srv/detail
[1.421s] -- Up-to-date: /home/jinyicheng/auto_navigation/install/chapt4_interfaces/include/chapt4_interfaces/chapt4_interfaces/srv/detail/face_detector__type_support.cpp
[1.421s] -- Up-to-date: /home/jinyicheng/auto_navigation/install/chapt4_interfaces/include/chapt4_interfaces/chapt4_interfaces/srv/detail/face_detector__rosidl_typesupport_introspection_cpp.hpp
[1.421s] -- Up-to-date: /home/jinyicheng/auto_navigation/install/chapt4_interfaces/lib/libchapt4_interfaces__rosidl_typesupport_introspection_cpp.so
[1.422s] -- Up-to-date: /home/jinyicheng/auto_navigation/install/chapt4_interfaces/lib/libchapt4_interfaces__rosidl_typesupport_cpp.so
[1.422s] -- Up-to-date: /home/jinyicheng/auto_navigation/install/chapt4_interfaces/share/chapt4_interfaces/environment/pythonpath.sh
[1.422s] -- Installing: /home/jinyicheng/auto_navigation/install/chapt4_interfaces/share/chapt4_interfaces/environment/pythonpath.dsv
[1.422s] -- Up-to-date: /home/jinyicheng/auto_navigation/install/chapt4_interfaces/local/lib/python3.10/dist-packages/chapt4_interfaces-0.0.0-py3.10.egg-info
[1.422s] -- Installing: /home/jinyicheng/auto_navigation/install/chapt4_interfaces/local/lib/python3.10/dist-packages/chapt4_interfaces-0.0.0-py3.10.egg-info/top_level.txt
[1.422s] -- Installing: /home/jinyicheng/auto_navigation/install/chapt4_interfaces/local/lib/python3.10/dist-packages/chapt4_interfaces-0.0.0-py3.10.egg-info/dependency_links.txt
[1.422s] -- Installing: /home/jinyicheng/auto_navigation/install/chapt4_interfaces/local/lib/python3.10/dist-packages/chapt4_interfaces-0.0.0-py3.10.egg-info/SOURCES.txt
[1.422s] -- Installing: /home/jinyicheng/auto_navigation/install/chapt4_interfaces/local/lib/python3.10/dist-packages/chapt4_interfaces-0.0.0-py3.10.egg-info/PKG-INFO
[1.422s] -- Up-to-date: /home/jinyicheng/auto_navigation/install/chapt4_interfaces/local/lib/python3.10/dist-packages/chapt4_interfaces
[1.422s] -- Up-to-date: /home/jinyicheng/auto_navigation/install/chapt4_interfaces/local/lib/python3.10/dist-packages/chapt4_interfaces/srv
[1.422s] -- Up-to-date: /home/jinyicheng/auto_navigation/install/chapt4_interfaces/local/lib/python3.10/dist-packages/chapt4_interfaces/srv/_face_detector_s.c
[1.422s] -- Up-to-date: /home/jinyicheng/auto_navigation/install/chapt4_interfaces/local/lib/python3.10/dist-packages/chapt4_interfaces/srv/_face_detector.py
[1.422s] -- Up-to-date: /home/jinyicheng/auto_navigation/install/chapt4_interfaces/local/lib/python3.10/dist-packages/chapt4_interfaces/srv/__init__.py
[1.422s] -- Up-to-date: /home/jinyicheng/auto_navigation/install/chapt4_interfaces/local/lib/python3.10/dist-packages/chapt4_interfaces/_chapt4_interfaces_s.ep.rosidl_typesupport_introspection_c.c
[1.422s] -- Up-to-date: /home/jinyicheng/auto_navigation/install/chapt4_interfaces/local/lib/python3.10/dist-packages/chapt4_interfaces/chapt4_interfaces_s__rosidl_typesupport_fastrtps_c.cpython-310-x86_64-linux-gnu.so
[1.423s] -- Up-to-date: /home/jinyicheng/auto_navigation/install/chapt4_interfaces/local/lib/python3.10/dist-packages/chapt4_interfaces/chapt4_interfaces_s__rosidl_typesupport_introspection_c.cpython-310-x86_64-linux-gnu.so
[1.423s] -- Up-to-date: /home/jinyicheng/auto_navigation/install/chapt4_interfaces/local/lib/python3.10/dist-packages/chapt4_interfaces/_chapt4_interfaces_s.ep.rosidl_typesupport_fastrtps_c.c
[1.423s] -- Up-to-date: /home/jinyicheng/auto_navigation/install/chapt4_interfaces/local/lib/python3.10/dist-packages/chapt4_interfaces/_chapt4_interfaces_s.ep.rosidl_typesupport_c.c
[1.423s] -- Up-to-date: /home/jinyicheng/auto_navigation/install/chapt4_interfaces/local/lib/python3.10/dist-packages/chapt4_interfaces/libchapt4_interfaces__rosidl_generator_py.so
[1.423s] -- Installing: /home/jinyicheng/auto_navigation/install/chapt4_interfaces/local/lib/python3.10/dist-packages/chapt4_interfaces/__init__.py
[1.423s] -- Up-to-date: /home/jinyicheng/auto_navigation/install/chapt4_interfaces/local/lib/python3.10/dist-packages/chapt4_interfaces/chapt4_interfaces_s__rosidl_typesupport_c.cpython-310-x86_64-linux-gnu.so
[1.442s] Listing '/home/jinyicheng/auto_navigation/install/chapt4_interfaces/local/lib/python3.10/dist-packages/chapt4_interfaces'...
[1.442s] Compiling '/home/jinyicheng/auto_navigation/install/chapt4_interfaces/local/lib/python3.10/dist-packages/chapt4_interfaces/__init__.py'...
[1.442s] Listing '/home/jinyicheng/auto_navigation/install/chapt4_interfaces/local/lib/python3.10/dist-packages/chapt4_interfaces/srv'...
[1.445s] -- Up-to-date: /home/jinyicheng/auto_navigation/install/chapt4_interfaces/local/lib/python3.10/dist-packages/chapt4_interfaces/chapt4_interfaces_s__rosidl_typesupport_fastrtps_c.cpython-310-x86_64-linux-gnu.so
[1.445s] -- Up-to-date: /home/jinyicheng/auto_navigation/install/chapt4_interfaces/local/lib/python3.10/dist-packages/chapt4_interfaces/chapt4_interfaces_s__rosidl_typesupport_introspection_c.cpython-310-x86_64-linux-gnu.so
[1.445s] -- Up-to-date: /home/jinyicheng/auto_navigation/install/chapt4_interfaces/local/lib/python3.10/dist-packages/chapt4_interfaces/chapt4_interfaces_s__rosidl_typesupport_c.cpython-310-x86_64-linux-gnu.so
[1.446s] -- Up-to-date: /home/jinyicheng/auto_navigation/install/chapt4_interfaces/lib/libchapt4_interfaces__rosidl_generator_py.so
[1.446s] -- Up-to-date: /home/jinyicheng/auto_navigation/install/chapt4_interfaces/share/ament_index/resource_index/rust_packages/chapt4_interfaces
[1.446s] -- Up-to-date: /home/jinyicheng/auto_navigation/install/chapt4_interfaces/share/chapt4_interfaces/rust
[1.446s] -- Up-to-date: /home/jinyicheng/auto_navigation/install/chapt4_interfaces/share/chapt4_interfaces/rust/src
[1.446s] -- Up-to-date: /home/jinyicheng/auto_navigation/install/chapt4_interfaces/share/chapt4_interfaces/rust/src/srv
[1.446s] -- Up-to-date: /home/jinyicheng/auto_navigation/install/chapt4_interfaces/share/chapt4_interfaces/rust/src/srv/rmw.rs
[1.446s] -- Up-to-date: /home/jinyicheng/auto_navigation/install/chapt4_interfaces/share/chapt4_interfaces/rust/src/srv.rs
[1.446s] -- Up-to-date: /home/jinyicheng/auto_navigation/install/chapt4_interfaces/share/chapt4_interfaces/rust/src/lib.rs
[1.446s] -- Up-to-date: /home/jinyicheng/auto_navigation/install/chapt4_interfaces/share/chapt4_interfaces/rust/Cargo.toml
[1.446s] -- Up-to-date: /home/jinyicheng/auto_navigation/install/chapt4_interfaces/share/chapt4_interfaces/rust/build.rs
[1.446s] -- Up-to-date: /home/jinyicheng/auto_navigation/install/chapt4_interfaces/share/chapt4_interfaces/srv/FaceDetector.idl
[1.447s] -- Installing: /home/jinyicheng/auto_navigation/install/chapt4_interfaces/share/chapt4_interfaces/srv/FaceDetector.srv
[1.447s] -- Up-to-date: /home/jinyicheng/auto_navigation/install/chapt4_interfaces/share/chapt4_interfaces/srv/FaceDetector_Request.msg
[1.447s] -- Up-to-date: /home/jinyicheng/auto_navigation/install/chapt4_interfaces/share/chapt4_interfaces/srv/FaceDetector_Response.msg
[1.447s] -- Up-to-date: /home/jinyicheng/auto_navigation/install/chapt4_interfaces/share/ament_index/resource_index/package_run_dependencies/chapt4_interfaces
[1.447s] -- Installing: /home/jinyicheng/auto_navigation/install/chapt4_interfaces/share/ament_index/resource_index/parent_prefix_path/chapt4_interfaces
[1.447s] -- Up-to-date: /home/jinyicheng/auto_navigation/install/chapt4_interfaces/share/chapt4_interfaces/environment/ament_prefix_path.sh
[1.447s] -- Installing: /home/jinyicheng/auto_navigation/install/chapt4_interfaces/share/chapt4_interfaces/environment/ament_prefix_path.dsv
[1.447s] -- Up-to-date: /home/jinyicheng/auto_navigation/install/chapt4_interfaces/share/chapt4_interfaces/environment/path.sh
[1.447s] -- Installing: /home/jinyicheng/auto_navigation/install/chapt4_interfaces/share/chapt4_interfaces/environment/path.dsv
[1.447s] -- Up-to-date: /home/jinyicheng/auto_navigation/install/chapt4_interfaces/share/chapt4_interfaces/local_setup.bash
[1.447s] -- Up-to-date: /home/jinyicheng/auto_navigation/install/chapt4_interfaces/share/chapt4_interfaces/local_setup.sh
[1.447s] -- Up-to-date: /home/jinyicheng/auto_navigation/install/chapt4_interfaces/share/chapt4_interfaces/local_setup.zsh
[1.447s] -- Installing: /home/jinyicheng/auto_navigation/install/chapt4_interfaces/share/chapt4_interfaces/local_setup.dsv
[1.447s] -- Installing: /home/jinyicheng/auto_navigation/install/chapt4_interfaces/share/chapt4_interfaces/package.dsv
[1.448s] -- Up-to-date: /home/jinyicheng/auto_navigation/install/chapt4_interfaces/share/ament_index/resource_index/packages/chapt4_interfaces
[1.448s] -- Up-to-date: /home/jinyicheng/auto_navigation/install/chapt4_interfaces/share/chapt4_interfaces/cmake/export_chapt4_interfaces__rosidl_generator_cExport.cmake
[1.448s] -- Up-to-date: /home/jinyicheng/auto_navigation/install/chapt4_interfaces/share/chapt4_interfaces/cmake/export_chapt4_interfaces__rosidl_generator_cExport-noconfig.cmake
[1.448s] -- Up-to-date: /home/jinyicheng/auto_navigation/install/chapt4_interfaces/share/chapt4_interfaces/cmake/export_chapt4_interfaces__rosidl_typesupport_fastrtps_cExport.cmake
[1.448s] -- Up-to-date: /home/jinyicheng/auto_navigation/install/chapt4_interfaces/share/chapt4_interfaces/cmake/export_chapt4_interfaces__rosidl_typesupport_fastrtps_cExport-noconfig.cmake
[1.448s] -- Up-to-date: /home/jinyicheng/auto_navigation/install/chapt4_interfaces/share/chapt4_interfaces/cmake/export_chapt4_interfaces__rosidl_generator_cppExport.cmake
[1.448s] -- Up-to-date: /home/jinyicheng/auto_navigation/install/chapt4_interfaces/share/chapt4_interfaces/cmake/export_chapt4_interfaces__rosidl_typesupport_fastrtps_cppExport.cmake
[1.448s] -- Up-to-date: /home/jinyicheng/auto_navigation/install/chapt4_interfaces/share/chapt4_interfaces/cmake/export_chapt4_interfaces__rosidl_typesupport_fastrtps_cppExport-noconfig.cmake
[1.448s] -- Up-to-date: /home/jinyicheng/auto_navigation/install/chapt4_interfaces/share/chapt4_interfaces/cmake/chapt4_interfaces__rosidl_typesupport_introspection_cExport.cmake
[1.448s] -- Up-to-date: /home/jinyicheng/auto_navigation/install/chapt4_interfaces/share/chapt4_interfaces/cmake/chapt4_interfaces__rosidl_typesupport_introspection_cExport-noconfig.cmake
[1.448s] -- Up-to-date: /home/jinyicheng/auto_navigation/install/chapt4_interfaces/share/chapt4_interfaces/cmake/chapt4_interfaces__rosidl_typesupport_cExport.cmake
[1.448s] -- Up-to-date: /home/jinyicheng/auto_navigation/install/chapt4_interfaces/share/chapt4_interfaces/cmake/chapt4_interfaces__rosidl_typesupport_cExport-noconfig.cmake
[1.449s] -- Up-to-date: /home/jinyicheng/auto_navigation/install/chapt4_interfaces/share/chapt4_interfaces/cmake/chapt4_interfaces__rosidl_typesupport_introspection_cppExport.cmake
[1.449s] -- Up-to-date: /home/jinyicheng/auto_navigation/install/chapt4_interfaces/share/chapt4_interfaces/cmake/chapt4_interfaces__rosidl_typesupport_introspection_cppExport-noconfig.cmake
[1.449s] -- Up-to-date: /home/jinyicheng/auto_navigation/install/chapt4_interfaces/share/chapt4_interfaces/cmake/chapt4_interfaces__rosidl_typesupport_cppExport.cmake
[1.449s] -- Up-to-date: /home/jinyicheng/auto_navigation/install/chapt4_interfaces/share/chapt4_interfaces/cmake/chapt4_interfaces__rosidl_typesupport_cppExport-noconfig.cmake
[1.449s] -- Up-to-date: /home/jinyicheng/auto_navigation/install/chapt4_interfaces/share/chapt4_interfaces/cmake/export_chapt4_interfaces__rosidl_generator_pyExport.cmake
[1.449s] -- Up-to-date: /home/jinyicheng/auto_navigation/install/chapt4_interfaces/share/chapt4_interfaces/cmake/export_chapt4_interfaces__rosidl_generator_pyExport-noconfig.cmake
[1.449s] -- Up-to-date: /home/jinyicheng/auto_navigation/install/chapt4_interfaces/share/chapt4_interfaces/cmake/rosidl_cmake-extras.cmake
[1.449s] -- Up-to-date: /home/jinyicheng/auto_navigation/install/chapt4_interfaces/share/chapt4_interfaces/cmake/ament_cmake_export_dependencies-extras.cmake
[1.449s] -- Up-to-date: /home/jinyicheng/auto_navigation/install/chapt4_interfaces/share/chapt4_interfaces/cmake/ament_cmake_export_include_directories-extras.cmake
[1.449s] -- Up-to-date: /home/jinyicheng/auto_navigation/install/chapt4_interfaces/share/chapt4_interfaces/cmake/ament_cmake_export_libraries-extras.cmake
[1.449s] -- Up-to-date: /home/jinyicheng/auto_navigation/install/chapt4_interfaces/share/chapt4_interfaces/cmake/ament_cmake_export_targets-extras.cmake
[1.449s] -- Up-to-date: /home/jinyicheng/auto_navigation/install/chapt4_interfaces/share/chapt4_interfaces/cmake/rosidl_cmake_export_typesupport_targets-extras.cmake
[1.449s] -- Up-to-date: /home/jinyicheng/auto_navigation/install/chapt4_interfaces/share/chapt4_interfaces/cmake/rosidl_cmake_export_typesupport_libraries-extras.cmake
[1.449s] -- Up-to-date: /home/jinyicheng/auto_navigation/install/chapt4_interfaces/share/chapt4_interfaces/cmake/chapt4_interfacesConfig.cmake
[1.449s] -- Up-to-date: /home/jinyicheng/auto_navigation/install/chapt4_interfaces/share/chapt4_interfaces/cmake/chapt4_interfacesConfig-version.cmake
[1.449s] -- Up-to-date: /home/jinyicheng/auto_navigation/install/chapt4_interfaces/share/chapt4_interfaces/package.xml
[1.451s] Invoked command in '/home/jinyicheng/auto_navigation/build/chapt4_interfaces' returned '0': CMAKE_PREFIX_PATH=${CMAKE_PREFIX_PATH}:/home/jinyicheng/auto_navigation/install/status_publisher:/home/jinyicheng/auto_navigation/install/node2:/home/jinyicheng/auto_navigation/install/node1:/home/jinyicheng/auto_navigation/install/demo_python_tf:/home/jinyicheng/auto_navigation/install/demo_python_service:/opt/ros/humble /usr/bin/cmake --install /home/jinyicheng/auto_navigation/build/chapt4_interfaces
