[0.263s] DEBUG:colcon:Command line arguments: ['/usr/bin/colcon', 'build']
[0.263s] DEBUG:colcon:Parsed command line arguments: Namespace(log_base=None, log_level=None, verb_name='build', build_base='build', install_base='install', merge_install=False, symlink_install=False, test_result_base=None, continue_on_error=False, executor='parallel', parallel_workers=20, event_handlers=None, ignore_user_meta=False, metas=['./colcon.meta'], base_paths=['.'], packages_ignore=None, packages_ignore_regex=None, paths=None, packages_up_to=None, packages_up_to_regex=None, packages_above=None, packages_above_and_dependencies=None, packages_above_depth=None, packages_select_by_dep=None, packages_skip_by_dep=None, packages_skip_up_to=None, packages_select_build_failed=False, packages_skip_build_finished=False, packages_select_test_failures=False, packages_skip_test_passed=False, packages_select=None, packages_skip=None, packages_select_regex=None, packages_skip_regex=None, packages_start=None, packages_end=None, allow_overriding=[], cmake_args=None, cmake_target=None, cmake_target_skip_unavailable=False, cmake_clean_cache=False, cmake_clean_first=False, cmake_force_configure=False, ament_cmake_args=None, catkin_cmake_args=None, catkin_skip_building_tests=False, mixin_files=None, mixin=None, verb_parser=<colcon_mixin.mixin.mixin_argument.MixinArgumentDecorator object at 0x7d616d653280>, verb_extension=<colcon_core.verb.build.BuildVerb object at 0x7d616d652dd0>, main=<bound method BuildVerb.main of <colcon_core.verb.build.BuildVerb object at 0x7d616d652dd0>>, mixin_verb=('build',))
[0.554s] Level 1:colcon.colcon_core.package_discovery:discover_packages(colcon_meta) check parameters
[0.554s] Level 1:colcon.colcon_core.package_discovery:discover_packages(recursive) check parameters
[0.554s] Level 1:colcon.colcon_core.package_discovery:discover_packages(ignore) check parameters
[0.554s] Level 1:colcon.colcon_core.package_discovery:discover_packages(path) check parameters
[0.554s] Level 1:colcon.colcon_core.package_discovery:discover_packages(colcon_meta) discover
[0.554s] Level 1:colcon.colcon_core.package_discovery:discover_packages(recursive) discover
[0.554s] INFO:colcon.colcon_core.package_discovery:Crawling recursively for packages in '/home/jinyicheng/auto_navigation'
[0.554s] Level 1:colcon.colcon_core.package_identification:_identify(.) by extensions ['ignore', 'ignore_ament_install']
[0.554s] Level 1:colcon.colcon_core.package_identification:_identify(.) by extension 'ignore'
[0.554s] Level 1:colcon.colcon_core.package_identification:_identify(.) by extension 'ignore_ament_install'
[0.554s] Level 1:colcon.colcon_core.package_identification:_identify(.) by extensions ['colcon_pkg']
[0.554s] Level 1:colcon.colcon_core.package_identification:_identify(.) by extension 'colcon_pkg'
[0.554s] Level 1:colcon.colcon_core.package_identification:_identify(.) by extensions ['colcon_meta']
[0.554s] Level 1:colcon.colcon_core.package_identification:_identify(.) by extension 'colcon_meta'
[0.554s] Level 1:colcon.colcon_core.package_identification:_identify(.) by extensions ['ros']
[0.554s] Level 1:colcon.colcon_core.package_identification:_identify(.) by extension 'ros'
[0.586s] Level 1:colcon.colcon_core.package_identification:_identify(.) by extensions ['cmake', 'python']
[0.586s] Level 1:colcon.colcon_core.package_identification:_identify(.) by extension 'cmake'
[0.586s] Level 1:colcon.colcon_core.package_identification:_identify(.) by extension 'python'
[0.586s] Level 1:colcon.colcon_core.package_identification:_identify(.) by extensions ['python_setup_py']
[0.586s] Level 1:colcon.colcon_core.package_identification:_identify(.) by extension 'python_setup_py'
[0.586s] Level 1:colcon.colcon_core.package_identification:_identify(build) by extensions ['ignore', 'ignore_ament_install']
[0.586s] Level 1:colcon.colcon_core.package_identification:_identify(build) by extension 'ignore'
[0.586s] Level 1:colcon.colcon_core.package_identification:_identify(build) ignored
[0.586s] Level 1:colcon.colcon_core.package_identification:_identify(core) by extensions ['ignore', 'ignore_ament_install']
[0.586s] Level 1:colcon.colcon_core.package_identification:_identify(core) by extension 'ignore'
[0.586s] Level 1:colcon.colcon_core.package_identification:_identify(core) by extension 'ignore_ament_install'
[0.586s] Level 1:colcon.colcon_core.package_identification:_identify(core) by extensions ['colcon_pkg']
[0.586s] Level 1:colcon.colcon_core.package_identification:_identify(core) by extension 'colcon_pkg'
[0.586s] Level 1:colcon.colcon_core.package_identification:_identify(core) by extensions ['colcon_meta']
[0.586s] Level 1:colcon.colcon_core.package_identification:_identify(core) by extension 'colcon_meta'
[0.586s] Level 1:colcon.colcon_core.package_identification:_identify(core) by extensions ['ros']
[0.586s] Level 1:colcon.colcon_core.package_identification:_identify(core) by extension 'ros'
[0.586s] Level 1:colcon.colcon_core.package_identification:_identify(core) by extensions ['cmake', 'python']
[0.586s] Level 1:colcon.colcon_core.package_identification:_identify(core) by extension 'cmake'
[0.586s] Level 1:colcon.colcon_core.package_identification:_identify(core) by extension 'python'
[0.586s] Level 1:colcon.colcon_core.package_identification:_identify(core) by extensions ['python_setup_py']
[0.586s] Level 1:colcon.colcon_core.package_identification:_identify(core) by extension 'python_setup_py'
[0.586s] Level 1:colcon.colcon_core.package_identification:_identify(core/chapt4_interfaces) by extensions ['ignore', 'ignore_ament_install']
[0.586s] Level 1:colcon.colcon_core.package_identification:_identify(core/chapt4_interfaces) by extension 'ignore'
[0.586s] Level 1:colcon.colcon_core.package_identification:_identify(core/chapt4_interfaces) by extension 'ignore_ament_install'
[0.586s] Level 1:colcon.colcon_core.package_identification:_identify(core/chapt4_interfaces) by extensions ['colcon_pkg']
[0.586s] Level 1:colcon.colcon_core.package_identification:_identify(core/chapt4_interfaces) by extension 'colcon_pkg'
[0.586s] Level 1:colcon.colcon_core.package_identification:_identify(core/chapt4_interfaces) by extensions ['colcon_meta']
[0.586s] Level 1:colcon.colcon_core.package_identification:_identify(core/chapt4_interfaces) by extension 'colcon_meta'
[0.586s] Level 1:colcon.colcon_core.package_identification:_identify(core/chapt4_interfaces) by extensions ['ros']
[0.586s] Level 1:colcon.colcon_core.package_identification:_identify(core/chapt4_interfaces) by extension 'ros'
[0.589s] DEBUG:colcon.colcon_core.package_identification:Package 'core/chapt4_interfaces' with type 'ros.ament_cmake' and name 'chapt4_interfaces'
[0.589s] Level 1:colcon.colcon_core.package_identification:_identify(core/node1) by extensions ['ignore', 'ignore_ament_install']
[0.589s] Level 1:colcon.colcon_core.package_identification:_identify(core/node1) by extension 'ignore'
[0.589s] Level 1:colcon.colcon_core.package_identification:_identify(core/node1) by extension 'ignore_ament_install'
[0.589s] Level 1:colcon.colcon_core.package_identification:_identify(core/node1) by extensions ['colcon_pkg']
[0.589s] Level 1:colcon.colcon_core.package_identification:_identify(core/node1) by extension 'colcon_pkg'
[0.589s] Level 1:colcon.colcon_core.package_identification:_identify(core/node1) by extensions ['colcon_meta']
[0.589s] Level 1:colcon.colcon_core.package_identification:_identify(core/node1) by extension 'colcon_meta'
[0.589s] Level 1:colcon.colcon_core.package_identification:_identify(core/node1) by extensions ['ros']
[0.589s] Level 1:colcon.colcon_core.package_identification:_identify(core/node1) by extension 'ros'
[0.589s] DEBUG:colcon.colcon_core.package_identification:Package 'core/node1' with type 'ros.ament_python' and name 'node1'
[0.589s] Level 1:colcon.colcon_core.package_identification:_identify(core/node2) by extensions ['ignore', 'ignore_ament_install']
[0.589s] Level 1:colcon.colcon_core.package_identification:_identify(core/node2) by extension 'ignore'
[0.589s] Level 1:colcon.colcon_core.package_identification:_identify(core/node2) by extension 'ignore_ament_install'
[0.589s] Level 1:colcon.colcon_core.package_identification:_identify(core/node2) by extensions ['colcon_pkg']
[0.589s] Level 1:colcon.colcon_core.package_identification:_identify(core/node2) by extension 'colcon_pkg'
[0.590s] Level 1:colcon.colcon_core.package_identification:_identify(core/node2) by extensions ['colcon_meta']
[0.590s] Level 1:colcon.colcon_core.package_identification:_identify(core/node2) by extension 'colcon_meta'
[0.590s] Level 1:colcon.colcon_core.package_identification:_identify(core/node2) by extensions ['ros']
[0.590s] Level 1:colcon.colcon_core.package_identification:_identify(core/node2) by extension 'ros'
[0.590s] DEBUG:colcon.colcon_core.package_identification:Package 'core/node2' with type 'ros.ament_python' and name 'node2'
[0.590s] Level 1:colcon.colcon_core.package_identification:_identify(core/status_interface) by extensions ['ignore', 'ignore_ament_install']
[0.590s] Level 1:colcon.colcon_core.package_identification:_identify(core/status_interface) by extension 'ignore'
[0.590s] Level 1:colcon.colcon_core.package_identification:_identify(core/status_interface) by extension 'ignore_ament_install'
[0.590s] Level 1:colcon.colcon_core.package_identification:_identify(core/status_interface) by extensions ['colcon_pkg']
[0.590s] Level 1:colcon.colcon_core.package_identification:_identify(core/status_interface) by extension 'colcon_pkg'
[0.590s] Level 1:colcon.colcon_core.package_identification:_identify(core/status_interface) by extensions ['colcon_meta']
[0.590s] Level 1:colcon.colcon_core.package_identification:_identify(core/status_interface) by extension 'colcon_meta'
[0.590s] Level 1:colcon.colcon_core.package_identification:_identify(core/status_interface) by extensions ['ros']
[0.590s] Level 1:colcon.colcon_core.package_identification:_identify(core/status_interface) by extension 'ros'
[0.590s] DEBUG:colcon.colcon_core.package_identification:Package 'core/status_interface' with type 'ros.ament_cmake' and name 'status_interface'
[0.590s] Level 1:colcon.colcon_core.package_identification:_identify(core/status_publisher) by extensions ['ignore', 'ignore_ament_install']
[0.591s] Level 1:colcon.colcon_core.package_identification:_identify(core/status_publisher) by extension 'ignore'
[0.591s] Level 1:colcon.colcon_core.package_identification:_identify(core/status_publisher) by extension 'ignore_ament_install'
[0.591s] Level 1:colcon.colcon_core.package_identification:_identify(core/status_publisher) by extensions ['colcon_pkg']
[0.591s] Level 1:colcon.colcon_core.package_identification:_identify(core/status_publisher) by extension 'colcon_pkg'
[0.591s] Level 1:colcon.colcon_core.package_identification:_identify(core/status_publisher) by extensions ['colcon_meta']
[0.591s] Level 1:colcon.colcon_core.package_identification:_identify(core/status_publisher) by extension 'colcon_meta'
[0.591s] Level 1:colcon.colcon_core.package_identification:_identify(core/status_publisher) by extensions ['ros']
[0.591s] Level 1:colcon.colcon_core.package_identification:_identify(core/status_publisher) by extension 'ros'
[0.591s] DEBUG:colcon.colcon_core.package_identification:Package 'core/status_publisher' with type 'ros.ament_python' and name 'status_publisher'
[0.591s] Level 1:colcon.colcon_core.package_identification:_identify(core/status_sub_and_disp) by extensions ['ignore', 'ignore_ament_install']
[0.591s] Level 1:colcon.colcon_core.package_identification:_identify(core/status_sub_and_disp) by extension 'ignore'
[0.591s] Level 1:colcon.colcon_core.package_identification:_identify(core/status_sub_and_disp) by extension 'ignore_ament_install'
[0.591s] Level 1:colcon.colcon_core.package_identification:_identify(core/status_sub_and_disp) by extensions ['colcon_pkg']
[0.591s] Level 1:colcon.colcon_core.package_identification:_identify(core/status_sub_and_disp) by extension 'colcon_pkg'
[0.591s] Level 1:colcon.colcon_core.package_identification:_identify(core/status_sub_and_disp) by extensions ['colcon_meta']
[0.591s] Level 1:colcon.colcon_core.package_identification:_identify(core/status_sub_and_disp) by extension 'colcon_meta'
[0.591s] Level 1:colcon.colcon_core.package_identification:_identify(core/status_sub_and_disp) by extensions ['ros']
[0.591s] Level 1:colcon.colcon_core.package_identification:_identify(core/status_sub_and_disp) by extension 'ros'
[0.592s] DEBUG:colcon.colcon_core.package_identification:Package 'core/status_sub_and_disp' with type 'ros.ament_cmake' and name 'status_sub_and_disp'
[0.592s] Level 1:colcon.colcon_core.package_identification:_identify(install) by extensions ['ignore', 'ignore_ament_install']
[0.592s] Level 1:colcon.colcon_core.package_identification:_identify(install) by extension 'ignore'
[0.592s] Level 1:colcon.colcon_core.package_identification:_identify(install) ignored
[0.592s] Level 1:colcon.colcon_core.package_identification:_identify(log) by extensions ['ignore', 'ignore_ament_install']
[0.592s] Level 1:colcon.colcon_core.package_identification:_identify(log) by extension 'ignore'
[0.592s] Level 1:colcon.colcon_core.package_identification:_identify(log) ignored
[0.592s] Level 1:colcon.colcon_core.package_discovery:discover_packages(recursive) using defaults
[0.592s] Level 1:colcon.colcon_core.package_discovery:discover_packages(ignore) discover
[0.592s] Level 1:colcon.colcon_core.package_discovery:discover_packages(ignore) using defaults
[0.592s] Level 1:colcon.colcon_core.package_discovery:discover_packages(path) discover
[0.592s] Level 1:colcon.colcon_core.package_discovery:discover_packages(path) using defaults
[0.612s] Level 1:colcon.colcon_core.package_discovery:discover_packages(prefix_path) check parameters
[0.613s] Level 1:colcon.colcon_core.package_discovery:discover_packages(prefix_path) discover
[0.616s] DEBUG:colcon.colcon_installed_package_information.package_discovery:Found 273 installed packages in /opt/ros/humble
[0.617s] Level 1:colcon.colcon_core.package_discovery:discover_packages(prefix_path) using defaults
[0.667s] Level 5:colcon.colcon_core.verb:set package 'chapt4_interfaces' build argument 'cmake_args' from command line to 'None'
[0.667s] Level 5:colcon.colcon_core.verb:set package 'chapt4_interfaces' build argument 'cmake_target' from command line to 'None'
[0.667s] Level 5:colcon.colcon_core.verb:set package 'chapt4_interfaces' build argument 'cmake_target_skip_unavailable' from command line to 'False'
[0.667s] Level 5:colcon.colcon_core.verb:set package 'chapt4_interfaces' build argument 'cmake_clean_cache' from command line to 'False'
[0.667s] Level 5:colcon.colcon_core.verb:set package 'chapt4_interfaces' build argument 'cmake_clean_first' from command line to 'False'
[0.667s] Level 5:colcon.colcon_core.verb:set package 'chapt4_interfaces' build argument 'cmake_force_configure' from command line to 'False'
[0.667s] Level 5:colcon.colcon_core.verb:set package 'chapt4_interfaces' build argument 'ament_cmake_args' from command line to 'None'
[0.667s] Level 5:colcon.colcon_core.verb:set package 'chapt4_interfaces' build argument 'catkin_cmake_args' from command line to 'None'
[0.667s] Level 5:colcon.colcon_core.verb:set package 'chapt4_interfaces' build argument 'catkin_skip_building_tests' from command line to 'False'
[0.667s] DEBUG:colcon.colcon_core.verb:Building package 'chapt4_interfaces' with the following arguments: {'ament_cmake_args': None, 'build_base': '/home/jinyicheng/auto_navigation/build/chapt4_interfaces', 'catkin_cmake_args': None, 'catkin_skip_building_tests': False, 'cmake_args': None, 'cmake_clean_cache': False, 'cmake_clean_first': False, 'cmake_force_configure': False, 'cmake_target': None, 'cmake_target_skip_unavailable': False, 'install_base': '/home/jinyicheng/auto_navigation/install/chapt4_interfaces', 'merge_install': False, 'path': '/home/jinyicheng/auto_navigation/core/chapt4_interfaces', 'symlink_install': False, 'test_result_base': None}
[0.667s] Level 5:colcon.colcon_core.verb:set package 'node1' build argument 'cmake_args' from command line to 'None'
[0.667s] Level 5:colcon.colcon_core.verb:set package 'node1' build argument 'cmake_target' from command line to 'None'
[0.667s] Level 5:colcon.colcon_core.verb:set package 'node1' build argument 'cmake_target_skip_unavailable' from command line to 'False'
[0.667s] Level 5:colcon.colcon_core.verb:set package 'node1' build argument 'cmake_clean_cache' from command line to 'False'
[0.667s] Level 5:colcon.colcon_core.verb:set package 'node1' build argument 'cmake_clean_first' from command line to 'False'
[0.667s] Level 5:colcon.colcon_core.verb:set package 'node1' build argument 'cmake_force_configure' from command line to 'False'
[0.667s] Level 5:colcon.colcon_core.verb:set package 'node1' build argument 'ament_cmake_args' from command line to 'None'
[0.667s] Level 5:colcon.colcon_core.verb:set package 'node1' build argument 'catkin_cmake_args' from command line to 'None'
[0.667s] Level 5:colcon.colcon_core.verb:set package 'node1' build argument 'catkin_skip_building_tests' from command line to 'False'
[0.668s] DEBUG:colcon.colcon_core.verb:Building package 'node1' with the following arguments: {'ament_cmake_args': None, 'build_base': '/home/jinyicheng/auto_navigation/build/node1', 'catkin_cmake_args': None, 'catkin_skip_building_tests': False, 'cmake_args': None, 'cmake_clean_cache': False, 'cmake_clean_first': False, 'cmake_force_configure': False, 'cmake_target': None, 'cmake_target_skip_unavailable': False, 'install_base': '/home/jinyicheng/auto_navigation/install/node1', 'merge_install': False, 'path': '/home/jinyicheng/auto_navigation/core/node1', 'symlink_install': False, 'test_result_base': None}
[0.668s] Level 5:colcon.colcon_core.verb:set package 'node2' build argument 'cmake_args' from command line to 'None'
[0.668s] Level 5:colcon.colcon_core.verb:set package 'node2' build argument 'cmake_target' from command line to 'None'
[0.668s] Level 5:colcon.colcon_core.verb:set package 'node2' build argument 'cmake_target_skip_unavailable' from command line to 'False'
[0.668s] Level 5:colcon.colcon_core.verb:set package 'node2' build argument 'cmake_clean_cache' from command line to 'False'
[0.668s] Level 5:colcon.colcon_core.verb:set package 'node2' build argument 'cmake_clean_first' from command line to 'False'
[0.668s] Level 5:colcon.colcon_core.verb:set package 'node2' build argument 'cmake_force_configure' from command line to 'False'
[0.668s] Level 5:colcon.colcon_core.verb:set package 'node2' build argument 'ament_cmake_args' from command line to 'None'
[0.668s] Level 5:colcon.colcon_core.verb:set package 'node2' build argument 'catkin_cmake_args' from command line to 'None'
[0.668s] Level 5:colcon.colcon_core.verb:set package 'node2' build argument 'catkin_skip_building_tests' from command line to 'False'
[0.668s] DEBUG:colcon.colcon_core.verb:Building package 'node2' with the following arguments: {'ament_cmake_args': None, 'build_base': '/home/jinyicheng/auto_navigation/build/node2', 'catkin_cmake_args': None, 'catkin_skip_building_tests': False, 'cmake_args': None, 'cmake_clean_cache': False, 'cmake_clean_first': False, 'cmake_force_configure': False, 'cmake_target': None, 'cmake_target_skip_unavailable': False, 'install_base': '/home/jinyicheng/auto_navigation/install/node2', 'merge_install': False, 'path': '/home/jinyicheng/auto_navigation/core/node2', 'symlink_install': False, 'test_result_base': None}
[0.668s] Level 5:colcon.colcon_core.verb:set package 'status_interface' build argument 'cmake_args' from command line to 'None'
[0.668s] Level 5:colcon.colcon_core.verb:set package 'status_interface' build argument 'cmake_target' from command line to 'None'
[0.668s] Level 5:colcon.colcon_core.verb:set package 'status_interface' build argument 'cmake_target_skip_unavailable' from command line to 'False'
[0.668s] Level 5:colcon.colcon_core.verb:set package 'status_interface' build argument 'cmake_clean_cache' from command line to 'False'
[0.668s] Level 5:colcon.colcon_core.verb:set package 'status_interface' build argument 'cmake_clean_first' from command line to 'False'
[0.668s] Level 5:colcon.colcon_core.verb:set package 'status_interface' build argument 'cmake_force_configure' from command line to 'False'
[0.668s] Level 5:colcon.colcon_core.verb:set package 'status_interface' build argument 'ament_cmake_args' from command line to 'None'
[0.668s] Level 5:colcon.colcon_core.verb:set package 'status_interface' build argument 'catkin_cmake_args' from command line to 'None'
[0.668s] Level 5:colcon.colcon_core.verb:set package 'status_interface' build argument 'catkin_skip_building_tests' from command line to 'False'
[0.668s] DEBUG:colcon.colcon_core.verb:Building package 'status_interface' with the following arguments: {'ament_cmake_args': None, 'build_base': '/home/jinyicheng/auto_navigation/build/status_interface', 'catkin_cmake_args': None, 'catkin_skip_building_tests': False, 'cmake_args': None, 'cmake_clean_cache': False, 'cmake_clean_first': False, 'cmake_force_configure': False, 'cmake_target': None, 'cmake_target_skip_unavailable': False, 'install_base': '/home/jinyicheng/auto_navigation/install/status_interface', 'merge_install': False, 'path': '/home/jinyicheng/auto_navigation/core/status_interface', 'symlink_install': False, 'test_result_base': None}
[0.668s] Level 5:colcon.colcon_core.verb:set package 'status_publisher' build argument 'cmake_args' from command line to 'None'
[0.668s] Level 5:colcon.colcon_core.verb:set package 'status_publisher' build argument 'cmake_target' from command line to 'None'
[0.668s] Level 5:colcon.colcon_core.verb:set package 'status_publisher' build argument 'cmake_target_skip_unavailable' from command line to 'False'
[0.668s] Level 5:colcon.colcon_core.verb:set package 'status_publisher' build argument 'cmake_clean_cache' from command line to 'False'
[0.668s] Level 5:colcon.colcon_core.verb:set package 'status_publisher' build argument 'cmake_clean_first' from command line to 'False'
[0.668s] Level 5:colcon.colcon_core.verb:set package 'status_publisher' build argument 'cmake_force_configure' from command line to 'False'
[0.668s] Level 5:colcon.colcon_core.verb:set package 'status_publisher' build argument 'ament_cmake_args' from command line to 'None'
[0.668s] Level 5:colcon.colcon_core.verb:set package 'status_publisher' build argument 'catkin_cmake_args' from command line to 'None'
[0.668s] Level 5:colcon.colcon_core.verb:set package 'status_publisher' build argument 'catkin_skip_building_tests' from command line to 'False'
[0.668s] DEBUG:colcon.colcon_core.verb:Building package 'status_publisher' with the following arguments: {'ament_cmake_args': None, 'build_base': '/home/jinyicheng/auto_navigation/build/status_publisher', 'catkin_cmake_args': None, 'catkin_skip_building_tests': False, 'cmake_args': None, 'cmake_clean_cache': False, 'cmake_clean_first': False, 'cmake_force_configure': False, 'cmake_target': None, 'cmake_target_skip_unavailable': False, 'install_base': '/home/jinyicheng/auto_navigation/install/status_publisher', 'merge_install': False, 'path': '/home/jinyicheng/auto_navigation/core/status_publisher', 'symlink_install': False, 'test_result_base': None}
[0.669s] Level 5:colcon.colcon_core.verb:set package 'status_sub_and_disp' build argument 'cmake_args' from command line to 'None'
[0.669s] Level 5:colcon.colcon_core.verb:set package 'status_sub_and_disp' build argument 'cmake_target' from command line to 'None'
[0.669s] Level 5:colcon.colcon_core.verb:set package 'status_sub_and_disp' build argument 'cmake_target_skip_unavailable' from command line to 'False'
[0.669s] Level 5:colcon.colcon_core.verb:set package 'status_sub_and_disp' build argument 'cmake_clean_cache' from command line to 'False'
[0.669s] Level 5:colcon.colcon_core.verb:set package 'status_sub_and_disp' build argument 'cmake_clean_first' from command line to 'False'
[0.669s] Level 5:colcon.colcon_core.verb:set package 'status_sub_and_disp' build argument 'cmake_force_configure' from command line to 'False'
[0.669s] Level 5:colcon.colcon_core.verb:set package 'status_sub_and_disp' build argument 'ament_cmake_args' from command line to 'None'
[0.669s] Level 5:colcon.colcon_core.verb:set package 'status_sub_and_disp' build argument 'catkin_cmake_args' from command line to 'None'
[0.669s] Level 5:colcon.colcon_core.verb:set package 'status_sub_and_disp' build argument 'catkin_skip_building_tests' from command line to 'False'
[0.669s] DEBUG:colcon.colcon_core.verb:Building package 'status_sub_and_disp' with the following arguments: {'ament_cmake_args': None, 'build_base': '/home/jinyicheng/auto_navigation/build/status_sub_and_disp', 'catkin_cmake_args': None, 'catkin_skip_building_tests': False, 'cmake_args': None, 'cmake_clean_cache': False, 'cmake_clean_first': False, 'cmake_force_configure': False, 'cmake_target': None, 'cmake_target_skip_unavailable': False, 'install_base': '/home/jinyicheng/auto_navigation/install/status_sub_and_disp', 'merge_install': False, 'path': '/home/jinyicheng/auto_navigation/core/status_sub_and_disp', 'symlink_install': False, 'test_result_base': None}
[0.669s] INFO:colcon.colcon_core.executor:Executing jobs using 'parallel' executor
[0.669s] DEBUG:colcon.colcon_parallel_executor.executor.parallel:run_until_complete
[0.670s] INFO:colcon.colcon_ros.task.ament_cmake.build:Building ROS package in '/home/jinyicheng/auto_navigation/core/status_interface' with build type 'ament_cmake'
[0.670s] INFO:colcon.colcon_cmake.task.cmake.build:Building CMake package in '/home/jinyicheng/auto_navigation/core/status_interface'
[0.674s] INFO:colcon.colcon_core.plugin_system:Skipping extension 'colcon_core.shell.bat': Not used on non-Windows systems
[0.674s] INFO:colcon.colcon_core.shell:Skip shell extension 'powershell' for command environment: Not usable outside of PowerShell
[0.674s] DEBUG:colcon.colcon_core.shell:Skip shell extension 'dsv' for command environment
[0.677s] INFO:colcon.colcon_ros.task.ament_cmake.build:Building ROS package in '/home/jinyicheng/auto_navigation/core/chapt4_interfaces' with build type 'ament_cmake'
[0.678s] INFO:colcon.colcon_cmake.task.cmake.build:Building CMake package in '/home/jinyicheng/auto_navigation/core/chapt4_interfaces'
[0.678s] INFO:colcon.colcon_core.shell:Skip shell extension 'powershell' for command environment: Not usable outside of PowerShell
[0.678s] DEBUG:colcon.colcon_core.shell:Skip shell extension 'dsv' for command environment
[0.679s] INFO:colcon.colcon_ros.task.ament_python.build:Building ROS package in '/home/jinyicheng/auto_navigation/core/node1' with build type 'ament_python'
[0.680s] Level 1:colcon.colcon_core.shell:create_environment_hook('node1', 'ament_prefix_path')
[0.680s] INFO:colcon.colcon_core.shell:Creating environment hook '/home/jinyicheng/auto_navigation/install/node1/share/node1/hook/ament_prefix_path.ps1'
[0.681s] INFO:colcon.colcon_core.shell:Creating environment descriptor '/home/jinyicheng/auto_navigation/install/node1/share/node1/hook/ament_prefix_path.dsv'
[0.682s] INFO:colcon.colcon_core.shell:Creating environment hook '/home/jinyicheng/auto_navigation/install/node1/share/node1/hook/ament_prefix_path.sh'
[0.686s] INFO:colcon.colcon_core.shell:Skip shell extension 'powershell' for command environment: Not usable outside of PowerShell
[0.686s] DEBUG:colcon.colcon_core.shell:Skip shell extension 'dsv' for command environment
[0.688s] INFO:colcon.colcon_ros.task.ament_python.build:Building ROS package in '/home/jinyicheng/auto_navigation/core/node2' with build type 'ament_python'
[0.688s] Level 1:colcon.colcon_core.shell:create_environment_hook('node2', 'ament_prefix_path')
[0.689s] INFO:colcon.colcon_core.shell:Creating environment hook '/home/jinyicheng/auto_navigation/install/node2/share/node2/hook/ament_prefix_path.ps1'
[0.691s] INFO:colcon.colcon_core.shell:Creating environment descriptor '/home/jinyicheng/auto_navigation/install/node2/share/node2/hook/ament_prefix_path.dsv'
[0.691s] INFO:colcon.colcon_core.shell:Creating environment hook '/home/jinyicheng/auto_navigation/install/node2/share/node2/hook/ament_prefix_path.sh'
[0.691s] INFO:colcon.colcon_core.shell:Skip shell extension 'powershell' for command environment: Not usable outside of PowerShell
[0.691s] DEBUG:colcon.colcon_core.shell:Skip shell extension 'dsv' for command environment
[0.696s] DEBUG:colcon.colcon_core.event_handler.log_command:Invoking command in '/home/jinyicheng/auto_navigation/build/status_interface': CMAKE_PREFIX_PATH=/opt/ros/humble /usr/bin/cmake --build /home/jinyicheng/auto_navigation/build/status_interface -- -j20 -l20
[0.701s] DEBUG:colcon.colcon_core.event_handler.log_command:Invoking command in '/home/jinyicheng/auto_navigation/build/chapt4_interfaces': CMAKE_PREFIX_PATH=/opt/ros/humble /usr/bin/cmake /home/jinyicheng/auto_navigation/core/chapt4_interfaces -DCMAKE_INSTALL_PREFIX=/home/jinyicheng/auto_navigation/install/chapt4_interfaces
[0.846s] INFO:colcon.colcon_core.task.python.build:Building Python package in '/home/jinyicheng/auto_navigation/core/node1'
[0.847s] INFO:colcon.colcon_core.shell:Skip shell extension 'powershell' for command environment: Not usable outside of PowerShell
[0.847s] DEBUG:colcon.colcon_core.shell:Skip shell extension 'dsv' for command environment
[0.981s] INFO:colcon.colcon_core.task.python.build:Building Python package in '/home/jinyicheng/auto_navigation/core/node2'
[0.981s] INFO:colcon.colcon_core.shell:Skip shell extension 'powershell' for command environment: Not usable outside of PowerShell
[0.981s] DEBUG:colcon.colcon_core.shell:Skip shell extension 'dsv' for command environment
[0.985s] DEBUG:colcon.colcon_core.event_handler.log_command:Invoked command in '/home/jinyicheng/auto_navigation/build/status_interface' returned '0': CMAKE_PREFIX_PATH=/opt/ros/humble /usr/bin/cmake --build /home/jinyicheng/auto_navigation/build/status_interface -- -j20 -l20
[0.990s] DEBUG:colcon.colcon_core.event_handler.log_command:Invoking command in '/home/jinyicheng/auto_navigation/build/status_interface': CMAKE_PREFIX_PATH=/opt/ros/humble /usr/bin/cmake --install /home/jinyicheng/auto_navigation/build/status_interface
[1.028s] Level 1:colcon.colcon_core.environment:create_environment_scripts_only(status_interface)
[1.029s] DEBUG:colcon.colcon_core.event_handler.log_command:Invoked command in '/home/jinyicheng/auto_navigation/build/status_interface' returned '0': CMAKE_PREFIX_PATH=/opt/ros/humble /usr/bin/cmake --install /home/jinyicheng/auto_navigation/build/status_interface
[1.034s] Level 1:colcon.colcon_core.environment:checking '/home/jinyicheng/auto_navigation/install/status_interface' for CMake module files
[1.034s] Level 1:colcon.colcon_core.environment:checking '/home/jinyicheng/auto_navigation/install/status_interface' for CMake config files
[1.034s] Level 1:colcon.colcon_core.shell:create_environment_hook('status_interface', 'cmake_prefix_path')
[1.034s] INFO:colcon.colcon_core.shell:Creating environment hook '/home/jinyicheng/auto_navigation/install/status_interface/share/status_interface/hook/cmake_prefix_path.ps1'
[1.034s] INFO:colcon.colcon_core.shell:Creating environment descriptor '/home/jinyicheng/auto_navigation/install/status_interface/share/status_interface/hook/cmake_prefix_path.dsv'
[1.035s] INFO:colcon.colcon_core.shell:Creating environment hook '/home/jinyicheng/auto_navigation/install/status_interface/share/status_interface/hook/cmake_prefix_path.sh'
[1.035s] Level 1:colcon.colcon_core.environment:checking '/home/jinyicheng/auto_navigation/install/status_interface/lib'
[1.035s] Level 1:colcon.colcon_core.shell:create_environment_hook('status_interface', 'ld_library_path_lib')
[1.035s] INFO:colcon.colcon_core.shell:Creating environment hook '/home/jinyicheng/auto_navigation/install/status_interface/share/status_interface/hook/ld_library_path_lib.ps1'
[1.035s] INFO:colcon.colcon_core.shell:Creating environment descriptor '/home/jinyicheng/auto_navigation/install/status_interface/share/status_interface/hook/ld_library_path_lib.dsv'
[1.036s] INFO:colcon.colcon_core.shell:Creating environment hook '/home/jinyicheng/auto_navigation/install/status_interface/share/status_interface/hook/ld_library_path_lib.sh'
[1.036s] Level 1:colcon.colcon_core.environment:checking '/home/jinyicheng/auto_navigation/install/status_interface/bin'
[1.036s] Level 1:colcon.colcon_core.environment:checking '/home/jinyicheng/auto_navigation/install/status_interface/lib/pkgconfig/status_interface.pc'
[1.036s] Level 1:colcon.colcon_core.environment:checking '/home/jinyicheng/auto_navigation/install/status_interface/lib/python3.10/site-packages'
[1.036s] Level 1:colcon.colcon_core.environment:checking '/home/jinyicheng/auto_navigation/install/status_interface/bin'
[1.036s] INFO:colcon.colcon_core.shell:Creating package script '/home/jinyicheng/auto_navigation/install/status_interface/share/status_interface/package.ps1'
[1.037s] INFO:colcon.colcon_core.shell:Creating package descriptor '/home/jinyicheng/auto_navigation/install/status_interface/share/status_interface/package.dsv'
[1.038s] INFO:colcon.colcon_core.shell:Creating package script '/home/jinyicheng/auto_navigation/install/status_interface/share/status_interface/package.sh'
[1.038s] INFO:colcon.colcon_core.shell:Creating package script '/home/jinyicheng/auto_navigation/install/status_interface/share/status_interface/package.bash'
[1.039s] INFO:colcon.colcon_core.shell:Creating package script '/home/jinyicheng/auto_navigation/install/status_interface/share/status_interface/package.zsh'
[1.040s] Level 1:colcon.colcon_core.environment:create_file_with_runtime_dependencies(/home/jinyicheng/auto_navigation/install/status_interface/share/colcon-core/packages/status_interface)
[1.040s] Level 1:colcon.colcon_core.environment:create_environment_scripts_only(status_interface)
[1.040s] Level 1:colcon.colcon_core.environment:checking '/home/jinyicheng/auto_navigation/install/status_interface' for CMake module files
[1.040s] Level 1:colcon.colcon_core.environment:checking '/home/jinyicheng/auto_navigation/install/status_interface' for CMake config files
[1.040s] Level 1:colcon.colcon_core.shell:create_environment_hook('status_interface', 'cmake_prefix_path')
[1.041s] INFO:colcon.colcon_core.shell:Creating environment hook '/home/jinyicheng/auto_navigation/install/status_interface/share/status_interface/hook/cmake_prefix_path.ps1'
[1.041s] INFO:colcon.colcon_core.shell:Creating environment descriptor '/home/jinyicheng/auto_navigation/install/status_interface/share/status_interface/hook/cmake_prefix_path.dsv'
[1.041s] INFO:colcon.colcon_core.shell:Creating environment hook '/home/jinyicheng/auto_navigation/install/status_interface/share/status_interface/hook/cmake_prefix_path.sh'
[1.041s] Level 1:colcon.colcon_core.environment:checking '/home/jinyicheng/auto_navigation/install/status_interface/lib'
[1.041s] Level 1:colcon.colcon_core.shell:create_environment_hook('status_interface', 'ld_library_path_lib')
[1.041s] INFO:colcon.colcon_core.shell:Creating environment hook '/home/jinyicheng/auto_navigation/install/status_interface/share/status_interface/hook/ld_library_path_lib.ps1'
[1.042s] INFO:colcon.colcon_core.shell:Creating environment descriptor '/home/jinyicheng/auto_navigation/install/status_interface/share/status_interface/hook/ld_library_path_lib.dsv'
[1.042s] INFO:colcon.colcon_core.shell:Creating environment hook '/home/jinyicheng/auto_navigation/install/status_interface/share/status_interface/hook/ld_library_path_lib.sh'
[1.042s] Level 1:colcon.colcon_core.environment:checking '/home/jinyicheng/auto_navigation/install/status_interface/bin'
[1.042s] Level 1:colcon.colcon_core.environment:checking '/home/jinyicheng/auto_navigation/install/status_interface/lib/pkgconfig/status_interface.pc'
[1.042s] Level 1:colcon.colcon_core.environment:checking '/home/jinyicheng/auto_navigation/install/status_interface/lib/python3.10/site-packages'
[1.042s] Level 1:colcon.colcon_core.environment:checking '/home/jinyicheng/auto_navigation/install/status_interface/bin'
[1.042s] INFO:colcon.colcon_core.shell:Creating package script '/home/jinyicheng/auto_navigation/install/status_interface/share/status_interface/package.ps1'
[1.043s] INFO:colcon.colcon_core.shell:Creating package descriptor '/home/jinyicheng/auto_navigation/install/status_interface/share/status_interface/package.dsv'
[1.043s] INFO:colcon.colcon_core.shell:Creating package script '/home/jinyicheng/auto_navigation/install/status_interface/share/status_interface/package.sh'
[1.043s] INFO:colcon.colcon_core.shell:Creating package script '/home/jinyicheng/auto_navigation/install/status_interface/share/status_interface/package.bash'
[1.043s] INFO:colcon.colcon_core.shell:Creating package script '/home/jinyicheng/auto_navigation/install/status_interface/share/status_interface/package.zsh'
[1.043s] Level 1:colcon.colcon_core.environment:create_file_with_runtime_dependencies(/home/jinyicheng/auto_navigation/install/status_interface/share/colcon-core/packages/status_interface)
[1.044s] INFO:colcon.colcon_ros.task.ament_python.build:Building ROS package in '/home/jinyicheng/auto_navigation/core/status_publisher' with build type 'ament_python'
[1.044s] Level 1:colcon.colcon_core.shell:create_environment_hook('status_publisher', 'ament_prefix_path')
[1.044s] INFO:colcon.colcon_core.shell:Creating environment hook '/home/jinyicheng/auto_navigation/install/status_publisher/share/status_publisher/hook/ament_prefix_path.ps1'
[1.045s] INFO:colcon.colcon_core.shell:Creating environment descriptor '/home/jinyicheng/auto_navigation/install/status_publisher/share/status_publisher/hook/ament_prefix_path.dsv'
[1.045s] INFO:colcon.colcon_core.shell:Creating environment hook '/home/jinyicheng/auto_navigation/install/status_publisher/share/status_publisher/hook/ament_prefix_path.sh'
[1.045s] INFO:colcon.colcon_core.shell:Skip shell extension 'powershell' for command environment: Not usable outside of PowerShell
[1.045s] DEBUG:colcon.colcon_core.shell:Skip shell extension 'dsv' for command environment
[1.046s] INFO:colcon.colcon_ros.task.ament_cmake.build:Building ROS package in '/home/jinyicheng/auto_navigation/core/status_sub_and_disp' with build type 'ament_cmake'
[1.047s] INFO:colcon.colcon_cmake.task.cmake.build:Building CMake package in '/home/jinyicheng/auto_navigation/core/status_sub_and_disp'
[1.047s] INFO:colcon.colcon_core.shell:Skip shell extension 'powershell' for command environment: Not usable outside of PowerShell
[1.047s] DEBUG:colcon.colcon_core.shell:Skip shell extension 'dsv' for command environment
[1.120s] DEBUG:colcon.colcon_core.event_handler.log_command:Invoking command in '/home/jinyicheng/auto_navigation/build/status_sub_and_disp': AMENT_PREFIX_PATH=/home/jinyicheng/auto_navigation/install/status_interface:${AMENT_PREFIX_PATH} CMAKE_PREFIX_PATH=/home/jinyicheng/auto_navigation/install/status_interface:/opt/ros/humble LD_LIBRARY_PATH=/home/jinyicheng/auto_navigation/install/status_interface/lib:${LD_LIBRARY_PATH} PYTHONPATH=/home/jinyicheng/auto_navigation/install/status_interface/local/lib/python3.10/dist-packages:${PYTHONPATH} /usr/bin/cmake --build /home/jinyicheng/auto_navigation/build/status_sub_and_disp -- -j20 -l20
[1.250s] INFO:colcon.colcon_core.task.python.build:Building Python package in '/home/jinyicheng/auto_navigation/core/status_publisher'
[1.250s] INFO:colcon.colcon_core.shell:Skip shell extension 'powershell' for command environment: Not usable outside of PowerShell
[1.250s] DEBUG:colcon.colcon_core.shell:Skip shell extension 'dsv' for command environment
[1.257s] DEBUG:colcon.colcon_core.event_handler.log_command:Invoking command in '/home/jinyicheng/auto_navigation/core/node1': PYTHONPATH=/home/jinyicheng/auto_navigation/build/node1/prefix_override:/usr/lib/python3/dist-packages/colcon_core/task/python/colcon_distutils_commands:/home/jinyicheng/auto_navigation/install/node1/lib/python3.10/site-packages:${PYTHONPATH} /usr/bin/python3 -W ignore:setup.py install is deprecated -W ignore:easy_install command is deprecated setup.py egg_info --egg-base ../../build/node1 build --build-base /home/jinyicheng/auto_navigation/build/node1/build install --record /home/jinyicheng/auto_navigation/build/node1/install.log --single-version-externally-managed install_data
[1.258s] DEBUG:colcon.colcon_core.event_handler.log_command:Invoking command in '/home/jinyicheng/auto_navigation/core/node2': PYTHONPATH=/home/jinyicheng/auto_navigation/build/node2/prefix_override:/usr/lib/python3/dist-packages/colcon_core/task/python/colcon_distutils_commands:/home/jinyicheng/auto_navigation/install/node2/lib/python3.10/site-packages:${PYTHONPATH} /usr/bin/python3 -W ignore:setup.py install is deprecated -W ignore:easy_install command is deprecated setup.py egg_info --egg-base ../../build/node2 build --build-base /home/jinyicheng/auto_navigation/build/node2/build install --record /home/jinyicheng/auto_navigation/build/node2/install.log --single-version-externally-managed install_data
[1.399s] Level 1:colcon.colcon_core.environment:checking '/home/jinyicheng/auto_navigation/install/node1' for CMake module files
[1.399s] DEBUG:colcon.colcon_core.event_handler.log_command:Invoked command in '/home/jinyicheng/auto_navigation/core/node1' returned '0': PYTHONPATH=/home/jinyicheng/auto_navigation/build/node1/prefix_override:/usr/lib/python3/dist-packages/colcon_core/task/python/colcon_distutils_commands:/home/jinyicheng/auto_navigation/install/node1/lib/python3.10/site-packages:${PYTHONPATH} /usr/bin/python3 -W ignore:setup.py install is deprecated -W ignore:easy_install command is deprecated setup.py egg_info --egg-base ../../build/node1 build --build-base /home/jinyicheng/auto_navigation/build/node1/build install --record /home/jinyicheng/auto_navigation/build/node1/install.log --single-version-externally-managed install_data
[1.399s] Level 1:colcon.colcon_core.environment:checking '/home/jinyicheng/auto_navigation/install/node1' for CMake config files
[1.400s] Level 1:colcon.colcon_core.environment:checking '/home/jinyicheng/auto_navigation/install/node1/lib'
[1.400s] Level 1:colcon.colcon_core.environment:checking '/home/jinyicheng/auto_navigation/install/node1/bin'
[1.400s] Level 1:colcon.colcon_core.environment:checking '/home/jinyicheng/auto_navigation/install/node1/lib/pkgconfig/node1.pc'
[1.400s] Level 1:colcon.colcon_core.environment:checking '/home/jinyicheng/auto_navigation/install/node1/lib/python3.10/site-packages'
[1.400s] Level 1:colcon.colcon_core.shell:create_environment_hook('node1', 'pythonpath')
[1.400s] INFO:colcon.colcon_core.shell:Creating environment hook '/home/jinyicheng/auto_navigation/install/node1/share/node1/hook/pythonpath.ps1'
[1.400s] INFO:colcon.colcon_core.shell:Creating environment descriptor '/home/jinyicheng/auto_navigation/install/node1/share/node1/hook/pythonpath.dsv'
[1.400s] INFO:colcon.colcon_core.shell:Creating environment hook '/home/jinyicheng/auto_navigation/install/node1/share/node1/hook/pythonpath.sh'
[1.401s] Level 1:colcon.colcon_core.environment:checking '/home/jinyicheng/auto_navigation/install/node1/bin'
[1.401s] Level 1:colcon.colcon_core.environment:create_environment_scripts_only(node1)
[1.401s] INFO:colcon.colcon_core.shell:Creating package script '/home/jinyicheng/auto_navigation/install/node1/share/node1/package.ps1'
[1.401s] INFO:colcon.colcon_core.shell:Creating package descriptor '/home/jinyicheng/auto_navigation/install/node1/share/node1/package.dsv'
[1.402s] INFO:colcon.colcon_core.shell:Creating package script '/home/jinyicheng/auto_navigation/install/node1/share/node1/package.sh'
[1.402s] INFO:colcon.colcon_core.shell:Creating package script '/home/jinyicheng/auto_navigation/install/node1/share/node1/package.bash'
[1.402s] INFO:colcon.colcon_core.shell:Creating package script '/home/jinyicheng/auto_navigation/install/node1/share/node1/package.zsh'
[1.402s] Level 1:colcon.colcon_core.environment:create_file_with_runtime_dependencies(/home/jinyicheng/auto_navigation/install/node1/share/colcon-core/packages/node1)
[1.403s] Level 1:colcon.colcon_core.environment:checking '/home/jinyicheng/auto_navigation/install/node2' for CMake module files
[1.403s] DEBUG:colcon.colcon_core.event_handler.log_command:Invoked command in '/home/jinyicheng/auto_navigation/core/node2' returned '0': PYTHONPATH=/home/jinyicheng/auto_navigation/build/node2/prefix_override:/usr/lib/python3/dist-packages/colcon_core/task/python/colcon_distutils_commands:/home/jinyicheng/auto_navigation/install/node2/lib/python3.10/site-packages:${PYTHONPATH} /usr/bin/python3 -W ignore:setup.py install is deprecated -W ignore:easy_install command is deprecated setup.py egg_info --egg-base ../../build/node2 build --build-base /home/jinyicheng/auto_navigation/build/node2/build install --record /home/jinyicheng/auto_navigation/build/node2/install.log --single-version-externally-managed install_data
[1.404s] Level 1:colcon.colcon_core.environment:checking '/home/jinyicheng/auto_navigation/install/node2' for CMake config files
[1.404s] Level 1:colcon.colcon_core.environment:checking '/home/jinyicheng/auto_navigation/install/node2/lib'
[1.404s] Level 1:colcon.colcon_core.environment:checking '/home/jinyicheng/auto_navigation/install/node2/bin'
[1.404s] Level 1:colcon.colcon_core.environment:checking '/home/jinyicheng/auto_navigation/install/node2/lib/pkgconfig/node2.pc'
[1.404s] Level 1:colcon.colcon_core.environment:checking '/home/jinyicheng/auto_navigation/install/node2/lib/python3.10/site-packages'
[1.404s] Level 1:colcon.colcon_core.shell:create_environment_hook('node2', 'pythonpath')
[1.404s] INFO:colcon.colcon_core.shell:Creating environment hook '/home/jinyicheng/auto_navigation/install/node2/share/node2/hook/pythonpath.ps1'
[1.405s] INFO:colcon.colcon_core.shell:Creating environment descriptor '/home/jinyicheng/auto_navigation/install/node2/share/node2/hook/pythonpath.dsv'
[1.405s] INFO:colcon.colcon_core.shell:Creating environment hook '/home/jinyicheng/auto_navigation/install/node2/share/node2/hook/pythonpath.sh'
[1.405s] Level 1:colcon.colcon_core.environment:checking '/home/jinyicheng/auto_navigation/install/node2/bin'
[1.405s] Level 1:colcon.colcon_core.environment:create_environment_scripts_only(node2)
[1.405s] INFO:colcon.colcon_core.shell:Creating package script '/home/jinyicheng/auto_navigation/install/node2/share/node2/package.ps1'
[1.406s] INFO:colcon.colcon_core.shell:Creating package descriptor '/home/jinyicheng/auto_navigation/install/node2/share/node2/package.dsv'
[1.406s] INFO:colcon.colcon_core.shell:Creating package script '/home/jinyicheng/auto_navigation/install/node2/share/node2/package.sh'
[1.406s] INFO:colcon.colcon_core.shell:Creating package script '/home/jinyicheng/auto_navigation/install/node2/share/node2/package.bash'
[1.406s] INFO:colcon.colcon_core.shell:Creating package script '/home/jinyicheng/auto_navigation/install/node2/share/node2/package.zsh'
[1.406s] Level 1:colcon.colcon_core.environment:create_file_with_runtime_dependencies(/home/jinyicheng/auto_navigation/install/node2/share/colcon-core/packages/node2)
[1.522s] DEBUG:colcon.colcon_core.event_handler.log_command:Invoking command in '/home/jinyicheng/auto_navigation/core/status_publisher': AMENT_PREFIX_PATH=/home/jinyicheng/auto_navigation/install/status_interface:${AMENT_PREFIX_PATH} CMAKE_PREFIX_PATH=/home/jinyicheng/auto_navigation/install/status_interface LD_LIBRARY_PATH=/home/jinyicheng/auto_navigation/install/status_interface/lib:${LD_LIBRARY_PATH} PYTHONPATH=/home/jinyicheng/auto_navigation/build/status_publisher/prefix_override:/usr/lib/python3/dist-packages/colcon_core/task/python/colcon_distutils_commands:/home/jinyicheng/auto_navigation/install/status_publisher/lib/python3.10/site-packages:/home/jinyicheng/auto_navigation/install/status_interface/local/lib/python3.10/dist-packages:${PYTHONPATH} /usr/bin/python3 -W ignore:setup.py install is deprecated -W ignore:easy_install command is deprecated setup.py egg_info --egg-base ../../build/status_publisher build --build-base /home/jinyicheng/auto_navigation/build/status_publisher/build install --record /home/jinyicheng/auto_navigation/build/status_publisher/install.log --single-version-externally-managed install_data
[1.665s] Level 1:colcon.colcon_core.environment:checking '/home/jinyicheng/auto_navigation/install/status_publisher' for CMake module files
[1.665s] DEBUG:colcon.colcon_core.event_handler.log_command:Invoked command in '/home/jinyicheng/auto_navigation/core/status_publisher' returned '0': AMENT_PREFIX_PATH=/home/jinyicheng/auto_navigation/install/status_interface:${AMENT_PREFIX_PATH} CMAKE_PREFIX_PATH=/home/jinyicheng/auto_navigation/install/status_interface LD_LIBRARY_PATH=/home/jinyicheng/auto_navigation/install/status_interface/lib:${LD_LIBRARY_PATH} PYTHONPATH=/home/jinyicheng/auto_navigation/build/status_publisher/prefix_override:/usr/lib/python3/dist-packages/colcon_core/task/python/colcon_distutils_commands:/home/jinyicheng/auto_navigation/install/status_publisher/lib/python3.10/site-packages:/home/jinyicheng/auto_navigation/install/status_interface/local/lib/python3.10/dist-packages:${PYTHONPATH} /usr/bin/python3 -W ignore:setup.py install is deprecated -W ignore:easy_install command is deprecated setup.py egg_info --egg-base ../../build/status_publisher build --build-base /home/jinyicheng/auto_navigation/build/status_publisher/build install --record /home/jinyicheng/auto_navigation/build/status_publisher/install.log --single-version-externally-managed install_data
[1.665s] Level 1:colcon.colcon_core.environment:checking '/home/jinyicheng/auto_navigation/install/status_publisher' for CMake config files
[1.666s] Level 1:colcon.colcon_core.environment:checking '/home/jinyicheng/auto_navigation/install/status_publisher/lib'
[1.666s] Level 1:colcon.colcon_core.environment:checking '/home/jinyicheng/auto_navigation/install/status_publisher/bin'
[1.666s] Level 1:colcon.colcon_core.environment:checking '/home/jinyicheng/auto_navigation/install/status_publisher/lib/pkgconfig/status_publisher.pc'
[1.666s] Level 1:colcon.colcon_core.environment:checking '/home/jinyicheng/auto_navigation/install/status_publisher/lib/python3.10/site-packages'
[1.666s] Level 1:colcon.colcon_core.shell:create_environment_hook('status_publisher', 'pythonpath')
[1.666s] INFO:colcon.colcon_core.shell:Creating environment hook '/home/jinyicheng/auto_navigation/install/status_publisher/share/status_publisher/hook/pythonpath.ps1'
[1.666s] INFO:colcon.colcon_core.shell:Creating environment descriptor '/home/jinyicheng/auto_navigation/install/status_publisher/share/status_publisher/hook/pythonpath.dsv'
[1.667s] INFO:colcon.colcon_core.shell:Creating environment hook '/home/jinyicheng/auto_navigation/install/status_publisher/share/status_publisher/hook/pythonpath.sh'
[1.667s] Level 1:colcon.colcon_core.environment:checking '/home/jinyicheng/auto_navigation/install/status_publisher/bin'
[1.667s] Level 1:colcon.colcon_core.environment:create_environment_scripts_only(status_publisher)
[1.667s] INFO:colcon.colcon_core.shell:Creating package script '/home/jinyicheng/auto_navigation/install/status_publisher/share/status_publisher/package.ps1'
[1.667s] INFO:colcon.colcon_core.shell:Creating package descriptor '/home/jinyicheng/auto_navigation/install/status_publisher/share/status_publisher/package.dsv'
[1.668s] INFO:colcon.colcon_core.shell:Creating package script '/home/jinyicheng/auto_navigation/install/status_publisher/share/status_publisher/package.sh'
[1.668s] INFO:colcon.colcon_core.shell:Creating package script '/home/jinyicheng/auto_navigation/install/status_publisher/share/status_publisher/package.bash'
[1.668s] INFO:colcon.colcon_core.shell:Creating package script '/home/jinyicheng/auto_navigation/install/status_publisher/share/status_publisher/package.zsh'
[1.668s] Level 1:colcon.colcon_core.environment:create_file_with_runtime_dependencies(/home/jinyicheng/auto_navigation/install/status_publisher/share/colcon-core/packages/status_publisher)
[3.818s] DEBUG:colcon.colcon_core.event_handler.log_command:Invoked command in '/home/jinyicheng/auto_navigation/build/chapt4_interfaces' returned '0': CMAKE_PREFIX_PATH=/opt/ros/humble /usr/bin/cmake /home/jinyicheng/auto_navigation/core/chapt4_interfaces -DCMAKE_INSTALL_PREFIX=/home/jinyicheng/auto_navigation/install/chapt4_interfaces
[3.819s] DEBUG:colcon.colcon_core.event_handler.log_command:Invoking command in '/home/jinyicheng/auto_navigation/build/chapt4_interfaces': CMAKE_PREFIX_PATH=/opt/ros/humble /usr/bin/cmake --build /home/jinyicheng/auto_navigation/build/chapt4_interfaces -- -j20 -l20
[5.323s] DEBUG:colcon.colcon_core.event_handler.log_command:Invoked command in '/home/jinyicheng/auto_navigation/build/chapt4_interfaces' returned '0': CMAKE_PREFIX_PATH=/opt/ros/humble /usr/bin/cmake --build /home/jinyicheng/auto_navigation/build/chapt4_interfaces -- -j20 -l20
[5.324s] DEBUG:colcon.colcon_core.event_handler.log_command:Invoking command in '/home/jinyicheng/auto_navigation/build/chapt4_interfaces': CMAKE_PREFIX_PATH=/opt/ros/humble /usr/bin/cmake --install /home/jinyicheng/auto_navigation/build/chapt4_interfaces
[5.359s] Level 1:colcon.colcon_core.environment:create_environment_scripts_only(chapt4_interfaces)
[5.360s] DEBUG:colcon.colcon_core.event_handler.log_command:Invoked command in '/home/jinyicheng/auto_navigation/build/chapt4_interfaces' returned '0': CMAKE_PREFIX_PATH=/opt/ros/humble /usr/bin/cmake --install /home/jinyicheng/auto_navigation/build/chapt4_interfaces
[5.360s] Level 1:colcon.colcon_core.environment:checking '/home/jinyicheng/auto_navigation/install/chapt4_interfaces' for CMake module files
[5.360s] Level 1:colcon.colcon_core.environment:checking '/home/jinyicheng/auto_navigation/install/chapt4_interfaces' for CMake config files
[5.360s] Level 1:colcon.colcon_core.shell:create_environment_hook('chapt4_interfaces', 'cmake_prefix_path')
[5.360s] INFO:colcon.colcon_core.shell:Creating environment hook '/home/jinyicheng/auto_navigation/install/chapt4_interfaces/share/chapt4_interfaces/hook/cmake_prefix_path.ps1'
[5.361s] INFO:colcon.colcon_core.shell:Creating environment descriptor '/home/jinyicheng/auto_navigation/install/chapt4_interfaces/share/chapt4_interfaces/hook/cmake_prefix_path.dsv'
[5.361s] INFO:colcon.colcon_core.shell:Creating environment hook '/home/jinyicheng/auto_navigation/install/chapt4_interfaces/share/chapt4_interfaces/hook/cmake_prefix_path.sh'
[5.361s] Level 1:colcon.colcon_core.environment:checking '/home/jinyicheng/auto_navigation/install/chapt4_interfaces/lib'
[5.361s] Level 1:colcon.colcon_core.shell:create_environment_hook('chapt4_interfaces', 'ld_library_path_lib')
[5.361s] INFO:colcon.colcon_core.shell:Creating environment hook '/home/jinyicheng/auto_navigation/install/chapt4_interfaces/share/chapt4_interfaces/hook/ld_library_path_lib.ps1'
[5.362s] INFO:colcon.colcon_core.shell:Creating environment descriptor '/home/jinyicheng/auto_navigation/install/chapt4_interfaces/share/chapt4_interfaces/hook/ld_library_path_lib.dsv'
[5.362s] INFO:colcon.colcon_core.shell:Creating environment hook '/home/jinyicheng/auto_navigation/install/chapt4_interfaces/share/chapt4_interfaces/hook/ld_library_path_lib.sh'
[5.362s] Level 1:colcon.colcon_core.environment:checking '/home/jinyicheng/auto_navigation/install/chapt4_interfaces/bin'
[5.362s] Level 1:colcon.colcon_core.environment:checking '/home/jinyicheng/auto_navigation/install/chapt4_interfaces/lib/pkgconfig/chapt4_interfaces.pc'
[5.362s] Level 1:colcon.colcon_core.environment:checking '/home/jinyicheng/auto_navigation/install/chapt4_interfaces/lib/python3.10/site-packages'
[5.362s] Level 1:colcon.colcon_core.environment:checking '/home/jinyicheng/auto_navigation/install/chapt4_interfaces/bin'
[5.362s] INFO:colcon.colcon_core.shell:Creating package script '/home/jinyicheng/auto_navigation/install/chapt4_interfaces/share/chapt4_interfaces/package.ps1'
[5.363s] INFO:colcon.colcon_core.shell:Creating package descriptor '/home/jinyicheng/auto_navigation/install/chapt4_interfaces/share/chapt4_interfaces/package.dsv'
[5.363s] INFO:colcon.colcon_core.shell:Creating package script '/home/jinyicheng/auto_navigation/install/chapt4_interfaces/share/chapt4_interfaces/package.sh'
[5.363s] INFO:colcon.colcon_core.shell:Creating package script '/home/jinyicheng/auto_navigation/install/chapt4_interfaces/share/chapt4_interfaces/package.bash'
[5.363s] INFO:colcon.colcon_core.shell:Creating package script '/home/jinyicheng/auto_navigation/install/chapt4_interfaces/share/chapt4_interfaces/package.zsh'
[5.364s] Level 1:colcon.colcon_core.environment:create_file_with_runtime_dependencies(/home/jinyicheng/auto_navigation/install/chapt4_interfaces/share/colcon-core/packages/chapt4_interfaces)
[5.364s] Level 1:colcon.colcon_core.environment:create_environment_scripts_only(chapt4_interfaces)
[5.364s] Level 1:colcon.colcon_core.environment:checking '/home/jinyicheng/auto_navigation/install/chapt4_interfaces' for CMake module files
[5.364s] Level 1:colcon.colcon_core.environment:checking '/home/jinyicheng/auto_navigation/install/chapt4_interfaces' for CMake config files
[5.365s] Level 1:colcon.colcon_core.shell:create_environment_hook('chapt4_interfaces', 'cmake_prefix_path')
[5.365s] INFO:colcon.colcon_core.shell:Creating environment hook '/home/jinyicheng/auto_navigation/install/chapt4_interfaces/share/chapt4_interfaces/hook/cmake_prefix_path.ps1'
[5.365s] INFO:colcon.colcon_core.shell:Creating environment descriptor '/home/jinyicheng/auto_navigation/install/chapt4_interfaces/share/chapt4_interfaces/hook/cmake_prefix_path.dsv'
[5.365s] INFO:colcon.colcon_core.shell:Creating environment hook '/home/jinyicheng/auto_navigation/install/chapt4_interfaces/share/chapt4_interfaces/hook/cmake_prefix_path.sh'
[5.365s] Level 1:colcon.colcon_core.environment:checking '/home/jinyicheng/auto_navigation/install/chapt4_interfaces/lib'
[5.365s] Level 1:colcon.colcon_core.shell:create_environment_hook('chapt4_interfaces', 'ld_library_path_lib')
[5.366s] INFO:colcon.colcon_core.shell:Creating environment hook '/home/jinyicheng/auto_navigation/install/chapt4_interfaces/share/chapt4_interfaces/hook/ld_library_path_lib.ps1'
[5.366s] INFO:colcon.colcon_core.shell:Creating environment descriptor '/home/jinyicheng/auto_navigation/install/chapt4_interfaces/share/chapt4_interfaces/hook/ld_library_path_lib.dsv'
[5.366s] INFO:colcon.colcon_core.shell:Creating environment hook '/home/jinyicheng/auto_navigation/install/chapt4_interfaces/share/chapt4_interfaces/hook/ld_library_path_lib.sh'
[5.366s] Level 1:colcon.colcon_core.environment:checking '/home/jinyicheng/auto_navigation/install/chapt4_interfaces/bin'
[5.366s] Level 1:colcon.colcon_core.environment:checking '/home/jinyicheng/auto_navigation/install/chapt4_interfaces/lib/pkgconfig/chapt4_interfaces.pc'
[5.366s] Level 1:colcon.colcon_core.environment:checking '/home/jinyicheng/auto_navigation/install/chapt4_interfaces/lib/python3.10/site-packages'
[5.366s] Level 1:colcon.colcon_core.environment:checking '/home/jinyicheng/auto_navigation/install/chapt4_interfaces/bin'
[5.367s] INFO:colcon.colcon_core.shell:Creating package script '/home/jinyicheng/auto_navigation/install/chapt4_interfaces/share/chapt4_interfaces/package.ps1'
[5.367s] INFO:colcon.colcon_core.shell:Creating package descriptor '/home/jinyicheng/auto_navigation/install/chapt4_interfaces/share/chapt4_interfaces/package.dsv'
[5.367s] INFO:colcon.colcon_core.shell:Creating package script '/home/jinyicheng/auto_navigation/install/chapt4_interfaces/share/chapt4_interfaces/package.sh'
[5.367s] INFO:colcon.colcon_core.shell:Creating package script '/home/jinyicheng/auto_navigation/install/chapt4_interfaces/share/chapt4_interfaces/package.bash'
[5.368s] INFO:colcon.colcon_core.shell:Creating package script '/home/jinyicheng/auto_navigation/install/chapt4_interfaces/share/chapt4_interfaces/package.zsh'
[5.368s] Level 1:colcon.colcon_core.environment:create_file_with_runtime_dependencies(/home/jinyicheng/auto_navigation/install/chapt4_interfaces/share/colcon-core/packages/chapt4_interfaces)
[12.628s] DEBUG:colcon.colcon_core.event_handler.log_command:Invoked command in '/home/jinyicheng/auto_navigation/build/status_sub_and_disp' returned '0': AMENT_PREFIX_PATH=/home/jinyicheng/auto_navigation/install/status_interface:${AMENT_PREFIX_PATH} CMAKE_PREFIX_PATH=/home/jinyicheng/auto_navigation/install/status_interface:/opt/ros/humble LD_LIBRARY_PATH=/home/jinyicheng/auto_navigation/install/status_interface/lib:${LD_LIBRARY_PATH} PYTHONPATH=/home/jinyicheng/auto_navigation/install/status_interface/local/lib/python3.10/dist-packages:${PYTHONPATH} /usr/bin/cmake --build /home/jinyicheng/auto_navigation/build/status_sub_and_disp -- -j20 -l20
[12.629s] DEBUG:colcon.colcon_core.event_handler.log_command:Invoking command in '/home/jinyicheng/auto_navigation/build/status_sub_and_disp': AMENT_PREFIX_PATH=/home/jinyicheng/auto_navigation/install/status_interface:${AMENT_PREFIX_PATH} CMAKE_PREFIX_PATH=/home/jinyicheng/auto_navigation/install/status_interface:/opt/ros/humble LD_LIBRARY_PATH=/home/jinyicheng/auto_navigation/install/status_interface/lib:${LD_LIBRARY_PATH} PYTHONPATH=/home/jinyicheng/auto_navigation/install/status_interface/local/lib/python3.10/dist-packages:${PYTHONPATH} /usr/bin/cmake --install /home/jinyicheng/auto_navigation/build/status_sub_and_disp
[12.637s] Level 1:colcon.colcon_core.environment:create_environment_scripts_only(status_sub_and_disp)
[12.637s] DEBUG:colcon.colcon_core.event_handler.log_command:Invoked command in '/home/jinyicheng/auto_navigation/build/status_sub_and_disp' returned '0': AMENT_PREFIX_PATH=/home/jinyicheng/auto_navigation/install/status_interface:${AMENT_PREFIX_PATH} CMAKE_PREFIX_PATH=/home/jinyicheng/auto_navigation/install/status_interface:/opt/ros/humble LD_LIBRARY_PATH=/home/jinyicheng/auto_navigation/install/status_interface/lib:${LD_LIBRARY_PATH} PYTHONPATH=/home/jinyicheng/auto_navigation/install/status_interface/local/lib/python3.10/dist-packages:${PYTHONPATH} /usr/bin/cmake --install /home/jinyicheng/auto_navigation/build/status_sub_and_disp
[12.637s] Level 1:colcon.colcon_core.environment:checking '/home/jinyicheng/auto_navigation/install/status_sub_and_disp' for CMake module files
[12.637s] Level 1:colcon.colcon_core.environment:checking '/home/jinyicheng/auto_navigation/install/status_sub_and_disp' for CMake config files
[12.638s] Level 1:colcon.colcon_core.shell:create_environment_hook('status_sub_and_disp', 'cmake_prefix_path')
[12.638s] INFO:colcon.colcon_core.shell:Creating environment hook '/home/jinyicheng/auto_navigation/install/status_sub_and_disp/share/status_sub_and_disp/hook/cmake_prefix_path.ps1'
[12.638s] INFO:colcon.colcon_core.shell:Creating environment descriptor '/home/jinyicheng/auto_navigation/install/status_sub_and_disp/share/status_sub_and_disp/hook/cmake_prefix_path.dsv'
[12.638s] INFO:colcon.colcon_core.shell:Creating environment hook '/home/jinyicheng/auto_navigation/install/status_sub_and_disp/share/status_sub_and_disp/hook/cmake_prefix_path.sh'
[12.638s] Level 1:colcon.colcon_core.environment:checking '/home/jinyicheng/auto_navigation/install/status_sub_and_disp/lib'
[12.638s] Level 1:colcon.colcon_core.environment:checking '/home/jinyicheng/auto_navigation/install/status_sub_and_disp/bin'
[12.638s] Level 1:colcon.colcon_core.environment:checking '/home/jinyicheng/auto_navigation/install/status_sub_and_disp/lib/pkgconfig/status_sub_and_disp.pc'
[12.639s] Level 1:colcon.colcon_core.environment:checking '/home/jinyicheng/auto_navigation/install/status_sub_and_disp/lib/python3.10/site-packages'
[12.639s] Level 1:colcon.colcon_core.environment:checking '/home/jinyicheng/auto_navigation/install/status_sub_and_disp/bin'
[12.639s] INFO:colcon.colcon_core.shell:Creating package script '/home/jinyicheng/auto_navigation/install/status_sub_and_disp/share/status_sub_and_disp/package.ps1'
[12.639s] INFO:colcon.colcon_core.shell:Creating package descriptor '/home/jinyicheng/auto_navigation/install/status_sub_and_disp/share/status_sub_and_disp/package.dsv'
[12.639s] INFO:colcon.colcon_core.shell:Creating package script '/home/jinyicheng/auto_navigation/install/status_sub_and_disp/share/status_sub_and_disp/package.sh'
[12.640s] INFO:colcon.colcon_core.shell:Creating package script '/home/jinyicheng/auto_navigation/install/status_sub_and_disp/share/status_sub_and_disp/package.bash'
[12.640s] INFO:colcon.colcon_core.shell:Creating package script '/home/jinyicheng/auto_navigation/install/status_sub_and_disp/share/status_sub_and_disp/package.zsh'
[12.640s] Level 1:colcon.colcon_core.environment:create_file_with_runtime_dependencies(/home/jinyicheng/auto_navigation/install/status_sub_and_disp/share/colcon-core/packages/status_sub_and_disp)
[12.640s] Level 1:colcon.colcon_core.environment:create_environment_scripts_only(status_sub_and_disp)
[12.640s] Level 1:colcon.colcon_core.environment:checking '/home/jinyicheng/auto_navigation/install/status_sub_and_disp' for CMake module files
[12.641s] Level 1:colcon.colcon_core.environment:checking '/home/jinyicheng/auto_navigation/install/status_sub_and_disp' for CMake config files
[12.641s] Level 1:colcon.colcon_core.shell:create_environment_hook('status_sub_and_disp', 'cmake_prefix_path')
[12.641s] INFO:colcon.colcon_core.shell:Creating environment hook '/home/jinyicheng/auto_navigation/install/status_sub_and_disp/share/status_sub_and_disp/hook/cmake_prefix_path.ps1'
[12.641s] INFO:colcon.colcon_core.shell:Creating environment descriptor '/home/jinyicheng/auto_navigation/install/status_sub_and_disp/share/status_sub_and_disp/hook/cmake_prefix_path.dsv'
[12.641s] INFO:colcon.colcon_core.shell:Creating environment hook '/home/jinyicheng/auto_navigation/install/status_sub_and_disp/share/status_sub_and_disp/hook/cmake_prefix_path.sh'
[12.641s] Level 1:colcon.colcon_core.environment:checking '/home/jinyicheng/auto_navigation/install/status_sub_and_disp/lib'
[12.642s] Level 1:colcon.colcon_core.environment:checking '/home/jinyicheng/auto_navigation/install/status_sub_and_disp/bin'
[12.642s] Level 1:colcon.colcon_core.environment:checking '/home/jinyicheng/auto_navigation/install/status_sub_and_disp/lib/pkgconfig/status_sub_and_disp.pc'
[12.642s] Level 1:colcon.colcon_core.environment:checking '/home/jinyicheng/auto_navigation/install/status_sub_and_disp/lib/python3.10/site-packages'
[12.642s] Level 1:colcon.colcon_core.environment:checking '/home/jinyicheng/auto_navigation/install/status_sub_and_disp/bin'
[12.642s] INFO:colcon.colcon_core.shell:Creating package script '/home/jinyicheng/auto_navigation/install/status_sub_and_disp/share/status_sub_and_disp/package.ps1'
[12.642s] INFO:colcon.colcon_core.shell:Creating package descriptor '/home/jinyicheng/auto_navigation/install/status_sub_and_disp/share/status_sub_and_disp/package.dsv'
[12.643s] INFO:colcon.colcon_core.shell:Creating package script '/home/jinyicheng/auto_navigation/install/status_sub_and_disp/share/status_sub_and_disp/package.sh'
[12.643s] INFO:colcon.colcon_core.shell:Creating package script '/home/jinyicheng/auto_navigation/install/status_sub_and_disp/share/status_sub_and_disp/package.bash'
[12.643s] INFO:colcon.colcon_core.shell:Creating package script '/home/jinyicheng/auto_navigation/install/status_sub_and_disp/share/status_sub_and_disp/package.zsh'
[12.643s] Level 1:colcon.colcon_core.environment:create_file_with_runtime_dependencies(/home/jinyicheng/auto_navigation/install/status_sub_and_disp/share/colcon-core/packages/status_sub_and_disp)
[12.643s] DEBUG:colcon.colcon_parallel_executor.executor.parallel:closing loop
[12.644s] DEBUG:colcon.colcon_parallel_executor.executor.parallel:loop closed
[12.644s] DEBUG:colcon.colcon_parallel_executor.executor.parallel:run_until_complete finished with '0'
[12.644s] DEBUG:colcon.colcon_core.event_reactor:joining thread
[12.696s] INFO:colcon.colcon_core.plugin_system:Skipping extension 'colcon_notification.desktop_notification.notify_send': Could not find 'notify-send'
[12.696s] INFO:colcon.colcon_core.plugin_system:Skipping extension 'colcon_notification.desktop_notification.terminal_notifier': Not used on non-Darwin systems
[12.696s] INFO:colcon.colcon_core.plugin_system:Skipping extension 'colcon_notification.desktop_notification.win32': Not used on non-Windows systems
[12.696s] INFO:colcon.colcon_notification.desktop_notification:Sending desktop notification using 'notify2'
[12.698s] DEBUG:colcon.colcon_notification.desktop_notification.notify2:Failed to initialize notify2: org.freedesktop.DBus.Error.ServiceUnknown: The name org.freedesktop.Notifications was not provided by any .service files
[12.698s] DEBUG:colcon.colcon_core.event_reactor:joined thread
[12.698s] INFO:colcon.colcon_core.shell:Creating prefix script '/home/jinyicheng/auto_navigation/install/local_setup.ps1'
[12.699s] INFO:colcon.colcon_core.shell:Creating prefix util module '/home/jinyicheng/auto_navigation/install/_local_setup_util_ps1.py'
[12.700s] INFO:colcon.colcon_core.shell:Creating prefix chain script '/home/jinyicheng/auto_navigation/install/setup.ps1'
[12.701s] INFO:colcon.colcon_core.shell:Creating prefix script '/home/jinyicheng/auto_navigation/install/local_setup.sh'
[12.702s] INFO:colcon.colcon_core.shell:Creating prefix util module '/home/jinyicheng/auto_navigation/install/_local_setup_util_sh.py'
[12.702s] INFO:colcon.colcon_core.shell:Creating prefix chain script '/home/jinyicheng/auto_navigation/install/setup.sh'
[12.703s] INFO:colcon.colcon_core.shell:Creating prefix script '/home/jinyicheng/auto_navigation/install/local_setup.bash'
[12.704s] INFO:colcon.colcon_core.shell:Creating prefix chain script '/home/jinyicheng/auto_navigation/install/setup.bash'
[12.705s] INFO:colcon.colcon_core.shell:Creating prefix script '/home/jinyicheng/auto_navigation/install/local_setup.zsh'
[12.705s] INFO:colcon.colcon_core.shell:Creating prefix chain script '/home/jinyicheng/auto_navigation/install/setup.zsh'
