[0.008s] Invoking command in '/home/jinyicheng/auto_navigation/build/robot_simulation': CMAKE_PREFIX_PATH=/opt/ros/humble __trae_PS1=\n(TraeAI-5) \w [$?] $ /usr/bin/cmake /home/jinyicheng/auto_navigation/core/robot_simulation -DCMAKE_INSTALL_PREFIX=/home/jinyicheng/auto_navigation/install/robot_simulation
[0.229s] -- The C compiler identification is GNU 11.4.0
[0.748s] -- The CXX compiler identification is GNU 11.4.0
[1.107s] -- Detecting C compiler ABI info
[1.227s] -- Detecting C compiler ABI info - done
[1.231s] -- Check for working C compiler: /usr/bin/cc - skipped
[1.231s] -- Detecting C compile features
[1.232s] -- Detecting C compile features - done
[1.234s] -- Detecting CXX compiler ABI info
[1.355s] -- Detecting CXX compiler ABI info - done
[1.359s] -- Check for working CXX compiler: /usr/bin/c++ - skipped
[1.359s] -- Detecting CXX compile features
[1.359s] -- Detecting CXX compile features - done
[1.366s] -- Found ament_cmake: 1.3.14 (/opt/ros/humble/share/ament_cmake/cmake)
[1.452s] -- Found Python3: /usr/bin/python3 (found version "3.10.12") found components: Interpreter 
[1.518s] -- Found ament_lint_auto: 0.12.15 (/opt/ros/humble/share/ament_lint_auto/cmake)
[1.582s] -- Added test 'flake8' to check Python code syntax and style conventions
[1.583s] -- Added test 'lint_cmake' to check CMake code style
[1.583s] -- Added test 'pep257' to check Python code against some of the docstring style conventions in PEP 257
[1.584s] -- Added test 'xmllint' to check XML markup files
[1.586s] -- Configuring done
[1.587s] -- Generating done
[1.588s] -- Build files have been written to: /home/jinyicheng/auto_navigation/build/robot_simulation
[1.590s] Invoked command in '/home/jinyicheng/auto_navigation/build/robot_simulation' returned '0': CMAKE_PREFIX_PATH=/opt/ros/humble __trae_PS1=\n(TraeAI-5) \w [$?] $ /usr/bin/cmake /home/jinyicheng/auto_navigation/core/robot_simulation -DCMAKE_INSTALL_PREFIX=/home/jinyicheng/auto_navigation/install/robot_simulation
[1.591s] Invoking command in '/home/jinyicheng/auto_navigation/build/robot_simulation': CMAKE_PREFIX_PATH=/opt/ros/humble __trae_PS1=\n(TraeAI-5) \w [$?] $ /usr/bin/cmake --build /home/jinyicheng/auto_navigation/build/robot_simulation -- -j20 -l20
[1.610s] Invoked command in '/home/jinyicheng/auto_navigation/build/robot_simulation' returned '0': CMAKE_PREFIX_PATH=/opt/ros/humble __trae_PS1=\n(TraeAI-5) \w [$?] $ /usr/bin/cmake --build /home/jinyicheng/auto_navigation/build/robot_simulation -- -j20 -l20
[1.615s] Invoking command in '/home/jinyicheng/auto_navigation/build/robot_simulation': CMAKE_PREFIX_PATH=/opt/ros/humble __trae_PS1=\n(TraeAI-5) \w [$?] $ /usr/bin/cmake --install /home/jinyicheng/auto_navigation/build/robot_simulation
[1.619s] -- Install configuration: ""
[1.619s] -- Installing: /home/jinyicheng/auto_navigation/install/robot_simulation/share/robot_simulation/launch
[1.619s] -- Installing: /home/jinyicheng/auto_navigation/install/robot_simulation/share/robot_simulation/launch/display.launch.py
[1.619s] -- Installing: /home/jinyicheng/auto_navigation/install/robot_simulation/share/robot_simulation/urdf
[1.619s] -- Installing: /home/jinyicheng/auto_navigation/install/robot_simulation/share/robot_simulation/urdf/first_robot.urdf
[1.619s] -- Installing: /home/jinyicheng/auto_navigation/install/robot_simulation/share/robot_simulation/urdf/first_robot.pdf
[1.619s] -- Installing: /home/jinyicheng/auto_navigation/install/robot_simulation/share/robot_simulation/urdf/first_robot.gv
[1.620s] -- Installing: /home/jinyicheng/auto_navigation/install/robot_simulation/share/ament_index/resource_index/package_run_dependencies/robot_simulation
[1.621s] -- Installing: /home/jinyicheng/auto_navigation/install/robot_simulation/share/ament_index/resource_index/parent_prefix_path/robot_simulation
[1.621s] -- Installing: /home/jinyicheng/auto_navigation/install/robot_simulation/share/robot_simulation/environment/ament_prefix_path.sh
[1.621s] -- Installing: /home/jinyicheng/auto_navigation/install/robot_simulation/share/robot_simulation/environment/ament_prefix_path.dsv
[1.621s] -- Installing: /home/jinyicheng/auto_navigation/install/robot_simulation/share/robot_simulation/environment/path.sh
[1.621s] -- Installing: /home/jinyicheng/auto_navigation/install/robot_simulation/share/robot_simulation/environment/path.dsv
[1.621s] -- Installing: /home/jinyicheng/auto_navigation/install/robot_simulation/share/robot_simulation/local_setup.bash
[1.621s] -- Installing: /home/jinyicheng/auto_navigation/install/robot_simulation/share/robot_simulation/local_setup.sh
[1.621s] -- Installing: /home/jinyicheng/auto_navigation/install/robot_simulation/share/robot_simulation/local_setup.zsh
[1.621s] -- Installing: /home/jinyicheng/auto_navigation/install/robot_simulation/share/robot_simulation/local_setup.dsv
[1.621s] -- Installing: /home/jinyicheng/auto_navigation/install/robot_simulation/share/robot_simulation/package.dsv
[1.621s] -- Installing: /home/jinyicheng/auto_navigation/install/robot_simulation/share/ament_index/resource_index/packages/robot_simulation
[1.621s] -- Installing: /home/jinyicheng/auto_navigation/install/robot_simulation/share/robot_simulation/cmake/robot_simulationConfig.cmake
[1.621s] -- Installing: /home/jinyicheng/auto_navigation/install/robot_simulation/share/robot_simulation/cmake/robot_simulationConfig-version.cmake
[1.621s] -- Installing: /home/jinyicheng/auto_navigation/install/robot_simulation/share/robot_simulation/package.xml
[1.622s] Invoked command in '/home/jinyicheng/auto_navigation/build/robot_simulation' returned '0': CMAKE_PREFIX_PATH=/opt/ros/humble __trae_PS1=\n(TraeAI-5) \w [$?] $ /usr/bin/cmake --install /home/jinyicheng/auto_navigation/build/robot_simulation
