[0.294s] DEBUG:colcon:Command line arguments: ['/usr/bin/colcon', 'build', '--packages-select', 'robot_simulation']
[0.294s] DEBUG:colcon:Parsed command line arguments: Namespace(log_base=None, log_level=None, verb_name='build', build_base='build', install_base='install', merge_install=False, symlink_install=False, test_result_base=None, continue_on_error=False, executor='parallel', parallel_workers=20, event_handlers=None, ignore_user_meta=False, metas=['./colcon.meta'], base_paths=['.'], packages_ignore=None, packages_ignore_regex=None, paths=None, packages_up_to=None, packages_up_to_regex=None, packages_above=None, packages_above_and_dependencies=None, packages_above_depth=None, packages_select_by_dep=None, packages_skip_by_dep=None, packages_skip_up_to=None, packages_select_build_failed=False, packages_skip_build_finished=False, packages_select_test_failures=False, packages_skip_test_passed=False, packages_select=['robot_simulation'], packages_skip=None, packages_select_regex=None, packages_skip_regex=None, packages_start=None, packages_end=None, allow_overriding=[], cmake_args=None, cmake_target=None, cmake_target_skip_unavailable=False, cmake_clean_cache=False, cmake_clean_first=False, cmake_force_configure=False, ament_cmake_args=None, catkin_cmake_args=None, catkin_skip_building_tests=False, mixin_files=None, mixin=None, verb_parser=<colcon_mixin.mixin.mixin_argument.MixinArgumentDecorator object at 0x7d536764f640>, verb_extension=<colcon_core.verb.build.BuildVerb object at 0x7d536764f190>, main=<bound method BuildVerb.main of <colcon_core.verb.build.BuildVerb object at 0x7d536764f190>>, mixin_verb=('build',))
[0.515s] Level 1:colcon.colcon_core.package_discovery:discover_packages(colcon_meta) check parameters
[0.515s] Level 1:colcon.colcon_core.package_discovery:discover_packages(recursive) check parameters
[0.515s] Level 1:colcon.colcon_core.package_discovery:discover_packages(ignore) check parameters
[0.515s] Level 1:colcon.colcon_core.package_discovery:discover_packages(path) check parameters
[0.515s] Level 1:colcon.colcon_core.package_discovery:discover_packages(colcon_meta) discover
[0.515s] Level 1:colcon.colcon_core.package_discovery:discover_packages(recursive) discover
[0.515s] INFO:colcon.colcon_core.package_discovery:Crawling recursively for packages in '/home/jinyicheng/auto_navigation'
[0.515s] Level 1:colcon.colcon_core.package_identification:_identify(.) by extensions ['ignore', 'ignore_ament_install']
[0.515s] Level 1:colcon.colcon_core.package_identification:_identify(.) by extension 'ignore'
[0.515s] Level 1:colcon.colcon_core.package_identification:_identify(.) by extension 'ignore_ament_install'
[0.515s] Level 1:colcon.colcon_core.package_identification:_identify(.) by extensions ['colcon_pkg']
[0.515s] Level 1:colcon.colcon_core.package_identification:_identify(.) by extension 'colcon_pkg'
[0.515s] Level 1:colcon.colcon_core.package_identification:_identify(.) by extensions ['colcon_meta']
[0.515s] Level 1:colcon.colcon_core.package_identification:_identify(.) by extension 'colcon_meta'
[0.515s] Level 1:colcon.colcon_core.package_identification:_identify(.) by extensions ['ros']
[0.515s] Level 1:colcon.colcon_core.package_identification:_identify(.) by extension 'ros'
[0.548s] Level 1:colcon.colcon_core.package_identification:_identify(.) by extensions ['cmake', 'python']
[0.548s] Level 1:colcon.colcon_core.package_identification:_identify(.) by extension 'cmake'
[0.548s] Level 1:colcon.colcon_core.package_identification:_identify(.) by extension 'python'
[0.548s] Level 1:colcon.colcon_core.package_identification:_identify(.) by extensions ['python_setup_py']
[0.548s] Level 1:colcon.colcon_core.package_identification:_identify(.) by extension 'python_setup_py'
[0.548s] Level 1:colcon.colcon_core.package_identification:_identify(build) by extensions ['ignore', 'ignore_ament_install']
[0.548s] Level 1:colcon.colcon_core.package_identification:_identify(build) by extension 'ignore'
[0.548s] Level 1:colcon.colcon_core.package_identification:_identify(build) ignored
[0.548s] Level 1:colcon.colcon_core.package_identification:_identify(core) by extensions ['ignore', 'ignore_ament_install']
[0.548s] Level 1:colcon.colcon_core.package_identification:_identify(core) by extension 'ignore'
[0.549s] Level 1:colcon.colcon_core.package_identification:_identify(core) by extension 'ignore_ament_install'
[0.549s] Level 1:colcon.colcon_core.package_identification:_identify(core) by extensions ['colcon_pkg']
[0.549s] Level 1:colcon.colcon_core.package_identification:_identify(core) by extension 'colcon_pkg'
[0.549s] Level 1:colcon.colcon_core.package_identification:_identify(core) by extensions ['colcon_meta']
[0.549s] Level 1:colcon.colcon_core.package_identification:_identify(core) by extension 'colcon_meta'
[0.549s] Level 1:colcon.colcon_core.package_identification:_identify(core) by extensions ['ros']
[0.549s] Level 1:colcon.colcon_core.package_identification:_identify(core) by extension 'ros'
[0.549s] Level 1:colcon.colcon_core.package_identification:_identify(core) by extensions ['cmake', 'python']
[0.549s] Level 1:colcon.colcon_core.package_identification:_identify(core) by extension 'cmake'
[0.549s] Level 1:colcon.colcon_core.package_identification:_identify(core) by extension 'python'
[0.549s] Level 1:colcon.colcon_core.package_identification:_identify(core) by extensions ['python_setup_py']
[0.549s] Level 1:colcon.colcon_core.package_identification:_identify(core) by extension 'python_setup_py'
[0.549s] Level 1:colcon.colcon_core.package_identification:_identify(core/chapt4_interfaces) by extensions ['ignore', 'ignore_ament_install']
[0.549s] Level 1:colcon.colcon_core.package_identification:_identify(core/chapt4_interfaces) by extension 'ignore'
[0.549s] Level 1:colcon.colcon_core.package_identification:_identify(core/chapt4_interfaces) by extension 'ignore_ament_install'
[0.549s] Level 1:colcon.colcon_core.package_identification:_identify(core/chapt4_interfaces) by extensions ['colcon_pkg']
[0.549s] Level 1:colcon.colcon_core.package_identification:_identify(core/chapt4_interfaces) by extension 'colcon_pkg'
[0.549s] Level 1:colcon.colcon_core.package_identification:_identify(core/chapt4_interfaces) by extensions ['colcon_meta']
[0.549s] Level 1:colcon.colcon_core.package_identification:_identify(core/chapt4_interfaces) by extension 'colcon_meta'
[0.549s] Level 1:colcon.colcon_core.package_identification:_identify(core/chapt4_interfaces) by extensions ['ros']
[0.549s] Level 1:colcon.colcon_core.package_identification:_identify(core/chapt4_interfaces) by extension 'ros'
[0.552s] DEBUG:colcon.colcon_core.package_identification:Package 'core/chapt4_interfaces' with type 'ros.ament_cmake' and name 'chapt4_interfaces'
[0.552s] Level 1:colcon.colcon_core.package_identification:_identify(core/demo_python_service) by extensions ['ignore', 'ignore_ament_install']
[0.552s] Level 1:colcon.colcon_core.package_identification:_identify(core/demo_python_service) by extension 'ignore'
[0.552s] Level 1:colcon.colcon_core.package_identification:_identify(core/demo_python_service) by extension 'ignore_ament_install'
[0.552s] Level 1:colcon.colcon_core.package_identification:_identify(core/demo_python_service) by extensions ['colcon_pkg']
[0.552s] Level 1:colcon.colcon_core.package_identification:_identify(core/demo_python_service) by extension 'colcon_pkg'
[0.552s] Level 1:colcon.colcon_core.package_identification:_identify(core/demo_python_service) by extensions ['colcon_meta']
[0.552s] Level 1:colcon.colcon_core.package_identification:_identify(core/demo_python_service) by extension 'colcon_meta'
[0.552s] Level 1:colcon.colcon_core.package_identification:_identify(core/demo_python_service) by extensions ['ros']
[0.552s] Level 1:colcon.colcon_core.package_identification:_identify(core/demo_python_service) by extension 'ros'
[0.553s] DEBUG:colcon.colcon_core.package_identification:Package 'core/demo_python_service' with type 'ros.ament_python' and name 'demo_python_service'
[0.553s] Level 1:colcon.colcon_core.package_identification:_identify(core/demo_python_tf) by extensions ['ignore', 'ignore_ament_install']
[0.553s] Level 1:colcon.colcon_core.package_identification:_identify(core/demo_python_tf) by extension 'ignore'
[0.553s] Level 1:colcon.colcon_core.package_identification:_identify(core/demo_python_tf) by extension 'ignore_ament_install'
[0.553s] Level 1:colcon.colcon_core.package_identification:_identify(core/demo_python_tf) by extensions ['colcon_pkg']
[0.553s] Level 1:colcon.colcon_core.package_identification:_identify(core/demo_python_tf) by extension 'colcon_pkg'
[0.553s] Level 1:colcon.colcon_core.package_identification:_identify(core/demo_python_tf) by extensions ['colcon_meta']
[0.553s] Level 1:colcon.colcon_core.package_identification:_identify(core/demo_python_tf) by extension 'colcon_meta'
[0.553s] Level 1:colcon.colcon_core.package_identification:_identify(core/demo_python_tf) by extensions ['ros']
[0.553s] Level 1:colcon.colcon_core.package_identification:_identify(core/demo_python_tf) by extension 'ros'
[0.554s] DEBUG:colcon.colcon_core.package_identification:Package 'core/demo_python_tf' with type 'ros.ament_python' and name 'demo_python_tf'
[0.554s] Level 1:colcon.colcon_core.package_identification:_identify(core/node1) by extensions ['ignore', 'ignore_ament_install']
[0.554s] Level 1:colcon.colcon_core.package_identification:_identify(core/node1) by extension 'ignore'
[0.554s] Level 1:colcon.colcon_core.package_identification:_identify(core/node1) by extension 'ignore_ament_install'
[0.554s] Level 1:colcon.colcon_core.package_identification:_identify(core/node1) by extensions ['colcon_pkg']
[0.554s] Level 1:colcon.colcon_core.package_identification:_identify(core/node1) by extension 'colcon_pkg'
[0.554s] Level 1:colcon.colcon_core.package_identification:_identify(core/node1) by extensions ['colcon_meta']
[0.554s] Level 1:colcon.colcon_core.package_identification:_identify(core/node1) by extension 'colcon_meta'
[0.554s] Level 1:colcon.colcon_core.package_identification:_identify(core/node1) by extensions ['ros']
[0.554s] Level 1:colcon.colcon_core.package_identification:_identify(core/node1) by extension 'ros'
[0.555s] DEBUG:colcon.colcon_core.package_identification:Package 'core/node1' with type 'ros.ament_python' and name 'node1'
[0.555s] Level 1:colcon.colcon_core.package_identification:_identify(core/node2) by extensions ['ignore', 'ignore_ament_install']
[0.555s] Level 1:colcon.colcon_core.package_identification:_identify(core/node2) by extension 'ignore'
[0.555s] Level 1:colcon.colcon_core.package_identification:_identify(core/node2) by extension 'ignore_ament_install'
[0.555s] Level 1:colcon.colcon_core.package_identification:_identify(core/node2) by extensions ['colcon_pkg']
[0.555s] Level 1:colcon.colcon_core.package_identification:_identify(core/node2) by extension 'colcon_pkg'
[0.555s] Level 1:colcon.colcon_core.package_identification:_identify(core/node2) by extensions ['colcon_meta']
[0.555s] Level 1:colcon.colcon_core.package_identification:_identify(core/node2) by extension 'colcon_meta'
[0.555s] Level 1:colcon.colcon_core.package_identification:_identify(core/node2) by extensions ['ros']
[0.555s] Level 1:colcon.colcon_core.package_identification:_identify(core/node2) by extension 'ros'
[0.556s] DEBUG:colcon.colcon_core.package_identification:Package 'core/node2' with type 'ros.ament_python' and name 'node2'
[0.556s] Level 1:colcon.colcon_core.package_identification:_identify(core/robot_simulation) by extensions ['ignore', 'ignore_ament_install']
[0.556s] Level 1:colcon.colcon_core.package_identification:_identify(core/robot_simulation) by extension 'ignore'
[0.556s] Level 1:colcon.colcon_core.package_identification:_identify(core/robot_simulation) by extension 'ignore_ament_install'
[0.556s] Level 1:colcon.colcon_core.package_identification:_identify(core/robot_simulation) by extensions ['colcon_pkg']
[0.556s] Level 1:colcon.colcon_core.package_identification:_identify(core/robot_simulation) by extension 'colcon_pkg'
[0.556s] Level 1:colcon.colcon_core.package_identification:_identify(core/robot_simulation) by extensions ['colcon_meta']
[0.556s] Level 1:colcon.colcon_core.package_identification:_identify(core/robot_simulation) by extension 'colcon_meta'
[0.556s] Level 1:colcon.colcon_core.package_identification:_identify(core/robot_simulation) by extensions ['ros']
[0.556s] Level 1:colcon.colcon_core.package_identification:_identify(core/robot_simulation) by extension 'ros'
[0.557s] DEBUG:colcon.colcon_core.package_identification:Package 'core/robot_simulation' with type 'ros.ament_cmake' and name 'robot_simulation'
[0.557s] Level 1:colcon.colcon_core.package_identification:_identify(core/status_interface) by extensions ['ignore', 'ignore_ament_install']
[0.557s] Level 1:colcon.colcon_core.package_identification:_identify(core/status_interface) by extension 'ignore'
[0.557s] Level 1:colcon.colcon_core.package_identification:_identify(core/status_interface) by extension 'ignore_ament_install'
[0.557s] Level 1:colcon.colcon_core.package_identification:_identify(core/status_interface) by extensions ['colcon_pkg']
[0.557s] Level 1:colcon.colcon_core.package_identification:_identify(core/status_interface) by extension 'colcon_pkg'
[0.557s] Level 1:colcon.colcon_core.package_identification:_identify(core/status_interface) by extensions ['colcon_meta']
[0.557s] Level 1:colcon.colcon_core.package_identification:_identify(core/status_interface) by extension 'colcon_meta'
[0.557s] Level 1:colcon.colcon_core.package_identification:_identify(core/status_interface) by extensions ['ros']
[0.557s] Level 1:colcon.colcon_core.package_identification:_identify(core/status_interface) by extension 'ros'
[0.558s] DEBUG:colcon.colcon_core.package_identification:Package 'core/status_interface' with type 'ros.ament_cmake' and name 'status_interface'
[0.558s] Level 1:colcon.colcon_core.package_identification:_identify(core/status_publisher) by extensions ['ignore', 'ignore_ament_install']
[0.558s] Level 1:colcon.colcon_core.package_identification:_identify(core/status_publisher) by extension 'ignore'
[0.558s] Level 1:colcon.colcon_core.package_identification:_identify(core/status_publisher) by extension 'ignore_ament_install'
[0.558s] Level 1:colcon.colcon_core.package_identification:_identify(core/status_publisher) by extensions ['colcon_pkg']
[0.558s] Level 1:colcon.colcon_core.package_identification:_identify(core/status_publisher) by extension 'colcon_pkg'
[0.558s] Level 1:colcon.colcon_core.package_identification:_identify(core/status_publisher) by extensions ['colcon_meta']
[0.558s] Level 1:colcon.colcon_core.package_identification:_identify(core/status_publisher) by extension 'colcon_meta'
[0.558s] Level 1:colcon.colcon_core.package_identification:_identify(core/status_publisher) by extensions ['ros']
[0.558s] Level 1:colcon.colcon_core.package_identification:_identify(core/status_publisher) by extension 'ros'
[0.559s] DEBUG:colcon.colcon_core.package_identification:Package 'core/status_publisher' with type 'ros.ament_python' and name 'status_publisher'
[0.559s] Level 1:colcon.colcon_core.package_identification:_identify(core/status_sub_and_disp) by extensions ['ignore', 'ignore_ament_install']
[0.559s] Level 1:colcon.colcon_core.package_identification:_identify(core/status_sub_and_disp) by extension 'ignore'
[0.559s] Level 1:colcon.colcon_core.package_identification:_identify(core/status_sub_and_disp) by extension 'ignore_ament_install'
[0.559s] Level 1:colcon.colcon_core.package_identification:_identify(core/status_sub_and_disp) by extensions ['colcon_pkg']
[0.559s] Level 1:colcon.colcon_core.package_identification:_identify(core/status_sub_and_disp) by extension 'colcon_pkg'
[0.559s] Level 1:colcon.colcon_core.package_identification:_identify(core/status_sub_and_disp) by extensions ['colcon_meta']
[0.559s] Level 1:colcon.colcon_core.package_identification:_identify(core/status_sub_and_disp) by extension 'colcon_meta'
[0.559s] Level 1:colcon.colcon_core.package_identification:_identify(core/status_sub_and_disp) by extensions ['ros']
[0.559s] Level 1:colcon.colcon_core.package_identification:_identify(core/status_sub_and_disp) by extension 'ros'
[0.560s] DEBUG:colcon.colcon_core.package_identification:Package 'core/status_sub_and_disp' with type 'ros.ament_cmake' and name 'status_sub_and_disp'
[0.560s] Level 1:colcon.colcon_core.package_identification:_identify(install) by extensions ['ignore', 'ignore_ament_install']
[0.560s] Level 1:colcon.colcon_core.package_identification:_identify(install) by extension 'ignore'
[0.560s] Level 1:colcon.colcon_core.package_identification:_identify(install) ignored
[0.560s] Level 1:colcon.colcon_core.package_identification:_identify(log) by extensions ['ignore', 'ignore_ament_install']
[0.560s] Level 1:colcon.colcon_core.package_identification:_identify(log) by extension 'ignore'
[0.560s] Level 1:colcon.colcon_core.package_identification:_identify(log) ignored
[0.560s] Level 1:colcon.colcon_core.package_discovery:discover_packages(recursive) using defaults
[0.560s] Level 1:colcon.colcon_core.package_discovery:discover_packages(ignore) discover
[0.560s] Level 1:colcon.colcon_core.package_discovery:discover_packages(ignore) using defaults
[0.560s] Level 1:colcon.colcon_core.package_discovery:discover_packages(path) discover
[0.560s] Level 1:colcon.colcon_core.package_discovery:discover_packages(path) using defaults
[0.584s] INFO:colcon.colcon_core.package_selection:Skipping not selected package 'chapt4_interfaces' in 'core/chapt4_interfaces'
[0.585s] INFO:colcon.colcon_core.package_selection:Skipping not selected package 'demo_python_tf' in 'core/demo_python_tf'
[0.585s] INFO:colcon.colcon_core.package_selection:Skipping not selected package 'node1' in 'core/node1'
[0.585s] INFO:colcon.colcon_core.package_selection:Skipping not selected package 'node2' in 'core/node2'
[0.585s] INFO:colcon.colcon_core.package_selection:Skipping not selected package 'status_interface' in 'core/status_interface'
[0.585s] INFO:colcon.colcon_core.package_selection:Skipping not selected package 'demo_python_service' in 'core/demo_python_service'
[0.585s] INFO:colcon.colcon_core.package_selection:Skipping not selected package 'status_publisher' in 'core/status_publisher'
[0.585s] INFO:colcon.colcon_core.package_selection:Skipping not selected package 'status_sub_and_disp' in 'core/status_sub_and_disp'
[0.585s] Level 1:colcon.colcon_core.package_discovery:discover_packages(prefix_path) check parameters
[0.585s] Level 1:colcon.colcon_core.package_discovery:discover_packages(prefix_path) discover
[0.588s] DEBUG:colcon.colcon_installed_package_information.package_discovery:Found 276 installed packages in /opt/ros/humble
[0.588s] Level 1:colcon.colcon_core.package_discovery:discover_packages(prefix_path) using defaults
[0.608s] Level 5:colcon.colcon_core.verb:set package 'robot_simulation' build argument 'cmake_args' from command line to 'None'
[0.608s] Level 5:colcon.colcon_core.verb:set package 'robot_simulation' build argument 'cmake_target' from command line to 'None'
[0.608s] Level 5:colcon.colcon_core.verb:set package 'robot_simulation' build argument 'cmake_target_skip_unavailable' from command line to 'False'
[0.608s] Level 5:colcon.colcon_core.verb:set package 'robot_simulation' build argument 'cmake_clean_cache' from command line to 'False'
[0.608s] Level 5:colcon.colcon_core.verb:set package 'robot_simulation' build argument 'cmake_clean_first' from command line to 'False'
[0.608s] Level 5:colcon.colcon_core.verb:set package 'robot_simulation' build argument 'cmake_force_configure' from command line to 'False'
[0.608s] Level 5:colcon.colcon_core.verb:set package 'robot_simulation' build argument 'ament_cmake_args' from command line to 'None'
[0.608s] Level 5:colcon.colcon_core.verb:set package 'robot_simulation' build argument 'catkin_cmake_args' from command line to 'None'
[0.608s] Level 5:colcon.colcon_core.verb:set package 'robot_simulation' build argument 'catkin_skip_building_tests' from command line to 'False'
[0.608s] DEBUG:colcon.colcon_core.verb:Building package 'robot_simulation' with the following arguments: {'ament_cmake_args': None, 'build_base': '/home/jinyicheng/auto_navigation/build/robot_simulation', 'catkin_cmake_args': None, 'catkin_skip_building_tests': False, 'cmake_args': None, 'cmake_clean_cache': False, 'cmake_clean_first': False, 'cmake_force_configure': False, 'cmake_target': None, 'cmake_target_skip_unavailable': False, 'install_base': '/home/jinyicheng/auto_navigation/install/robot_simulation', 'merge_install': False, 'path': '/home/jinyicheng/auto_navigation/core/robot_simulation', 'symlink_install': False, 'test_result_base': None}
[0.608s] INFO:colcon.colcon_core.executor:Executing jobs using 'parallel' executor
[0.609s] DEBUG:colcon.colcon_parallel_executor.executor.parallel:run_until_complete
[0.609s] INFO:colcon.colcon_ros.task.ament_cmake.build:Building ROS package in '/home/jinyicheng/auto_navigation/core/robot_simulation' with build type 'ament_cmake'
[0.609s] INFO:colcon.colcon_cmake.task.cmake.build:Building CMake package in '/home/jinyicheng/auto_navigation/core/robot_simulation'
[0.613s] INFO:colcon.colcon_core.plugin_system:Skipping extension 'colcon_core.shell.bat': Not used on non-Windows systems
[0.613s] INFO:colcon.colcon_core.shell:Skip shell extension 'powershell' for command environment: Not usable outside of PowerShell
[0.613s] DEBUG:colcon.colcon_core.shell:Skip shell extension 'dsv' for command environment
[0.619s] DEBUG:colcon.colcon_core.event_handler.log_command:Invoking command in '/home/jinyicheng/auto_navigation/build/robot_simulation': CMAKE_PREFIX_PATH=/opt/ros/humble __trae_PS1=\n(TraeAI-4) \w [$?] $ /usr/bin/cmake --build /home/jinyicheng/auto_navigation/build/robot_simulation -- -j20 -l20
[0.877s] DEBUG:colcon.colcon_core.event_handler.log_command:Invoked command in '/home/jinyicheng/auto_navigation/build/robot_simulation' returned '0': CMAKE_PREFIX_PATH=/opt/ros/humble __trae_PS1=\n(TraeAI-4) \w [$?] $ /usr/bin/cmake --build /home/jinyicheng/auto_navigation/build/robot_simulation -- -j20 -l20
[0.882s] DEBUG:colcon.colcon_core.event_handler.log_command:Invoking command in '/home/jinyicheng/auto_navigation/build/robot_simulation': CMAKE_PREFIX_PATH=/opt/ros/humble __trae_PS1=\n(TraeAI-4) \w [$?] $ /usr/bin/cmake --install /home/jinyicheng/auto_navigation/build/robot_simulation
[0.886s] Level 1:colcon.colcon_core.environment:create_environment_scripts_only(robot_simulation)
[0.887s] DEBUG:colcon.colcon_core.event_handler.log_command:Invoked command in '/home/jinyicheng/auto_navigation/build/robot_simulation' returned '0': CMAKE_PREFIX_PATH=/opt/ros/humble __trae_PS1=\n(TraeAI-4) \w [$?] $ /usr/bin/cmake --install /home/jinyicheng/auto_navigation/build/robot_simulation
[0.892s] Level 1:colcon.colcon_core.environment:checking '/home/jinyicheng/auto_navigation/install/robot_simulation' for CMake module files
[0.892s] Level 1:colcon.colcon_core.environment:checking '/home/jinyicheng/auto_navigation/install/robot_simulation' for CMake config files
[0.893s] Level 1:colcon.colcon_core.shell:create_environment_hook('robot_simulation', 'cmake_prefix_path')
[0.893s] INFO:colcon.colcon_core.shell:Creating environment hook '/home/jinyicheng/auto_navigation/install/robot_simulation/share/robot_simulation/hook/cmake_prefix_path.ps1'
[0.893s] INFO:colcon.colcon_core.shell:Creating environment descriptor '/home/jinyicheng/auto_navigation/install/robot_simulation/share/robot_simulation/hook/cmake_prefix_path.dsv'
[0.894s] INFO:colcon.colcon_core.shell:Creating environment hook '/home/jinyicheng/auto_navigation/install/robot_simulation/share/robot_simulation/hook/cmake_prefix_path.sh'
[0.894s] Level 1:colcon.colcon_core.environment:checking '/home/jinyicheng/auto_navigation/install/robot_simulation/bin'
[0.895s] Level 1:colcon.colcon_core.environment:checking '/home/jinyicheng/auto_navigation/install/robot_simulation/lib/pkgconfig/robot_simulation.pc'
[0.895s] Level 1:colcon.colcon_core.environment:checking '/home/jinyicheng/auto_navigation/install/robot_simulation/lib/python3.10/site-packages'
[0.895s] Level 1:colcon.colcon_core.environment:checking '/home/jinyicheng/auto_navigation/install/robot_simulation/bin'
[0.895s] INFO:colcon.colcon_core.shell:Creating package script '/home/jinyicheng/auto_navigation/install/robot_simulation/share/robot_simulation/package.ps1'
[0.896s] INFO:colcon.colcon_core.shell:Creating package descriptor '/home/jinyicheng/auto_navigation/install/robot_simulation/share/robot_simulation/package.dsv'
[0.896s] INFO:colcon.colcon_core.shell:Creating package script '/home/jinyicheng/auto_navigation/install/robot_simulation/share/robot_simulation/package.sh'
[0.897s] INFO:colcon.colcon_core.shell:Creating package script '/home/jinyicheng/auto_navigation/install/robot_simulation/share/robot_simulation/package.bash'
[0.897s] INFO:colcon.colcon_core.shell:Creating package script '/home/jinyicheng/auto_navigation/install/robot_simulation/share/robot_simulation/package.zsh'
[0.898s] Level 1:colcon.colcon_core.environment:create_file_with_runtime_dependencies(/home/jinyicheng/auto_navigation/install/robot_simulation/share/colcon-core/packages/robot_simulation)
[0.898s] Level 1:colcon.colcon_core.environment:create_environment_scripts_only(robot_simulation)
[0.898s] Level 1:colcon.colcon_core.environment:checking '/home/jinyicheng/auto_navigation/install/robot_simulation' for CMake module files
[0.898s] Level 1:colcon.colcon_core.environment:checking '/home/jinyicheng/auto_navigation/install/robot_simulation' for CMake config files
[0.899s] Level 1:colcon.colcon_core.shell:create_environment_hook('robot_simulation', 'cmake_prefix_path')
[0.899s] INFO:colcon.colcon_core.shell:Creating environment hook '/home/jinyicheng/auto_navigation/install/robot_simulation/share/robot_simulation/hook/cmake_prefix_path.ps1'
[0.899s] INFO:colcon.colcon_core.shell:Creating environment descriptor '/home/jinyicheng/auto_navigation/install/robot_simulation/share/robot_simulation/hook/cmake_prefix_path.dsv'
[0.899s] INFO:colcon.colcon_core.shell:Creating environment hook '/home/jinyicheng/auto_navigation/install/robot_simulation/share/robot_simulation/hook/cmake_prefix_path.sh'
[0.899s] Level 1:colcon.colcon_core.environment:checking '/home/jinyicheng/auto_navigation/install/robot_simulation/bin'
[0.899s] Level 1:colcon.colcon_core.environment:checking '/home/jinyicheng/auto_navigation/install/robot_simulation/lib/pkgconfig/robot_simulation.pc'
[0.900s] Level 1:colcon.colcon_core.environment:checking '/home/jinyicheng/auto_navigation/install/robot_simulation/lib/python3.10/site-packages'
[0.900s] Level 1:colcon.colcon_core.environment:checking '/home/jinyicheng/auto_navigation/install/robot_simulation/bin'
[0.900s] INFO:colcon.colcon_core.shell:Creating package script '/home/jinyicheng/auto_navigation/install/robot_simulation/share/robot_simulation/package.ps1'
[0.900s] INFO:colcon.colcon_core.shell:Creating package descriptor '/home/jinyicheng/auto_navigation/install/robot_simulation/share/robot_simulation/package.dsv'
[0.901s] INFO:colcon.colcon_core.shell:Creating package script '/home/jinyicheng/auto_navigation/install/robot_simulation/share/robot_simulation/package.sh'
[0.901s] INFO:colcon.colcon_core.shell:Creating package script '/home/jinyicheng/auto_navigation/install/robot_simulation/share/robot_simulation/package.bash'
[0.901s] INFO:colcon.colcon_core.shell:Creating package script '/home/jinyicheng/auto_navigation/install/robot_simulation/share/robot_simulation/package.zsh'
[0.902s] Level 1:colcon.colcon_core.environment:create_file_with_runtime_dependencies(/home/jinyicheng/auto_navigation/install/robot_simulation/share/colcon-core/packages/robot_simulation)
[0.902s] DEBUG:colcon.colcon_parallel_executor.executor.parallel:closing loop
[0.902s] DEBUG:colcon.colcon_parallel_executor.executor.parallel:loop closed
[0.902s] DEBUG:colcon.colcon_parallel_executor.executor.parallel:run_until_complete finished with '0'
[0.902s] DEBUG:colcon.colcon_core.event_reactor:joining thread
[0.950s] INFO:colcon.colcon_core.plugin_system:Skipping extension 'colcon_notification.desktop_notification.notify_send': Could not find 'notify-send'
[0.950s] INFO:colcon.colcon_core.plugin_system:Skipping extension 'colcon_notification.desktop_notification.terminal_notifier': Not used on non-Darwin systems
[0.950s] INFO:colcon.colcon_core.plugin_system:Skipping extension 'colcon_notification.desktop_notification.win32': Not used on non-Windows systems
[0.950s] INFO:colcon.colcon_notification.desktop_notification:Sending desktop notification using 'notify2'
[0.952s] DEBUG:colcon.colcon_notification.desktop_notification.notify2:Failed to initialize notify2: org.freedesktop.DBus.Error.ServiceUnknown: The name org.freedesktop.Notifications was not provided by any .service files
[0.952s] DEBUG:colcon.colcon_core.event_reactor:joined thread
[0.953s] INFO:colcon.colcon_core.shell:Creating prefix script '/home/jinyicheng/auto_navigation/install/local_setup.ps1'
[0.953s] INFO:colcon.colcon_core.shell:Creating prefix util module '/home/jinyicheng/auto_navigation/install/_local_setup_util_ps1.py'
[0.954s] INFO:colcon.colcon_core.shell:Creating prefix chain script '/home/jinyicheng/auto_navigation/install/setup.ps1'
[0.955s] INFO:colcon.colcon_core.shell:Creating prefix script '/home/jinyicheng/auto_navigation/install/local_setup.sh'
[0.955s] INFO:colcon.colcon_core.shell:Creating prefix util module '/home/jinyicheng/auto_navigation/install/_local_setup_util_sh.py'
[0.956s] INFO:colcon.colcon_core.shell:Creating prefix chain script '/home/jinyicheng/auto_navigation/install/setup.sh'
[0.957s] INFO:colcon.colcon_core.shell:Creating prefix script '/home/jinyicheng/auto_navigation/install/local_setup.bash'
[0.957s] INFO:colcon.colcon_core.shell:Creating prefix chain script '/home/jinyicheng/auto_navigation/install/setup.bash'
[0.958s] INFO:colcon.colcon_core.shell:Creating prefix script '/home/jinyicheng/auto_navigation/install/local_setup.zsh'
[0.958s] INFO:colcon.colcon_core.shell:Creating prefix chain script '/home/jinyicheng/auto_navigation/install/setup.zsh'
