[0.025s] Invoking command in '/home/jinyicheng/auto_navigation/build/status_interface': CMAKE_PREFIX_PATH=/opt/ros/humble /usr/bin/cmake --build /home/jinyicheng/auto_navigation/build/status_interface -- -j20 -l20
[0.494s] [  3%] Built target status_interface__cpp
[0.494s] [  6%] Built target status_interface__rs
[0.495s] [  6%] Built target ament_cmake_python_copy_status_interface
[0.495s] [ 15%] Built target status_interface__rosidl_generator_c
[0.495s] [ 25%] Built target status_interface__rosidl_typesupport_introspection_c
[0.495s] [ 28%] [32mBuilding CXX object CMakeFiles/status_interface__rosidl_typesupport_cpp.dir/rosidl_typesupport_cpp/status_interface/msg/system_status__type_support.cpp.o[0m
[0.495s] [ 31%] [32mBuilding CXX object CMakeFiles/status_interface__rosidl_typesupport_introspection_cpp.dir/rosidl_typesupport_introspection_cpp/status_interface/msg/detail/system_status__type_support.cpp.o[0m
[0.495s] [ 40%] Built target status_interface__rosidl_typesupport_c
[0.495s] [ 43%] [32mBuilding CXX object CMakeFiles/status_interface__rosidl_typesupport_fastrtps_c.dir/rosidl_typesupport_fastrtps_c/status_interface/msg/detail/system_status__type_support_c.cpp.o[0m
[0.496s] [ 46%] [32mBuilding CXX object CMakeFiles/status_interface__rosidl_typesupport_fastrtps_cpp.dir/rosidl_typesupport_fastrtps_cpp/status_interface/msg/detail/dds_fastrtps/system_status__type_support.cpp.o[0m
[0.496s] running egg_info
[0.496s] writing status_interface.egg-info/PKG-INFO
[0.496s] writing dependency_links to status_interface.egg-info/dependency_links.txt
[0.497s] writing top-level names to status_interface.egg-info/top_level.txt
[0.497s] reading manifest file 'status_interface.egg-info/SOURCES.txt'
[0.497s] writing manifest file 'status_interface.egg-info/SOURCES.txt'
[0.497s] [ 46%] Built target ament_cmake_python_build_status_interface_egg
[0.497s] [ 50%] [32m[1mLinking CXX shared library libstatus_interface__rosidl_typesupport_cpp.so[0m
[0.497s] [ 53%] [32m[1mLinking CXX shared library libstatus_interface__rosidl_typesupport_fastrtps_c.so[0m
[0.497s] [ 56%] [32m[1mLinking CXX shared library libstatus_interface__rosidl_typesupport_introspection_cpp.so[0m
[0.497s] [ 59%] [32m[1mLinking CXX shared library libstatus_interface__rosidl_typesupport_fastrtps_cpp.so[0m
[0.553s] [ 62%] Built target status_interface__rosidl_typesupport_cpp
[0.639s] [ 65%] Built target status_interface__rosidl_typesupport_fastrtps_c
[0.658s] [ 68%] Built target status_interface__rosidl_typesupport_introspection_cpp
[0.688s] [ 71%] Built target status_interface__rosidl_typesupport_fastrtps_cpp
[0.699s] [ 71%] Built target status_interface
[0.710s] [ 75%] Built target status_interface__py
[0.731s] [ 78%] [32mBuilding C object CMakeFiles/status_interface__rosidl_generator_py.dir/rosidl_generator_py/status_interface/msg/_system_status_s.c.o[0m
[0.843s] [ 81%] [32m[1mLinking C shared library rosidl_generator_py/status_interface/libstatus_interface__rosidl_generator_py.so[0m
[0.949s] [ 81%] Built target status_interface__rosidl_generator_py
[0.960s] [ 87%] [32mBuilding C object CMakeFiles/status_interface__rosidl_typesupport_introspection_c__pyext.dir/rosidl_generator_py/status_interface/_status_interface_s.ep.rosidl_typesupport_introspection_c.c.o[0m
[0.960s] [ 87%] [32mBuilding C object CMakeFiles/status_interface__rosidl_typesupport_c__pyext.dir/rosidl_generator_py/status_interface/_status_interface_s.ep.rosidl_typesupport_c.c.o[0m
[0.961s] [ 90%] [32mBuilding C object CMakeFiles/status_interface__rosidl_typesupport_fastrtps_c__pyext.dir/rosidl_generator_py/status_interface/_status_interface_s.ep.rosidl_typesupport_fastrtps_c.c.o[0m
[1.002s] [ 93%] [32m[1mLinking C shared library rosidl_generator_py/status_interface/status_interface_s__rosidl_typesupport_c.cpython-310-x86_64-linux-gnu.so[0m
[1.003s] [ 96%] [32m[1mLinking C shared library rosidl_generator_py/status_interface/status_interface_s__rosidl_typesupport_fastrtps_c.cpython-310-x86_64-linux-gnu.so[0m
[1.003s] [100%] [32m[1mLinking C shared library rosidl_generator_py/status_interface/status_interface_s__rosidl_typesupport_introspection_c.cpython-310-x86_64-linux-gnu.so[0m
[1.083s] [100%] Built target status_interface__rosidl_typesupport_c__pyext
[1.083s] [100%] Built target status_interface__rosidl_typesupport_introspection_c__pyext
[1.083s] [100%] Built target status_interface__rosidl_typesupport_fastrtps_c__pyext
[1.088s] Invoked command in '/home/jinyicheng/auto_navigation/build/status_interface' returned '0': CMAKE_PREFIX_PATH=/opt/ros/humble /usr/bin/cmake --build /home/jinyicheng/auto_navigation/build/status_interface -- -j20 -l20
[1.089s] Invoking command in '/home/jinyicheng/auto_navigation/build/status_interface': CMAKE_PREFIX_PATH=/opt/ros/humble /usr/bin/cmake --install /home/jinyicheng/auto_navigation/build/status_interface
[1.093s] -- Install configuration: ""
[1.093s] -- Up-to-date: /home/jinyicheng/auto_navigation/install/status_interface/share/ament_index/resource_index/rosidl_interfaces/status_interface
[1.093s] -- Up-to-date: /home/jinyicheng/auto_navigation/install/status_interface/include/status_interface/status_interface
[1.093s] -- Up-to-date: /home/jinyicheng/auto_navigation/install/status_interface/include/status_interface/status_interface/msg
[1.093s] -- Up-to-date: /home/jinyicheng/auto_navigation/install/status_interface/include/status_interface/status_interface/msg/system_status.h
[1.093s] -- Up-to-date: /home/jinyicheng/auto_navigation/install/status_interface/include/status_interface/status_interface/msg/rosidl_generator_c__visibility_control.h
[1.093s] -- Up-to-date: /home/jinyicheng/auto_navigation/install/status_interface/include/status_interface/status_interface/msg/detail
[1.093s] -- Up-to-date: /home/jinyicheng/auto_navigation/install/status_interface/include/status_interface/status_interface/msg/detail/system_status__functions.h
[1.093s] -- Up-to-date: /home/jinyicheng/auto_navigation/install/status_interface/include/status_interface/status_interface/msg/detail/system_status__functions.c
[1.093s] -- Up-to-date: /home/jinyicheng/auto_navigation/install/status_interface/include/status_interface/status_interface/msg/detail/system_status__type_support.h
[1.093s] -- Up-to-date: /home/jinyicheng/auto_navigation/install/status_interface/include/status_interface/status_interface/msg/detail/system_status__struct.h
[1.093s] -- Up-to-date: /home/jinyicheng/auto_navigation/install/status_interface/share/status_interface/environment/library_path.sh
[1.093s] -- Up-to-date: /home/jinyicheng/auto_navigation/install/status_interface/share/status_interface/environment/library_path.dsv
[1.093s] -- Up-to-date: /home/jinyicheng/auto_navigation/install/status_interface/lib/libstatus_interface__rosidl_generator_c.so
[1.093s] -- Up-to-date: /home/jinyicheng/auto_navigation/install/status_interface/include/status_interface/status_interface
[1.093s] -- Up-to-date: /home/jinyicheng/auto_navigation/install/status_interface/include/status_interface/status_interface/msg
[1.093s] -- Up-to-date: /home/jinyicheng/auto_navigation/install/status_interface/include/status_interface/status_interface/msg/rosidl_typesupport_fastrtps_c__visibility_control.h
[1.093s] -- Up-to-date: /home/jinyicheng/auto_navigation/install/status_interface/include/status_interface/status_interface/msg/detail
[1.093s] -- Up-to-date: /home/jinyicheng/auto_navigation/install/status_interface/include/status_interface/status_interface/msg/detail/system_status__rosidl_typesupport_fastrtps_c.h
[1.093s] -- Installing: /home/jinyicheng/auto_navigation/install/status_interface/lib/libstatus_interface__rosidl_typesupport_fastrtps_c.so
[1.094s] -- Set runtime path of "/home/jinyicheng/auto_navigation/install/status_interface/lib/libstatus_interface__rosidl_typesupport_fastrtps_c.so" to ""
[1.094s] -- Up-to-date: /home/jinyicheng/auto_navigation/install/status_interface/include/status_interface/status_interface
[1.094s] -- Up-to-date: /home/jinyicheng/auto_navigation/install/status_interface/include/status_interface/status_interface/msg
[1.094s] -- Up-to-date: /home/jinyicheng/auto_navigation/install/status_interface/include/status_interface/status_interface/msg/rosidl_generator_cpp__visibility_control.hpp
[1.094s] -- Up-to-date: /home/jinyicheng/auto_navigation/install/status_interface/include/status_interface/status_interface/msg/system_status.hpp
[1.094s] -- Up-to-date: /home/jinyicheng/auto_navigation/install/status_interface/include/status_interface/status_interface/msg/detail
[1.094s] -- Up-to-date: /home/jinyicheng/auto_navigation/install/status_interface/include/status_interface/status_interface/msg/detail/system_status__traits.hpp
[1.094s] -- Up-to-date: /home/jinyicheng/auto_navigation/install/status_interface/include/status_interface/status_interface/msg/detail/system_status__builder.hpp
[1.094s] -- Up-to-date: /home/jinyicheng/auto_navigation/install/status_interface/include/status_interface/status_interface/msg/detail/system_status__type_support.hpp
[1.094s] -- Up-to-date: /home/jinyicheng/auto_navigation/install/status_interface/include/status_interface/status_interface/msg/detail/system_status__struct.hpp
[1.094s] -- Up-to-date: /home/jinyicheng/auto_navigation/install/status_interface/include/status_interface/status_interface
[1.094s] -- Up-to-date: /home/jinyicheng/auto_navigation/install/status_interface/include/status_interface/status_interface/msg
[1.095s] -- Up-to-date: /home/jinyicheng/auto_navigation/install/status_interface/include/status_interface/status_interface/msg/rosidl_typesupport_fastrtps_cpp__visibility_control.h
[1.095s] -- Up-to-date: /home/jinyicheng/auto_navigation/install/status_interface/include/status_interface/status_interface/msg/detail
[1.095s] -- Up-to-date: /home/jinyicheng/auto_navigation/install/status_interface/include/status_interface/status_interface/msg/detail/system_status__rosidl_typesupport_fastrtps_cpp.hpp
[1.095s] -- Up-to-date: /home/jinyicheng/auto_navigation/install/status_interface/include/status_interface/status_interface/msg/detail/dds_fastrtps
[1.095s] -- Installing: /home/jinyicheng/auto_navigation/install/status_interface/lib/libstatus_interface__rosidl_typesupport_fastrtps_cpp.so
[1.095s] -- Set runtime path of "/home/jinyicheng/auto_navigation/install/status_interface/lib/libstatus_interface__rosidl_typesupport_fastrtps_cpp.so" to ""
[1.095s] -- Up-to-date: /home/jinyicheng/auto_navigation/install/status_interface/include/status_interface/status_interface
[1.095s] -- Up-to-date: /home/jinyicheng/auto_navigation/install/status_interface/include/status_interface/status_interface/msg
[1.095s] -- Up-to-date: /home/jinyicheng/auto_navigation/install/status_interface/include/status_interface/status_interface/msg/rosidl_typesupport_introspection_c__visibility_control.h
[1.095s] -- Up-to-date: /home/jinyicheng/auto_navigation/install/status_interface/include/status_interface/status_interface/msg/detail
[1.095s] -- Up-to-date: /home/jinyicheng/auto_navigation/install/status_interface/include/status_interface/status_interface/msg/detail/system_status__rosidl_typesupport_introspection_c.h
[1.095s] -- Up-to-date: /home/jinyicheng/auto_navigation/install/status_interface/include/status_interface/status_interface/msg/detail/system_status__type_support.c
[1.096s] -- Up-to-date: /home/jinyicheng/auto_navigation/install/status_interface/lib/libstatus_interface__rosidl_typesupport_introspection_c.so
[1.096s] -- Up-to-date: /home/jinyicheng/auto_navigation/install/status_interface/lib/libstatus_interface__rosidl_typesupport_c.so
[1.096s] -- Up-to-date: /home/jinyicheng/auto_navigation/install/status_interface/include/status_interface/status_interface
[1.096s] -- Up-to-date: /home/jinyicheng/auto_navigation/install/status_interface/include/status_interface/status_interface/msg
[1.096s] -- Up-to-date: /home/jinyicheng/auto_navigation/install/status_interface/include/status_interface/status_interface/msg/detail
[1.096s] -- Up-to-date: /home/jinyicheng/auto_navigation/install/status_interface/include/status_interface/status_interface/msg/detail/system_status__rosidl_typesupport_introspection_cpp.hpp
[1.096s] -- Up-to-date: /home/jinyicheng/auto_navigation/install/status_interface/include/status_interface/status_interface/msg/detail/system_status__type_support.cpp
[1.096s] -- Installing: /home/jinyicheng/auto_navigation/install/status_interface/lib/libstatus_interface__rosidl_typesupport_introspection_cpp.so
[1.096s] -- Set runtime path of "/home/jinyicheng/auto_navigation/install/status_interface/lib/libstatus_interface__rosidl_typesupport_introspection_cpp.so" to ""
[1.096s] -- Installing: /home/jinyicheng/auto_navigation/install/status_interface/lib/libstatus_interface__rosidl_typesupport_cpp.so
[1.096s] -- Set runtime path of "/home/jinyicheng/auto_navigation/install/status_interface/lib/libstatus_interface__rosidl_typesupport_cpp.so" to ""
[1.096s] -- Up-to-date: /home/jinyicheng/auto_navigation/install/status_interface/share/status_interface/environment/pythonpath.sh
[1.096s] -- Up-to-date: /home/jinyicheng/auto_navigation/install/status_interface/share/status_interface/environment/pythonpath.dsv
[1.096s] -- Up-to-date: /home/jinyicheng/auto_navigation/install/status_interface/local/lib/python3.10/dist-packages/status_interface-0.0.0-py3.10.egg-info
[1.096s] -- Installing: /home/jinyicheng/auto_navigation/install/status_interface/local/lib/python3.10/dist-packages/status_interface-0.0.0-py3.10.egg-info/top_level.txt
[1.097s] -- Installing: /home/jinyicheng/auto_navigation/install/status_interface/local/lib/python3.10/dist-packages/status_interface-0.0.0-py3.10.egg-info/dependency_links.txt
[1.097s] -- Installing: /home/jinyicheng/auto_navigation/install/status_interface/local/lib/python3.10/dist-packages/status_interface-0.0.0-py3.10.egg-info/SOURCES.txt
[1.097s] -- Installing: /home/jinyicheng/auto_navigation/install/status_interface/local/lib/python3.10/dist-packages/status_interface-0.0.0-py3.10.egg-info/PKG-INFO
[1.097s] -- Up-to-date: /home/jinyicheng/auto_navigation/install/status_interface/local/lib/python3.10/dist-packages/status_interface
[1.097s] -- Installing: /home/jinyicheng/auto_navigation/install/status_interface/local/lib/python3.10/dist-packages/status_interface/status_interface_s__rosidl_typesupport_fastrtps_c.cpython-310-x86_64-linux-gnu.so
[1.097s] -- Up-to-date: /home/jinyicheng/auto_navigation/install/status_interface/local/lib/python3.10/dist-packages/status_interface/_status_interface_s.ep.rosidl_typesupport_introspection_c.c
[1.097s] -- Up-to-date: /home/jinyicheng/auto_navigation/install/status_interface/local/lib/python3.10/dist-packages/status_interface/msg
[1.097s] -- Up-to-date: /home/jinyicheng/auto_navigation/install/status_interface/local/lib/python3.10/dist-packages/status_interface/msg/_system_status_s.c
[1.097s] -- Up-to-date: /home/jinyicheng/auto_navigation/install/status_interface/local/lib/python3.10/dist-packages/status_interface/msg/_system_status.py
[1.097s] -- Up-to-date: /home/jinyicheng/auto_navigation/install/status_interface/local/lib/python3.10/dist-packages/status_interface/msg/__init__.py
[1.097s] -- Up-to-date: /home/jinyicheng/auto_navigation/install/status_interface/local/lib/python3.10/dist-packages/status_interface/_status_interface_s.ep.rosidl_typesupport_c.c
[1.097s] -- Up-to-date: /home/jinyicheng/auto_navigation/install/status_interface/local/lib/python3.10/dist-packages/status_interface/_status_interface_s.ep.rosidl_typesupport_fastrtps_c.c
[1.097s] -- Installing: /home/jinyicheng/auto_navigation/install/status_interface/local/lib/python3.10/dist-packages/status_interface/status_interface_s__rosidl_typesupport_introspection_c.cpython-310-x86_64-linux-gnu.so
[1.097s] -- Installing: /home/jinyicheng/auto_navigation/install/status_interface/local/lib/python3.10/dist-packages/status_interface/libstatus_interface__rosidl_generator_py.so
[1.097s] -- Up-to-date: /home/jinyicheng/auto_navigation/install/status_interface/local/lib/python3.10/dist-packages/status_interface/__init__.py
[1.097s] -- Installing: /home/jinyicheng/auto_navigation/install/status_interface/local/lib/python3.10/dist-packages/status_interface/status_interface_s__rosidl_typesupport_c.cpython-310-x86_64-linux-gnu.so
[1.112s] Listing '/home/jinyicheng/auto_navigation/install/status_interface/local/lib/python3.10/dist-packages/status_interface'...
[1.112s] Listing '/home/jinyicheng/auto_navigation/install/status_interface/local/lib/python3.10/dist-packages/status_interface/msg'...
[1.114s] -- Installing: /home/jinyicheng/auto_navigation/install/status_interface/local/lib/python3.10/dist-packages/status_interface/status_interface_s__rosidl_typesupport_fastrtps_c.cpython-310-x86_64-linux-gnu.so
[1.114s] -- Set runtime path of "/home/jinyicheng/auto_navigation/install/status_interface/local/lib/python3.10/dist-packages/status_interface/status_interface_s__rosidl_typesupport_fastrtps_c.cpython-310-x86_64-linux-gnu.so" to ""
[1.115s] -- Installing: /home/jinyicheng/auto_navigation/install/status_interface/local/lib/python3.10/dist-packages/status_interface/status_interface_s__rosidl_typesupport_introspection_c.cpython-310-x86_64-linux-gnu.so
[1.115s] -- Set runtime path of "/home/jinyicheng/auto_navigation/install/status_interface/local/lib/python3.10/dist-packages/status_interface/status_interface_s__rosidl_typesupport_introspection_c.cpython-310-x86_64-linux-gnu.so" to ""
[1.115s] -- Installing: /home/jinyicheng/auto_navigation/install/status_interface/local/lib/python3.10/dist-packages/status_interface/status_interface_s__rosidl_typesupport_c.cpython-310-x86_64-linux-gnu.so
[1.115s] -- Set runtime path of "/home/jinyicheng/auto_navigation/install/status_interface/local/lib/python3.10/dist-packages/status_interface/status_interface_s__rosidl_typesupport_c.cpython-310-x86_64-linux-gnu.so" to ""
[1.115s] -- Installing: /home/jinyicheng/auto_navigation/install/status_interface/lib/libstatus_interface__rosidl_generator_py.so
[1.115s] -- Set runtime path of "/home/jinyicheng/auto_navigation/install/status_interface/lib/libstatus_interface__rosidl_generator_py.so" to ""
[1.115s] -- Up-to-date: /home/jinyicheng/auto_navigation/install/status_interface/share/ament_index/resource_index/rust_packages/status_interface
[1.116s] -- Up-to-date: /home/jinyicheng/auto_navigation/install/status_interface/share/status_interface/rust
[1.116s] -- Up-to-date: /home/jinyicheng/auto_navigation/install/status_interface/share/status_interface/rust/src
[1.116s] -- Up-to-date: /home/jinyicheng/auto_navigation/install/status_interface/share/status_interface/rust/src/msg
[1.116s] -- Up-to-date: /home/jinyicheng/auto_navigation/install/status_interface/share/status_interface/rust/src/msg/rmw.rs
[1.116s] -- Up-to-date: /home/jinyicheng/auto_navigation/install/status_interface/share/status_interface/rust/src/msg.rs
[1.116s] -- Up-to-date: /home/jinyicheng/auto_navigation/install/status_interface/share/status_interface/rust/src/lib.rs
[1.116s] -- Up-to-date: /home/jinyicheng/auto_navigation/install/status_interface/share/status_interface/rust/Cargo.toml
[1.116s] -- Up-to-date: /home/jinyicheng/auto_navigation/install/status_interface/share/status_interface/rust/build.rs
[1.116s] -- Up-to-date: /home/jinyicheng/auto_navigation/install/status_interface/share/status_interface/msg/SystemStatus.idl
[1.116s] -- Up-to-date: /home/jinyicheng/auto_navigation/install/status_interface/share/status_interface/msg/SystemStatus.msg
[1.116s] -- Up-to-date: /home/jinyicheng/auto_navigation/install/status_interface/share/ament_index/resource_index/package_run_dependencies/status_interface
[1.116s] -- Up-to-date: /home/jinyicheng/auto_navigation/install/status_interface/share/ament_index/resource_index/parent_prefix_path/status_interface
[1.116s] -- Up-to-date: /home/jinyicheng/auto_navigation/install/status_interface/share/status_interface/environment/ament_prefix_path.sh
[1.116s] -- Up-to-date: /home/jinyicheng/auto_navigation/install/status_interface/share/status_interface/environment/ament_prefix_path.dsv
[1.116s] -- Up-to-date: /home/jinyicheng/auto_navigation/install/status_interface/share/status_interface/environment/path.sh
[1.116s] -- Up-to-date: /home/jinyicheng/auto_navigation/install/status_interface/share/status_interface/environment/path.dsv
[1.116s] -- Up-to-date: /home/jinyicheng/auto_navigation/install/status_interface/share/status_interface/local_setup.bash
[1.116s] -- Up-to-date: /home/jinyicheng/auto_navigation/install/status_interface/share/status_interface/local_setup.sh
[1.116s] -- Up-to-date: /home/jinyicheng/auto_navigation/install/status_interface/share/status_interface/local_setup.zsh
[1.116s] -- Up-to-date: /home/jinyicheng/auto_navigation/install/status_interface/share/status_interface/local_setup.dsv
[1.116s] -- Installing: /home/jinyicheng/auto_navigation/install/status_interface/share/status_interface/package.dsv
[1.116s] -- Up-to-date: /home/jinyicheng/auto_navigation/install/status_interface/share/ament_index/resource_index/packages/status_interface
[1.116s] -- Up-to-date: /home/jinyicheng/auto_navigation/install/status_interface/share/status_interface/cmake/export_status_interface__rosidl_generator_cExport.cmake
[1.117s] -- Up-to-date: /home/jinyicheng/auto_navigation/install/status_interface/share/status_interface/cmake/export_status_interface__rosidl_generator_cExport-noconfig.cmake
[1.117s] -- Up-to-date: /home/jinyicheng/auto_navigation/install/status_interface/share/status_interface/cmake/export_status_interface__rosidl_typesupport_fastrtps_cExport.cmake
[1.117s] -- Up-to-date: /home/jinyicheng/auto_navigation/install/status_interface/share/status_interface/cmake/export_status_interface__rosidl_typesupport_fastrtps_cExport-noconfig.cmake
[1.117s] -- Up-to-date: /home/jinyicheng/auto_navigation/install/status_interface/share/status_interface/cmake/export_status_interface__rosidl_generator_cppExport.cmake
[1.117s] -- Up-to-date: /home/jinyicheng/auto_navigation/install/status_interface/share/status_interface/cmake/export_status_interface__rosidl_typesupport_fastrtps_cppExport.cmake
[1.117s] -- Up-to-date: /home/jinyicheng/auto_navigation/install/status_interface/share/status_interface/cmake/export_status_interface__rosidl_typesupport_fastrtps_cppExport-noconfig.cmake
[1.118s] -- Up-to-date: /home/jinyicheng/auto_navigation/install/status_interface/share/status_interface/cmake/status_interface__rosidl_typesupport_introspection_cExport.cmake
[1.118s] -- Up-to-date: /home/jinyicheng/auto_navigation/install/status_interface/share/status_interface/cmake/status_interface__rosidl_typesupport_introspection_cExport-noconfig.cmake
[1.118s] -- Up-to-date: /home/jinyicheng/auto_navigation/install/status_interface/share/status_interface/cmake/status_interface__rosidl_typesupport_cExport.cmake
[1.118s] -- Up-to-date: /home/jinyicheng/auto_navigation/install/status_interface/share/status_interface/cmake/status_interface__rosidl_typesupport_cExport-noconfig.cmake
[1.118s] -- Up-to-date: /home/jinyicheng/auto_navigation/install/status_interface/share/status_interface/cmake/status_interface__rosidl_typesupport_introspection_cppExport.cmake
[1.118s] -- Up-to-date: /home/jinyicheng/auto_navigation/install/status_interface/share/status_interface/cmake/status_interface__rosidl_typesupport_introspection_cppExport-noconfig.cmake
[1.119s] -- Up-to-date: /home/jinyicheng/auto_navigation/install/status_interface/share/status_interface/cmake/status_interface__rosidl_typesupport_cppExport.cmake
[1.119s] -- Up-to-date: /home/jinyicheng/auto_navigation/install/status_interface/share/status_interface/cmake/status_interface__rosidl_typesupport_cppExport-noconfig.cmake
[1.119s] -- Up-to-date: /home/jinyicheng/auto_navigation/install/status_interface/share/status_interface/cmake/export_status_interface__rosidl_generator_pyExport.cmake
[1.119s] -- Up-to-date: /home/jinyicheng/auto_navigation/install/status_interface/share/status_interface/cmake/export_status_interface__rosidl_generator_pyExport-noconfig.cmake
[1.119s] -- Up-to-date: /home/jinyicheng/auto_navigation/install/status_interface/share/status_interface/cmake/rosidl_cmake-extras.cmake
[1.119s] -- Up-to-date: /home/jinyicheng/auto_navigation/install/status_interface/share/status_interface/cmake/ament_cmake_export_dependencies-extras.cmake
[1.119s] -- Up-to-date: /home/jinyicheng/auto_navigation/install/status_interface/share/status_interface/cmake/ament_cmake_export_include_directories-extras.cmake
[1.119s] -- Up-to-date: /home/jinyicheng/auto_navigation/install/status_interface/share/status_interface/cmake/ament_cmake_export_libraries-extras.cmake
[1.119s] -- Up-to-date: /home/jinyicheng/auto_navigation/install/status_interface/share/status_interface/cmake/ament_cmake_export_targets-extras.cmake
[1.119s] -- Up-to-date: /home/jinyicheng/auto_navigation/install/status_interface/share/status_interface/cmake/rosidl_cmake_export_typesupport_targets-extras.cmake
[1.119s] -- Up-to-date: /home/jinyicheng/auto_navigation/install/status_interface/share/status_interface/cmake/rosidl_cmake_export_typesupport_libraries-extras.cmake
[1.119s] -- Up-to-date: /home/jinyicheng/auto_navigation/install/status_interface/share/status_interface/cmake/status_interfaceConfig.cmake
[1.119s] -- Up-to-date: /home/jinyicheng/auto_navigation/install/status_interface/share/status_interface/cmake/status_interfaceConfig-version.cmake
[1.119s] -- Up-to-date: /home/jinyicheng/auto_navigation/install/status_interface/share/status_interface/package.xml
[1.121s] Invoked command in '/home/jinyicheng/auto_navigation/build/status_interface' returned '0': CMAKE_PREFIX_PATH=/opt/ros/humble /usr/bin/cmake --install /home/jinyicheng/auto_navigation/build/status_interface
