[0.991s] Invoking command in '/home/jinyicheng/auto_navigation/core/node2': PYTHONPATH=/home/jinyicheng/auto_navigation/build/node2/prefix_override:/usr/lib/python3/dist-packages/colcon_core/task/python/colcon_distutils_commands:/home/jinyicheng/auto_navigation/install/node2/lib/python3.10/site-packages:${PYTHONPATH} /usr/bin/python3 -W ignore:setup.py install is deprecated -W ignore:easy_install command is deprecated setup.py egg_info --egg-base ../../build/node2 build --build-base /home/jinyicheng/auto_navigation/build/node2/build install --record /home/jinyicheng/auto_navigation/build/node2/install.log --single-version-externally-managed install_data
[1.140s] running egg_info
[1.140s] writing ../../build/node2/node2.egg-info/PKG-INFO
[1.140s] writing dependency_links to ../../build/node2/node2.egg-info/dependency_links.txt
[1.141s] writing entry points to ../../build/node2/node2.egg-info/entry_points.txt
[1.141s] writing requirements to ../../build/node2/node2.egg-info/requires.txt
[1.141s] writing top-level names to ../../build/node2/node2.egg-info/top_level.txt
[1.141s] reading manifest file '../../build/node2/node2.egg-info/SOURCES.txt'
[1.142s] adding license file 'LICENSE'
[1.142s] writing manifest file '../../build/node2/node2.egg-info/SOURCES.txt'
[1.142s] running build
[1.142s] running build_py
[1.142s] running install
[1.143s] running install_lib
[1.144s] running install_data
[1.144s] running install_egg_info
[1.145s] removing '/home/jinyicheng/auto_navigation/install/node2/lib/python3.10/site-packages/node2-0.0.0-py3.10.egg-info' (and everything under it)
[1.145s] Copying ../../build/node2/node2.egg-info to /home/jinyicheng/auto_navigation/install/node2/lib/python3.10/site-packages/node2-0.0.0-py3.10.egg-info
[1.145s] running install_scripts
[1.160s] Installing process_pub_novel script to /home/jinyicheng/auto_navigation/install/node2/lib/node2
[1.160s] Installing process_sub_novel script to /home/jinyicheng/auto_navigation/install/node2/lib/node2
[1.161s] writing list of installed files to '/home/jinyicheng/auto_navigation/build/node2/install.log'
[1.180s] Invoked command in '/home/jinyicheng/auto_navigation/core/node2' returned '0': PYTHONPATH=/home/jinyicheng/auto_navigation/build/node2/prefix_override:/usr/lib/python3/dist-packages/colcon_core/task/python/colcon_distutils_commands:/home/jinyicheng/auto_navigation/install/node2/lib/python3.10/site-packages:${PYTHONPATH} /usr/bin/python3 -W ignore:setup.py install is deprecated -W ignore:easy_install command is deprecated setup.py egg_info --egg-base ../../build/node2 build --build-base /home/jinyicheng/auto_navigation/build/node2/build install --record /home/jinyicheng/auto_navigation/build/node2/install.log --single-version-externally-managed install_data
