[0.036s] Invoking command in '/home/jinyicheng/auto_navigation/build/status_interface': CMAKE_PREFIX_PATH=${CMAKE_PREFIX_PATH}:/home/jinyicheng/auto_navigation/install/status_publisher:/home/jinyicheng/auto_navigation/install/restudy_1_pkg:/home/jinyicheng/auto_navigation/install/node2:/home/jinyicheng/auto_navigation/install/node1:/home/jinyicheng/auto_navigation/install/demo_python_tf:/home/jinyicheng/auto_navigation/install/demo_python_service:/opt/ros/humble /usr/bin/cmake --build /home/jinyicheng/auto_navigation/build/status_interface -- -j20 -l20
[0.599s] [  3%] Built target status_interface__cpp
[0.599s] [ 12%] Built target status_interface__rosidl_generator_c
[0.599s] [ 15%] Built target status_interface__rs
[0.599s] [ 31%] Built target status_interface__rosidl_typesupport_fastrtps_cpp
[0.599s] [ 34%] Built target status_interface__rosidl_typesupport_c
[0.600s] [ 34%] Built target ament_cmake_python_copy_status_interface
[0.600s] [ 43%] Built target status_interface__rosidl_typesupport_introspection_cpp
[0.600s] [ 53%] Built target status_interface__rosidl_typesupport_fastrtps_c
[0.600s] [ 62%] Built target status_interface__rosidl_typesupport_introspection_c
[0.600s] [ 71%] Built target status_interface__rosidl_typesupport_cpp
[0.600s] [ 71%] Built target status_interface
[0.600s] [ 75%] Built target status_interface__py
[0.601s] [ 81%] Built target status_interface__rosidl_generator_py
[0.601s] [ 87%] Built target status_interface__rosidl_typesupport_fastrtps_c__pyext
[0.601s] [ 93%] Built target status_interface__rosidl_typesupport_introspection_c__pyext
[0.601s] [100%] Built target status_interface__rosidl_typesupport_c__pyext
[0.601s] running egg_info
[0.601s] writing status_interface.egg-info/PKG-INFO
[0.601s] writing dependency_links to status_interface.egg-info/dependency_links.txt
[0.601s] writing top-level names to status_interface.egg-info/top_level.txt
[0.601s] reading manifest file 'status_interface.egg-info/SOURCES.txt'
[0.601s] writing manifest file 'status_interface.egg-info/SOURCES.txt'
[0.601s] [100%] Built target ament_cmake_python_build_status_interface_egg
[0.605s] Invoked command in '/home/jinyicheng/auto_navigation/build/status_interface' returned '0': CMAKE_PREFIX_PATH=${CMAKE_PREFIX_PATH}:/home/jinyicheng/auto_navigation/install/status_publisher:/home/jinyicheng/auto_navigation/install/restudy_1_pkg:/home/jinyicheng/auto_navigation/install/node2:/home/jinyicheng/auto_navigation/install/node1:/home/jinyicheng/auto_navigation/install/demo_python_tf:/home/jinyicheng/auto_navigation/install/demo_python_service:/opt/ros/humble /usr/bin/cmake --build /home/jinyicheng/auto_navigation/build/status_interface -- -j20 -l20
[0.612s] Invoking command in '/home/jinyicheng/auto_navigation/build/status_interface': CMAKE_PREFIX_PATH=${CMAKE_PREFIX_PATH}:/home/jinyicheng/auto_navigation/install/status_publisher:/home/jinyicheng/auto_navigation/install/restudy_1_pkg:/home/jinyicheng/auto_navigation/install/node2:/home/jinyicheng/auto_navigation/install/node1:/home/jinyicheng/auto_navigation/install/demo_python_tf:/home/jinyicheng/auto_navigation/install/demo_python_service:/opt/ros/humble /usr/bin/cmake --install /home/jinyicheng/auto_navigation/build/status_interface
[0.616s] -- Install configuration: ""
[0.616s] -- Up-to-date: /home/jinyicheng/auto_navigation/install/status_interface/share/ament_index/resource_index/rosidl_interfaces/status_interface
[0.617s] -- Up-to-date: /home/jinyicheng/auto_navigation/install/status_interface/include/status_interface/status_interface
[0.617s] -- Up-to-date: /home/jinyicheng/auto_navigation/install/status_interface/include/status_interface/status_interface/msg
[0.617s] -- Up-to-date: /home/jinyicheng/auto_navigation/install/status_interface/include/status_interface/status_interface/msg/system_status.h
[0.617s] -- Up-to-date: /home/jinyicheng/auto_navigation/install/status_interface/include/status_interface/status_interface/msg/rosidl_generator_c__visibility_control.h
[0.618s] -- Up-to-date: /home/jinyicheng/auto_navigation/install/status_interface/include/status_interface/status_interface/msg/detail
[0.618s] -- Up-to-date: /home/jinyicheng/auto_navigation/install/status_interface/include/status_interface/status_interface/msg/detail/system_status__functions.h
[0.618s] -- Up-to-date: /home/jinyicheng/auto_navigation/install/status_interface/include/status_interface/status_interface/msg/detail/system_status__functions.c
[0.619s] -- Up-to-date: /home/jinyicheng/auto_navigation/install/status_interface/include/status_interface/status_interface/msg/detail/system_status__type_support.h
[0.619s] -- Up-to-date: /home/jinyicheng/auto_navigation/install/status_interface/include/status_interface/status_interface/msg/detail/system_status__struct.h
[0.619s] -- Up-to-date: /home/jinyicheng/auto_navigation/install/status_interface/share/status_interface/environment/library_path.sh
[0.619s] -- Up-to-date: /home/jinyicheng/auto_navigation/install/status_interface/share/status_interface/environment/library_path.dsv
[0.619s] -- Up-to-date: /home/jinyicheng/auto_navigation/install/status_interface/lib/libstatus_interface__rosidl_generator_c.so
[0.619s] -- Up-to-date: /home/jinyicheng/auto_navigation/install/status_interface/include/status_interface/status_interface
[0.620s] -- Up-to-date: /home/jinyicheng/auto_navigation/install/status_interface/include/status_interface/status_interface/msg
[0.620s] -- Up-to-date: /home/jinyicheng/auto_navigation/install/status_interface/include/status_interface/status_interface/msg/rosidl_typesupport_fastrtps_c__visibility_control.h
[0.620s] -- Up-to-date: /home/jinyicheng/auto_navigation/install/status_interface/include/status_interface/status_interface/msg/detail
[0.620s] -- Up-to-date: /home/jinyicheng/auto_navigation/install/status_interface/include/status_interface/status_interface/msg/detail/system_status__rosidl_typesupport_fastrtps_c.h
[0.620s] -- Up-to-date: /home/jinyicheng/auto_navigation/install/status_interface/lib/libstatus_interface__rosidl_typesupport_fastrtps_c.so
[0.622s] -- Up-to-date: /home/jinyicheng/auto_navigation/install/status_interface/include/status_interface/status_interface
[0.622s] -- Up-to-date: /home/jinyicheng/auto_navigation/install/status_interface/include/status_interface/status_interface/msg
[0.622s] -- Up-to-date: /home/jinyicheng/auto_navigation/install/status_interface/include/status_interface/status_interface/msg/rosidl_generator_cpp__visibility_control.hpp
[0.622s] -- Up-to-date: /home/jinyicheng/auto_navigation/install/status_interface/include/status_interface/status_interface/msg/system_status.hpp
[0.623s] -- Up-to-date: /home/jinyicheng/auto_navigation/install/status_interface/include/status_interface/status_interface/msg/detail
[0.623s] -- Up-to-date: /home/jinyicheng/auto_navigation/install/status_interface/include/status_interface/status_interface/msg/detail/system_status__traits.hpp
[0.623s] -- Up-to-date: /home/jinyicheng/auto_navigation/install/status_interface/include/status_interface/status_interface/msg/detail/system_status__builder.hpp
[0.624s] -- Up-to-date: /home/jinyicheng/auto_navigation/install/status_interface/include/status_interface/status_interface/msg/detail/system_status__type_support.hpp
[0.624s] -- Up-to-date: /home/jinyicheng/auto_navigation/install/status_interface/include/status_interface/status_interface/msg/detail/system_status__struct.hpp
[0.624s] -- Up-to-date: /home/jinyicheng/auto_navigation/install/status_interface/include/status_interface/status_interface
[0.624s] -- Up-to-date: /home/jinyicheng/auto_navigation/install/status_interface/include/status_interface/status_interface/msg
[0.624s] -- Up-to-date: /home/jinyicheng/auto_navigation/install/status_interface/include/status_interface/status_interface/msg/rosidl_typesupport_fastrtps_cpp__visibility_control.h
[0.624s] -- Up-to-date: /home/jinyicheng/auto_navigation/install/status_interface/include/status_interface/status_interface/msg/detail
[0.625s] -- Up-to-date: /home/jinyicheng/auto_navigation/install/status_interface/include/status_interface/status_interface/msg/detail/system_status__rosidl_typesupport_fastrtps_cpp.hpp
[0.625s] -- Up-to-date: /home/jinyicheng/auto_navigation/install/status_interface/include/status_interface/status_interface/msg/detail/dds_fastrtps
[0.625s] -- Up-to-date: /home/jinyicheng/auto_navigation/install/status_interface/lib/libstatus_interface__rosidl_typesupport_fastrtps_cpp.so
[0.625s] -- Up-to-date: /home/jinyicheng/auto_navigation/install/status_interface/include/status_interface/status_interface
[0.625s] -- Up-to-date: /home/jinyicheng/auto_navigation/install/status_interface/include/status_interface/status_interface/msg
[0.626s] -- Up-to-date: /home/jinyicheng/auto_navigation/install/status_interface/include/status_interface/status_interface/msg/rosidl_typesupport_introspection_c__visibility_control.h
[0.626s] -- Up-to-date: /home/jinyicheng/auto_navigation/install/status_interface/include/status_interface/status_interface/msg/detail
[0.626s] -- Up-to-date: /home/jinyicheng/auto_navigation/install/status_interface/include/status_interface/status_interface/msg/detail/system_status__rosidl_typesupport_introspection_c.h
[0.626s] -- Up-to-date: /home/jinyicheng/auto_navigation/install/status_interface/include/status_interface/status_interface/msg/detail/system_status__type_support.c
[0.626s] -- Up-to-date: /home/jinyicheng/auto_navigation/install/status_interface/lib/libstatus_interface__rosidl_typesupport_introspection_c.so
[0.626s] -- Up-to-date: /home/jinyicheng/auto_navigation/install/status_interface/lib/libstatus_interface__rosidl_typesupport_c.so
[0.626s] -- Up-to-date: /home/jinyicheng/auto_navigation/install/status_interface/include/status_interface/status_interface
[0.626s] -- Up-to-date: /home/jinyicheng/auto_navigation/install/status_interface/include/status_interface/status_interface/msg
[0.627s] -- Up-to-date: /home/jinyicheng/auto_navigation/install/status_interface/include/status_interface/status_interface/msg/detail
[0.627s] -- Up-to-date: /home/jinyicheng/auto_navigation/install/status_interface/include/status_interface/status_interface/msg/detail/system_status__rosidl_typesupport_introspection_cpp.hpp
[0.627s] -- Up-to-date: /home/jinyicheng/auto_navigation/install/status_interface/include/status_interface/status_interface/msg/detail/system_status__type_support.cpp
[0.627s] -- Up-to-date: /home/jinyicheng/auto_navigation/install/status_interface/lib/libstatus_interface__rosidl_typesupport_introspection_cpp.so
[0.628s] -- Up-to-date: /home/jinyicheng/auto_navigation/install/status_interface/lib/libstatus_interface__rosidl_typesupport_cpp.so
[0.628s] -- Up-to-date: /home/jinyicheng/auto_navigation/install/status_interface/share/status_interface/environment/pythonpath.sh
[0.628s] -- Up-to-date: /home/jinyicheng/auto_navigation/install/status_interface/share/status_interface/environment/pythonpath.dsv
[0.628s] -- Up-to-date: /home/jinyicheng/auto_navigation/install/status_interface/local/lib/python3.10/dist-packages/status_interface-0.0.0-py3.10.egg-info
[0.628s] -- Installing: /home/jinyicheng/auto_navigation/install/status_interface/local/lib/python3.10/dist-packages/status_interface-0.0.0-py3.10.egg-info/top_level.txt
[0.629s] -- Installing: /home/jinyicheng/auto_navigation/install/status_interface/local/lib/python3.10/dist-packages/status_interface-0.0.0-py3.10.egg-info/dependency_links.txt
[0.629s] -- Installing: /home/jinyicheng/auto_navigation/install/status_interface/local/lib/python3.10/dist-packages/status_interface-0.0.0-py3.10.egg-info/SOURCES.txt
[0.630s] -- Installing: /home/jinyicheng/auto_navigation/install/status_interface/local/lib/python3.10/dist-packages/status_interface-0.0.0-py3.10.egg-info/PKG-INFO
[0.630s] -- Up-to-date: /home/jinyicheng/auto_navigation/install/status_interface/local/lib/python3.10/dist-packages/status_interface
[0.631s] -- Up-to-date: /home/jinyicheng/auto_navigation/install/status_interface/local/lib/python3.10/dist-packages/status_interface/status_interface_s__rosidl_typesupport_fastrtps_c.cpython-310-x86_64-linux-gnu.so
[0.631s] -- Up-to-date: /home/jinyicheng/auto_navigation/install/status_interface/local/lib/python3.10/dist-packages/status_interface/_status_interface_s.ep.rosidl_typesupport_introspection_c.c
[0.631s] -- Up-to-date: /home/jinyicheng/auto_navigation/install/status_interface/local/lib/python3.10/dist-packages/status_interface/msg
[0.632s] -- Up-to-date: /home/jinyicheng/auto_navigation/install/status_interface/local/lib/python3.10/dist-packages/status_interface/msg/_system_status_s.c
[0.632s] -- Up-to-date: /home/jinyicheng/auto_navigation/install/status_interface/local/lib/python3.10/dist-packages/status_interface/msg/_system_status.py
[0.632s] -- Up-to-date: /home/jinyicheng/auto_navigation/install/status_interface/local/lib/python3.10/dist-packages/status_interface/msg/__init__.py
[0.632s] -- Up-to-date: /home/jinyicheng/auto_navigation/install/status_interface/local/lib/python3.10/dist-packages/status_interface/_status_interface_s.ep.rosidl_typesupport_c.c
[0.632s] -- Up-to-date: /home/jinyicheng/auto_navigation/install/status_interface/local/lib/python3.10/dist-packages/status_interface/_status_interface_s.ep.rosidl_typesupport_fastrtps_c.c
[0.632s] -- Up-to-date: /home/jinyicheng/auto_navigation/install/status_interface/local/lib/python3.10/dist-packages/status_interface/status_interface_s__rosidl_typesupport_introspection_c.cpython-310-x86_64-linux-gnu.so
[0.632s] -- Up-to-date: /home/jinyicheng/auto_navigation/install/status_interface/local/lib/python3.10/dist-packages/status_interface/libstatus_interface__rosidl_generator_py.so
[0.632s] -- Up-to-date: /home/jinyicheng/auto_navigation/install/status_interface/local/lib/python3.10/dist-packages/status_interface/__init__.py
[0.632s] -- Up-to-date: /home/jinyicheng/auto_navigation/install/status_interface/local/lib/python3.10/dist-packages/status_interface/status_interface_s__rosidl_typesupport_c.cpython-310-x86_64-linux-gnu.so
[0.644s] Listing '/home/jinyicheng/auto_navigation/install/status_interface/local/lib/python3.10/dist-packages/status_interface'...
[0.644s] Listing '/home/jinyicheng/auto_navigation/install/status_interface/local/lib/python3.10/dist-packages/status_interface/msg'...
[0.649s] -- Up-to-date: /home/jinyicheng/auto_navigation/install/status_interface/local/lib/python3.10/dist-packages/status_interface/status_interface_s__rosidl_typesupport_fastrtps_c.cpython-310-x86_64-linux-gnu.so
[0.649s] -- Up-to-date: /home/jinyicheng/auto_navigation/install/status_interface/local/lib/python3.10/dist-packages/status_interface/status_interface_s__rosidl_typesupport_introspection_c.cpython-310-x86_64-linux-gnu.so
[0.650s] -- Up-to-date: /home/jinyicheng/auto_navigation/install/status_interface/local/lib/python3.10/dist-packages/status_interface/status_interface_s__rosidl_typesupport_c.cpython-310-x86_64-linux-gnu.so
[0.650s] -- Up-to-date: /home/jinyicheng/auto_navigation/install/status_interface/lib/libstatus_interface__rosidl_generator_py.so
[0.650s] -- Up-to-date: /home/jinyicheng/auto_navigation/install/status_interface/share/ament_index/resource_index/rust_packages/status_interface
[0.650s] -- Up-to-date: /home/jinyicheng/auto_navigation/install/status_interface/share/status_interface/rust
[0.651s] -- Up-to-date: /home/jinyicheng/auto_navigation/install/status_interface/share/status_interface/rust/src
[0.651s] -- Up-to-date: /home/jinyicheng/auto_navigation/install/status_interface/share/status_interface/rust/src/msg
[0.651s] -- Up-to-date: /home/jinyicheng/auto_navigation/install/status_interface/share/status_interface/rust/src/msg/rmw.rs
[0.651s] -- Up-to-date: /home/jinyicheng/auto_navigation/install/status_interface/share/status_interface/rust/src/msg.rs
[0.651s] -- Up-to-date: /home/jinyicheng/auto_navigation/install/status_interface/share/status_interface/rust/src/lib.rs
[0.651s] -- Up-to-date: /home/jinyicheng/auto_navigation/install/status_interface/share/status_interface/rust/Cargo.toml
[0.652s] -- Up-to-date: /home/jinyicheng/auto_navigation/install/status_interface/share/status_interface/rust/build.rs
[0.652s] -- Up-to-date: /home/jinyicheng/auto_navigation/install/status_interface/share/status_interface/msg/SystemStatus.idl
[0.652s] -- Up-to-date: /home/jinyicheng/auto_navigation/install/status_interface/share/status_interface/msg/SystemStatus.msg
[0.652s] -- Up-to-date: /home/jinyicheng/auto_navigation/install/status_interface/share/ament_index/resource_index/package_run_dependencies/status_interface
[0.652s] -- Up-to-date: /home/jinyicheng/auto_navigation/install/status_interface/share/ament_index/resource_index/parent_prefix_path/status_interface
[0.652s] -- Up-to-date: /home/jinyicheng/auto_navigation/install/status_interface/share/status_interface/environment/ament_prefix_path.sh
[0.652s] -- Up-to-date: /home/jinyicheng/auto_navigation/install/status_interface/share/status_interface/environment/ament_prefix_path.dsv
[0.652s] -- Up-to-date: /home/jinyicheng/auto_navigation/install/status_interface/share/status_interface/environment/path.sh
[0.652s] -- Up-to-date: /home/jinyicheng/auto_navigation/install/status_interface/share/status_interface/environment/path.dsv
[0.652s] -- Up-to-date: /home/jinyicheng/auto_navigation/install/status_interface/share/status_interface/local_setup.bash
[0.652s] -- Up-to-date: /home/jinyicheng/auto_navigation/install/status_interface/share/status_interface/local_setup.sh
[0.653s] -- Up-to-date: /home/jinyicheng/auto_navigation/install/status_interface/share/status_interface/local_setup.zsh
[0.653s] -- Up-to-date: /home/jinyicheng/auto_navigation/install/status_interface/share/status_interface/local_setup.dsv
[0.653s] -- Installing: /home/jinyicheng/auto_navigation/install/status_interface/share/status_interface/package.dsv
[0.653s] -- Up-to-date: /home/jinyicheng/auto_navigation/install/status_interface/share/ament_index/resource_index/packages/status_interface
[0.653s] -- Up-to-date: /home/jinyicheng/auto_navigation/install/status_interface/share/status_interface/cmake/export_status_interface__rosidl_generator_cExport.cmake
[0.653s] -- Up-to-date: /home/jinyicheng/auto_navigation/install/status_interface/share/status_interface/cmake/export_status_interface__rosidl_generator_cExport-noconfig.cmake
[0.653s] -- Up-to-date: /home/jinyicheng/auto_navigation/install/status_interface/share/status_interface/cmake/export_status_interface__rosidl_typesupport_fastrtps_cExport.cmake
[0.653s] -- Up-to-date: /home/jinyicheng/auto_navigation/install/status_interface/share/status_interface/cmake/export_status_interface__rosidl_typesupport_fastrtps_cExport-noconfig.cmake
[0.653s] -- Up-to-date: /home/jinyicheng/auto_navigation/install/status_interface/share/status_interface/cmake/export_status_interface__rosidl_generator_cppExport.cmake
[0.654s] -- Up-to-date: /home/jinyicheng/auto_navigation/install/status_interface/share/status_interface/cmake/export_status_interface__rosidl_typesupport_fastrtps_cppExport.cmake
[0.654s] -- Up-to-date: /home/jinyicheng/auto_navigation/install/status_interface/share/status_interface/cmake/export_status_interface__rosidl_typesupport_fastrtps_cppExport-noconfig.cmake
[0.654s] -- Up-to-date: /home/jinyicheng/auto_navigation/install/status_interface/share/status_interface/cmake/status_interface__rosidl_typesupport_introspection_cExport.cmake
[0.654s] -- Up-to-date: /home/jinyicheng/auto_navigation/install/status_interface/share/status_interface/cmake/status_interface__rosidl_typesupport_introspection_cExport-noconfig.cmake
[0.655s] -- Up-to-date: /home/jinyicheng/auto_navigation/install/status_interface/share/status_interface/cmake/status_interface__rosidl_typesupport_cExport.cmake
[0.655s] -- Up-to-date: /home/jinyicheng/auto_navigation/install/status_interface/share/status_interface/cmake/status_interface__rosidl_typesupport_cExport-noconfig.cmake
[0.655s] -- Up-to-date: /home/jinyicheng/auto_navigation/install/status_interface/share/status_interface/cmake/status_interface__rosidl_typesupport_introspection_cppExport.cmake
[0.655s] -- Up-to-date: /home/jinyicheng/auto_navigation/install/status_interface/share/status_interface/cmake/status_interface__rosidl_typesupport_introspection_cppExport-noconfig.cmake
[0.656s] -- Up-to-date: /home/jinyicheng/auto_navigation/install/status_interface/share/status_interface/cmake/status_interface__rosidl_typesupport_cppExport.cmake
[0.657s] -- Up-to-date: /home/jinyicheng/auto_navigation/install/status_interface/share/status_interface/cmake/status_interface__rosidl_typesupport_cppExport-noconfig.cmake
[0.657s] -- Up-to-date: /home/jinyicheng/auto_navigation/install/status_interface/share/status_interface/cmake/export_status_interface__rosidl_generator_pyExport.cmake
[0.657s] -- Up-to-date: /home/jinyicheng/auto_navigation/install/status_interface/share/status_interface/cmake/export_status_interface__rosidl_generator_pyExport-noconfig.cmake
[0.657s] -- Up-to-date: /home/jinyicheng/auto_navigation/install/status_interface/share/status_interface/cmake/rosidl_cmake-extras.cmake
[0.658s] -- Up-to-date: /home/jinyicheng/auto_navigation/install/status_interface/share/status_interface/cmake/ament_cmake_export_dependencies-extras.cmake
[0.659s] -- Up-to-date: /home/jinyicheng/auto_navigation/install/status_interface/share/status_interface/cmake/ament_cmake_export_include_directories-extras.cmake
[0.659s] -- Up-to-date: /home/jinyicheng/auto_navigation/install/status_interface/share/status_interface/cmake/ament_cmake_export_libraries-extras.cmake
[0.659s] -- Up-to-date: /home/jinyicheng/auto_navigation/install/status_interface/share/status_interface/cmake/ament_cmake_export_targets-extras.cmake
[0.659s] -- Up-to-date: /home/jinyicheng/auto_navigation/install/status_interface/share/status_interface/cmake/rosidl_cmake_export_typesupport_targets-extras.cmake
[0.660s] -- Up-to-date: /home/jinyicheng/auto_navigation/install/status_interface/share/status_interface/cmake/rosidl_cmake_export_typesupport_libraries-extras.cmake
[0.660s] -- Up-to-date: /home/jinyicheng/auto_navigation/install/status_interface/share/status_interface/cmake/status_interfaceConfig.cmake
[0.660s] -- Up-to-date: /home/jinyicheng/auto_navigation/install/status_interface/share/status_interface/cmake/status_interfaceConfig-version.cmake
[0.660s] -- Up-to-date: /home/jinyicheng/auto_navigation/install/status_interface/share/status_interface/package.xml
[0.678s] Invoked command in '/home/jinyicheng/auto_navigation/build/status_interface' returned '0': CMAKE_PREFIX_PATH=${CMAKE_PREFIX_PATH}:/home/jinyicheng/auto_navigation/install/status_publisher:/home/jinyicheng/auto_navigation/install/restudy_1_pkg:/home/jinyicheng/auto_navigation/install/node2:/home/jinyicheng/auto_navigation/install/node1:/home/jinyicheng/auto_navigation/install/demo_python_tf:/home/jinyicheng/auto_navigation/install/demo_python_service:/opt/ros/humble /usr/bin/cmake --install /home/jinyicheng/auto_navigation/build/status_interface
