[0.073s] Invoking command in '/home/jinyicheng/auto_navigation/build/status_sub_and_disp': AMENT_PREFIX_PATH=/home/jinyicheng/auto_navigation/install/status_interface:${AMENT_PREFIX_PATH} CMAKE_PREFIX_PATH=/home/jinyicheng/auto_navigation/install/status_interface:/opt/ros/humble LD_LIBRARY_PATH=/home/jinyicheng/auto_navigation/install/status_interface/lib:${LD_LIBRARY_PATH} PYTHONPATH=/home/jinyicheng/auto_navigation/install/status_interface/local/lib/python3.10/dist-packages:${PYTHONPATH} /usr/bin/cmake --build /home/jinyicheng/auto_navigation/build/status_sub_and_disp -- -j20 -l20
[0.206s] -- Found ament_cmake: 1.3.14 (/opt/ros/humble/share/ament_cmake/cmake)
[0.207s] -- Found rclcpp: 16.0.19 (/opt/ros/humble/share/rclcpp/cmake)
[0.381s] -- Found rosidl_generator_c: 3.1.8 (/opt/ros/humble/share/rosidl_generator_c/cmake)
[0.384s] -- Found rosidl_adapter: 3.1.8 (/opt/ros/humble/share/rosidl_adapter/cmake)
[0.391s] -- Found rosidl_generator_cpp: 3.1.8 (/opt/ros/humble/share/rosidl_generator_cpp/cmake)
[0.402s] -- Using all available rosidl_typesupport_c: rosidl_typesupport_fastrtps_c;rosidl_typesupport_introspection_c
[0.416s] -- Using all available rosidl_typesupport_cpp: rosidl_typesupport_fastrtps_cpp;rosidl_typesupport_introspection_cpp
[0.466s] -- Found rmw_implementation_cmake: 6.1.2 (/opt/ros/humble/share/rmw_implementation_cmake/cmake)
[0.469s] -- Found rmw_fastrtps_cpp: 6.2.10 (/opt/ros/humble/share/rmw_fastrtps_cpp/cmake)
[5.858s] -- Using RMW implementation 'rmw_fastrtps_cpp' as default
[5.898s] -- Found status_interface: 0.0.0 (/home/jinyicheng/auto_navigation/install/status_interface/share/status_interface/cmake)
[5.998s] -- Found ament_lint_auto: 0.12.15 (/opt/ros/humble/share/ament_lint_auto/cmake)
[6.051s] -- Added test 'cppcheck' to perform static code analysis on C / C++ code
[6.051s] -- Configured cppcheck include dirs: 
[6.051s] -- Configured cppcheck exclude dirs and/or files: 
[6.051s] -- Added test 'lint_cmake' to check CMake code style
[6.051s] -- Added test 'uncrustify' to check C / C++ code style
[6.051s] -- Configured uncrustify additional arguments: 
[6.051s] -- Added test 'xmllint' to check XML markup files
[6.052s] -- Configuring done
[6.067s] -- Generating done
[6.069s] -- Build files have been written to: /home/jinyicheng/auto_navigation/build/status_sub_and_disp
[6.082s] [35m[1mConsolidate compiler generated dependencies of target hello_qt[0m
[6.082s] [35m[1mConsolidate compiler generated dependencies of target sys_status_disp[0m
[6.090s] [ 50%] Built target hello_qt
[6.100s] [ 75%] [32mBuilding CXX object CMakeFiles/sys_status_disp.dir/src/sys_status_disp.cpp.o[0m
[10.973s] [100%] [32m[1mLinking CXX executable sys_status_disp[0m
[11.575s] [100%] Built target sys_status_disp
[11.581s] Invoked command in '/home/jinyicheng/auto_navigation/build/status_sub_and_disp' returned '0': AMENT_PREFIX_PATH=/home/jinyicheng/auto_navigation/install/status_interface:${AMENT_PREFIX_PATH} CMAKE_PREFIX_PATH=/home/jinyicheng/auto_navigation/install/status_interface:/opt/ros/humble LD_LIBRARY_PATH=/home/jinyicheng/auto_navigation/install/status_interface/lib:${LD_LIBRARY_PATH} PYTHONPATH=/home/jinyicheng/auto_navigation/install/status_interface/local/lib/python3.10/dist-packages:${PYTHONPATH} /usr/bin/cmake --build /home/jinyicheng/auto_navigation/build/status_sub_and_disp -- -j20 -l20
[11.583s] Invoking command in '/home/jinyicheng/auto_navigation/build/status_sub_and_disp': AMENT_PREFIX_PATH=/home/jinyicheng/auto_navigation/install/status_interface:${AMENT_PREFIX_PATH} CMAKE_PREFIX_PATH=/home/jinyicheng/auto_navigation/install/status_interface:/opt/ros/humble LD_LIBRARY_PATH=/home/jinyicheng/auto_navigation/install/status_interface/lib:${LD_LIBRARY_PATH} PYTHONPATH=/home/jinyicheng/auto_navigation/install/status_interface/local/lib/python3.10/dist-packages:${PYTHONPATH} /usr/bin/cmake --install /home/jinyicheng/auto_navigation/build/status_sub_and_disp
[11.586s] -- Install configuration: ""
[11.587s] -- Up-to-date: /home/jinyicheng/auto_navigation/install/status_sub_and_disp/lib/status_sub_and_disp/hello_qt
[11.587s] -- Installing: /home/jinyicheng/auto_navigation/install/status_sub_and_disp/lib/status_sub_and_disp/sys_status_disp
[11.589s] -- Set runtime path of "/home/jinyicheng/auto_navigation/install/status_sub_and_disp/lib/status_sub_and_disp/sys_status_disp" to ""
[11.589s] -- Up-to-date: /home/jinyicheng/auto_navigation/install/status_sub_and_disp/share/ament_index/resource_index/package_run_dependencies/status_sub_and_disp
[11.589s] -- Installing: /home/jinyicheng/auto_navigation/install/status_sub_and_disp/share/ament_index/resource_index/parent_prefix_path/status_sub_and_disp
[11.589s] -- Up-to-date: /home/jinyicheng/auto_navigation/install/status_sub_and_disp/share/status_sub_and_disp/environment/ament_prefix_path.sh
[11.589s] -- Installing: /home/jinyicheng/auto_navigation/install/status_sub_and_disp/share/status_sub_and_disp/environment/ament_prefix_path.dsv
[11.589s] -- Up-to-date: /home/jinyicheng/auto_navigation/install/status_sub_and_disp/share/status_sub_and_disp/environment/path.sh
[11.589s] -- Installing: /home/jinyicheng/auto_navigation/install/status_sub_and_disp/share/status_sub_and_disp/environment/path.dsv
[11.589s] -- Up-to-date: /home/jinyicheng/auto_navigation/install/status_sub_and_disp/share/status_sub_and_disp/local_setup.bash
[11.589s] -- Up-to-date: /home/jinyicheng/auto_navigation/install/status_sub_and_disp/share/status_sub_and_disp/local_setup.sh
[11.589s] -- Up-to-date: /home/jinyicheng/auto_navigation/install/status_sub_and_disp/share/status_sub_and_disp/local_setup.zsh
[11.589s] -- Installing: /home/jinyicheng/auto_navigation/install/status_sub_and_disp/share/status_sub_and_disp/local_setup.dsv
[11.590s] -- Installing: /home/jinyicheng/auto_navigation/install/status_sub_and_disp/share/status_sub_and_disp/package.dsv
[11.590s] -- Up-to-date: /home/jinyicheng/auto_navigation/install/status_sub_and_disp/share/ament_index/resource_index/packages/status_sub_and_disp
[11.590s] -- Up-to-date: /home/jinyicheng/auto_navigation/install/status_sub_and_disp/share/status_sub_and_disp/cmake/status_sub_and_dispConfig.cmake
[11.590s] -- Up-to-date: /home/jinyicheng/auto_navigation/install/status_sub_and_disp/share/status_sub_and_disp/cmake/status_sub_and_dispConfig-version.cmake
[11.590s] -- Up-to-date: /home/jinyicheng/auto_navigation/install/status_sub_and_disp/share/status_sub_and_disp/package.xml
[11.590s] Invoked command in '/home/jinyicheng/auto_navigation/build/status_sub_and_disp' returned '0': AMENT_PREFIX_PATH=/home/jinyicheng/auto_navigation/install/status_interface:${AMENT_PREFIX_PATH} CMAKE_PREFIX_PATH=/home/jinyicheng/auto_navigation/install/status_interface:/opt/ros/humble LD_LIBRARY_PATH=/home/jinyicheng/auto_navigation/install/status_interface/lib:${LD_LIBRARY_PATH} PYTHONPATH=/home/jinyicheng/auto_navigation/install/status_interface/local/lib/python3.10/dist-packages:${PYTHONPATH} /usr/bin/cmake --install /home/jinyicheng/auto_navigation/build/status_sub_and_disp
