[0.074s] Invoking command in '/home/jinyicheng/auto_navigation/build/status_sub_and_disp': CMAKE_PREFIX_PATH=/home/jinyicheng/auto_navigation/install/status_interface:/home/jinyicheng/auto_navigation/install/status_sub_and_disp:/home/jinyicheng/auto_navigation/install/robot_simulation:/home/jinyicheng/auto_navigation/install/chapt4_interfaces:/home/jinyicheng/auto_navigation/install/status_publisher:/home/jinyicheng/auto_navigation/install/node2:/home/jinyicheng/auto_navigation/install/node1:/home/jinyicheng/auto_navigation/install/demo_python_tf:/home/jinyicheng/auto_navigation/install/demo_python_service:/opt/ros/humble /usr/bin/cmake --build /home/jinyicheng/auto_navigation/build/status_sub_and_disp -- -j20 -l20
[0.094s] [35m[1mConsolidate compiler generated dependencies of target hello_qt[0m
[0.096s] [35m[1mConsolidate compiler generated dependencies of target sys_status_disp[0m
[0.100s] [ 50%] Built target hello_qt
[0.103s] [100%] Built target sys_status_disp
[0.322s] Invoked command in '/home/jinyicheng/auto_navigation/build/status_sub_and_disp' returned '0': CMAKE_PREFIX_PATH=/home/jinyicheng/auto_navigation/install/status_interface:/home/jinyicheng/auto_navigation/install/status_sub_and_disp:/home/jinyicheng/auto_navigation/install/robot_simulation:/home/jinyicheng/auto_navigation/install/chapt4_interfaces:/home/jinyicheng/auto_navigation/install/status_publisher:/home/jinyicheng/auto_navigation/install/node2:/home/jinyicheng/auto_navigation/install/node1:/home/jinyicheng/auto_navigation/install/demo_python_tf:/home/jinyicheng/auto_navigation/install/demo_python_service:/opt/ros/humble /usr/bin/cmake --build /home/jinyicheng/auto_navigation/build/status_sub_and_disp -- -j20 -l20
[0.325s] Invoking command in '/home/jinyicheng/auto_navigation/build/status_sub_and_disp': CMAKE_PREFIX_PATH=/home/jinyicheng/auto_navigation/install/status_interface:/home/jinyicheng/auto_navigation/install/status_sub_and_disp:/home/jinyicheng/auto_navigation/install/robot_simulation:/home/jinyicheng/auto_navigation/install/chapt4_interfaces:/home/jinyicheng/auto_navigation/install/status_publisher:/home/jinyicheng/auto_navigation/install/node2:/home/jinyicheng/auto_navigation/install/node1:/home/jinyicheng/auto_navigation/install/demo_python_tf:/home/jinyicheng/auto_navigation/install/demo_python_service:/opt/ros/humble /usr/bin/cmake --install /home/jinyicheng/auto_navigation/build/status_sub_and_disp
[0.327s] -- Install configuration: ""
[0.327s] -- Up-to-date: /home/jinyicheng/auto_navigation/install/status_sub_and_disp/lib/status_sub_and_disp/hello_qt
[0.327s] -- Up-to-date: /home/jinyicheng/auto_navigation/install/status_sub_and_disp/lib/status_sub_and_disp/sys_status_disp
[0.327s] -- Up-to-date: /home/jinyicheng/auto_navigation/install/status_sub_and_disp/share/ament_index/resource_index/package_run_dependencies/status_sub_and_disp
[0.327s] -- Up-to-date: /home/jinyicheng/auto_navigation/install/status_sub_and_disp/share/ament_index/resource_index/parent_prefix_path/status_sub_and_disp
[0.327s] -- Up-to-date: /home/jinyicheng/auto_navigation/install/status_sub_and_disp/share/status_sub_and_disp/environment/ament_prefix_path.sh
[0.327s] -- Up-to-date: /home/jinyicheng/auto_navigation/install/status_sub_and_disp/share/status_sub_and_disp/environment/ament_prefix_path.dsv
[0.327s] -- Up-to-date: /home/jinyicheng/auto_navigation/install/status_sub_and_disp/share/status_sub_and_disp/environment/path.sh
[0.327s] -- Up-to-date: /home/jinyicheng/auto_navigation/install/status_sub_and_disp/share/status_sub_and_disp/environment/path.dsv
[0.327s] -- Up-to-date: /home/jinyicheng/auto_navigation/install/status_sub_and_disp/share/status_sub_and_disp/local_setup.bash
[0.327s] -- Up-to-date: /home/jinyicheng/auto_navigation/install/status_sub_and_disp/share/status_sub_and_disp/local_setup.sh
[0.327s] -- Up-to-date: /home/jinyicheng/auto_navigation/install/status_sub_and_disp/share/status_sub_and_disp/local_setup.zsh
[0.327s] -- Up-to-date: /home/jinyicheng/auto_navigation/install/status_sub_and_disp/share/status_sub_and_disp/local_setup.dsv
[0.327s] -- Installing: /home/jinyicheng/auto_navigation/install/status_sub_and_disp/share/status_sub_and_disp/package.dsv
[0.327s] -- Up-to-date: /home/jinyicheng/auto_navigation/install/status_sub_and_disp/share/ament_index/resource_index/packages/status_sub_and_disp
[0.328s] -- Up-to-date: /home/jinyicheng/auto_navigation/install/status_sub_and_disp/share/status_sub_and_disp/cmake/status_sub_and_dispConfig.cmake
[0.328s] -- Up-to-date: /home/jinyicheng/auto_navigation/install/status_sub_and_disp/share/status_sub_and_disp/cmake/status_sub_and_dispConfig-version.cmake
[0.328s] -- Up-to-date: /home/jinyicheng/auto_navigation/install/status_sub_and_disp/share/status_sub_and_disp/package.xml
[0.329s] Invoked command in '/home/jinyicheng/auto_navigation/build/status_sub_and_disp' returned '0': CMAKE_PREFIX_PATH=/home/jinyicheng/auto_navigation/install/status_interface:/home/jinyicheng/auto_navigation/install/status_sub_and_disp:/home/jinyicheng/auto_navigation/install/robot_simulation:/home/jinyicheng/auto_navigation/install/chapt4_interfaces:/home/jinyicheng/auto_navigation/install/status_publisher:/home/jinyicheng/auto_navigation/install/node2:/home/jinyicheng/auto_navigation/install/node1:/home/jinyicheng/auto_navigation/install/demo_python_tf:/home/jinyicheng/auto_navigation/install/demo_python_service:/opt/ros/humble /usr/bin/cmake --install /home/jinyicheng/auto_navigation/build/status_sub_and_disp
