[0.423s] Invoking command in '/home/jinyicheng/auto_navigation/build/sum_srv_interface': CMAKE_PREFIX_PATH=/opt/ros/humble /usr/bin/cmake /home/jinyicheng/auto_navigation/core/sum_srv_interface -DCMAKE_INSTALL_PREFIX=/home/jinyicheng/auto_navigation/install/sum_srv_interface
[0.624s] -- The C compiler identification is GNU 11.4.0
[1.198s] -- The CXX compiler identification is GNU 11.4.0
[1.650s] -- Detecting C compiler ABI info
[1.751s] -- Detecting C compiler ABI info - done
[1.754s] -- Check for working C compiler: /usr/bin/cc - skipped
[1.754s] -- Detecting C compile features
[1.755s] -- Detecting C compile features - done
[1.757s] -- Detecting CXX compiler ABI info
[1.862s] -- Detecting CXX compiler ABI info - done
[1.865s] -- Check for working CXX compiler: /usr/bin/c++ - skipped
[1.865s] -- Detecting CXX compile features
[1.865s] -- Detecting CXX compile features - done
[1.868s] -- Found ament_cmake: 1.3.14 (/opt/ros/humble/share/ament_cmake/cmake)
[1.944s] -- Found Python3: /usr/bin/python3 (found version "3.10.12") found components: Interpreter 
[2.001s] -- Found rosidl_default_generators: 1.2.1 (/opt/ros/humble/share/rosidl_default_generators/cmake)
[2.003s] -- Using all available rosidl_typesupport_c: rosidl_typesupport_fastrtps_c;rosidl_typesupport_introspection_c
[2.008s] -- Found rosidl_adapter: 3.1.8 (/opt/ros/humble/share/rosidl_adapter/cmake)
[2.170s] -- Using all available rosidl_typesupport_cpp: rosidl_typesupport_fastrtps_cpp;rosidl_typesupport_introspection_cpp
[2.198s] -- Found ament_lint_auto: 0.12.15 (/opt/ros/humble/share/ament_lint_auto/cmake)
[2.342s] -- Found ament_cmake_ros: 0.10.0 (/opt/ros/humble/share/ament_cmake_ros/cmake)
[2.434s] -- Using all available rosidl_typesupport_c: rosidl_typesupport_fastrtps_c;rosidl_typesupport_introspection_c
[2.548s] -- Using all available rosidl_typesupport_cpp: rosidl_typesupport_fastrtps_cpp;rosidl_typesupport_introspection_cpp
[2.668s] -- Found PythonInterp: /usr/bin/python3 (found suitable version "3.10.12", minimum required is "3.6") 
[2.669s] -- Found python_cmake_module: 0.10.0 (/opt/ros/humble/share/python_cmake_module/cmake)
[3.046s] -- Found PythonLibs: /usr/lib/x86_64-linux-gnu/libpython3.10.so (found suitable version "3.10.12", minimum required is "3.5") 
[3.046s] -- Using PYTHON_EXECUTABLE: /usr/bin/python3
[3.046s] -- Using PYTHON_INCLUDE_DIRS: /usr/include/python3.10
[3.046s] -- Using PYTHON_LIBRARIES: /usr/lib/x86_64-linux-gnu/libpython3.10.so
[3.056s] -- Found PythonExtra: .so  
[3.139s] -- Added test 'lint_cmake' to check CMake code style
[3.140s] -- Added test 'xmllint' to check XML markup files
[3.145s] -- Configuring done
[3.159s] -- Generating done
[3.164s] -- Build files have been written to: /home/jinyicheng/auto_navigation/build/sum_srv_interface
[3.167s] Invoked command in '/home/jinyicheng/auto_navigation/build/sum_srv_interface' returned '0': CMAKE_PREFIX_PATH=/opt/ros/humble /usr/bin/cmake /home/jinyicheng/auto_navigation/core/sum_srv_interface -DCMAKE_INSTALL_PREFIX=/home/jinyicheng/auto_navigation/install/sum_srv_interface
[3.168s] Invoking command in '/home/jinyicheng/auto_navigation/build/sum_srv_interface': CMAKE_PREFIX_PATH=/opt/ros/humble /usr/bin/cmake --build /home/jinyicheng/auto_navigation/build/sum_srv_interface -- -j20 -l20
[3.185s] [  3%] [34m[1mGenerating C code for ROS interfaces[0m
[3.190s] [  6%] [34m[1mGenerating Rust code for ROS interfaces[0m
[3.191s] [  9%] [34m[1mGenerating C++ code for ROS interfaces[0m
[3.195s] [  9%] Built target ament_cmake_python_copy_sum_srv_interface
[3.301s] running egg_info
[3.301s] creating sum_srv_interface.egg-info
[3.301s] writing sum_srv_interface.egg-info/PKG-INFO
[3.302s] writing dependency_links to sum_srv_interface.egg-info/dependency_links.txt
[3.302s] writing top-level names to sum_srv_interface.egg-info/top_level.txt
[3.302s] writing manifest file 'sum_srv_interface.egg-info/SOURCES.txt'
[3.302s] reading manifest file 'sum_srv_interface.egg-info/SOURCES.txt'
[3.303s] writing manifest file 'sum_srv_interface.egg-info/SOURCES.txt'
[3.304s] [  9%] Built target sum_srv_interface__rs
[3.316s] [  9%] Built target ament_cmake_python_build_sum_srv_interface_egg
[3.318s] [  9%] Built target sum_srv_interface__cpp
[3.319s] [ 12%] [32mBuilding C object CMakeFiles/sum_srv_interface__rosidl_generator_c.dir/rosidl_generator_c/sum_srv_interface/srv/detail/sum__functions.c.o[0m
[3.322s] [ 21%] [34m[1mGenerating C++ type support for eProsima Fast-RTPS[0m
[3.322s] [ 21%] [34m[1mGenerating C++ introspection for ROS interfaces[0m
[3.322s] [ 21%] [34m[1mGenerating C++ type support dispatch for ROS interfaces[0m
[3.355s] [ 25%] [32m[1mLinking C shared library libsum_srv_interface__rosidl_generator_c.so[0m
[3.430s] [ 28%] [32mBuilding CXX object CMakeFiles/sum_srv_interface__rosidl_typesupport_cpp.dir/rosidl_typesupport_cpp/sum_srv_interface/srv/sum__type_support.cpp.o[0m
[3.439s] [ 31%] [32mBuilding CXX object CMakeFiles/sum_srv_interface__rosidl_typesupport_introspection_cpp.dir/rosidl_typesupport_introspection_cpp/sum_srv_interface/srv/detail/sum__type_support.cpp.o[0m
[3.449s] [ 31%] Built target sum_srv_interface__rosidl_generator_c
[3.453s] [ 34%] [32mBuilding CXX object CMakeFiles/sum_srv_interface__rosidl_typesupport_fastrtps_cpp.dir/rosidl_typesupport_fastrtps_cpp/sum_srv_interface/srv/detail/dds_fastrtps/sum__type_support.cpp.o[0m
[3.454s] [ 37%] [34m[1mGenerating C type support dispatch for ROS interfaces[0m
[3.454s] [ 40%] [34m[1mGenerating C introspection for ROS interfaces[0m
[3.454s] [ 43%] [34m[1mGenerating C type support for eProsima Fast-RTPS[0m
[3.575s] [ 46%] [32mBuilding CXX object CMakeFiles/sum_srv_interface__rosidl_typesupport_c.dir/rosidl_typesupport_c/sum_srv_interface/srv/sum__type_support.cpp.o[0m
[3.583s] [ 50%] [32m[1mLinking CXX shared library libsum_srv_interface__rosidl_typesupport_cpp.so[0m
[3.585s] [ 53%] [32mBuilding C object CMakeFiles/sum_srv_interface__rosidl_typesupport_introspection_c.dir/rosidl_typesupport_introspection_c/sum_srv_interface/srv/detail/sum__type_support.c.o[0m
[3.591s] [ 56%] [32mBuilding CXX object CMakeFiles/sum_srv_interface__rosidl_typesupport_fastrtps_c.dir/rosidl_typesupport_fastrtps_c/sum_srv_interface/srv/detail/sum__type_support_c.cpp.o[0m
[3.592s] [ 59%] [32m[1mLinking CXX shared library libsum_srv_interface__rosidl_typesupport_c.so[0m
[3.605s] [ 62%] [32m[1mLinking C shared library libsum_srv_interface__rosidl_typesupport_introspection_c.so[0m
[3.653s] [ 65%] [32m[1mLinking CXX shared library libsum_srv_interface__rosidl_typesupport_introspection_cpp.so[0m
[3.659s] [ 68%] [32m[1mLinking CXX shared library libsum_srv_interface__rosidl_typesupport_fastrtps_cpp.so[0m
[3.711s] [ 68%] Built target sum_srv_interface__rosidl_typesupport_cpp
[3.711s] [ 68%] Built target sum_srv_interface__rosidl_typesupport_c
[3.732s] [ 68%] Built target sum_srv_interface__rosidl_typesupport_introspection_c
[3.742s] [ 68%] Built target sum_srv_interface__rosidl_typesupport_introspection_cpp
[3.760s] [ 68%] Built target sum_srv_interface__rosidl_typesupport_fastrtps_cpp
[3.762s] [ 71%] [32m[1mLinking CXX shared library libsum_srv_interface__rosidl_typesupport_fastrtps_c.so[0m
[3.883s] [ 71%] Built target sum_srv_interface__rosidl_typesupport_fastrtps_c
[3.894s] [ 71%] Built target sum_srv_interface
[3.904s] [ 75%] [34m[1mGenerating Python code for ROS interfaces[0m
[4.090s] [ 75%] Built target sum_srv_interface__py
[4.101s] [ 78%] [32mBuilding C object CMakeFiles/sum_srv_interface__rosidl_generator_py.dir/rosidl_generator_py/sum_srv_interface/srv/_sum_s.c.o[0m
[4.184s] [ 81%] [32m[1mLinking C shared library rosidl_generator_py/sum_srv_interface/libsum_srv_interface__rosidl_generator_py.so[0m
[4.279s] [ 81%] Built target sum_srv_interface__rosidl_generator_py
[4.288s] [ 87%] [32mBuilding C object CMakeFiles/sum_srv_interface__rosidl_typesupport_fastrtps_c__pyext.dir/rosidl_generator_py/sum_srv_interface/_sum_srv_interface_s.ep.rosidl_typesupport_fastrtps_c.c.o[0m
[4.289s] [ 87%] [32mBuilding C object CMakeFiles/sum_srv_interface__rosidl_typesupport_introspection_c__pyext.dir/rosidl_generator_py/sum_srv_interface/_sum_srv_interface_s.ep.rosidl_typesupport_introspection_c.c.o[0m
[4.289s] [ 90%] [32mBuilding C object CMakeFiles/sum_srv_interface__rosidl_typesupport_c__pyext.dir/rosidl_generator_py/sum_srv_interface/_sum_srv_interface_s.ep.rosidl_typesupport_c.c.o[0m
[4.333s] [ 93%] [32m[1mLinking C shared library rosidl_generator_py/sum_srv_interface/sum_srv_interface_s__rosidl_typesupport_introspection_c.cpython-310-x86_64-linux-gnu.so[0m
[4.334s] [ 96%] [32m[1mLinking C shared library rosidl_generator_py/sum_srv_interface/sum_srv_interface_s__rosidl_typesupport_c.cpython-310-x86_64-linux-gnu.so[0m
[4.336s] [100%] [32m[1mLinking C shared library rosidl_generator_py/sum_srv_interface/sum_srv_interface_s__rosidl_typesupport_fastrtps_c.cpython-310-x86_64-linux-gnu.so[0m
[4.408s] [100%] Built target sum_srv_interface__rosidl_typesupport_c__pyext
[4.408s] [100%] Built target sum_srv_interface__rosidl_typesupport_introspection_c__pyext
[4.442s] [100%] Built target sum_srv_interface__rosidl_typesupport_fastrtps_c__pyext
[4.447s] Invoked command in '/home/jinyicheng/auto_navigation/build/sum_srv_interface' returned '0': CMAKE_PREFIX_PATH=/opt/ros/humble /usr/bin/cmake --build /home/jinyicheng/auto_navigation/build/sum_srv_interface -- -j20 -l20
[4.448s] Invoking command in '/home/jinyicheng/auto_navigation/build/sum_srv_interface': CMAKE_PREFIX_PATH=/opt/ros/humble /usr/bin/cmake --install /home/jinyicheng/auto_navigation/build/sum_srv_interface
[4.451s] -- Install configuration: ""
[4.451s] -- Installing: /home/jinyicheng/auto_navigation/install/sum_srv_interface/share/ament_index/resource_index/rosidl_interfaces/sum_srv_interface
[4.452s] -- Installing: /home/jinyicheng/auto_navigation/install/sum_srv_interface/include/sum_srv_interface/sum_srv_interface
[4.452s] -- Installing: /home/jinyicheng/auto_navigation/install/sum_srv_interface/include/sum_srv_interface/sum_srv_interface/srv
[4.452s] -- Installing: /home/jinyicheng/auto_navigation/install/sum_srv_interface/include/sum_srv_interface/sum_srv_interface/srv/sum.h
[4.452s] -- Installing: /home/jinyicheng/auto_navigation/install/sum_srv_interface/include/sum_srv_interface/sum_srv_interface/srv/detail
[4.452s] -- Installing: /home/jinyicheng/auto_navigation/install/sum_srv_interface/include/sum_srv_interface/sum_srv_interface/srv/detail/sum__type_support.h
[4.452s] -- Installing: /home/jinyicheng/auto_navigation/install/sum_srv_interface/include/sum_srv_interface/sum_srv_interface/srv/detail/sum__functions.h
[4.452s] -- Installing: /home/jinyicheng/auto_navigation/install/sum_srv_interface/include/sum_srv_interface/sum_srv_interface/srv/detail/sum__functions.c
[4.452s] -- Installing: /home/jinyicheng/auto_navigation/install/sum_srv_interface/include/sum_srv_interface/sum_srv_interface/srv/detail/sum__struct.h
[4.452s] -- Installing: /home/jinyicheng/auto_navigation/install/sum_srv_interface/include/sum_srv_interface/sum_srv_interface/msg
[4.452s] -- Installing: /home/jinyicheng/auto_navigation/install/sum_srv_interface/include/sum_srv_interface/sum_srv_interface/msg/rosidl_generator_c__visibility_control.h
[4.452s] -- Installing: /home/jinyicheng/auto_navigation/install/sum_srv_interface/share/sum_srv_interface/environment/library_path.sh
[4.452s] -- Installing: /home/jinyicheng/auto_navigation/install/sum_srv_interface/share/sum_srv_interface/environment/library_path.dsv
[4.453s] -- Installing: /home/jinyicheng/auto_navigation/install/sum_srv_interface/lib/libsum_srv_interface__rosidl_generator_c.so
[4.453s] -- Set runtime path of "/home/jinyicheng/auto_navigation/install/sum_srv_interface/lib/libsum_srv_interface__rosidl_generator_c.so" to ""
[4.453s] -- Up-to-date: /home/jinyicheng/auto_navigation/install/sum_srv_interface/include/sum_srv_interface/sum_srv_interface
[4.453s] -- Up-to-date: /home/jinyicheng/auto_navigation/install/sum_srv_interface/include/sum_srv_interface/sum_srv_interface/srv
[4.453s] -- Up-to-date: /home/jinyicheng/auto_navigation/install/sum_srv_interface/include/sum_srv_interface/sum_srv_interface/srv/detail
[4.453s] -- Installing: /home/jinyicheng/auto_navigation/install/sum_srv_interface/include/sum_srv_interface/sum_srv_interface/srv/detail/sum__rosidl_typesupport_fastrtps_c.h
[4.453s] -- Up-to-date: /home/jinyicheng/auto_navigation/install/sum_srv_interface/include/sum_srv_interface/sum_srv_interface/msg
[4.453s] -- Installing: /home/jinyicheng/auto_navigation/install/sum_srv_interface/include/sum_srv_interface/sum_srv_interface/msg/rosidl_typesupport_fastrtps_c__visibility_control.h
[4.453s] -- Installing: /home/jinyicheng/auto_navigation/install/sum_srv_interface/lib/libsum_srv_interface__rosidl_typesupport_fastrtps_c.so
[4.453s] -- Set runtime path of "/home/jinyicheng/auto_navigation/install/sum_srv_interface/lib/libsum_srv_interface__rosidl_typesupport_fastrtps_c.so" to ""
[4.454s] -- Up-to-date: /home/jinyicheng/auto_navigation/install/sum_srv_interface/include/sum_srv_interface/sum_srv_interface
[4.454s] -- Up-to-date: /home/jinyicheng/auto_navigation/install/sum_srv_interface/include/sum_srv_interface/sum_srv_interface/srv
[4.454s] -- Up-to-date: /home/jinyicheng/auto_navigation/install/sum_srv_interface/include/sum_srv_interface/sum_srv_interface/srv/detail
[4.454s] -- Installing: /home/jinyicheng/auto_navigation/install/sum_srv_interface/include/sum_srv_interface/sum_srv_interface/srv/detail/sum__type_support.c
[4.454s] -- Installing: /home/jinyicheng/auto_navigation/install/sum_srv_interface/include/sum_srv_interface/sum_srv_interface/srv/detail/sum__rosidl_typesupport_introspection_c.h
[4.454s] -- Up-to-date: /home/jinyicheng/auto_navigation/install/sum_srv_interface/include/sum_srv_interface/sum_srv_interface/msg
[4.454s] -- Installing: /home/jinyicheng/auto_navigation/install/sum_srv_interface/include/sum_srv_interface/sum_srv_interface/msg/rosidl_typesupport_introspection_c__visibility_control.h
[4.454s] -- Installing: /home/jinyicheng/auto_navigation/install/sum_srv_interface/lib/libsum_srv_interface__rosidl_typesupport_introspection_c.so
[4.454s] -- Set runtime path of "/home/jinyicheng/auto_navigation/install/sum_srv_interface/lib/libsum_srv_interface__rosidl_typesupport_introspection_c.so" to ""
[4.454s] -- Installing: /home/jinyicheng/auto_navigation/install/sum_srv_interface/lib/libsum_srv_interface__rosidl_typesupport_c.so
[4.454s] -- Set runtime path of "/home/jinyicheng/auto_navigation/install/sum_srv_interface/lib/libsum_srv_interface__rosidl_typesupport_c.so" to ""
[4.454s] -- Up-to-date: /home/jinyicheng/auto_navigation/install/sum_srv_interface/include/sum_srv_interface/sum_srv_interface
[4.454s] -- Up-to-date: /home/jinyicheng/auto_navigation/install/sum_srv_interface/include/sum_srv_interface/sum_srv_interface/srv
[4.454s] -- Installing: /home/jinyicheng/auto_navigation/install/sum_srv_interface/include/sum_srv_interface/sum_srv_interface/srv/sum.hpp
[4.454s] -- Up-to-date: /home/jinyicheng/auto_navigation/install/sum_srv_interface/include/sum_srv_interface/sum_srv_interface/srv/detail
[4.455s] -- Installing: /home/jinyicheng/auto_navigation/install/sum_srv_interface/include/sum_srv_interface/sum_srv_interface/srv/detail/sum__struct.hpp
[4.455s] -- Installing: /home/jinyicheng/auto_navigation/install/sum_srv_interface/include/sum_srv_interface/sum_srv_interface/srv/detail/sum__traits.hpp
[4.455s] -- Installing: /home/jinyicheng/auto_navigation/install/sum_srv_interface/include/sum_srv_interface/sum_srv_interface/srv/detail/sum__type_support.hpp
[4.455s] -- Installing: /home/jinyicheng/auto_navigation/install/sum_srv_interface/include/sum_srv_interface/sum_srv_interface/srv/detail/sum__builder.hpp
[4.455s] -- Up-to-date: /home/jinyicheng/auto_navigation/install/sum_srv_interface/include/sum_srv_interface/sum_srv_interface/msg
[4.455s] -- Installing: /home/jinyicheng/auto_navigation/install/sum_srv_interface/include/sum_srv_interface/sum_srv_interface/msg/rosidl_generator_cpp__visibility_control.hpp
[4.455s] -- Up-to-date: /home/jinyicheng/auto_navigation/install/sum_srv_interface/include/sum_srv_interface/sum_srv_interface
[4.455s] -- Up-to-date: /home/jinyicheng/auto_navigation/install/sum_srv_interface/include/sum_srv_interface/sum_srv_interface/srv
[4.455s] -- Up-to-date: /home/jinyicheng/auto_navigation/install/sum_srv_interface/include/sum_srv_interface/sum_srv_interface/srv/detail
[4.455s] -- Installing: /home/jinyicheng/auto_navigation/install/sum_srv_interface/include/sum_srv_interface/sum_srv_interface/srv/detail/dds_fastrtps
[4.455s] -- Installing: /home/jinyicheng/auto_navigation/install/sum_srv_interface/include/sum_srv_interface/sum_srv_interface/srv/detail/sum__rosidl_typesupport_fastrtps_cpp.hpp
[4.455s] -- Up-to-date: /home/jinyicheng/auto_navigation/install/sum_srv_interface/include/sum_srv_interface/sum_srv_interface/msg
[4.455s] -- Installing: /home/jinyicheng/auto_navigation/install/sum_srv_interface/include/sum_srv_interface/sum_srv_interface/msg/rosidl_typesupport_fastrtps_cpp__visibility_control.h
[4.456s] -- Installing: /home/jinyicheng/auto_navigation/install/sum_srv_interface/lib/libsum_srv_interface__rosidl_typesupport_fastrtps_cpp.so
[4.456s] -- Set runtime path of "/home/jinyicheng/auto_navigation/install/sum_srv_interface/lib/libsum_srv_interface__rosidl_typesupport_fastrtps_cpp.so" to ""
[4.456s] -- Up-to-date: /home/jinyicheng/auto_navigation/install/sum_srv_interface/include/sum_srv_interface/sum_srv_interface
[4.456s] -- Up-to-date: /home/jinyicheng/auto_navigation/install/sum_srv_interface/include/sum_srv_interface/sum_srv_interface/srv
[4.456s] -- Up-to-date: /home/jinyicheng/auto_navigation/install/sum_srv_interface/include/sum_srv_interface/sum_srv_interface/srv/detail
[4.456s] -- Installing: /home/jinyicheng/auto_navigation/install/sum_srv_interface/include/sum_srv_interface/sum_srv_interface/srv/detail/sum__type_support.cpp
[4.456s] -- Installing: /home/jinyicheng/auto_navigation/install/sum_srv_interface/include/sum_srv_interface/sum_srv_interface/srv/detail/sum__rosidl_typesupport_introspection_cpp.hpp
[4.456s] -- Installing: /home/jinyicheng/auto_navigation/install/sum_srv_interface/lib/libsum_srv_interface__rosidl_typesupport_introspection_cpp.so
[4.456s] -- Set runtime path of "/home/jinyicheng/auto_navigation/install/sum_srv_interface/lib/libsum_srv_interface__rosidl_typesupport_introspection_cpp.so" to ""
[4.456s] -- Installing: /home/jinyicheng/auto_navigation/install/sum_srv_interface/lib/libsum_srv_interface__rosidl_typesupport_cpp.so
[4.456s] -- Set runtime path of "/home/jinyicheng/auto_navigation/install/sum_srv_interface/lib/libsum_srv_interface__rosidl_typesupport_cpp.so" to ""
[4.456s] -- Installing: /home/jinyicheng/auto_navigation/install/sum_srv_interface/share/sum_srv_interface/environment/pythonpath.sh
[4.456s] -- Installing: /home/jinyicheng/auto_navigation/install/sum_srv_interface/share/sum_srv_interface/environment/pythonpath.dsv
[4.456s] -- Installing: /home/jinyicheng/auto_navigation/install/sum_srv_interface/local/lib/python3.10/dist-packages/sum_srv_interface-0.0.0-py3.10.egg-info
[4.456s] -- Installing: /home/jinyicheng/auto_navigation/install/sum_srv_interface/local/lib/python3.10/dist-packages/sum_srv_interface-0.0.0-py3.10.egg-info/top_level.txt
[4.456s] -- Installing: /home/jinyicheng/auto_navigation/install/sum_srv_interface/local/lib/python3.10/dist-packages/sum_srv_interface-0.0.0-py3.10.egg-info/dependency_links.txt
[4.456s] -- Installing: /home/jinyicheng/auto_navigation/install/sum_srv_interface/local/lib/python3.10/dist-packages/sum_srv_interface-0.0.0-py3.10.egg-info/SOURCES.txt
[4.456s] -- Installing: /home/jinyicheng/auto_navigation/install/sum_srv_interface/local/lib/python3.10/dist-packages/sum_srv_interface-0.0.0-py3.10.egg-info/PKG-INFO
[4.456s] -- Installing: /home/jinyicheng/auto_navigation/install/sum_srv_interface/local/lib/python3.10/dist-packages/sum_srv_interface
[4.456s] -- Installing: /home/jinyicheng/auto_navigation/install/sum_srv_interface/local/lib/python3.10/dist-packages/sum_srv_interface/srv
[4.456s] -- Installing: /home/jinyicheng/auto_navigation/install/sum_srv_interface/local/lib/python3.10/dist-packages/sum_srv_interface/srv/_sum.py
[4.456s] -- Installing: /home/jinyicheng/auto_navigation/install/sum_srv_interface/local/lib/python3.10/dist-packages/sum_srv_interface/srv/_sum_s.c
[4.456s] -- Installing: /home/jinyicheng/auto_navigation/install/sum_srv_interface/local/lib/python3.10/dist-packages/sum_srv_interface/srv/__init__.py
[4.456s] -- Installing: /home/jinyicheng/auto_navigation/install/sum_srv_interface/local/lib/python3.10/dist-packages/sum_srv_interface/sum_srv_interface_s__rosidl_typesupport_introspection_c.cpython-310-x86_64-linux-gnu.so
[4.456s] -- Installing: /home/jinyicheng/auto_navigation/install/sum_srv_interface/local/lib/python3.10/dist-packages/sum_srv_interface/_sum_srv_interface_s.ep.rosidl_typesupport_c.c
[4.456s] -- Installing: /home/jinyicheng/auto_navigation/install/sum_srv_interface/local/lib/python3.10/dist-packages/sum_srv_interface/libsum_srv_interface__rosidl_generator_py.so
[4.456s] -- Installing: /home/jinyicheng/auto_navigation/install/sum_srv_interface/local/lib/python3.10/dist-packages/sum_srv_interface/sum_srv_interface_s__rosidl_typesupport_c.cpython-310-x86_64-linux-gnu.so
[4.456s] -- Installing: /home/jinyicheng/auto_navigation/install/sum_srv_interface/local/lib/python3.10/dist-packages/sum_srv_interface/_sum_srv_interface_s.ep.rosidl_typesupport_fastrtps_c.c
[4.456s] -- Installing: /home/jinyicheng/auto_navigation/install/sum_srv_interface/local/lib/python3.10/dist-packages/sum_srv_interface/sum_srv_interface_s__rosidl_typesupport_fastrtps_c.cpython-310-x86_64-linux-gnu.so
[4.456s] -- Installing: /home/jinyicheng/auto_navigation/install/sum_srv_interface/local/lib/python3.10/dist-packages/sum_srv_interface/__init__.py
[4.456s] -- Installing: /home/jinyicheng/auto_navigation/install/sum_srv_interface/local/lib/python3.10/dist-packages/sum_srv_interface/_sum_srv_interface_s.ep.rosidl_typesupport_introspection_c.c
[4.473s] Listing '/home/jinyicheng/auto_navigation/install/sum_srv_interface/local/lib/python3.10/dist-packages/sum_srv_interface'...
[4.473s] Compiling '/home/jinyicheng/auto_navigation/install/sum_srv_interface/local/lib/python3.10/dist-packages/sum_srv_interface/__init__.py'...
[4.473s] Listing '/home/jinyicheng/auto_navigation/install/sum_srv_interface/local/lib/python3.10/dist-packages/sum_srv_interface/srv'...
[4.473s] Compiling '/home/jinyicheng/auto_navigation/install/sum_srv_interface/local/lib/python3.10/dist-packages/sum_srv_interface/srv/__init__.py'...
[4.473s] Compiling '/home/jinyicheng/auto_navigation/install/sum_srv_interface/local/lib/python3.10/dist-packages/sum_srv_interface/srv/_sum.py'...
[4.475s] -- Installing: /home/jinyicheng/auto_navigation/install/sum_srv_interface/local/lib/python3.10/dist-packages/sum_srv_interface/sum_srv_interface_s__rosidl_typesupport_fastrtps_c.cpython-310-x86_64-linux-gnu.so
[4.476s] -- Set runtime path of "/home/jinyicheng/auto_navigation/install/sum_srv_interface/local/lib/python3.10/dist-packages/sum_srv_interface/sum_srv_interface_s__rosidl_typesupport_fastrtps_c.cpython-310-x86_64-linux-gnu.so" to ""
[4.476s] -- Installing: /home/jinyicheng/auto_navigation/install/sum_srv_interface/local/lib/python3.10/dist-packages/sum_srv_interface/sum_srv_interface_s__rosidl_typesupport_introspection_c.cpython-310-x86_64-linux-gnu.so
[4.476s] -- Set runtime path of "/home/jinyicheng/auto_navigation/install/sum_srv_interface/local/lib/python3.10/dist-packages/sum_srv_interface/sum_srv_interface_s__rosidl_typesupport_introspection_c.cpython-310-x86_64-linux-gnu.so" to ""
[4.476s] -- Installing: /home/jinyicheng/auto_navigation/install/sum_srv_interface/local/lib/python3.10/dist-packages/sum_srv_interface/sum_srv_interface_s__rosidl_typesupport_c.cpython-310-x86_64-linux-gnu.so
[4.476s] -- Set runtime path of "/home/jinyicheng/auto_navigation/install/sum_srv_interface/local/lib/python3.10/dist-packages/sum_srv_interface/sum_srv_interface_s__rosidl_typesupport_c.cpython-310-x86_64-linux-gnu.so" to ""
[4.476s] -- Installing: /home/jinyicheng/auto_navigation/install/sum_srv_interface/lib/libsum_srv_interface__rosidl_generator_py.so
[4.476s] -- Set runtime path of "/home/jinyicheng/auto_navigation/install/sum_srv_interface/lib/libsum_srv_interface__rosidl_generator_py.so" to ""
[4.476s] -- Installing: /home/jinyicheng/auto_navigation/install/sum_srv_interface/share/ament_index/resource_index/rust_packages/sum_srv_interface
[4.476s] -- Installing: /home/jinyicheng/auto_navigation/install/sum_srv_interface/share/sum_srv_interface/rust
[4.476s] -- Installing: /home/jinyicheng/auto_navigation/install/sum_srv_interface/share/sum_srv_interface/rust/src
[4.476s] -- Installing: /home/jinyicheng/auto_navigation/install/sum_srv_interface/share/sum_srv_interface/rust/src/srv
[4.477s] -- Installing: /home/jinyicheng/auto_navigation/install/sum_srv_interface/share/sum_srv_interface/rust/src/srv/rmw.rs
[4.477s] -- Installing: /home/jinyicheng/auto_navigation/install/sum_srv_interface/share/sum_srv_interface/rust/src/srv.rs
[4.477s] -- Installing: /home/jinyicheng/auto_navigation/install/sum_srv_interface/share/sum_srv_interface/rust/src/lib.rs
[4.477s] -- Installing: /home/jinyicheng/auto_navigation/install/sum_srv_interface/share/sum_srv_interface/rust/Cargo.toml
[4.477s] -- Installing: /home/jinyicheng/auto_navigation/install/sum_srv_interface/share/sum_srv_interface/rust/build.rs
[4.477s] -- Installing: /home/jinyicheng/auto_navigation/install/sum_srv_interface/share/sum_srv_interface/srv/Sum.idl
[4.477s] -- Installing: /home/jinyicheng/auto_navigation/install/sum_srv_interface/share/sum_srv_interface/srv/Sum.srv
[4.477s] -- Installing: /home/jinyicheng/auto_navigation/install/sum_srv_interface/share/sum_srv_interface/srv/Sum_Request.msg
[4.477s] -- Installing: /home/jinyicheng/auto_navigation/install/sum_srv_interface/share/sum_srv_interface/srv/Sum_Response.msg
[4.477s] -- Installing: /home/jinyicheng/auto_navigation/install/sum_srv_interface/share/ament_index/resource_index/package_run_dependencies/sum_srv_interface
[4.478s] -- Installing: /home/jinyicheng/auto_navigation/install/sum_srv_interface/share/ament_index/resource_index/parent_prefix_path/sum_srv_interface
[4.478s] -- Installing: /home/jinyicheng/auto_navigation/install/sum_srv_interface/share/sum_srv_interface/environment/ament_prefix_path.sh
[4.478s] -- Installing: /home/jinyicheng/auto_navigation/install/sum_srv_interface/share/sum_srv_interface/environment/ament_prefix_path.dsv
[4.478s] -- Installing: /home/jinyicheng/auto_navigation/install/sum_srv_interface/share/sum_srv_interface/environment/path.sh
[4.478s] -- Installing: /home/jinyicheng/auto_navigation/install/sum_srv_interface/share/sum_srv_interface/environment/path.dsv
[4.479s] -- Installing: /home/jinyicheng/auto_navigation/install/sum_srv_interface/share/sum_srv_interface/local_setup.bash
[4.479s] -- Installing: /home/jinyicheng/auto_navigation/install/sum_srv_interface/share/sum_srv_interface/local_setup.sh
[4.479s] -- Installing: /home/jinyicheng/auto_navigation/install/sum_srv_interface/share/sum_srv_interface/local_setup.zsh
[4.479s] -- Installing: /home/jinyicheng/auto_navigation/install/sum_srv_interface/share/sum_srv_interface/local_setup.dsv
[4.479s] -- Installing: /home/jinyicheng/auto_navigation/install/sum_srv_interface/share/sum_srv_interface/package.dsv
[4.479s] -- Installing: /home/jinyicheng/auto_navigation/install/sum_srv_interface/share/ament_index/resource_index/packages/sum_srv_interface
[4.479s] -- Installing: /home/jinyicheng/auto_navigation/install/sum_srv_interface/share/sum_srv_interface/cmake/export_sum_srv_interface__rosidl_generator_cExport.cmake
[4.479s] -- Installing: /home/jinyicheng/auto_navigation/install/sum_srv_interface/share/sum_srv_interface/cmake/export_sum_srv_interface__rosidl_generator_cExport-noconfig.cmake
[4.479s] -- Installing: /home/jinyicheng/auto_navigation/install/sum_srv_interface/share/sum_srv_interface/cmake/export_sum_srv_interface__rosidl_typesupport_fastrtps_cExport.cmake
[4.479s] -- Installing: /home/jinyicheng/auto_navigation/install/sum_srv_interface/share/sum_srv_interface/cmake/export_sum_srv_interface__rosidl_typesupport_fastrtps_cExport-noconfig.cmake
[4.479s] -- Installing: /home/jinyicheng/auto_navigation/install/sum_srv_interface/share/sum_srv_interface/cmake/sum_srv_interface__rosidl_typesupport_introspection_cExport.cmake
[4.479s] -- Installing: /home/jinyicheng/auto_navigation/install/sum_srv_interface/share/sum_srv_interface/cmake/sum_srv_interface__rosidl_typesupport_introspection_cExport-noconfig.cmake
[4.479s] -- Installing: /home/jinyicheng/auto_navigation/install/sum_srv_interface/share/sum_srv_interface/cmake/sum_srv_interface__rosidl_typesupport_cExport.cmake
[4.479s] -- Installing: /home/jinyicheng/auto_navigation/install/sum_srv_interface/share/sum_srv_interface/cmake/sum_srv_interface__rosidl_typesupport_cExport-noconfig.cmake
[4.479s] -- Installing: /home/jinyicheng/auto_navigation/install/sum_srv_interface/share/sum_srv_interface/cmake/export_sum_srv_interface__rosidl_generator_cppExport.cmake
[4.479s] -- Installing: /home/jinyicheng/auto_navigation/install/sum_srv_interface/share/sum_srv_interface/cmake/export_sum_srv_interface__rosidl_typesupport_fastrtps_cppExport.cmake
[4.479s] -- Installing: /home/jinyicheng/auto_navigation/install/sum_srv_interface/share/sum_srv_interface/cmake/export_sum_srv_interface__rosidl_typesupport_fastrtps_cppExport-noconfig.cmake
[4.479s] -- Installing: /home/jinyicheng/auto_navigation/install/sum_srv_interface/share/sum_srv_interface/cmake/sum_srv_interface__rosidl_typesupport_introspection_cppExport.cmake
[4.479s] -- Installing: /home/jinyicheng/auto_navigation/install/sum_srv_interface/share/sum_srv_interface/cmake/sum_srv_interface__rosidl_typesupport_introspection_cppExport-noconfig.cmake
[4.479s] -- Installing: /home/jinyicheng/auto_navigation/install/sum_srv_interface/share/sum_srv_interface/cmake/sum_srv_interface__rosidl_typesupport_cppExport.cmake
[4.479s] -- Installing: /home/jinyicheng/auto_navigation/install/sum_srv_interface/share/sum_srv_interface/cmake/sum_srv_interface__rosidl_typesupport_cppExport-noconfig.cmake
[4.479s] -- Installing: /home/jinyicheng/auto_navigation/install/sum_srv_interface/share/sum_srv_interface/cmake/export_sum_srv_interface__rosidl_generator_pyExport.cmake
[4.479s] -- Installing: /home/jinyicheng/auto_navigation/install/sum_srv_interface/share/sum_srv_interface/cmake/export_sum_srv_interface__rosidl_generator_pyExport-noconfig.cmake
[4.479s] -- Installing: /home/jinyicheng/auto_navigation/install/sum_srv_interface/share/sum_srv_interface/cmake/rosidl_cmake-extras.cmake
[4.479s] -- Installing: /home/jinyicheng/auto_navigation/install/sum_srv_interface/share/sum_srv_interface/cmake/ament_cmake_export_include_directories-extras.cmake
[4.479s] -- Installing: /home/jinyicheng/auto_navigation/install/sum_srv_interface/share/sum_srv_interface/cmake/ament_cmake_export_libraries-extras.cmake
[4.480s] -- Installing: /home/jinyicheng/auto_navigation/install/sum_srv_interface/share/sum_srv_interface/cmake/ament_cmake_export_targets-extras.cmake
[4.480s] -- Installing: /home/jinyicheng/auto_navigation/install/sum_srv_interface/share/sum_srv_interface/cmake/rosidl_cmake_export_typesupport_targets-extras.cmake
[4.480s] -- Installing: /home/jinyicheng/auto_navigation/install/sum_srv_interface/share/sum_srv_interface/cmake/ament_cmake_export_dependencies-extras.cmake
[4.480s] -- Installing: /home/jinyicheng/auto_navigation/install/sum_srv_interface/share/sum_srv_interface/cmake/rosidl_cmake_export_typesupport_libraries-extras.cmake
[4.480s] -- Installing: /home/jinyicheng/auto_navigation/install/sum_srv_interface/share/sum_srv_interface/cmake/sum_srv_interfaceConfig.cmake
[4.480s] -- Installing: /home/jinyicheng/auto_navigation/install/sum_srv_interface/share/sum_srv_interface/cmake/sum_srv_interfaceConfig-version.cmake
[4.480s] -- Installing: /home/jinyicheng/auto_navigation/install/sum_srv_interface/share/sum_srv_interface/package.xml
[4.481s] Invoked command in '/home/jinyicheng/auto_navigation/build/sum_srv_interface' returned '0': CMAKE_PREFIX_PATH=/opt/ros/humble /usr/bin/cmake --install /home/jinyicheng/auto_navigation/build/sum_srv_interface
