[0.727s] Invoking command in '/home/jinyicheng/auto_navigation/core/demo_python_tf': PYTHONPATH=/home/jinyicheng/auto_navigation/build/demo_python_tf/prefix_override:/usr/lib/python3/dist-packages/colcon_core/task/python/colcon_distutils_commands:/home/jinyicheng/auto_navigation/install/demo_python_tf/lib/python3.10/site-packages:${PYTHONPATH} /usr/bin/python3 -W ignore:setup.py install is deprecated -W ignore:easy_install command is deprecated setup.py egg_info --egg-base ../../build/demo_python_tf build --build-base /home/jinyicheng/auto_navigation/build/demo_python_tf/build install --record /home/jinyicheng/auto_navigation/build/demo_python_tf/install.log --single-version-externally-managed install_data
[0.841s] running egg_info
[0.841s] creating ../../build/demo_python_tf/demo_python_tf.egg-info
[0.841s] writing ../../build/demo_python_tf/demo_python_tf.egg-info/PKG-INFO
[0.841s] writing dependency_links to ../../build/demo_python_tf/demo_python_tf.egg-info/dependency_links.txt
[0.841s] writing entry points to ../../build/demo_python_tf/demo_python_tf.egg-info/entry_points.txt
[0.841s] writing requirements to ../../build/demo_python_tf/demo_python_tf.egg-info/requires.txt
[0.841s] writing top-level names to ../../build/demo_python_tf/demo_python_tf.egg-info/top_level.txt
[0.841s] writing manifest file '../../build/demo_python_tf/demo_python_tf.egg-info/SOURCES.txt'
[0.842s] reading manifest file '../../build/demo_python_tf/demo_python_tf.egg-info/SOURCES.txt'
[0.842s] adding license file 'LICENSE'
[0.843s] writing manifest file '../../build/demo_python_tf/demo_python_tf.egg-info/SOURCES.txt'
[0.843s] running build
[0.843s] running build_py
[0.844s] creating /home/jinyicheng/auto_navigation/build/demo_python_tf/build
[0.844s] creating /home/jinyicheng/auto_navigation/build/demo_python_tf/build/lib
[0.844s] creating /home/jinyicheng/auto_navigation/build/demo_python_tf/build/lib/demo_python_tf
[0.844s] copying demo_python_tf/static_tf_broadcaster.py -> /home/jinyicheng/auto_navigation/build/demo_python_tf/build/lib/demo_python_tf
[0.844s] copying demo_python_tf/__init__.py -> /home/jinyicheng/auto_navigation/build/demo_python_tf/build/lib/demo_python_tf
[0.844s] running install
[0.844s] running install_lib
[0.845s] creating /home/jinyicheng/auto_navigation/install/demo_python_tf/lib/python3.10/site-packages/demo_python_tf
[0.845s] copying /home/jinyicheng/auto_navigation/build/demo_python_tf/build/lib/demo_python_tf/static_tf_broadcaster.py -> /home/jinyicheng/auto_navigation/install/demo_python_tf/lib/python3.10/site-packages/demo_python_tf
[0.845s] copying /home/jinyicheng/auto_navigation/build/demo_python_tf/build/lib/demo_python_tf/__init__.py -> /home/jinyicheng/auto_navigation/install/demo_python_tf/lib/python3.10/site-packages/demo_python_tf
[0.845s] byte-compiling /home/jinyicheng/auto_navigation/install/demo_python_tf/lib/python3.10/site-packages/demo_python_tf/static_tf_broadcaster.py to static_tf_broadcaster.cpython-310.pyc
[0.846s] byte-compiling /home/jinyicheng/auto_navigation/install/demo_python_tf/lib/python3.10/site-packages/demo_python_tf/__init__.py to __init__.cpython-310.pyc
[0.846s] running install_data
[0.846s] creating /home/jinyicheng/auto_navigation/install/demo_python_tf/share/ament_index
[0.846s] creating /home/jinyicheng/auto_navigation/install/demo_python_tf/share/ament_index/resource_index
[0.846s] creating /home/jinyicheng/auto_navigation/install/demo_python_tf/share/ament_index/resource_index/packages
[0.846s] copying resource/demo_python_tf -> /home/jinyicheng/auto_navigation/install/demo_python_tf/share/ament_index/resource_index/packages
[0.846s] copying package.xml -> /home/jinyicheng/auto_navigation/install/demo_python_tf/share/demo_python_tf
[0.846s] running install_egg_info
[0.848s] Copying ../../build/demo_python_tf/demo_python_tf.egg-info to /home/jinyicheng/auto_navigation/install/demo_python_tf/lib/python3.10/site-packages/demo_python_tf-0.0.0-py3.10.egg-info
[0.848s] running install_scripts
[0.859s] Installing static_tf_broadcaster script to /home/jinyicheng/auto_navigation/install/demo_python_tf/lib/demo_python_tf
[0.859s] writing list of installed files to '/home/jinyicheng/auto_navigation/build/demo_python_tf/install.log'
[0.879s] Invoked command in '/home/jinyicheng/auto_navigation/core/demo_python_tf' returned '0': PYTHONPATH=/home/jinyicheng/auto_navigation/build/demo_python_tf/prefix_override:/usr/lib/python3/dist-packages/colcon_core/task/python/colcon_distutils_commands:/home/jinyicheng/auto_navigation/install/demo_python_tf/lib/python3.10/site-packages:${PYTHONPATH} /usr/bin/python3 -W ignore:setup.py install is deprecated -W ignore:easy_install command is deprecated setup.py egg_info --egg-base ../../build/demo_python_tf build --build-base /home/jinyicheng/auto_navigation/build/demo_python_tf/build install --record /home/jinyicheng/auto_navigation/build/demo_python_tf/install.log --single-version-externally-managed install_data
