running egg_info
writing ../../build/node2/node2.egg-info/PKG-INFO
writing dependency_links to ../../build/node2/node2.egg-info/dependency_links.txt
writing entry points to ../../build/node2/node2.egg-info/entry_points.txt
writing requirements to ../../build/node2/node2.egg-info/requires.txt
writing top-level names to ../../build/node2/node2.egg-info/top_level.txt
reading manifest file '../../build/node2/node2.egg-info/SOURCES.txt'
adding license file 'LICENSE'
writing manifest file '../../build/node2/node2.egg-info/SOURCES.txt'
running build
running build_py
copying node2/novel_sub_node.py -> /home/jinyicheng/auto_navigation/build/node2/build/lib/node2
running install
running install_lib
copying /home/jinyicheng/auto_navigation/build/node2/build/lib/node2/novel_sub_node.py -> /home/jinyicheng/auto_navigation/install/node2/lib/python3.10/site-packages/node2
byte-compiling /home/jinyicheng/auto_navigation/install/node2/lib/python3.10/site-packages/node2/novel_sub_node.py to novel_sub_node.cpython-310.pyc
running install_data
running install_egg_info
removing '/home/jinyicheng/auto_navigation/install/node2/lib/python3.10/site-packages/node2-0.0.0-py3.10.egg-info' (and everything under it)
Copying ../../build/node2/node2.egg-info to /home/jinyicheng/auto_navigation/install/node2/lib/python3.10/site-packages/node2-0.0.0-py3.10.egg-info
running install_scripts
Installing process_pub_novel script to /home/jinyicheng/auto_navigation/install/node2/lib/node2
Installing process_sub_novel script to /home/jinyicheng/auto_navigation/install/node2/lib/node2
writing list of installed files to '/home/jinyicheng/auto_navigation/build/node2/install.log'
