[0.629s] Invoking command in '/home/jinyicheng/auto_navigation/core/status_publisher': AMENT_PREFIX_PATH=/home/jinyicheng/auto_navigation/install/status_interface:${AMENT_PREFIX_PATH} CMAKE_PREFIX_PATH=/home/jinyicheng/auto_navigation/install/status_interface LD_LIBRARY_PATH=/home/jinyicheng/auto_navigation/install/status_interface/lib:${LD_LIBRARY_PATH} PYTHONPATH=/home/jinyicheng/auto_navigation/build/status_publisher/prefix_override:/usr/lib/python3/dist-packages/colcon_core/task/python/colcon_distutils_commands:/home/jinyicheng/auto_navigation/install/status_publisher/lib/python3.10/site-packages:/home/jinyicheng/auto_navigation/install/status_interface/local/lib/python3.10/dist-packages:${PYTHONPATH} /usr/bin/python3 -W ignore:setup.py install is deprecated -W ignore:easy_install command is deprecated setup.py egg_info --egg-base ../../build/status_publisher build --build-base /home/jinyicheng/auto_navigation/build/status_publisher/build install --record /home/jinyicheng/auto_navigation/build/status_publisher/install.log --single-version-externally-managed install_data
[0.750s] running egg_info
[0.750s] writing ../../build/status_publisher/status_publisher.egg-info/PKG-INFO
[0.750s] writing dependency_links to ../../build/status_publisher/status_publisher.egg-info/dependency_links.txt
[0.751s] writing entry points to ../../build/status_publisher/status_publisher.egg-info/entry_points.txt
[0.751s] writing requirements to ../../build/status_publisher/status_publisher.egg-info/requires.txt
[0.751s] writing top-level names to ../../build/status_publisher/status_publisher.egg-info/top_level.txt
[0.752s] reading manifest file '../../build/status_publisher/status_publisher.egg-info/SOURCES.txt'
[0.752s] adding license file 'LICENSE'
[0.753s] writing manifest file '../../build/status_publisher/status_publisher.egg-info/SOURCES.txt'
[0.753s] running build
[0.753s] running build_py
[0.753s] running install
[0.753s] running install_lib
[0.754s] running install_data
[0.754s] running install_egg_info
[0.755s] removing '/home/jinyicheng/auto_navigation/install/status_publisher/lib/python3.10/site-packages/status_publisher-0.0.0-py3.10.egg-info' (and everything under it)
[0.755s] Copying ../../build/status_publisher/status_publisher.egg-info to /home/jinyicheng/auto_navigation/install/status_publisher/lib/python3.10/site-packages/status_publisher-0.0.0-py3.10.egg-info
[0.758s] running install_scripts
[0.768s] Installing process_pub_sys_status script to /home/jinyicheng/auto_navigation/install/status_publisher/lib/status_publisher
[0.768s] writing list of installed files to '/home/jinyicheng/auto_navigation/build/status_publisher/install.log'
[0.783s] Invoked command in '/home/jinyicheng/auto_navigation/core/status_publisher' returned '0': AMENT_PREFIX_PATH=/home/jinyicheng/auto_navigation/install/status_interface:${AMENT_PREFIX_PATH} CMAKE_PREFIX_PATH=/home/jinyicheng/auto_navigation/install/status_interface LD_LIBRARY_PATH=/home/jinyicheng/auto_navigation/install/status_interface/lib:${LD_LIBRARY_PATH} PYTHONPATH=/home/jinyicheng/auto_navigation/build/status_publisher/prefix_override:/usr/lib/python3/dist-packages/colcon_core/task/python/colcon_distutils_commands:/home/jinyicheng/auto_navigation/install/status_publisher/lib/python3.10/site-packages:/home/jinyicheng/auto_navigation/install/status_interface/local/lib/python3.10/dist-packages:${PYTHONPATH} /usr/bin/python3 -W ignore:setup.py install is deprecated -W ignore:easy_install command is deprecated setup.py egg_info --egg-base ../../build/status_publisher build --build-base /home/jinyicheng/auto_navigation/build/status_publisher/build install --record /home/jinyicheng/auto_navigation/build/status_publisher/install.log --single-version-externally-managed install_data
