[0.032s] Invoking command in '/home/jinyicheng/auto_navigation/build/sum_srv_interface': CMAKE_PREFIX_PATH=/opt/ros/humble /usr/bin/cmake --build /home/jinyicheng/auto_navigation/build/sum_srv_interface -- -j20 -l20
[0.490s] [  3%] Built target sum_srv_interface__cpp
[0.490s] [  6%] Built target sum_srv_interface__rs
[0.490s] [  6%] Built target ament_cmake_python_copy_sum_srv_interface
[0.490s] [ 15%] Built target sum_srv_interface__rosidl_generator_c
[0.491s] [ 25%] Built target sum_srv_interface__rosidl_typesupport_introspection_cpp
[0.491s] [ 40%] Built target sum_srv_interface__rosidl_typesupport_fastrtps_cpp
[0.491s] [ 43%] Built target sum_srv_interface__rosidl_typesupport_cpp
[0.491s] [ 56%] Built target sum_srv_interface__rosidl_typesupport_introspection_c
[0.491s] [ 62%] Built target sum_srv_interface__rosidl_typesupport_fastrtps_c
[0.491s] [ 71%] Built target sum_srv_interface__rosidl_typesupport_c
[0.491s] [ 71%] Built target sum_srv_interface
[0.491s] [ 75%] Built target sum_srv_interface__py
[0.491s] [ 81%] Built target sum_srv_interface__rosidl_generator_py
[0.491s] [ 93%] Built target sum_srv_interface__rosidl_typesupport_introspection_c__pyext
[0.491s] [ 93%] Built target sum_srv_interface__rosidl_typesupport_fastrtps_c__pyext
[0.491s] [100%] Built target sum_srv_interface__rosidl_typesupport_c__pyext
[0.491s] running egg_info
[0.491s] writing sum_srv_interface.egg-info/PKG-INFO
[0.492s] writing dependency_links to sum_srv_interface.egg-info/dependency_links.txt
[0.492s] writing top-level names to sum_srv_interface.egg-info/top_level.txt
[0.492s] reading manifest file 'sum_srv_interface.egg-info/SOURCES.txt'
[0.492s] writing manifest file 'sum_srv_interface.egg-info/SOURCES.txt'
[0.492s] [100%] Built target ament_cmake_python_build_sum_srv_interface_egg
[0.495s] Invoked command in '/home/jinyicheng/auto_navigation/build/sum_srv_interface' returned '0': CMAKE_PREFIX_PATH=/opt/ros/humble /usr/bin/cmake --build /home/jinyicheng/auto_navigation/build/sum_srv_interface -- -j20 -l20
[0.501s] Invoking command in '/home/jinyicheng/auto_navigation/build/sum_srv_interface': CMAKE_PREFIX_PATH=/opt/ros/humble /usr/bin/cmake --install /home/jinyicheng/auto_navigation/build/sum_srv_interface
[0.507s] -- Install configuration: ""
[0.507s] -- Up-to-date: /home/jinyicheng/auto_navigation/install/sum_srv_interface/share/ament_index/resource_index/rosidl_interfaces/sum_srv_interface
[0.507s] -- Up-to-date: /home/jinyicheng/auto_navigation/install/sum_srv_interface/include/sum_srv_interface/sum_srv_interface
[0.507s] -- Up-to-date: /home/jinyicheng/auto_navigation/install/sum_srv_interface/include/sum_srv_interface/sum_srv_interface/srv
[0.508s] -- Up-to-date: /home/jinyicheng/auto_navigation/install/sum_srv_interface/include/sum_srv_interface/sum_srv_interface/srv/sum.h
[0.508s] -- Up-to-date: /home/jinyicheng/auto_navigation/install/sum_srv_interface/include/sum_srv_interface/sum_srv_interface/srv/detail
[0.508s] -- Up-to-date: /home/jinyicheng/auto_navigation/install/sum_srv_interface/include/sum_srv_interface/sum_srv_interface/srv/detail/sum__type_support.h
[0.509s] -- Up-to-date: /home/jinyicheng/auto_navigation/install/sum_srv_interface/include/sum_srv_interface/sum_srv_interface/srv/detail/sum__functions.h
[0.509s] -- Up-to-date: /home/jinyicheng/auto_navigation/install/sum_srv_interface/include/sum_srv_interface/sum_srv_interface/srv/detail/sum__functions.c
[0.509s] -- Up-to-date: /home/jinyicheng/auto_navigation/install/sum_srv_interface/include/sum_srv_interface/sum_srv_interface/srv/detail/sum__struct.h
[0.509s] -- Up-to-date: /home/jinyicheng/auto_navigation/install/sum_srv_interface/include/sum_srv_interface/sum_srv_interface/msg
[0.509s] -- Up-to-date: /home/jinyicheng/auto_navigation/install/sum_srv_interface/include/sum_srv_interface/sum_srv_interface/msg/rosidl_generator_c__visibility_control.h
[0.509s] -- Up-to-date: /home/jinyicheng/auto_navigation/install/sum_srv_interface/share/sum_srv_interface/environment/library_path.sh
[0.509s] -- Up-to-date: /home/jinyicheng/auto_navigation/install/sum_srv_interface/share/sum_srv_interface/environment/library_path.dsv
[0.510s] -- Up-to-date: /home/jinyicheng/auto_navigation/install/sum_srv_interface/lib/libsum_srv_interface__rosidl_generator_c.so
[0.510s] -- Up-to-date: /home/jinyicheng/auto_navigation/install/sum_srv_interface/include/sum_srv_interface/sum_srv_interface
[0.510s] -- Up-to-date: /home/jinyicheng/auto_navigation/install/sum_srv_interface/include/sum_srv_interface/sum_srv_interface/srv
[0.510s] -- Up-to-date: /home/jinyicheng/auto_navigation/install/sum_srv_interface/include/sum_srv_interface/sum_srv_interface/srv/detail
[0.511s] -- Up-to-date: /home/jinyicheng/auto_navigation/install/sum_srv_interface/include/sum_srv_interface/sum_srv_interface/srv/detail/sum__rosidl_typesupport_fastrtps_c.h
[0.511s] -- Up-to-date: /home/jinyicheng/auto_navigation/install/sum_srv_interface/include/sum_srv_interface/sum_srv_interface/msg
[0.512s] -- Up-to-date: /home/jinyicheng/auto_navigation/install/sum_srv_interface/include/sum_srv_interface/sum_srv_interface/msg/rosidl_typesupport_fastrtps_c__visibility_control.h
[0.513s] -- Up-to-date: /home/jinyicheng/auto_navigation/install/sum_srv_interface/lib/libsum_srv_interface__rosidl_typesupport_fastrtps_c.so
[0.513s] -- Up-to-date: /home/jinyicheng/auto_navigation/install/sum_srv_interface/include/sum_srv_interface/sum_srv_interface
[0.513s] -- Up-to-date: /home/jinyicheng/auto_navigation/install/sum_srv_interface/include/sum_srv_interface/sum_srv_interface/srv
[0.514s] -- Up-to-date: /home/jinyicheng/auto_navigation/install/sum_srv_interface/include/sum_srv_interface/sum_srv_interface/srv/detail
[0.514s] -- Up-to-date: /home/jinyicheng/auto_navigation/install/sum_srv_interface/include/sum_srv_interface/sum_srv_interface/srv/detail/sum__type_support.c
[0.514s] -- Up-to-date: /home/jinyicheng/auto_navigation/install/sum_srv_interface/include/sum_srv_interface/sum_srv_interface/srv/detail/sum__rosidl_typesupport_introspection_c.h
[0.514s] -- Up-to-date: /home/jinyicheng/auto_navigation/install/sum_srv_interface/include/sum_srv_interface/sum_srv_interface/msg
[0.515s] -- Up-to-date: /home/jinyicheng/auto_navigation/install/sum_srv_interface/include/sum_srv_interface/sum_srv_interface/msg/rosidl_typesupport_introspection_c__visibility_control.h
[0.515s] -- Up-to-date: /home/jinyicheng/auto_navigation/install/sum_srv_interface/lib/libsum_srv_interface__rosidl_typesupport_introspection_c.so
[0.515s] -- Up-to-date: /home/jinyicheng/auto_navigation/install/sum_srv_interface/lib/libsum_srv_interface__rosidl_typesupport_c.so
[0.515s] -- Up-to-date: /home/jinyicheng/auto_navigation/install/sum_srv_interface/include/sum_srv_interface/sum_srv_interface
[0.516s] -- Up-to-date: /home/jinyicheng/auto_navigation/install/sum_srv_interface/include/sum_srv_interface/sum_srv_interface/srv
[0.516s] -- Up-to-date: /home/jinyicheng/auto_navigation/install/sum_srv_interface/include/sum_srv_interface/sum_srv_interface/srv/sum.hpp
[0.516s] -- Up-to-date: /home/jinyicheng/auto_navigation/install/sum_srv_interface/include/sum_srv_interface/sum_srv_interface/srv/detail
[0.517s] -- Up-to-date: /home/jinyicheng/auto_navigation/install/sum_srv_interface/include/sum_srv_interface/sum_srv_interface/srv/detail/sum__struct.hpp
[0.517s] -- Up-to-date: /home/jinyicheng/auto_navigation/install/sum_srv_interface/include/sum_srv_interface/sum_srv_interface/srv/detail/sum__traits.hpp
[0.517s] -- Up-to-date: /home/jinyicheng/auto_navigation/install/sum_srv_interface/include/sum_srv_interface/sum_srv_interface/srv/detail/sum__type_support.hpp
[0.517s] -- Up-to-date: /home/jinyicheng/auto_navigation/install/sum_srv_interface/include/sum_srv_interface/sum_srv_interface/srv/detail/sum__builder.hpp
[0.517s] -- Up-to-date: /home/jinyicheng/auto_navigation/install/sum_srv_interface/include/sum_srv_interface/sum_srv_interface/msg
[0.518s] -- Up-to-date: /home/jinyicheng/auto_navigation/install/sum_srv_interface/include/sum_srv_interface/sum_srv_interface/msg/rosidl_generator_cpp__visibility_control.hpp
[0.518s] -- Up-to-date: /home/jinyicheng/auto_navigation/install/sum_srv_interface/include/sum_srv_interface/sum_srv_interface
[0.518s] -- Up-to-date: /home/jinyicheng/auto_navigation/install/sum_srv_interface/include/sum_srv_interface/sum_srv_interface/srv
[0.518s] -- Up-to-date: /home/jinyicheng/auto_navigation/install/sum_srv_interface/include/sum_srv_interface/sum_srv_interface/srv/detail
[0.518s] -- Up-to-date: /home/jinyicheng/auto_navigation/install/sum_srv_interface/include/sum_srv_interface/sum_srv_interface/srv/detail/dds_fastrtps
[0.519s] -- Up-to-date: /home/jinyicheng/auto_navigation/install/sum_srv_interface/include/sum_srv_interface/sum_srv_interface/srv/detail/sum__rosidl_typesupport_fastrtps_cpp.hpp
[0.519s] -- Up-to-date: /home/jinyicheng/auto_navigation/install/sum_srv_interface/include/sum_srv_interface/sum_srv_interface/msg
[0.520s] -- Up-to-date: /home/jinyicheng/auto_navigation/install/sum_srv_interface/include/sum_srv_interface/sum_srv_interface/msg/rosidl_typesupport_fastrtps_cpp__visibility_control.h
[0.520s] -- Up-to-date: /home/jinyicheng/auto_navigation/install/sum_srv_interface/lib/libsum_srv_interface__rosidl_typesupport_fastrtps_cpp.so
[0.520s] -- Up-to-date: /home/jinyicheng/auto_navigation/install/sum_srv_interface/include/sum_srv_interface/sum_srv_interface
[0.520s] -- Up-to-date: /home/jinyicheng/auto_navigation/install/sum_srv_interface/include/sum_srv_interface/sum_srv_interface/srv
[0.520s] -- Up-to-date: /home/jinyicheng/auto_navigation/install/sum_srv_interface/include/sum_srv_interface/sum_srv_interface/srv/detail
[0.520s] -- Up-to-date: /home/jinyicheng/auto_navigation/install/sum_srv_interface/include/sum_srv_interface/sum_srv_interface/srv/detail/sum__type_support.cpp
[0.520s] -- Up-to-date: /home/jinyicheng/auto_navigation/install/sum_srv_interface/include/sum_srv_interface/sum_srv_interface/srv/detail/sum__rosidl_typesupport_introspection_cpp.hpp
[0.520s] -- Up-to-date: /home/jinyicheng/auto_navigation/install/sum_srv_interface/lib/libsum_srv_interface__rosidl_typesupport_introspection_cpp.so
[0.521s] -- Up-to-date: /home/jinyicheng/auto_navigation/install/sum_srv_interface/lib/libsum_srv_interface__rosidl_typesupport_cpp.so
[0.523s] -- Up-to-date: /home/jinyicheng/auto_navigation/install/sum_srv_interface/share/sum_srv_interface/environment/pythonpath.sh
[0.523s] -- Up-to-date: /home/jinyicheng/auto_navigation/install/sum_srv_interface/share/sum_srv_interface/environment/pythonpath.dsv
[0.523s] -- Up-to-date: /home/jinyicheng/auto_navigation/install/sum_srv_interface/local/lib/python3.10/dist-packages/sum_srv_interface-0.0.0-py3.10.egg-info
[0.523s] -- Installing: /home/jinyicheng/auto_navigation/install/sum_srv_interface/local/lib/python3.10/dist-packages/sum_srv_interface-0.0.0-py3.10.egg-info/top_level.txt
[0.523s] -- Installing: /home/jinyicheng/auto_navigation/install/sum_srv_interface/local/lib/python3.10/dist-packages/sum_srv_interface-0.0.0-py3.10.egg-info/dependency_links.txt
[0.523s] -- Installing: /home/jinyicheng/auto_navigation/install/sum_srv_interface/local/lib/python3.10/dist-packages/sum_srv_interface-0.0.0-py3.10.egg-info/SOURCES.txt
[0.524s] -- Installing: /home/jinyicheng/auto_navigation/install/sum_srv_interface/local/lib/python3.10/dist-packages/sum_srv_interface-0.0.0-py3.10.egg-info/PKG-INFO
[0.524s] -- Up-to-date: /home/jinyicheng/auto_navigation/install/sum_srv_interface/local/lib/python3.10/dist-packages/sum_srv_interface
[0.524s] -- Up-to-date: /home/jinyicheng/auto_navigation/install/sum_srv_interface/local/lib/python3.10/dist-packages/sum_srv_interface/srv
[0.525s] -- Up-to-date: /home/jinyicheng/auto_navigation/install/sum_srv_interface/local/lib/python3.10/dist-packages/sum_srv_interface/srv/_sum.py
[0.525s] -- Up-to-date: /home/jinyicheng/auto_navigation/install/sum_srv_interface/local/lib/python3.10/dist-packages/sum_srv_interface/srv/_sum_s.c
[0.525s] -- Up-to-date: /home/jinyicheng/auto_navigation/install/sum_srv_interface/local/lib/python3.10/dist-packages/sum_srv_interface/srv/__init__.py
[0.525s] -- Up-to-date: /home/jinyicheng/auto_navigation/install/sum_srv_interface/local/lib/python3.10/dist-packages/sum_srv_interface/sum_srv_interface_s__rosidl_typesupport_introspection_c.cpython-310-x86_64-linux-gnu.so
[0.525s] -- Up-to-date: /home/jinyicheng/auto_navigation/install/sum_srv_interface/local/lib/python3.10/dist-packages/sum_srv_interface/_sum_srv_interface_s.ep.rosidl_typesupport_c.c
[0.525s] -- Up-to-date: /home/jinyicheng/auto_navigation/install/sum_srv_interface/local/lib/python3.10/dist-packages/sum_srv_interface/libsum_srv_interface__rosidl_generator_py.so
[0.525s] -- Up-to-date: /home/jinyicheng/auto_navigation/install/sum_srv_interface/local/lib/python3.10/dist-packages/sum_srv_interface/sum_srv_interface_s__rosidl_typesupport_c.cpython-310-x86_64-linux-gnu.so
[0.525s] -- Up-to-date: /home/jinyicheng/auto_navigation/install/sum_srv_interface/local/lib/python3.10/dist-packages/sum_srv_interface/_sum_srv_interface_s.ep.rosidl_typesupport_fastrtps_c.c
[0.525s] -- Up-to-date: /home/jinyicheng/auto_navigation/install/sum_srv_interface/local/lib/python3.10/dist-packages/sum_srv_interface/sum_srv_interface_s__rosidl_typesupport_fastrtps_c.cpython-310-x86_64-linux-gnu.so
[0.525s] -- Up-to-date: /home/jinyicheng/auto_navigation/install/sum_srv_interface/local/lib/python3.10/dist-packages/sum_srv_interface/__init__.py
[0.525s] -- Up-to-date: /home/jinyicheng/auto_navigation/install/sum_srv_interface/local/lib/python3.10/dist-packages/sum_srv_interface/_sum_srv_interface_s.ep.rosidl_typesupport_introspection_c.c
[0.535s] Listing '/home/jinyicheng/auto_navigation/install/sum_srv_interface/local/lib/python3.10/dist-packages/sum_srv_interface'...
[0.535s] Listing '/home/jinyicheng/auto_navigation/install/sum_srv_interface/local/lib/python3.10/dist-packages/sum_srv_interface/srv'...
[0.540s] -- Up-to-date: /home/jinyicheng/auto_navigation/install/sum_srv_interface/local/lib/python3.10/dist-packages/sum_srv_interface/sum_srv_interface_s__rosidl_typesupport_fastrtps_c.cpython-310-x86_64-linux-gnu.so
[0.541s] -- Up-to-date: /home/jinyicheng/auto_navigation/install/sum_srv_interface/local/lib/python3.10/dist-packages/sum_srv_interface/sum_srv_interface_s__rosidl_typesupport_introspection_c.cpython-310-x86_64-linux-gnu.so
[0.541s] -- Up-to-date: /home/jinyicheng/auto_navigation/install/sum_srv_interface/local/lib/python3.10/dist-packages/sum_srv_interface/sum_srv_interface_s__rosidl_typesupport_c.cpython-310-x86_64-linux-gnu.so
[0.542s] -- Up-to-date: /home/jinyicheng/auto_navigation/install/sum_srv_interface/lib/libsum_srv_interface__rosidl_generator_py.so
[0.543s] -- Up-to-date: /home/jinyicheng/auto_navigation/install/sum_srv_interface/share/ament_index/resource_index/rust_packages/sum_srv_interface
[0.543s] -- Up-to-date: /home/jinyicheng/auto_navigation/install/sum_srv_interface/share/sum_srv_interface/rust
[0.543s] -- Up-to-date: /home/jinyicheng/auto_navigation/install/sum_srv_interface/share/sum_srv_interface/rust/src
[0.543s] -- Up-to-date: /home/jinyicheng/auto_navigation/install/sum_srv_interface/share/sum_srv_interface/rust/src/srv
[0.543s] -- Up-to-date: /home/jinyicheng/auto_navigation/install/sum_srv_interface/share/sum_srv_interface/rust/src/srv/rmw.rs
[0.544s] -- Up-to-date: /home/jinyicheng/auto_navigation/install/sum_srv_interface/share/sum_srv_interface/rust/src/srv.rs
[0.544s] -- Up-to-date: /home/jinyicheng/auto_navigation/install/sum_srv_interface/share/sum_srv_interface/rust/src/lib.rs
[0.544s] -- Up-to-date: /home/jinyicheng/auto_navigation/install/sum_srv_interface/share/sum_srv_interface/rust/Cargo.toml
[0.545s] -- Up-to-date: /home/jinyicheng/auto_navigation/install/sum_srv_interface/share/sum_srv_interface/rust/build.rs
[0.545s] -- Up-to-date: /home/jinyicheng/auto_navigation/install/sum_srv_interface/share/sum_srv_interface/srv/Sum.idl
[0.545s] -- Up-to-date: /home/jinyicheng/auto_navigation/install/sum_srv_interface/share/sum_srv_interface/srv/Sum.srv
[0.545s] -- Up-to-date: /home/jinyicheng/auto_navigation/install/sum_srv_interface/share/sum_srv_interface/srv/Sum_Request.msg
[0.545s] -- Up-to-date: /home/jinyicheng/auto_navigation/install/sum_srv_interface/share/sum_srv_interface/srv/Sum_Response.msg
[0.545s] -- Up-to-date: /home/jinyicheng/auto_navigation/install/sum_srv_interface/share/ament_index/resource_index/package_run_dependencies/sum_srv_interface
[0.546s] -- Up-to-date: /home/jinyicheng/auto_navigation/install/sum_srv_interface/share/ament_index/resource_index/parent_prefix_path/sum_srv_interface
[0.546s] -- Up-to-date: /home/jinyicheng/auto_navigation/install/sum_srv_interface/share/sum_srv_interface/environment/ament_prefix_path.sh
[0.546s] -- Up-to-date: /home/jinyicheng/auto_navigation/install/sum_srv_interface/share/sum_srv_interface/environment/ament_prefix_path.dsv
[0.546s] -- Up-to-date: /home/jinyicheng/auto_navigation/install/sum_srv_interface/share/sum_srv_interface/environment/path.sh
[0.546s] -- Up-to-date: /home/jinyicheng/auto_navigation/install/sum_srv_interface/share/sum_srv_interface/environment/path.dsv
[0.546s] -- Up-to-date: /home/jinyicheng/auto_navigation/install/sum_srv_interface/share/sum_srv_interface/local_setup.bash
[0.546s] -- Up-to-date: /home/jinyicheng/auto_navigation/install/sum_srv_interface/share/sum_srv_interface/local_setup.sh
[0.546s] -- Up-to-date: /home/jinyicheng/auto_navigation/install/sum_srv_interface/share/sum_srv_interface/local_setup.zsh
[0.546s] -- Up-to-date: /home/jinyicheng/auto_navigation/install/sum_srv_interface/share/sum_srv_interface/local_setup.dsv
[0.547s] -- Installing: /home/jinyicheng/auto_navigation/install/sum_srv_interface/share/sum_srv_interface/package.dsv
[0.549s] -- Up-to-date: /home/jinyicheng/auto_navigation/install/sum_srv_interface/share/ament_index/resource_index/packages/sum_srv_interface
[0.550s] -- Up-to-date: /home/jinyicheng/auto_navigation/install/sum_srv_interface/share/sum_srv_interface/cmake/export_sum_srv_interface__rosidl_generator_cExport.cmake
[0.550s] -- Up-to-date: /home/jinyicheng/auto_navigation/install/sum_srv_interface/share/sum_srv_interface/cmake/export_sum_srv_interface__rosidl_generator_cExport-noconfig.cmake
[0.552s] -- Up-to-date: /home/jinyicheng/auto_navigation/install/sum_srv_interface/share/sum_srv_interface/cmake/export_sum_srv_interface__rosidl_typesupport_fastrtps_cExport.cmake
[0.553s] -- Up-to-date: /home/jinyicheng/auto_navigation/install/sum_srv_interface/share/sum_srv_interface/cmake/export_sum_srv_interface__rosidl_typesupport_fastrtps_cExport-noconfig.cmake
[0.553s] -- Up-to-date: /home/jinyicheng/auto_navigation/install/sum_srv_interface/share/sum_srv_interface/cmake/sum_srv_interface__rosidl_typesupport_introspection_cExport.cmake
[0.553s] -- Up-to-date: /home/jinyicheng/auto_navigation/install/sum_srv_interface/share/sum_srv_interface/cmake/sum_srv_interface__rosidl_typesupport_introspection_cExport-noconfig.cmake
[0.554s] -- Up-to-date: /home/jinyicheng/auto_navigation/install/sum_srv_interface/share/sum_srv_interface/cmake/sum_srv_interface__rosidl_typesupport_cExport.cmake
[0.554s] -- Up-to-date: /home/jinyicheng/auto_navigation/install/sum_srv_interface/share/sum_srv_interface/cmake/sum_srv_interface__rosidl_typesupport_cExport-noconfig.cmake
[0.554s] -- Up-to-date: /home/jinyicheng/auto_navigation/install/sum_srv_interface/share/sum_srv_interface/cmake/export_sum_srv_interface__rosidl_generator_cppExport.cmake
[0.555s] -- Up-to-date: /home/jinyicheng/auto_navigation/install/sum_srv_interface/share/sum_srv_interface/cmake/export_sum_srv_interface__rosidl_typesupport_fastrtps_cppExport.cmake
[0.555s] -- Up-to-date: /home/jinyicheng/auto_navigation/install/sum_srv_interface/share/sum_srv_interface/cmake/export_sum_srv_interface__rosidl_typesupport_fastrtps_cppExport-noconfig.cmake
[0.555s] -- Up-to-date: /home/jinyicheng/auto_navigation/install/sum_srv_interface/share/sum_srv_interface/cmake/sum_srv_interface__rosidl_typesupport_introspection_cppExport.cmake
[0.556s] -- Up-to-date: /home/jinyicheng/auto_navigation/install/sum_srv_interface/share/sum_srv_interface/cmake/sum_srv_interface__rosidl_typesupport_introspection_cppExport-noconfig.cmake
[0.556s] -- Up-to-date: /home/jinyicheng/auto_navigation/install/sum_srv_interface/share/sum_srv_interface/cmake/sum_srv_interface__rosidl_typesupport_cppExport.cmake
[0.556s] -- Up-to-date: /home/jinyicheng/auto_navigation/install/sum_srv_interface/share/sum_srv_interface/cmake/sum_srv_interface__rosidl_typesupport_cppExport-noconfig.cmake
[0.556s] -- Up-to-date: /home/jinyicheng/auto_navigation/install/sum_srv_interface/share/sum_srv_interface/cmake/export_sum_srv_interface__rosidl_generator_pyExport.cmake
[0.556s] -- Up-to-date: /home/jinyicheng/auto_navigation/install/sum_srv_interface/share/sum_srv_interface/cmake/export_sum_srv_interface__rosidl_generator_pyExport-noconfig.cmake
[0.556s] -- Up-to-date: /home/jinyicheng/auto_navigation/install/sum_srv_interface/share/sum_srv_interface/cmake/rosidl_cmake-extras.cmake
[0.556s] -- Up-to-date: /home/jinyicheng/auto_navigation/install/sum_srv_interface/share/sum_srv_interface/cmake/ament_cmake_export_include_directories-extras.cmake
[0.557s] -- Up-to-date: /home/jinyicheng/auto_navigation/install/sum_srv_interface/share/sum_srv_interface/cmake/ament_cmake_export_libraries-extras.cmake
[0.557s] -- Up-to-date: /home/jinyicheng/auto_navigation/install/sum_srv_interface/share/sum_srv_interface/cmake/ament_cmake_export_targets-extras.cmake
[0.558s] -- Up-to-date: /home/jinyicheng/auto_navigation/install/sum_srv_interface/share/sum_srv_interface/cmake/rosidl_cmake_export_typesupport_targets-extras.cmake
[0.558s] -- Up-to-date: /home/jinyicheng/auto_navigation/install/sum_srv_interface/share/sum_srv_interface/cmake/ament_cmake_export_dependencies-extras.cmake
[0.558s] -- Up-to-date: /home/jinyicheng/auto_navigation/install/sum_srv_interface/share/sum_srv_interface/cmake/rosidl_cmake_export_typesupport_libraries-extras.cmake
[0.558s] -- Up-to-date: /home/jinyicheng/auto_navigation/install/sum_srv_interface/share/sum_srv_interface/cmake/sum_srv_interfaceConfig.cmake
[0.558s] -- Up-to-date: /home/jinyicheng/auto_navigation/install/sum_srv_interface/share/sum_srv_interface/cmake/sum_srv_interfaceConfig-version.cmake
[0.558s] -- Up-to-date: /home/jinyicheng/auto_navigation/install/sum_srv_interface/share/sum_srv_interface/package.xml
[0.558s] Invoked command in '/home/jinyicheng/auto_navigation/build/sum_srv_interface' returned '0': CMAKE_PREFIX_PATH=/opt/ros/humble /usr/bin/cmake --install /home/jinyicheng/auto_navigation/build/sum_srv_interface
