[0.062s] Invoking command in '/home/jinyicheng/auto_navigation/build/status_sub_and_disp': CMAKE_PREFIX_PATH=/home/jinyicheng/auto_navigation/install/status_interface:/home/jinyicheng/auto_navigation/install/status_sub_and_disp:/home/jinyicheng/auto_navigation/install/status_publisher:/home/jinyicheng/auto_navigation/install/node2:/home/jinyicheng/auto_navigation/install/node1:/opt/ros/humble /usr/bin/cmake --build /home/jinyicheng/auto_navigation/build/status_sub_and_disp -- -j20 -l20
[0.201s] [35m[1mConsolidate compiler generated dependencies of target sys_status_disp[0m
[0.201s] [ 50%] Built target hello_qt
[0.201s] [ 75%] [32mBuilding CXX object CMakeFiles/sys_status_disp.dir/src/sys_status_disp.cpp.o[0m
[5.077s] [100%] [32m[1mLinking CXX executable sys_status_disp[0m
[5.727s] [100%] Built target sys_status_disp
[5.733s] Invoked command in '/home/jinyicheng/auto_navigation/build/status_sub_and_disp' returned '0': CMAKE_PREFIX_PATH=/home/jinyicheng/auto_navigation/install/status_interface:/home/jinyicheng/auto_navigation/install/status_sub_and_disp:/home/jinyicheng/auto_navigation/install/status_publisher:/home/jinyicheng/auto_navigation/install/node2:/home/jinyicheng/auto_navigation/install/node1:/opt/ros/humble /usr/bin/cmake --build /home/jinyicheng/auto_navigation/build/status_sub_and_disp -- -j20 -l20
[5.734s] Invoking command in '/home/jinyicheng/auto_navigation/build/status_sub_and_disp': CMAKE_PREFIX_PATH=/home/jinyicheng/auto_navigation/install/status_interface:/home/jinyicheng/auto_navigation/install/status_sub_and_disp:/home/jinyicheng/auto_navigation/install/status_publisher:/home/jinyicheng/auto_navigation/install/node2:/home/jinyicheng/auto_navigation/install/node1:/opt/ros/humble /usr/bin/cmake --install /home/jinyicheng/auto_navigation/build/status_sub_and_disp
[5.737s] -- Install configuration: ""
[5.737s] -- Installing: /home/jinyicheng/auto_navigation/install/status_sub_and_disp/lib/status_sub_and_disp/hello_qt
[5.737s] -- Installing: /home/jinyicheng/auto_navigation/install/status_sub_and_disp/lib/status_sub_and_disp/sys_status_disp
[5.739s] -- Set runtime path of "/home/jinyicheng/auto_navigation/install/status_sub_and_disp/lib/status_sub_and_disp/sys_status_disp" to ""
[5.739s] -- Up-to-date: /home/jinyicheng/auto_navigation/install/status_sub_and_disp/share/ament_index/resource_index/package_run_dependencies/status_sub_and_disp
[5.739s] -- Installing: /home/jinyicheng/auto_navigation/install/status_sub_and_disp/share/ament_index/resource_index/parent_prefix_path/status_sub_and_disp
[5.739s] -- Up-to-date: /home/jinyicheng/auto_navigation/install/status_sub_and_disp/share/status_sub_and_disp/environment/ament_prefix_path.sh
[5.739s] -- Installing: /home/jinyicheng/auto_navigation/install/status_sub_and_disp/share/status_sub_and_disp/environment/ament_prefix_path.dsv
[5.739s] -- Up-to-date: /home/jinyicheng/auto_navigation/install/status_sub_and_disp/share/status_sub_and_disp/environment/path.sh
[5.740s] -- Installing: /home/jinyicheng/auto_navigation/install/status_sub_and_disp/share/status_sub_and_disp/environment/path.dsv
[5.740s] -- Up-to-date: /home/jinyicheng/auto_navigation/install/status_sub_and_disp/share/status_sub_and_disp/local_setup.bash
[5.740s] -- Up-to-date: /home/jinyicheng/auto_navigation/install/status_sub_and_disp/share/status_sub_and_disp/local_setup.sh
[5.740s] -- Up-to-date: /home/jinyicheng/auto_navigation/install/status_sub_and_disp/share/status_sub_and_disp/local_setup.zsh
[5.740s] -- Installing: /home/jinyicheng/auto_navigation/install/status_sub_and_disp/share/status_sub_and_disp/local_setup.dsv
[5.740s] -- Installing: /home/jinyicheng/auto_navigation/install/status_sub_and_disp/share/status_sub_and_disp/package.dsv
[5.740s] -- Up-to-date: /home/jinyicheng/auto_navigation/install/status_sub_and_disp/share/ament_index/resource_index/packages/status_sub_and_disp
[5.740s] -- Up-to-date: /home/jinyicheng/auto_navigation/install/status_sub_and_disp/share/status_sub_and_disp/cmake/status_sub_and_dispConfig.cmake
[5.740s] -- Up-to-date: /home/jinyicheng/auto_navigation/install/status_sub_and_disp/share/status_sub_and_disp/cmake/status_sub_and_dispConfig-version.cmake
[5.740s] -- Up-to-date: /home/jinyicheng/auto_navigation/install/status_sub_and_disp/share/status_sub_and_disp/package.xml
[5.741s] Invoked command in '/home/jinyicheng/auto_navigation/build/status_sub_and_disp' returned '0': CMAKE_PREFIX_PATH=/home/jinyicheng/auto_navigation/install/status_interface:/home/jinyicheng/auto_navigation/install/status_sub_and_disp:/home/jinyicheng/auto_navigation/install/status_publisher:/home/jinyicheng/auto_navigation/install/node2:/home/jinyicheng/auto_navigation/install/node1:/opt/ros/humble /usr/bin/cmake --install /home/jinyicheng/auto_navigation/build/status_sub_and_disp
