[0.507s] Invoking command in '/home/jinyicheng/auto_navigation/core/node1': PYTHONPATH=/home/jinyicheng/auto_navigation/build/node1/prefix_override:/usr/lib/python3/dist-packages/colcon_core/task/python/colcon_distutils_commands:/home/jinyicheng/auto_navigation/install/node1/lib/python3.10/site-packages:${PYTHONPATH} /usr/bin/python3 -W ignore:setup.py install is deprecated -W ignore:easy_install command is deprecated setup.py egg_info --egg-base ../../build/node1 build --build-base /home/jinyicheng/auto_navigation/build/node1/build install --record /home/jinyicheng/auto_navigation/build/node1/install.log --single-version-externally-managed install_data
[0.622s] running egg_info
[0.623s] writing ../../build/node1/node1.egg-info/PKG-INFO
[0.623s] writing dependency_links to ../../build/node1/node1.egg-info/dependency_links.txt
[0.623s] writing entry points to ../../build/node1/node1.egg-info/entry_points.txt
[0.623s] writing requirements to ../../build/node1/node1.egg-info/requires.txt
[0.623s] writing top-level names to ../../build/node1/node1.egg-info/top_level.txt
[0.624s] reading manifest file '../../build/node1/node1.egg-info/SOURCES.txt'
[0.625s] writing manifest file '../../build/node1/node1.egg-info/SOURCES.txt'
[0.625s] running build
[0.625s] running build_py
[0.625s] running install
[0.625s] running install_lib
[0.627s] running install_data
[0.627s] running install_egg_info
[0.628s] removing '/home/jinyicheng/auto_navigation/install/node1/lib/python3.10/site-packages/node1-0.0.0-py3.10.egg-info' (and everything under it)
[0.629s] Copying ../../build/node1/node1.egg-info to /home/jinyicheng/auto_navigation/install/node1/lib/python3.10/site-packages/node1-0.0.0-py3.10.egg-info
[0.629s] running install_scripts
[0.641s] Installing process1 script to /home/jinyicheng/auto_navigation/install/node1/lib/node1
[0.641s] Installing process_download_novel script to /home/jinyicheng/auto_navigation/install/node1/lib/node1
[0.641s] Installing process_learn_thread script to /home/jinyicheng/auto_navigation/install/node1/lib/node1
[0.641s] writing list of installed files to '/home/jinyicheng/auto_navigation/build/node1/install.log'
[0.654s] Invoked command in '/home/jinyicheng/auto_navigation/core/node1' returned '0': PYTHONPATH=/home/jinyicheng/auto_navigation/build/node1/prefix_override:/usr/lib/python3/dist-packages/colcon_core/task/python/colcon_distutils_commands:/home/jinyicheng/auto_navigation/install/node1/lib/python3.10/site-packages:${PYTHONPATH} /usr/bin/python3 -W ignore:setup.py install is deprecated -W ignore:easy_install command is deprecated setup.py egg_info --egg-base ../../build/node1 build --build-base /home/jinyicheng/auto_navigation/build/node1/build install --record /home/jinyicheng/auto_navigation/build/node1/install.log --single-version-externally-managed install_data
