[0.503s] Invoking command in '/home/jinyicheng/auto_navigation/core/node2': PYTHONPATH=/home/jinyicheng/auto_navigation/build/node2/prefix_override:/usr/lib/python3/dist-packages/colcon_core/task/python/colcon_distutils_commands:/home/jinyicheng/auto_navigation/install/node2/lib/python3.10/site-packages:${PYTHONPATH} /usr/bin/python3 -W ignore:setup.py install is deprecated -W ignore:easy_install command is deprecated setup.py egg_info --egg-base ../../build/node2 build --build-base /home/jinyicheng/auto_navigation/build/node2/build install --record /home/jinyicheng/auto_navigation/build/node2/install.log --single-version-externally-managed install_data
[0.619s] running egg_info
[0.620s] writing ../../build/node2/node2.egg-info/PKG-INFO
[0.620s] writing dependency_links to ../../build/node2/node2.egg-info/dependency_links.txt
[0.620s] writing entry points to ../../build/node2/node2.egg-info/entry_points.txt
[0.620s] writing requirements to ../../build/node2/node2.egg-info/requires.txt
[0.620s] writing top-level names to ../../build/node2/node2.egg-info/top_level.txt
[0.621s] reading manifest file '../../build/node2/node2.egg-info/SOURCES.txt'
[0.622s] adding license file 'LICENSE'
[0.622s] writing manifest file '../../build/node2/node2.egg-info/SOURCES.txt'
[0.622s] running build
[0.622s] running build_py
[0.622s] copying node2/novel_sub_node.py -> /home/jinyicheng/auto_navigation/build/node2/build/lib/node2
[0.623s] running install
[0.623s] running install_lib
[0.624s] copying /home/jinyicheng/auto_navigation/build/node2/build/lib/node2/novel_sub_node.py -> /home/jinyicheng/auto_navigation/install/node2/lib/python3.10/site-packages/node2
[0.624s] byte-compiling /home/jinyicheng/auto_navigation/install/node2/lib/python3.10/site-packages/node2/novel_sub_node.py to novel_sub_node.cpython-310.pyc
[0.625s] running install_data
[0.625s] running install_egg_info
[0.626s] removing '/home/jinyicheng/auto_navigation/install/node2/lib/python3.10/site-packages/node2-0.0.0-py3.10.egg-info' (and everything under it)
[0.626s] Copying ../../build/node2/node2.egg-info to /home/jinyicheng/auto_navigation/install/node2/lib/python3.10/site-packages/node2-0.0.0-py3.10.egg-info
[0.627s] running install_scripts
[0.638s] Installing process_pub_novel script to /home/jinyicheng/auto_navigation/install/node2/lib/node2
[0.638s] Installing process_sub_novel script to /home/jinyicheng/auto_navigation/install/node2/lib/node2
[0.638s] writing list of installed files to '/home/jinyicheng/auto_navigation/build/node2/install.log'
[0.663s] Invoked command in '/home/jinyicheng/auto_navigation/core/node2' returned '0': PYTHONPATH=/home/jinyicheng/auto_navigation/build/node2/prefix_override:/usr/lib/python3/dist-packages/colcon_core/task/python/colcon_distutils_commands:/home/jinyicheng/auto_navigation/install/node2/lib/python3.10/site-packages:${PYTHONPATH} /usr/bin/python3 -W ignore:setup.py install is deprecated -W ignore:easy_install command is deprecated setup.py egg_info --egg-base ../../build/node2 build --build-base /home/jinyicheng/auto_navigation/build/node2/build install --record /home/jinyicheng/auto_navigation/build/node2/install.log --single-version-externally-managed install_data
